;  LST file generated by mikroListExporter - v.2.0 
; Date/Time: 1/11/2023 15:48:05
;----------------------------------------------

;Address Opcode 	ASM
0x0000	0x2850      	GOTO       80
_____DoICP:
;__Lib_System.c,6 :: 		
;__Lib_System.c,9 :: 		
0x0003	0x1283      	BCF        STATUS, 5
0x0004	0x1303      	BCF        STATUS, 6
0x0005	0x0823      	MOVF       ___DoICPAddr+1, 0
0x0006	0x008A      	MOVWF      PCLATH
;__Lib_System.c,10 :: 		
0x0007	0x0822      	MOVF       ___DoICPAddr, 0
0x0008	0x0082      	MOVWF      PCL
;__Lib_System.c,12 :: 		
L_end_____DoICP:
0x0009	0x0008      	RETURN
; end of _____DoICP
_Delay_22us:
;__Lib_Delays.c,15 :: 		void Delay_22us() {
;__Lib_Delays.c,16 :: 		Delay_us(22);
0x000A	0x3007      	MOVLW      7
0x000B	0x1283      	BCF        STATUS, 5
0x000C	0x1303      	BCF        STATUS, 6
0x000D	0x00FD      	MOVWF      R13
L_Delay_22us1:
0x000E	0x0BFD      	DECFSZ     R13, 1
0x000F	0x280E      	GOTO       L_Delay_22us1
;__Lib_Delays.c,17 :: 		}
L_end_Delay_22us:
0x0010	0x0008      	RETURN
; end of _Delay_22us
_ADC_Get_Sample:
;__Lib_ADC_A_C.c,45 :: 		
;__Lib_ADC_A_C.c,47 :: 		
0x0011	0x30C7      	MOVLW      199
0x0012	0x1283      	BCF        STATUS, 5
0x0013	0x1303      	BCF        STATUS, 6
0x0014	0x059F      	ANDWF      ADCON0, 1
;__Lib_ADC_A_C.c,48 :: 		
0x0015	0x0820      	MOVF       FARG_ADC_Get_Sample_channel, 0
0x0016	0x00F0      	MOVWF      R0
0x0017	0x0DF0      	RLF        R0, 1
0x0018	0x1070      	BCF        R0, 0
0x0019	0x0DF0      	RLF        R0, 1
0x001A	0x1070      	BCF        R0, 0
0x001B	0x0DF0      	RLF        R0, 1
0x001C	0x1070      	BCF        R0, 0
0x001D	0x0870      	MOVF       R0, 0
0x001E	0x049F      	IORWF      ADCON0, 1
;__Lib_ADC_A_C.c,51 :: 		
0x001F	0x200A      	CALL       _Delay_22us
;__Lib_ADC_A_C.c,54 :: 		
0x0020	0x151F      	BSF        ADCON0, 2
;__Lib_ADC_A_C.c,57 :: 		
L_ADC_Get_Sample0:
0x0021	0x1D1F      	BTFSS      ADCON0, 2
0x0022	0x2825      	GOTO       L_ADC_Get_Sample1
;__Lib_ADC_A_C.c,58 :: 		
0x0023	0x0000      	NOP
0x0024	0x2821      	GOTO       L_ADC_Get_Sample0
L_ADC_Get_Sample1:
;__Lib_ADC_A_C.c,64 :: 		
0x0025	0x081E      	MOVF       ADRESH, 0
0x0026	0x00F1      	MOVWF      R0+1
0x0027	0x01F0      	CLRF       R0
0x0028	0x1683      	BSF        STATUS, 5
0x0029	0x081E      	MOVF       ADRESL, 0
0x002A	0x04F0      	IORWF      R0, 1
0x002B	0x3000      	MOVLW      0
0x002C	0x04F1      	IORWF      R0+1, 1
;__Lib_ADC_A_C.c,65 :: 		
L_end_ADC_Get_Sample:
0x002D	0x0008      	RETURN
; end of _ADC_Get_Sample
_ADC_Init:
;__Lib_ADC_A_C.c,19 :: 		
;__Lib_ADC_A_C.c,20 :: 		
0x002E	0x3011      	MOVLW      _ADC_Get_Sample
0x002F	0x1283      	BCF        STATUS, 5
0x0030	0x1303      	BCF        STATUS, 6
0x0031	0x00A4      	MOVWF      _ADC_Get_Sample_Ptr
0x0032	0x3000      	MOVLW      hi_addr(_ADC_Get_Sample)
0x0033	0x00A5      	MOVWF      _ADC_Get_Sample_Ptr+1
0x0034	0x3020      	MOVLW      FARG_ADC_Get_Sample_channel
0x0035	0x00A6      	MOVWF      _ADC_Get_Sample_Ptr+2
0x0036	0x3000      	MOVLW      hi_addr(FARG_ADC_Get_Sample_channel)
;__Lib_ADC_A_C.c,22 :: 		
0x0037	0x019F      	CLRF       ADCON0
;__Lib_ADC_A_C.c,23 :: 		
0x0038	0x30C0      	MOVLW      192
0x0039	0x049F      	IORWF      ADCON0, 1
;__Lib_ADC_A_C.c,24 :: 		
0x003A	0x0921      	COMF       _vref_mask, 0
0x003B	0x00F0      	MOVWF      R0
0x003C	0x0870      	MOVF       R0, 0
0x003D	0x1683      	BSF        STATUS, 5
0x003E	0x059F      	ANDWF      ADCON1, 1
;__Lib_ADC_A_C.c,25 :: 		
0x003F	0x171F      	BSF        ADCON1, 6
;__Lib_ADC_A_C.c,26 :: 		
0x0040	0x179F      	BSF        ADCON1, 7
;__Lib_ADC_A_C.c,29 :: 		
0x0041	0x1283      	BCF        STATUS, 5
0x0042	0x141F      	BSF        ADCON0, 0
;__Lib_ADC_A_C.c,30 :: 		
L_end_ADC_Init:
0x0043	0x0008      	RETURN
; end of _ADC_Init
___CC2DW:
;__Lib_System.c,134 :: 		
;__Lib_System.c,137 :: 		
_CC2D_Loop1:
;__Lib_System.c,139 :: 		
0x0044	0x2003      	CALL       _____DoICP
0x0045	0x118A      	BCF        PCLATH, 3
0x0046	0x120A      	BCF        PCLATH, 4
;__Lib_System.c,141 :: 		
0x0047	0x0080      	MOVWF      INDF
;__Lib_System.c,142 :: 		
0x0048	0x0A84      	INCF       FSR, 1
;__Lib_System.c,143 :: 		
0x0049	0x0AA2      	INCF       ___DoICPAddr, 1
;__Lib_System.c,145 :: 		
0x004A	0x1903      	BTFSC      STATUS, 2
;__Lib_System.c,146 :: 		
0x004B	0x0AA3      	INCF       ___DoICPAddr+1, 1
;__Lib_System.c,147 :: 		
0x004C	0x03F0      	DECF       R0, 1
;__Lib_System.c,149 :: 		
0x004D	0x1D03      	BTFSS      STATUS, 2
;__Lib_System.c,150 :: 		
0x004E	0x2844      	GOTO       _CC2D_Loop1
;__Lib_System.c,152 :: 		
L_end___CC2DW:
0x004F	0x0008      	RETURN
; end of ___CC2DW
_main:
0x0050	0x2086      	CALL       134
;Programa01.c,4 :: 		void main(){
;Programa01.c,5 :: 		ADC_Init();
0x0051	0x202E      	CALL       _ADC_Init
;Programa01.c,6 :: 		TRISB = 0;
0x0052	0x1683      	BSF        STATUS, 5
0x0053	0x0186      	CLRF       TRISB
;Programa01.c,7 :: 		TRISD.f4 = 0;
0x0054	0x1208      	BCF        TRISD, 4
;Programa01.c,8 :: 		TRISD.f5 = 0;
0x0055	0x1288      	BCF        TRISD, 5
;Programa01.c,10 :: 		while(1){
L_main0:
;Programa01.c,11 :: 		lectura_ADC = ADC_Get_Sample(3);
0x0056	0x3003      	MOVLW      3
0x0057	0x1283      	BCF        STATUS, 5
0x0058	0x00A0      	MOVWF      FARG_ADC_Get_Sample_channel
0x0059	0x2011      	CALL       _ADC_Get_Sample
0x005A	0x0870      	MOVF       R0, 0
0x005B	0x1283      	BCF        STATUS, 5
0x005C	0x00A7      	MOVWF      _lectura_ADC
0x005D	0x0871      	MOVF       R0+1, 0
0x005E	0x00A8      	MOVWF      _lectura_ADC+1
;Programa01.c,12 :: 		PORTB = lectura_ADC;
0x005F	0x0870      	MOVF       R0, 0
0x0060	0x0086      	MOVWF      PORTB
;Programa01.c,15 :: 		PORTD = (lectura_ADC >> 4);
0x0061	0x0870      	MOVF       R0, 0
0x0062	0x00F2      	MOVWF      R2
0x0063	0x0871      	MOVF       R0+1, 0
0x0064	0x00F3      	MOVWF      R2+1
0x0065	0x0CF3      	RRF        R2+1, 1
0x0066	0x0CF2      	RRF        R2, 1
0x0067	0x13F3      	BCF        R2+1, 7
0x0068	0x0CF3      	RRF        R2+1, 1
0x0069	0x0CF2      	RRF        R2, 1
0x006A	0x13F3      	BCF        R2+1, 7
0x006B	0x0CF3      	RRF        R2+1, 1
0x006C	0x0CF2      	RRF        R2, 1
0x006D	0x13F3      	BCF        R2+1, 7
0x006E	0x0CF3      	RRF        R2+1, 1
0x006F	0x0CF2      	RRF        R2, 1
0x0070	0x13F3      	BCF        R2+1, 7
0x0071	0x0872      	MOVF       R2, 0
0x0072	0x0088      	MOVWF      PORTD
;Programa01.c,16 :: 		delay_ms(100);
0x0073	0x3082      	MOVLW      130
0x0074	0x00FC      	MOVWF      R12
0x0075	0x30DD      	MOVLW      221
0x0076	0x00FD      	MOVWF      R13
L_main2:
0x0077	0x0BFD      	DECFSZ     R13, 1
0x0078	0x2877      	GOTO       L_main2
0x0079	0x0BFC      	DECFSZ     R12, 1
0x007A	0x2877      	GOTO       L_main2
0x007B	0x0000      	NOP
0x007C	0x0000      	NOP
;Programa01.c,17 :: 		}
0x007D	0x2856      	GOTO       L_main0
;Programa01.c,19 :: 		}
L_end_main:
0x007E	0x287E      	GOTO       $+0
; end of _main
0x0086	0x3021      	MOVLW      33
0x0087	0x0084      	MOVWF      FSR
0x0088	0x3001      	MOVLW      1
0x0089	0x1283      	BCF        STATUS, 5
0x008A	0x1303      	BCF        STATUS, 6
0x008B	0x00F0      	MOVWF      R0
0x008C	0x3084      	MOVLW      132
0x008D	0x00A2      	MOVWF      ___DoICPAddr
0x008E	0x3000      	MOVLW      0
0x008F	0x00A3      	MOVWF      35
0x0090	0x2044      	CALL       68
0x0091	0x0008      	RETURN
;__Lib_ADC_A_C.c,0 :: ?ICS_vref_mask
0x0084	0x340F ;?ICS_vref_mask+0
; end of ?ICS_vref_mask
Symbol List:
//** Routines locations **
//ADDRESS    SIZE    PROCEDURE
//----------------------------------------------
0x0003       [7]    _____DoICP
0x000A       [7]    _Delay_22us
0x0011      [29]    _ADC_Get_Sample
0x002E      [22]    _ADC_Init
0x0044      [12]    ___CC2DW
0x0050      [46]    _main
//** Variables locations ** 
//ADDRESS    SIZE    VARIABLE
//----------------------------------------------
0x0000       [1]    INDF
0x0002       [1]    PCL
0x0003       [1]    STATUS
0x0004       [1]    FSR
0x0006       [1]    PORTB
0x0008       [1]    PORTD
0x000A       [1]    PCLATH
0x001E       [1]    ADRESH
0x001F       [1]    ADCON0
0x0020       [1]    FARG_ADC_Get_Sample_channel
0x0021       [1]    _vref_mask
0x0022       [2]    ___DoICPAddr
0x0024       [3]    _ADC_Get_Sample_Ptr
0x0027       [2]    _lectura_ADC
0x0070       [1]    R0
0x0071       [1]    R1
0x0072       [1]    R2
0x0073       [1]    R3
0x0074       [1]    R4
0x0075       [1]    R5
0x0076       [1]    R6
0x0077       [1]    R7
0x0078       [1]    R8
0x0079       [1]    R9
0x007A       [1]    R10
0x007B       [1]    R11
0x007C       [1]    R12
0x007D       [1]    R13
0x007E       [1]    R14
0x007F       [1]    R15
0x0086       [1]    TRISB
0x0088       [1]    TRISD
0x009E       [1]    ADRESL
0x009F       [1]    ADCON1
//** Constants locations ** 
//ADDRESS    SIZE    CONSTANT
//----------------------------------------------
0x0084       [1]    ?ICS_vref_mask
