;  LST file generated by mikroListExporter - v.2.0 
; Date/Time: 1/11/2023 19:20:15
;----------------------------------------------

;Address Opcode 	ASM
0x0000	0x2AD2      	GOTO       722
_RES032:
;__Lib_MathDouble.c,123 :: 		
;__Lib_MathDouble.c,128 :: 		
0x0003	0x01F2      	CLRF       R2
;__Lib_MathDouble.c,129 :: 		
0x0004	0x01F1      	CLRF       R1
;__Lib_MathDouble.c,130 :: 		
0x0005	0x01F0      	CLRF       R0
;__Lib_MathDouble.c,131 :: 		
0x0006	0x01F8      	CLRF       R8
;__Lib_MathDouble.c,132 :: 		
0x0007	0x01F3      	CLRF       R3
;__Lib_MathDouble.c,133 :: 		
0x0008	0x3000      	MOVLW      0
;__Lib_MathDouble.c,135 :: 		
L_end_RES032:
0x0009	0x0008      	RETURN
; end of _RES032
_SETFUN32:
;__Lib_MathDouble.c,138 :: 		
;__Lib_MathDouble.c,145 :: 		
0x000A	0x157B      	BSF        R11, 2
;__Lib_MathDouble.c,146 :: 		
0x000B	0x1FFB      	BTFSS      R11, 7
;__Lib_MathDouble.c,147 :: 		
0x000C	0x2814      	GOTO       SETFUN32EEE
;__Lib_MathDouble.c,148 :: 		
0x000D	0x3001      	MOVLW      1
;__Lib_MathDouble.c,149 :: 		
0x000E	0x00F3      	MOVWF      R3
;__Lib_MathDouble.c,150 :: 		
0x000F	0x01F2      	CLRF       R2
;__Lib_MathDouble.c,151 :: 		
0x0010	0x01F1      	CLRF       R1
;__Lib_MathDouble.c,152 :: 		
0x0011	0x01F0      	CLRF       R0
;__Lib_MathDouble.c,153 :: 		
0x0012	0x0DFA      	RLF        R10, 1
;__Lib_MathDouble.c,154 :: 		
0x0013	0x0CF2      	RRF        R2, 1
;__Lib_MathDouble.c,155 :: 		
SETFUN32EEE:
;__Lib_MathDouble.c,156 :: 		
0x0014	0x30FF      	MOVLW      255
;__Lib_MathDouble.c,158 :: 		
L_end_SETFUN32:
0x0015	0x0008      	RETURN
; end of _SETFUN32
_FIXSIGN32:
;__Lib_MathDouble.c,112 :: 		
;__Lib_MathDouble.c,116 :: 		
0x0016	0x1FFA      	BTFSS      R10, 7
;__Lib_MathDouble.c,117 :: 		
0x0017	0x13F2      	BCF        R2, 7
;__Lib_MathDouble.c,118 :: 		
0x0018	0x3000      	MOVLW      0
;__Lib_MathDouble.c,120 :: 		
L_end_FIXSIGN32:
0x0019	0x0008      	RETURN
; end of _FIXSIGN32
_SETFOV32:
;__Lib_MathDouble.c,79 :: 		
;__Lib_MathDouble.c,86 :: 		
0x001A	0x14FB      	BSF        R11, 1
;__Lib_MathDouble.c,87 :: 		
0x001B	0x1FFB      	BTFSS      R11, 7
;__Lib_MathDouble.c,88 :: 		
0x001C	0x2824      	GOTO       SETFOV32EEE
;__Lib_MathDouble.c,89 :: 		
0x001D	0x30FF      	MOVLW      255
;__Lib_MathDouble.c,90 :: 		
0x001E	0x00F3      	MOVWF      R3
;__Lib_MathDouble.c,91 :: 		
0x001F	0x00F2      	MOVWF      R2
;__Lib_MathDouble.c,92 :: 		
0x0020	0x00F1      	MOVWF      R1
;__Lib_MathDouble.c,93 :: 		
0x0021	0x00F0      	MOVWF      R0
;__Lib_MathDouble.c,94 :: 		
0x0022	0x0DFA      	RLF        R10, 1
;__Lib_MathDouble.c,95 :: 		
0x0023	0x0CF2      	RRF        R2, 1
;__Lib_MathDouble.c,96 :: 		
SETFOV32EEE:
;__Lib_MathDouble.c,97 :: 		
0x0024	0x30FF      	MOVLW      255
;__Lib_MathDouble.c,99 :: 		
L_end_SETFOV32:
0x0025	0x0008      	RETURN
; end of _SETFOV32
_SETFDZ32:
;__Lib_MathDouble.c,102 :: 		
;__Lib_MathDouble.c,105 :: 		
0x0026	0x15FB      	BSF        R11, 3
;__Lib_MathDouble.c,106 :: 		
0x0027	0x30FF      	MOVLW      255
;__Lib_MathDouble.c,108 :: 		
L_end_SETFDZ32:
0x0028	0x0008      	RETURN
; end of _SETFDZ32
_NRM3232:
;__Lib_MathDouble.c,167 :: 		
;__Lib_MathDouble.c,173 :: 		
;__Lib_MathDouble.c,175 :: 		
0x0029	0x01A0      	CLRF       __math_tempbD
;__Lib_MathDouble.c,176 :: 		
0x002A	0x0872      	MOVF       R2, 0
;__Lib_MathDouble.c,177 :: 		
0x002B	0x1D03      	BTFSS      STATUS, 2
;__Lib_MathDouble.c,178 :: 		
0x002C	0x283E      	GOTO       NORM3232
;__Lib_MathDouble.c,179 :: 		
0x002D	0x0871      	MOVF       R1, 0
;__Lib_MathDouble.c,180 :: 		
0x002E	0x00F2      	MOVWF      R2
;__Lib_MathDouble.c,181 :: 		
0x002F	0x0870      	MOVF       R0, 0
;__Lib_MathDouble.c,182 :: 		
0x0030	0x00F1      	MOVWF      R1
;__Lib_MathDouble.c,183 :: 		
0x0031	0x01F0      	CLRF       R0
;__Lib_MathDouble.c,184 :: 		
0x0032	0x15A0      	BSF        __math_tempbD, 3
;__Lib_MathDouble.c,186 :: 		
0x0033	0x0872      	MOVF       R2, 0
;__Lib_MathDouble.c,187 :: 		
0x0034	0x1D03      	BTFSS      STATUS, 2
;__Lib_MathDouble.c,188 :: 		
0x0035	0x283E      	GOTO       NORM3232
;__Lib_MathDouble.c,189 :: 		
0x0036	0x0871      	MOVF       R1, 0
;__Lib_MathDouble.c,190 :: 		
0x0037	0x00F2      	MOVWF      R2
;__Lib_MathDouble.c,191 :: 		
0x0038	0x01F1      	CLRF       R1
;__Lib_MathDouble.c,192 :: 		
0x0039	0x11A0      	BCF        __math_tempbD, 3
;__Lib_MathDouble.c,193 :: 		
0x003A	0x1620      	BSF        __math_tempbD, 4
;__Lib_MathDouble.c,195 :: 		
0x003B	0x0872      	MOVF       R2, 0
;__Lib_MathDouble.c,196 :: 		
0x003C	0x1903      	BTFSC      STATUS, 2
;__Lib_MathDouble.c,197 :: 		
0x003D	0x284C      	GOTO       JPNRES032
;__Lib_MathDouble.c,198 :: 		
NORM3232:
;__Lib_MathDouble.c,199 :: 		
0x003E	0x0820      	MOVF       __math_tempbD, 0
;__Lib_MathDouble.c,200 :: 		
0x003F	0x02F3      	SUBWF      R3, 1
;__Lib_MathDouble.c,201 :: 		
0x0040	0x1D03      	BTFSS      STATUS, 2
;__Lib_MathDouble.c,202 :: 		
0x0041	0x1C03      	BTFSS      STATUS, 0
;__Lib_MathDouble.c,203 :: 		
0x0042	0x2850      	GOTO       JPNSETFUN32
;__Lib_MathDouble.c,204 :: 		
0x0043	0x1003      	BCF        STATUS, 0
;__Lib_MathDouble.c,205 :: 		
NORM3232A:
;__Lib_MathDouble.c,206 :: 		
0x0044	0x1BF2      	BTFSC      R2, 7
;__Lib_MathDouble.c,207 :: 		
0x0045	0x2854      	GOTO       JMPNFIXSIGN32
;__Lib_MathDouble.c,208 :: 		
0x0046	0x0DF0      	RLF        R0, 1
;__Lib_MathDouble.c,209 :: 		
0x0047	0x0DF1      	RLF        R1, 1
;__Lib_MathDouble.c,210 :: 		
0x0048	0x0DF2      	RLF        R2, 1
;__Lib_MathDouble.c,211 :: 		
0x0049	0x0BF3      	DECFSZ     R3, 1
;__Lib_MathDouble.c,212 :: 		
0x004A	0x2844      	GOTO       NORM3232A
;__Lib_MathDouble.c,213 :: 		
0x004B	0x2850      	GOTO       JPNSETFUN32
;__Lib_MathDouble.c,214 :: 		
JPNRES032:
;__Lib_MathDouble.c,215 :: 		
0x004C	0x3001      	MOVLW      1
;__Lib_MathDouble.c,216 :: 		
0x004D	0x00FC      	MOVWF      R12
;__Lib_MathDouble.c,218 :: 		
0x004E	0x2003      	CALL       _RES032
;__Lib_MathDouble.c,220 :: 		
0x004F	0x2857      	GOTO       NORM32EEE
;__Lib_MathDouble.c,221 :: 		
JPNSETFUN32:
;__Lib_MathDouble.c,222 :: 		
0x0050	0x3002      	MOVLW      2
;__Lib_MathDouble.c,223 :: 		
0x0051	0x00FC      	MOVWF      R12
;__Lib_MathDouble.c,225 :: 		
0x0052	0x200A      	CALL       _SETFUN32
;__Lib_MathDouble.c,227 :: 		
0x0053	0x2857      	GOTO       NORM32EEE
;__Lib_MathDouble.c,228 :: 		
JMPNFIXSIGN32:
;__Lib_MathDouble.c,229 :: 		
0x0054	0x3004      	MOVLW      4
;__Lib_MathDouble.c,230 :: 		
0x0055	0x00FC      	MOVWF      R12
;__Lib_MathDouble.c,232 :: 		
0x0056	0x2016      	CALL       _FIXSIGN32
;__Lib_MathDouble.c,234 :: 		
NORM32EEE:
;__Lib_MathDouble.c,236 :: 		
L_end_NRM3232:
0x0057	0x0008      	RETURN
; end of _NRM3232
_Delay_22us:
;__Lib_Delays.c,15 :: 		void Delay_22us() {
;__Lib_Delays.c,16 :: 		Delay_us(22);
0x0058	0x3007      	MOVLW      7
0x0059	0x1283      	BCF        STATUS, 5
0x005A	0x1303      	BCF        STATUS, 6
0x005B	0x00FD      	MOVWF      R13
L_Delay_22us1:
0x005C	0x0BFD      	DECFSZ     R13, 1
0x005D	0x285C      	GOTO       L_Delay_22us1
;__Lib_Delays.c,17 :: 		}
L_end_Delay_22us:
0x005E	0x0008      	RETURN
; end of _Delay_22us
_____DoICP:
;__Lib_System.c,6 :: 		
;__Lib_System.c,9 :: 		
0x005F	0x1283      	BCF        STATUS, 5
0x0060	0x1303      	BCF        STATUS, 6
0x0061	0x0838      	MOVF       ___DoICPAddr+1, 0
0x0062	0x008A      	MOVWF      PCLATH
;__Lib_System.c,10 :: 		
0x0063	0x0837      	MOVF       ___DoICPAddr, 0
0x0064	0x0082      	MOVWF      PCL
;__Lib_System.c,12 :: 		
L_end_____DoICP:
0x0065	0x0008      	RETURN
; end of _____DoICP
_Div_16x16_S_L:
;__Lib_Math.c,421 :: 		
;__Lib_Math.c,427 :: 		
0x0066	0x0D71      	RLF        R1, 0
;__Lib_Math.c,428 :: 		
0x0067	0x0DF8      	RLF        R8, 1
;__Lib_Math.c,429 :: 		
0x0068	0x0DF9      	RLF        R9, 1
;__Lib_Math.c,430 :: 		
0x0069	0x0874      	MOVF       R4, 0
;__Lib_Math.c,431 :: 		
0x006A	0x02F8      	SUBWF      R8, 1
;__Lib_Math.c,432 :: 		
0x006B	0x0875      	MOVF       R5, 0
;__Lib_Math.c,433 :: 		
0x006C	0x1C03      	BTFSS      STATUS, 0
;__Lib_Math.c,434 :: 		
0x006D	0x0F75      	INCFSZ     R5, 0
;__Lib_Math.c,435 :: 		
0x006E	0x02F9      	SUBWF      R9, 1
;__Lib_Math.c,436 :: 		
0x006F	0x0DF0      	RLF        R0, 1
;__Lib_Math.c,437 :: 		
0x0070	0x0DF1      	RLF        R1, 1
;__Lib_Math.c,439 :: 		
0x0071	0x300F      	MOVLW      15
;__Lib_Math.c,440 :: 		
0x0072	0x00FC      	MOVWF      R12
;__Lib_Math.c,442 :: 		
0x0073	0x0D71      	RLF        R1, 0
;__Lib_Math.c,443 :: 		
0x0074	0x0DF8      	RLF        R8, 1
;__Lib_Math.c,444 :: 		
0x0075	0x0DF9      	RLF        R9, 1
;__Lib_Math.c,445 :: 		
0x0076	0x0874      	MOVF       R4, 0
;__Lib_Math.c,447 :: 		
0x0077	0x1C70      	BTFSS      R0, 0
;__Lib_Math.c,448 :: 		
0x0078	0x287F      	GOTO       $+7
;__Lib_Math.c,449 :: 		
0x0079	0x02F8      	SUBWF      R8, 1
;__Lib_Math.c,450 :: 		
0x007A	0x0875      	MOVF       R5, 0
;__Lib_Math.c,451 :: 		
0x007B	0x1C03      	BTFSS      STATUS, 0
;__Lib_Math.c,452 :: 		
0x007C	0x0F75      	INCFSZ     R5, 0
;__Lib_Math.c,453 :: 		
0x007D	0x02F9      	SUBWF      R9, 1
;__Lib_Math.c,454 :: 		
0x007E	0x2884      	GOTO       $+6
;__Lib_Math.c,456 :: 		
0x007F	0x07F8      	ADDWF      R8, 1
;__Lib_Math.c,457 :: 		
0x0080	0x0875      	MOVF       R5, 0
;__Lib_Math.c,458 :: 		
0x0081	0x1803      	BTFSC      STATUS, 0
;__Lib_Math.c,459 :: 		
0x0082	0x0F75      	INCFSZ     R5, 0
;__Lib_Math.c,460 :: 		
0x0083	0x07F9      	ADDWF      R9, 1
;__Lib_Math.c,462 :: 		
0x0084	0x0DF0      	RLF        R0, 1
;__Lib_Math.c,463 :: 		
0x0085	0x0DF1      	RLF        R1, 1
;__Lib_Math.c,465 :: 		
0x0086	0x0BFC      	DECFSZ     R12, 1
;__Lib_Math.c,466 :: 		
0x0087	0x2873      	GOTO       $-20
;__Lib_Math.c,468 :: 		
0x0088	0x1870      	BTFSC      R0, 0
;__Lib_Math.c,469 :: 		
0x0089	0x2890      	GOTO       $+7
;__Lib_Math.c,470 :: 		
0x008A	0x0874      	MOVF       R4, 0
;__Lib_Math.c,471 :: 		
0x008B	0x07F8      	ADDWF      R8, 1
;__Lib_Math.c,472 :: 		
0x008C	0x0875      	MOVF       R5, 0
;__Lib_Math.c,473 :: 		
0x008D	0x1803      	BTFSC      STATUS, 0
;__Lib_Math.c,474 :: 		
0x008E	0x0F75      	INCFSZ     R5, 0
;__Lib_Math.c,475 :: 		
0x008F	0x07F9      	ADDWF      R9, 1
;__Lib_Math.c,476 :: 		
0x0090	0x0000      	NOP
;__Lib_Math.c,478 :: 		
L_end_Div_16x16_S_L:
0x0091	0x0008      	RETURN
; end of _Div_16x16_S_L
_SETIOV3224:
;__Lib_MathDouble.c,1000 :: 		
;__Lib_MathDouble.c,1006 :: 		
0x0092	0x147B      	BSF        R11, 0
;__Lib_MathDouble.c,1007 :: 		
0x0093	0x1FFB      	BTFSS      R11, 7
;__Lib_MathDouble.c,1008 :: 		
0x0094	0x289D      	GOTO       SETIOV3224EEE
;__Lib_MathDouble.c,1010 :: 		
0x0095	0x01F2      	CLRF       R2
;__Lib_MathDouble.c,1011 :: 		
0x0096	0x1FFA      	BTFSS      R10, 7
;__Lib_MathDouble.c,1012 :: 		
0x0097	0x30FF      	MOVLW      255
;__Lib_MathDouble.c,1013 :: 		
0x0098	0x00F2      	MOVWF      R2
;__Lib_MathDouble.c,1014 :: 		
0x0099	0x00F1      	MOVWF      R1
;__Lib_MathDouble.c,1015 :: 		
0x009A	0x00F0      	MOVWF      R0
;__Lib_MathDouble.c,1016 :: 		
0x009B	0x0DFA      	RLF        R10, 1
;__Lib_MathDouble.c,1017 :: 		
0x009C	0x0CF2      	RRF        R2, 1
;__Lib_MathDouble.c,1018 :: 		
SETIOV3224EEE:
;__Lib_MathDouble.c,1019 :: 		
0x009D	0x30FF      	MOVLW      255
;__Lib_MathDouble.c,1021 :: 		
L_end_SETIOV3224:
0x009E	0x0008      	RETURN
; end of _SETIOV3224
_Div_16x16_S:
;__Lib_Math.c,480 :: 		
;__Lib_Math.c,488 :: 		
0x009F	0x1283      	BCF        STATUS, 5
0x00A0	0x1303      	BCF        STATUS, 6
0x00A1	0x0874      	MOVF       R4, 0
0x00A2	0x3A00      	XORLW      0
0x00A3	0x1D03      	BTFSS      STATUS, 2
0x00A4	0x28AE      	GOTO       L_Div_16x16_S0
;__Lib_Math.c,489 :: 		
0x00A5	0x0875      	MOVF       R5, 0
0x00A6	0x3A00      	XORLW      0
0x00A7	0x1D03      	BTFSS      STATUS, 2
0x00A8	0x28AE      	GOTO       L_Div_16x16_S1
;__Lib_Math.c,490 :: 		
0x00A9	0x30FF      	MOVLW      255
0x00AA	0x00F0      	MOVWF      R0
;__Lib_Math.c,491 :: 		
0x00AB	0x307F      	MOVLW      127
0x00AC	0x00F1      	MOVWF      R1
;__Lib_Math.c,492 :: 		
0x00AD	0x2907      	GOTO       L_end_Div_16x16_S
;__Lib_Math.c,493 :: 		
L_Div_16x16_S1:
L_Div_16x16_S0:
;__Lib_Math.c,496 :: 		
0x00AE	0x1283      	BCF        STATUS, 5
;__Lib_Math.c,497 :: 		
0x00AF	0x1303      	BCF        STATUS, 6
;__Lib_Math.c,498 :: 		
0x00B0	0x01FD      	CLRF       R13
;__Lib_Math.c,499 :: 		
0x00B1	0x01F9      	CLRF       R9
;__Lib_Math.c,500 :: 		
0x00B2	0x01F8      	CLRF       R8
;__Lib_Math.c,501 :: 		
0x00B3	0x0871      	MOVF       R1, 0
;__Lib_Math.c,502 :: 		
0x00B4	0x0470      	IORWF      R0, 0
;__Lib_Math.c,503 :: 		
0x00B5	0x1903      	BTFSC      STATUS, 2
;__Lib_Math.c,504 :: 		
0x00B6	0x3400      	RETLW      0
;__Lib_Math.c,506 :: 		
0x00B7	0x0871      	MOVF       R1, 0
;__Lib_Math.c,507 :: 		
0x00B8	0x0675      	XORWF      R5, 0
;__Lib_Math.c,508 :: 		
0x00B9	0x00FA      	MOVWF      R10
;__Lib_Math.c,509 :: 		
0x00BA	0x1BFA      	BTFSC      R10, 7
;__Lib_Math.c,510 :: 		
0x00BB	0x09FD      	COMF       R13, 1
;__Lib_Math.c,512 :: 		
0x00BC	0x01FB      	CLRF       R11
;__Lib_Math.c,514 :: 		
0x00BD	0x1FF5      	BTFSS      R5, 7
;__Lib_Math.c,515 :: 		
0x00BE	0x28C4      	GOTO       $+6
;__Lib_Math.c,517 :: 		
0x00BF	0x09F4      	COMF       R4, 1
;__Lib_Math.c,518 :: 		
0x00C0	0x09F5      	COMF       R5, 1
;__Lib_Math.c,519 :: 		
0x00C1	0x0AF4      	INCF       R4, 1
;__Lib_Math.c,520 :: 		
0x00C2	0x1903      	BTFSC      STATUS, 2
;__Lib_Math.c,521 :: 		
0x00C3	0x0AF5      	INCF       R5, 1
;__Lib_Math.c,523 :: 		
0x00C4	0x1FF1      	BTFSS      R1, 7
;__Lib_Math.c,524 :: 		
0x00C5	0x28CB      	GOTO       $+6
;__Lib_Math.c,526 :: 		
0x00C6	0x09F0      	COMF       R0, 1
;__Lib_Math.c,527 :: 		
0x00C7	0x09F1      	COMF       R1, 1
;__Lib_Math.c,528 :: 		
0x00C8	0x0AF0      	INCF       R0, 1
;__Lib_Math.c,529 :: 		
0x00C9	0x1903      	BTFSC      STATUS, 2
;__Lib_Math.c,530 :: 		
0x00CA	0x0AF1      	INCF       R1, 1
;__Lib_Math.c,532 :: 		
0x00CB	0x0871      	MOVF       R1, 0
;__Lib_Math.c,533 :: 		
0x00CC	0x0475      	IORWF      R5, 0
;__Lib_Math.c,534 :: 		
0x00CD	0x00FA      	MOVWF      R10
;__Lib_Math.c,535 :: 		
0x00CE	0x1BFA      	BTFSC      R10, 7
;__Lib_Math.c,536 :: 		
0x00CF	0x28E0      	GOTO       $+17
;__Lib_Math.c,538 :: 		
0x00D0	0x2066      	CALL       _Div_16x16_S_L
;__Lib_Math.c,540 :: 		
0x00D1	0x187B      	BTFSC      R11, 0
;__Lib_Math.c,541 :: 		
0x00D2	0x28F3      	GOTO       $+33
;__Lib_Math.c,543 :: 		
0x00D3	0x1FFD      	BTFSS      R13, 7
;__Lib_Math.c,544 :: 		
0x00D4	0x3400      	RETLW      0
;__Lib_Math.c,546 :: 		
0x00D5	0x09F0      	COMF       R0, 1
;__Lib_Math.c,547 :: 		
0x00D6	0x09F1      	COMF       R1, 1
;__Lib_Math.c,548 :: 		
0x00D7	0x0AF0      	INCF       R0, 1
;__Lib_Math.c,549 :: 		
0x00D8	0x1903      	BTFSC      STATUS, 2
;__Lib_Math.c,550 :: 		
0x00D9	0x0AF1      	INCF       R1, 1
;__Lib_Math.c,552 :: 		
0x00DA	0x09F8      	COMF       R8, 1
;__Lib_Math.c,553 :: 		
0x00DB	0x09F9      	COMF       R9, 1
;__Lib_Math.c,554 :: 		
0x00DC	0x0AF8      	INCF       R8, 1
;__Lib_Math.c,555 :: 		
0x00DD	0x1903      	BTFSC      STATUS, 2
;__Lib_Math.c,556 :: 		
0x00DE	0x0AF9      	INCF       R9, 1
;__Lib_Math.c,558 :: 		
0x00DF	0x3400      	RETLW      0
;__Lib_Math.c,560 :: 		
0x00E0	0x1FF5      	BTFSS      R5, 7
;__Lib_Math.c,561 :: 		
0x00E1	0x28EF      	GOTO       $+14
;__Lib_Math.c,562 :: 		
0x00E2	0x1BF1      	BTFSC      R1, 7
;__Lib_Math.c,563 :: 		
0x00E3	0x28EB      	GOTO       $+8
;__Lib_Math.c,564 :: 		
0x00E4	0x0871      	MOVF       R1, 0
;__Lib_Math.c,565 :: 		
0x00E5	0x00F9      	MOVWF      R9
;__Lib_Math.c,566 :: 		
0x00E6	0x0870      	MOVF       R0, 0
;__Lib_Math.c,567 :: 		
0x00E7	0x00F8      	MOVWF      R8
;__Lib_Math.c,568 :: 		
0x00E8	0x01F1      	CLRF       R1
;__Lib_Math.c,569 :: 		
0x00E9	0x01F0      	CLRF       R0
;__Lib_Math.c,570 :: 		
0x00EA	0x28D3      	GOTO       $-23
;__Lib_Math.c,571 :: 		
0x00EB	0x01F1      	CLRF       R1
;__Lib_Math.c,572 :: 		
0x00EC	0x01F0      	CLRF       R0
;__Lib_Math.c,573 :: 		
0x00ED	0x0AF0      	INCF       R0, 1
;__Lib_Math.c,574 :: 		
0x00EE	0x3400      	RETLW      0
;__Lib_Math.c,576 :: 		
0x00EF	0x09F1      	COMF       R1, 1
;__Lib_Math.c,577 :: 		
0x00F0	0x09F0      	COMF       R0, 1
;__Lib_Math.c,578 :: 		
0x00F1	0x0AFB      	INCF       R11, 1
;__Lib_Math.c,579 :: 		
0x00F2	0x28D0      	GOTO       $-34
;__Lib_Math.c,581 :: 		
0x00F3	0x0AF8      	INCF       R8, 1
;__Lib_Math.c,582 :: 		
0x00F4	0x1903      	BTFSC      STATUS, 2
;__Lib_Math.c,583 :: 		
0x00F5	0x0AF9      	INCF       R9, 1
;__Lib_Math.c,584 :: 		
0x00F6	0x0874      	MOVF       R4, 0
;__Lib_Math.c,585 :: 		
0x00F7	0x0278      	SUBWF      R8, 0
;__Lib_Math.c,586 :: 		
0x00F8	0x1D03      	BTFSS      STATUS, 2
;__Lib_Math.c,587 :: 		
0x00F9	0x28D3      	GOTO       $-38
;__Lib_Math.c,588 :: 		
0x00FA	0x0875      	MOVF       R5, 0
;__Lib_Math.c,589 :: 		
0x00FB	0x0279      	SUBWF      R9, 0
;__Lib_Math.c,590 :: 		
0x00FC	0x1D03      	BTFSS      STATUS, 2
;__Lib_Math.c,591 :: 		
0x00FD	0x28D3      	GOTO       $-42
;__Lib_Math.c,592 :: 		
0x00FE	0x01F9      	CLRF       R9
;__Lib_Math.c,593 :: 		
0x00FF	0x01F8      	CLRF       R8
;__Lib_Math.c,594 :: 		
0x0100	0x0AF0      	INCF       R0, 1
;__Lib_Math.c,595 :: 		
0x0101	0x1903      	BTFSC      STATUS, 2
;__Lib_Math.c,596 :: 		
0x0102	0x0AF1      	INCF       R1, 1
;__Lib_Math.c,597 :: 		
0x0103	0x1FF1      	BTFSS      R1, 7
;__Lib_Math.c,598 :: 		
0x0104	0x28D3      	GOTO       $-49
;__Lib_Math.c,599 :: 		
0x0105	0x0000      	NOP
;__Lib_Math.c,600 :: 		
0x0106	0x34FF      	RETLW      255
;__Lib_Math.c,602 :: 		
L_end_Div_16x16_S:
0x0107	0x0008      	RETURN
; end of _Div_16x16_S
_Div_32x32_FP:
;__Lib_MathDouble.c,761 :: 		
;__Lib_MathDouble.c,773 :: 		
;__Lib_MathDouble.c,776 :: 		
0x0108	0x1283      	BCF        STATUS, 5
0x0109	0x1303      	BCF        STATUS, 6
0x010A	0x0874      	MOVF       R4, 0
0x010B	0x3A00      	XORLW      0
0x010C	0x1D03      	BTFSS      STATUS, 2
0x010D	0x2923      	GOTO       L_Div_32x32_FP7
;__Lib_MathDouble.c,777 :: 		
0x010E	0x0875      	MOVF       R5, 0
0x010F	0x3A00      	XORLW      0
0x0110	0x1D03      	BTFSS      STATUS, 2
0x0111	0x2923      	GOTO       L_Div_32x32_FP8
;__Lib_MathDouble.c,778 :: 		
0x0112	0x0876      	MOVF       R6, 0
0x0113	0x3A00      	XORLW      0
0x0114	0x1D03      	BTFSS      STATUS, 2
0x0115	0x2923      	GOTO       L_Div_32x32_FP9
;__Lib_MathDouble.c,779 :: 		
0x0116	0x0877      	MOVF       R7, 0
0x0117	0x3A00      	XORLW      0
0x0118	0x1D03      	BTFSS      STATUS, 2
0x0119	0x2923      	GOTO       L_Div_32x32_FP10
;__Lib_MathDouble.c,780 :: 		
0x011A	0x30FF      	MOVLW      255
0x011B	0x00F0      	MOVWF      R0
;__Lib_MathDouble.c,781 :: 		
0x011C	0x30FF      	MOVLW      255
0x011D	0x00F1      	MOVWF      R1
;__Lib_MathDouble.c,782 :: 		
0x011E	0x307F      	MOVLW      127
0x011F	0x00F2      	MOVWF      R2
;__Lib_MathDouble.c,783 :: 		
0x0120	0x30FF      	MOVLW      255
0x0121	0x00F3      	MOVWF      R3
;__Lib_MathDouble.c,784 :: 		
0x0122	0x29BE      	GOTO       L_end_Div_32x32_FP
;__Lib_MathDouble.c,785 :: 		
L_Div_32x32_FP10:
L_Div_32x32_FP9:
L_Div_32x32_FP8:
L_Div_32x32_FP7:
;__Lib_MathDouble.c,788 :: 		
0x0123	0x1283      	BCF        STATUS, 5
;__Lib_MathDouble.c,789 :: 		
0x0124	0x1303      	BCF        STATUS, 6
;__Lib_MathDouble.c,791 :: 		
0x0125	0x0877      	MOVF       R7, 0
;__Lib_MathDouble.c,792 :: 		
0x0126	0x1903      	BTFSC      STATUS, 2
;__Lib_MathDouble.c,793 :: 		
0x0127	0x29B2      	GOTO       JPDSETFDZ32
;__Lib_MathDouble.c,795 :: 		
0x0128	0x0873      	MOVF       R3, 0
;__Lib_MathDouble.c,796 :: 		
0x0129	0x1903      	BTFSC      STATUS, 2
;__Lib_MathDouble.c,797 :: 		
0x012A	0x29B5      	GOTO       JPDRES032
;__Lib_MathDouble.c,799 :: 		
0x012B	0x0872      	MOVF       R2, 0
;__Lib_MathDouble.c,800 :: 		
0x012C	0x0676      	XORWF      R6, 0
;__Lib_MathDouble.c,801 :: 		
0x012D	0x3980      	ANDLW      128
;__Lib_MathDouble.c,802 :: 		
0x012E	0x00FA      	MOVWF      R10
;__Lib_MathDouble.c,803 :: 		
0x012F	0x17F2      	BSF        R2, 7
;__Lib_MathDouble.c,804 :: 		
0x0130	0x17F6      	BSF        R6, 7
;__Lib_MathDouble.c,806 :: 		
0x0131	0x01A0      	CLRF       __math_tempbD
;__Lib_MathDouble.c,807 :: 		
0x0132	0x0872      	MOVF       R2, 0
;__Lib_MathDouble.c,808 :: 		
0x0133	0x00F8      	MOVWF      R8
;__Lib_MathDouble.c,809 :: 		
0x0134	0x0871      	MOVF       R1, 0
;__Lib_MathDouble.c,810 :: 		
0x0135	0x00FC      	MOVWF      R12
;__Lib_MathDouble.c,811 :: 		
0x0136	0x0870      	MOVF       R0, 0
;__Lib_MathDouble.c,812 :: 		
0x0137	0x00FD      	MOVWF      R13
;__Lib_MathDouble.c,814 :: 		
0x0138	0x0874      	MOVF       R4, 0
;__Lib_MathDouble.c,815 :: 		
0x0139	0x02FD      	SUBWF      R13, 1
;__Lib_MathDouble.c,816 :: 		
0x013A	0x0875      	MOVF       R5, 0
;__Lib_MathDouble.c,817 :: 		
0x013B	0x1C03      	BTFSS      STATUS, 0
;__Lib_MathDouble.c,818 :: 		
0x013C	0x0F75      	INCFSZ     R5, 0
;__Lib_MathDouble.c,820 :: 		
0x013D	0x02FC      	SUBWF      R12, 1
;__Lib_MathDouble.c,821 :: 		
0x013E	0x0876      	MOVF       R6, 0
;__Lib_MathDouble.c,822 :: 		
0x013F	0x1C03      	BTFSS      STATUS, 0
;__Lib_MathDouble.c,823 :: 		
0x0140	0x0F76      	INCFSZ     R6, 0
;__Lib_MathDouble.c,825 :: 		
0x0141	0x02F8      	SUBWF      R8, 1
;__Lib_MathDouble.c,826 :: 		
0x0142	0x01F8      	CLRF       R8
;__Lib_MathDouble.c,827 :: 		
0x0143	0x01FC      	CLRF       R12
;__Lib_MathDouble.c,828 :: 		
0x0144	0x01FD      	CLRF       R13
;__Lib_MathDouble.c,829 :: 		
0x0145	0x1C03      	BTFSS      STATUS, 0
;__Lib_MathDouble.c,830 :: 		
0x0146	0x294E      	GOTO       DALIGN32OK
;__Lib_MathDouble.c,832 :: 		
0x0147	0x1003      	BCF        STATUS, 0
;__Lib_MathDouble.c,833 :: 		
0x0148	0x0CF2      	RRF        R2, 1
;__Lib_MathDouble.c,834 :: 		
0x0149	0x0CF1      	RRF        R1, 1
;__Lib_MathDouble.c,835 :: 		
0x014A	0x0CF0      	RRF        R0, 1
;__Lib_MathDouble.c,836 :: 		
0x014B	0x0CF8      	RRF        R8, 1
;__Lib_MathDouble.c,837 :: 		
0x014C	0x3001      	MOVLW      1
;__Lib_MathDouble.c,838 :: 		
0x014D	0x00A0      	MOVWF      __math_tempbD
;__Lib_MathDouble.c,839 :: 		
DALIGN32OK:
;__Lib_MathDouble.c,840 :: 		
0x014E	0x0877      	MOVF       R7, 0
;__Lib_MathDouble.c,841 :: 		
0x014F	0x02F3      	SUBWF      R3, 1
;__Lib_MathDouble.c,842 :: 		
0x0150	0x1C03      	BTFSS      STATUS, 0
;__Lib_MathDouble.c,843 :: 		
0x0151	0x2958      	GOTO       ALTB32
;__Lib_MathDouble.c,845 :: 		
0x0152	0x307E      	MOVLW      126
;__Lib_MathDouble.c,846 :: 		
0x0153	0x0720      	ADDWF      __math_tempbD, 0
;__Lib_MathDouble.c,847 :: 		
0x0154	0x07F3      	ADDWF      R3, 1
;__Lib_MathDouble.c,848 :: 		
0x0155	0x1803      	BTFSC      STATUS, 0
;__Lib_MathDouble.c,849 :: 		
0x0156	0x29B8      	GOTO       JPDSETFOV32
;__Lib_MathDouble.c,850 :: 		
0x0157	0x295D      	GOTO       DARGOK32
;__Lib_MathDouble.c,851 :: 		
ALTB32:
;__Lib_MathDouble.c,852 :: 		
0x0158	0x307E      	MOVLW      126
;__Lib_MathDouble.c,853 :: 		
0x0159	0x0720      	ADDWF      __math_tempbD, 0
;__Lib_MathDouble.c,854 :: 		
0x015A	0x07F3      	ADDWF      R3, 1
;__Lib_MathDouble.c,855 :: 		
0x015B	0x1C03      	BTFSS      STATUS, 0
;__Lib_MathDouble.c,856 :: 		
0x015C	0x29BB      	GOTO       JPDSETFUN32
;__Lib_MathDouble.c,857 :: 		
DARGOK32:
;__Lib_MathDouble.c,858 :: 		
0x015D	0x3018      	MOVLW      24
;__Lib_MathDouble.c,860 :: 		
0x015E	0x07FA      	ADDWF      R10, 1
;__Lib_MathDouble.c,861 :: 		
DLOOP32:
;__Lib_MathDouble.c,862 :: 		
0x015F	0x0DFD      	RLF        R13, 1
;__Lib_MathDouble.c,863 :: 		
0x0160	0x0DFC      	RLF        R12, 1
;__Lib_MathDouble.c,864 :: 		
0x0161	0x0DF8      	RLF        R8, 1
;__Lib_MathDouble.c,865 :: 		
0x0162	0x0DF0      	RLF        R0, 1
;__Lib_MathDouble.c,866 :: 		
0x0163	0x0DF1      	RLF        R1, 1
;__Lib_MathDouble.c,867 :: 		
0x0164	0x0DF2      	RLF        R2, 1
;__Lib_MathDouble.c,868 :: 		
0x0165	0x0DA0      	RLF        __math_tempbD, 1
;__Lib_MathDouble.c,870 :: 		
0x0166	0x0874      	MOVF       R4, 0
;__Lib_MathDouble.c,871 :: 		
0x0167	0x02F0      	SUBWF      R0, 1
;__Lib_MathDouble.c,872 :: 		
0x0168	0x0875      	MOVF       R5, 0
;__Lib_MathDouble.c,873 :: 		
0x0169	0x1C03      	BTFSS      STATUS, 0
;__Lib_MathDouble.c,874 :: 		
0x016A	0x0F75      	INCFSZ     R5, 0
;__Lib_MathDouble.c,876 :: 		
0x016B	0x02F1      	SUBWF      R1, 1
;__Lib_MathDouble.c,877 :: 		
0x016C	0x0876      	MOVF       R6, 0
;__Lib_MathDouble.c,878 :: 		
0x016D	0x1C03      	BTFSS      STATUS, 0
;__Lib_MathDouble.c,879 :: 		
0x016E	0x0F76      	INCFSZ     R6, 0
;__Lib_MathDouble.c,881 :: 		
0x016F	0x02F2      	SUBWF      R2, 1
;__Lib_MathDouble.c,882 :: 		
0x0170	0x0D76      	RLF        R6, 0
;__Lib_MathDouble.c,883 :: 		
0x0171	0x04A0      	IORWF      __math_tempbD, 1
;__Lib_MathDouble.c,884 :: 		
0x0172	0x1C20      	BTFSS      __math_tempbD, 0
;__Lib_MathDouble.c,885 :: 		
0x0173	0x2976      	GOTO       DREST32
;__Lib_MathDouble.c,886 :: 		
0x0174	0x147D      	BSF        R13, 0
;__Lib_MathDouble.c,887 :: 		
0x0175	0x2981      	GOTO       DOK32
;__Lib_MathDouble.c,888 :: 		
DREST32:
;__Lib_MathDouble.c,889 :: 		
0x0176	0x0874      	MOVF       R4, 0
;__Lib_MathDouble.c,890 :: 		
0x0177	0x07F0      	ADDWF      R0, 1
;__Lib_MathDouble.c,891 :: 		
0x0178	0x0875      	MOVF       R5, 0
;__Lib_MathDouble.c,892 :: 		
0x0179	0x1803      	BTFSC      STATUS, 0
;__Lib_MathDouble.c,893 :: 		
0x017A	0x0F75      	INCFSZ     R5, 0
;__Lib_MathDouble.c,895 :: 		
0x017B	0x07F1      	ADDWF      R1, 1
;__Lib_MathDouble.c,896 :: 		
0x017C	0x0876      	MOVF       R6, 0
;__Lib_MathDouble.c,897 :: 		
0x017D	0x1803      	BTFSC      STATUS, 0
;__Lib_MathDouble.c,898 :: 		
0x017E	0x0A76      	INCF       R6, 0
;__Lib_MathDouble.c,899 :: 		
0x017F	0x07F2      	ADDWF      R2, 1
;__Lib_MathDouble.c,900 :: 		
0x0180	0x107D      	BCF        R13, 0
;__Lib_MathDouble.c,901 :: 		
DOK32:
;__Lib_MathDouble.c,903 :: 		
0x0181	0x03FA      	DECF       R10, 1
;__Lib_MathDouble.c,904 :: 		
0x0182	0x301F      	MOVLW      31
;__Lib_MathDouble.c,905 :: 		
0x0183	0x057A      	ANDWF      R10, 0
;__Lib_MathDouble.c,906 :: 		
0x0184	0x1D03      	BTFSS      STATUS, 2
;__Lib_MathDouble.c,907 :: 		
0x0185	0x295F      	GOTO       DLOOP32
;__Lib_MathDouble.c,909 :: 		
0x0186	0x1B7B      	BTFSC      R11, 6
;__Lib_MathDouble.c,910 :: 		
0x0187	0x1C7D      	BTFSS      R13, 0
;__Lib_MathDouble.c,911 :: 		
0x0188	0x29A8      	GOTO       DIV32OK
;__Lib_MathDouble.c,912 :: 		
0x0189	0x1003      	BCF        STATUS, 0
;__Lib_MathDouble.c,913 :: 		
0x018A	0x0DF0      	RLF        R0, 1
;__Lib_MathDouble.c,914 :: 		
0x018B	0x0DF1      	RLF        R1, 1
;__Lib_MathDouble.c,915 :: 		
0x018C	0x0DF2      	RLF        R2, 1
;__Lib_MathDouble.c,916 :: 		
0x018D	0x0DA0      	RLF        __math_tempbD, 1
;__Lib_MathDouble.c,918 :: 		
0x018E	0x0874      	MOVF       R4, 0
;__Lib_MathDouble.c,919 :: 		
0x018F	0x02F0      	SUBWF      R0, 1
;__Lib_MathDouble.c,920 :: 		
0x0190	0x0875      	MOVF       R5, 0
;__Lib_MathDouble.c,921 :: 		
0x0191	0x1C03      	BTFSS      STATUS, 0
;__Lib_MathDouble.c,922 :: 		
0x0192	0x0F75      	INCFSZ     R5, 0
;__Lib_MathDouble.c,923 :: 		
0x0193	0x02F1      	SUBWF      R1, 1
;__Lib_MathDouble.c,924 :: 		
0x0194	0x0876      	MOVF       R6, 0
;__Lib_MathDouble.c,925 :: 		
0x0195	0x1C03      	BTFSS      STATUS, 0
;__Lib_MathDouble.c,926 :: 		
0x0196	0x0F76      	INCFSZ     R6, 0
;__Lib_MathDouble.c,927 :: 		
0x0197	0x02F2      	SUBWF      R2, 1
;__Lib_MathDouble.c,928 :: 		
0x0198	0x0D76      	RLF        R6, 0
;__Lib_MathDouble.c,929 :: 		
0x0199	0x0420      	IORWF      __math_tempbD, 0
;__Lib_MathDouble.c,930 :: 		
0x019A	0x3901      	ANDLW      1
;__Lib_MathDouble.c,931 :: 		
0x019B	0x07FD      	ADDWF      R13, 1
;__Lib_MathDouble.c,932 :: 		
0x019C	0x1803      	BTFSC      STATUS, 0
;__Lib_MathDouble.c,933 :: 		
0x019D	0x0AFC      	INCF       R12, 1
;__Lib_MathDouble.c,934 :: 		
0x019E	0x1903      	BTFSC      STATUS, 2
;__Lib_MathDouble.c,935 :: 		
0x019F	0x0AF8      	INCF       R8, 1
;__Lib_MathDouble.c,936 :: 		
0x01A0	0x1D03      	BTFSS      STATUS, 2
;__Lib_MathDouble.c,937 :: 		
0x01A1	0x29A8      	GOTO       DIV32OK
;__Lib_MathDouble.c,938 :: 		
0x01A2	0x0CF8      	RRF        R8, 1
;__Lib_MathDouble.c,939 :: 		
0x01A3	0x0CFC      	RRF        R12, 1
;__Lib_MathDouble.c,940 :: 		
0x01A4	0x0CFD      	RRF        R13, 1
;__Lib_MathDouble.c,941 :: 		
0x01A5	0x0AF3      	INCF       R3, 1
;__Lib_MathDouble.c,942 :: 		
0x01A6	0x1903      	BTFSC      STATUS, 2
;__Lib_MathDouble.c,943 :: 		
0x01A7	0x29B8      	GOTO       JPDSETFOV32
;__Lib_MathDouble.c,944 :: 		
DIV32OK:
;__Lib_MathDouble.c,945 :: 		
0x01A8	0x1FFA      	BTFSS      R10, 7
;__Lib_MathDouble.c,946 :: 		
0x01A9	0x13F8      	BCF        R8, 7
;__Lib_MathDouble.c,947 :: 		
0x01AA	0x0878      	MOVF       R8, 0
;__Lib_MathDouble.c,948 :: 		
0x01AB	0x00F2      	MOVWF      R2
;__Lib_MathDouble.c,949 :: 		
0x01AC	0x087C      	MOVF       R12, 0
;__Lib_MathDouble.c,950 :: 		
0x01AD	0x00F1      	MOVWF      R1
;__Lib_MathDouble.c,951 :: 		
0x01AE	0x087D      	MOVF       R13, 0
;__Lib_MathDouble.c,952 :: 		
0x01AF	0x00F0      	MOVWF      R0
;__Lib_MathDouble.c,954 :: 		
0x01B0	0x3000      	MOVLW      0
;__Lib_MathDouble.c,956 :: 		
0x01B1	0x29BD      	GOTO       DIV32EEE
;__Lib_MathDouble.c,957 :: 		
JPDSETFDZ32:
;__Lib_MathDouble.c,958 :: 		
0x01B2	0x3001      	MOVLW      1
;__Lib_MathDouble.c,961 :: 		
0x01B3	0x2026      	CALL       _SETFDZ32
;__Lib_MathDouble.c,963 :: 		
0x01B4	0x29BD      	GOTO       DIV32EEE
;__Lib_MathDouble.c,964 :: 		
JPDRES032:
;__Lib_MathDouble.c,965 :: 		
0x01B5	0x3002      	MOVLW      2
;__Lib_MathDouble.c,968 :: 		
0x01B6	0x2003      	CALL       _RES032
;__Lib_MathDouble.c,970 :: 		
0x01B7	0x29BD      	GOTO       DIV32EEE
;__Lib_MathDouble.c,971 :: 		
JPDSETFOV32:
;__Lib_MathDouble.c,972 :: 		
0x01B8	0x3004      	MOVLW      4
;__Lib_MathDouble.c,975 :: 		
0x01B9	0x201A      	CALL       _SETFOV32
;__Lib_MathDouble.c,977 :: 		
0x01BA	0x29BD      	GOTO       DIV32EEE
;__Lib_MathDouble.c,978 :: 		
JPDSETFUN32:
;__Lib_MathDouble.c,979 :: 		
0x01BB	0x3008      	MOVLW      8
;__Lib_MathDouble.c,982 :: 		
0x01BC	0x200A      	CALL       _SETFUN32
;__Lib_MathDouble.c,984 :: 		
DIV32EEE:
;__Lib_MathDouble.c,985 :: 		
0x01BD	0x0000      	NOP
;__Lib_MathDouble.c,994 :: 		
L_end_Div_32x32_FP:
0x01BE	0x0008      	RETURN
; end of _Div_32x32_FP
_word2double:
;__Lib_MathDouble.c,1862 :: 		
;__Lib_MathDouble.c,1868 :: 		
0x01BF	0x1283      	BCF        STATUS, 5
;__Lib_MathDouble.c,1869 :: 		
0x01C0	0x1303      	BCF        STATUS, 6
;__Lib_MathDouble.c,1870 :: 		
0x01C1	0x0870      	MOVF       R0, 0
;__Lib_MathDouble.c,1871 :: 		
0x01C2	0x00F8      	MOVWF      R8
;__Lib_MathDouble.c,1872 :: 		
0x01C3	0x0871      	MOVF       R1, 0
;__Lib_MathDouble.c,1873 :: 		
0x01C4	0x00F0      	MOVWF      R0
;__Lib_MathDouble.c,1874 :: 		
0x01C5	0x01F1      	CLRF       R1
;__Lib_MathDouble.c,1875 :: 		
0x01C6	0x01F2      	CLRF       R2
;__Lib_MathDouble.c,1876 :: 		
0x01C7	0x01F3      	CLRF       R3
;__Lib_MathDouble.c,1879 :: 		
0x01C8	0x01FB      	CLRF       R11
;__Lib_MathDouble.c,1880 :: 		
0x01C9	0x01FC      	CLRF       R12
;__Lib_MathDouble.c,1882 :: 		
0x01CA	0x3096      	MOVLW      150
;__Lib_MathDouble.c,1883 :: 		
0x01CB	0x00F3      	MOVWF      R3
;__Lib_MathDouble.c,1884 :: 		
0x01CC	0x01FA      	CLRF       R10
;__Lib_MathDouble.c,1886 :: 		
0x01CD	0x0870      	MOVF       R0, 0
;__Lib_MathDouble.c,1887 :: 		
0x01CE	0x00F1      	MOVWF      R1
;__Lib_MathDouble.c,1888 :: 		
0x01CF	0x0878      	MOVF       R8, 0
;__Lib_MathDouble.c,1889 :: 		
0x01D0	0x00F0      	MOVWF      R0
;__Lib_MathDouble.c,1890 :: 		
0x01D1	0x01F8      	CLRF       R8
;__Lib_MathDouble.c,1891 :: 		
0x01D2	0x01F2      	CLRF       R2
;__Lib_MathDouble.c,1893 :: 		
0x01D3	0x2029      	CALL       _NRM3232
;__Lib_MathDouble.c,1894 :: 		
L_end_word2double:
0x01D4	0x0008      	RETURN
; end of _word2double
_Mul_32x32_FP:
;__Lib_MathDouble.c,610 :: 		
;__Lib_MathDouble.c,622 :: 		
;__Lib_MathDouble.c,624 :: 		
0x01D5	0x1283      	BCF        STATUS, 5
;__Lib_MathDouble.c,625 :: 		
0x01D6	0x1303      	BCF        STATUS, 6
;__Lib_MathDouble.c,627 :: 		
0x01D7	0x01FB      	CLRF       R11
;__Lib_MathDouble.c,628 :: 		
0x01D8	0x0873      	MOVF       R3, 0
;__Lib_MathDouble.c,629 :: 		
0x01D9	0x1D03      	BTFSS      STATUS, 2
;__Lib_MathDouble.c,630 :: 		
0x01DA	0x0877      	MOVF       R7, 0
;__Lib_MathDouble.c,631 :: 		
0x01DB	0x1903      	BTFSC      STATUS, 2
;__Lib_MathDouble.c,632 :: 		
0x01DC	0x2A2C      	GOTO       JPMRES032
;__Lib_MathDouble.c,634 :: 		
0x01DD	0x0872      	MOVF       R2, 0
;__Lib_MathDouble.c,635 :: 		
0x01DE	0x0676      	XORWF      R6, 0
;__Lib_MathDouble.c,636 :: 		
0x01DF	0x00FA      	MOVWF      R10
;__Lib_MathDouble.c,637 :: 		
0x01E0	0x0877      	MOVF       R7, 0
;__Lib_MathDouble.c,638 :: 		
0x01E1	0x07F3      	ADDWF      R3, 1
;__Lib_MathDouble.c,639 :: 		
0x01E2	0x307E      	MOVLW      126
;__Lib_MathDouble.c,640 :: 		
0x01E3	0x1C03      	BTFSS      STATUS, 0
;__Lib_MathDouble.c,641 :: 		
0x01E4	0x29E9      	GOTO       MTUN32
;__Lib_MathDouble.c,642 :: 		
0x01E5	0x02F3      	SUBWF      R3, 1
;__Lib_MathDouble.c,643 :: 		
0x01E6	0x1803      	BTFSC      STATUS, 0
;__Lib_MathDouble.c,644 :: 		
0x01E7	0x2A2F      	GOTO       JPMSETFOV32
;__Lib_MathDouble.c,645 :: 		
0x01E8	0x29EC      	GOTO       MOK32
;__Lib_MathDouble.c,646 :: 		
MTUN32:
;__Lib_MathDouble.c,647 :: 		
0x01E9	0x02F3      	SUBWF      R3, 1
;__Lib_MathDouble.c,648 :: 		
0x01EA	0x1C03      	BTFSS      STATUS, 0
;__Lib_MathDouble.c,649 :: 		
0x01EB	0x2A32      	GOTO       JPMSETFUN32
;__Lib_MathDouble.c,650 :: 		
MOK32:
;__Lib_MathDouble.c,651 :: 		
0x01EC	0x0872      	MOVF       R2, 0
;__Lib_MathDouble.c,652 :: 		
0x01ED	0x00F8      	MOVWF      R8
;__Lib_MathDouble.c,653 :: 		
0x01EE	0x0871      	MOVF       R1, 0
;__Lib_MathDouble.c,654 :: 		
0x01EF	0x00FC      	MOVWF      R12
;__Lib_MathDouble.c,655 :: 		
0x01F0	0x0870      	MOVF       R0, 0
;__Lib_MathDouble.c,656 :: 		
0x01F1	0x00FD      	MOVWF      R13
;__Lib_MathDouble.c,657 :: 		
0x01F2	0x17F8      	BSF        R8, 7
;__Lib_MathDouble.c,658 :: 		
0x01F3	0x17F6      	BSF        R6, 7
;__Lib_MathDouble.c,659 :: 		
0x01F4	0x1003      	BCF        STATUS, 0
;__Lib_MathDouble.c,660 :: 		
0x01F5	0x01F2      	CLRF       R2
;__Lib_MathDouble.c,661 :: 		
0x01F6	0x01F1      	CLRF       R1
;__Lib_MathDouble.c,662 :: 		
0x01F7	0x01F0      	CLRF       R0
;__Lib_MathDouble.c,663 :: 		
0x01F8	0x3018      	MOVLW      24
;__Lib_MathDouble.c,664 :: 		
0x01F9	0x00A0      	MOVWF      __math_tempbD
;__Lib_MathDouble.c,665 :: 		
MLOOP32:
;__Lib_MathDouble.c,666 :: 		
0x01FA	0x1C7D      	BTFSS      R13, 0
;__Lib_MathDouble.c,667 :: 		
0x01FB	0x2A06      	GOTO       MNOADD32
;__Lib_MathDouble.c,669 :: 		
0x01FC	0x0874      	MOVF       R4, 0
;__Lib_MathDouble.c,670 :: 		
0x01FD	0x07F0      	ADDWF      R0, 1
;__Lib_MathDouble.c,671 :: 		
0x01FE	0x0875      	MOVF       R5, 0
;__Lib_MathDouble.c,672 :: 		
0x01FF	0x1803      	BTFSC      STATUS, 0
;__Lib_MathDouble.c,673 :: 		
0x0200	0x0F75      	INCFSZ     R5, 0
;__Lib_MathDouble.c,674 :: 		
0x0201	0x07F1      	ADDWF      R1, 1
;__Lib_MathDouble.c,675 :: 		
0x0202	0x0876      	MOVF       R6, 0
;__Lib_MathDouble.c,676 :: 		
0x0203	0x1803      	BTFSC      STATUS, 0
;__Lib_MathDouble.c,677 :: 		
0x0204	0x0F76      	INCFSZ     R6, 0
;__Lib_MathDouble.c,678 :: 		
0x0205	0x07F2      	ADDWF      R2, 1
;__Lib_MathDouble.c,679 :: 		
MNOADD32:
;__Lib_MathDouble.c,680 :: 		
0x0206	0x0CF2      	RRF        R2, 1
;__Lib_MathDouble.c,681 :: 		
0x0207	0x0CF1      	RRF        R1, 1
;__Lib_MathDouble.c,682 :: 		
0x0208	0x0CF0      	RRF        R0, 1
;__Lib_MathDouble.c,683 :: 		
0x0209	0x0CF8      	RRF        R8, 1
;__Lib_MathDouble.c,684 :: 		
0x020A	0x0CFC      	RRF        R12, 1
;__Lib_MathDouble.c,685 :: 		
0x020B	0x0CFD      	RRF        R13, 1
;__Lib_MathDouble.c,686 :: 		
0x020C	0x1003      	BCF        STATUS, 0
;__Lib_MathDouble.c,687 :: 		
0x020D	0x0BA0      	DECFSZ     __math_tempbD, 1
;__Lib_MathDouble.c,688 :: 		
0x020E	0x29FA      	GOTO       MLOOP32
;__Lib_MathDouble.c,689 :: 		
0x020F	0x1BF2      	BTFSC      R2, 7
;__Lib_MathDouble.c,690 :: 		
0x0210	0x2A16      	GOTO       MROUND32
;__Lib_MathDouble.c,691 :: 		
0x0211	0x0DF8      	RLF        R8, 1
;__Lib_MathDouble.c,692 :: 		
0x0212	0x0DF0      	RLF        R0, 1
;__Lib_MathDouble.c,693 :: 		
0x0213	0x0DF1      	RLF        R1, 1
;__Lib_MathDouble.c,694 :: 		
0x0214	0x0DF2      	RLF        R2, 1
;__Lib_MathDouble.c,695 :: 		
0x0215	0x03F3      	DECF       R3, 1
;__Lib_MathDouble.c,696 :: 		
MROUND32:
;__Lib_MathDouble.c,697 :: 		
0x0216	0x1B7B      	BTFSC      R11, 6
;__Lib_MathDouble.c,698 :: 		
0x0217	0x1C70      	BTFSS      R0, 0
;__Lib_MathDouble.c,699 :: 		
0x0218	0x2A28      	GOTO       MUL32OK
;__Lib_MathDouble.c,700 :: 		
0x0219	0x1FF8      	BTFSS      R8, 7
;__Lib_MathDouble.c,701 :: 		
0x021A	0x2A28      	GOTO       MUL32OK
;__Lib_MathDouble.c,702 :: 		
0x021B	0x0AF0      	INCF       R0, 1
;__Lib_MathDouble.c,703 :: 		
0x021C	0x1903      	BTFSC      STATUS, 2
;__Lib_MathDouble.c,704 :: 		
0x021D	0x0AF1      	INCF       R1, 1
;__Lib_MathDouble.c,705 :: 		
0x021E	0x1903      	BTFSC      STATUS, 2
;__Lib_MathDouble.c,706 :: 		
0x021F	0x0AF2      	INCF       R2, 1
;__Lib_MathDouble.c,707 :: 		
0x0220	0x1D03      	BTFSS      STATUS, 2
;__Lib_MathDouble.c,708 :: 		
0x0221	0x2A28      	GOTO       MUL32OK
;__Lib_MathDouble.c,709 :: 		
0x0222	0x0CF2      	RRF        R2, 1
;__Lib_MathDouble.c,710 :: 		
0x0223	0x0CF1      	RRF        R1, 1
;__Lib_MathDouble.c,711 :: 		
0x0224	0x0CF0      	RRF        R0, 1
;__Lib_MathDouble.c,712 :: 		
0x0225	0x0AF3      	INCF       R3, 1
;__Lib_MathDouble.c,713 :: 		
0x0226	0x1903      	BTFSC      STATUS, 2
;__Lib_MathDouble.c,714 :: 		
0x0227	0x2A2F      	GOTO       JPMSETFOV32
;__Lib_MathDouble.c,715 :: 		
MUL32OK:
;__Lib_MathDouble.c,716 :: 		
0x0228	0x1FFA      	BTFSS      R10, 7
;__Lib_MathDouble.c,717 :: 		
0x0229	0x13F2      	BCF        R2, 7
;__Lib_MathDouble.c,718 :: 		
0x022A	0x3000      	MOVLW      0
;__Lib_MathDouble.c,720 :: 		
0x022B	0x2A34      	GOTO       MUL32EEE
;__Lib_MathDouble.c,721 :: 		
JPMRES032:
;__Lib_MathDouble.c,722 :: 		
0x022C	0x3001      	MOVLW      1
;__Lib_MathDouble.c,725 :: 		
0x022D	0x2003      	CALL       _RES032
;__Lib_MathDouble.c,727 :: 		
0x022E	0x2A34      	GOTO       MUL32EEE
;__Lib_MathDouble.c,728 :: 		
JPMSETFOV32:
;__Lib_MathDouble.c,729 :: 		
0x022F	0x3002      	MOVLW      2
;__Lib_MathDouble.c,732 :: 		
0x0230	0x201A      	CALL       _SETFOV32
;__Lib_MathDouble.c,734 :: 		
0x0231	0x2A34      	GOTO       MUL32EEE
;__Lib_MathDouble.c,735 :: 		
JPMSETFUN32:
;__Lib_MathDouble.c,736 :: 		
0x0232	0x3004      	MOVLW      4
;__Lib_MathDouble.c,739 :: 		
0x0233	0x200A      	CALL       _SETFUN32
;__Lib_MathDouble.c,741 :: 		
MUL32EEE:
;__Lib_MathDouble.c,742 :: 		
0x0234	0x0000      	NOP
;__Lib_MathDouble.c,749 :: 		
L_end_Mul_32x32_FP:
0x0235	0x0008      	RETURN
; end of _Mul_32x32_FP
_ADC_Get_Sample:
;__Lib_ADC_A_C.c,45 :: 		
;__Lib_ADC_A_C.c,47 :: 		
0x0236	0x30C7      	MOVLW      199
0x0237	0x1283      	BCF        STATUS, 5
0x0238	0x1303      	BCF        STATUS, 6
0x0239	0x059F      	ANDWF      ADCON0, 1
;__Lib_ADC_A_C.c,48 :: 		
0x023A	0x0821      	MOVF       FARG_ADC_Get_Sample_channel, 0
0x023B	0x00F0      	MOVWF      R0
0x023C	0x0DF0      	RLF        R0, 1
0x023D	0x1070      	BCF        R0, 0
0x023E	0x0DF0      	RLF        R0, 1
0x023F	0x1070      	BCF        R0, 0
0x0240	0x0DF0      	RLF        R0, 1
0x0241	0x1070      	BCF        R0, 0
0x0242	0x0870      	MOVF       R0, 0
0x0243	0x049F      	IORWF      ADCON0, 1
;__Lib_ADC_A_C.c,51 :: 		
0x0244	0x2058      	CALL       _Delay_22us
;__Lib_ADC_A_C.c,54 :: 		
0x0245	0x151F      	BSF        ADCON0, 2
;__Lib_ADC_A_C.c,57 :: 		
L_ADC_Get_Sample0:
0x0246	0x1D1F      	BTFSS      ADCON0, 2
0x0247	0x2A4A      	GOTO       L_ADC_Get_Sample1
;__Lib_ADC_A_C.c,58 :: 		
0x0248	0x0000      	NOP
0x0249	0x2A46      	GOTO       L_ADC_Get_Sample0
L_ADC_Get_Sample1:
;__Lib_ADC_A_C.c,64 :: 		
0x024A	0x081E      	MOVF       ADRESH, 0
0x024B	0x00F1      	MOVWF      R0+1
0x024C	0x01F0      	CLRF       R0
0x024D	0x1683      	BSF        STATUS, 5
0x024E	0x081E      	MOVF       ADRESL, 0
0x024F	0x04F0      	IORWF      R0, 1
0x0250	0x3000      	MOVLW      0
0x0251	0x04F1      	IORWF      R0+1, 1
;__Lib_ADC_A_C.c,65 :: 		
L_end_ADC_Get_Sample:
0x0252	0x0008      	RETURN
; end of _ADC_Get_Sample
_ADC_Init:
;__Lib_ADC_A_C.c,19 :: 		
;__Lib_ADC_A_C.c,20 :: 		
0x0253	0x3036      	MOVLW      _ADC_Get_Sample
0x0254	0x1283      	BCF        STATUS, 5
0x0255	0x1303      	BCF        STATUS, 6
0x0256	0x00BB      	MOVWF      _ADC_Get_Sample_Ptr
0x0257	0x3002      	MOVLW      hi_addr(_ADC_Get_Sample)
0x0258	0x00BC      	MOVWF      _ADC_Get_Sample_Ptr+1
0x0259	0x3021      	MOVLW      FARG_ADC_Get_Sample_channel
0x025A	0x00BD      	MOVWF      _ADC_Get_Sample_Ptr+2
0x025B	0x3000      	MOVLW      hi_addr(FARG_ADC_Get_Sample_channel)
;__Lib_ADC_A_C.c,22 :: 		
0x025C	0x019F      	CLRF       ADCON0
;__Lib_ADC_A_C.c,23 :: 		
0x025D	0x30C0      	MOVLW      192
0x025E	0x049F      	IORWF      ADCON0, 1
;__Lib_ADC_A_C.c,24 :: 		
0x025F	0x0936      	COMF       _vref_mask, 0
0x0260	0x00F0      	MOVWF      R0
0x0261	0x0870      	MOVF       R0, 0
0x0262	0x1683      	BSF        STATUS, 5
0x0263	0x059F      	ANDWF      ADCON1, 1
;__Lib_ADC_A_C.c,25 :: 		
0x0264	0x171F      	BSF        ADCON1, 6
;__Lib_ADC_A_C.c,26 :: 		
0x0265	0x179F      	BSF        ADCON1, 7
;__Lib_ADC_A_C.c,29 :: 		
0x0266	0x1283      	BCF        STATUS, 5
0x0267	0x141F      	BSF        ADCON0, 0
;__Lib_ADC_A_C.c,30 :: 		
L_end_ADC_Init:
0x0268	0x0008      	RETURN
; end of _ADC_Init
_double2int:
;__Lib_MathDouble.c,1391 :: 		
;__Lib_MathDouble.c,1399 :: 		
0x0269	0x1283      	BCF        STATUS, 5
;__Lib_MathDouble.c,1400 :: 		
0x026A	0x1303      	BCF        STATUS, 6
;__Lib_MathDouble.c,1402 :: 		
0x026B	0x01FB      	CLRF       R11
;__Lib_MathDouble.c,1403 :: 		
0x026C	0x0873      	MOVF       R3, 0
;__Lib_MathDouble.c,1404 :: 		
0x026D	0x1903      	BTFSC      STATUS, 2
;__Lib_MathDouble.c,1405 :: 		
0x026E	0x2AA6      	GOTO       IRES016
;__Lib_MathDouble.c,1407 :: 		
0x026F	0x0872      	MOVF       R2, 0
;__Lib_MathDouble.c,1408 :: 		
0x0270	0x00FA      	MOVWF      R10
;__Lib_MathDouble.c,1409 :: 		
0x0271	0x17F2      	BSF        R2, 7
;__Lib_MathDouble.c,1411 :: 		
0x0272	0x308E      	MOVLW      142
;__Lib_MathDouble.c,1412 :: 		
0x0273	0x02F3      	SUBWF      R3, 1
;__Lib_MathDouble.c,1413 :: 		
0x0274	0x1FF3      	BTFSS      R3, 7
;__Lib_MathDouble.c,1414 :: 		
0x0275	0x2AA9      	GOTO       SETIOV16
;__Lib_MathDouble.c,1415 :: 		
0x0276	0x09F3      	COMF       R3, 1
;__Lib_MathDouble.c,1416 :: 		
0x0277	0x0AF3      	INCF       R3, 1
;__Lib_MathDouble.c,1418 :: 		
0x0278	0x3008      	MOVLW      8
;__Lib_MathDouble.c,1419 :: 		
0x0279	0x0273      	SUBWF      R3, 0
;__Lib_MathDouble.c,1420 :: 		
0x027A	0x1C03      	BTFSS      STATUS, 0
;__Lib_MathDouble.c,1421 :: 		
0x027B	0x2A8C      	GOTO       TSHIFT3216
;__Lib_MathDouble.c,1422 :: 		
0x027C	0x00F3      	MOVWF      R3
;__Lib_MathDouble.c,1423 :: 		
0x027D	0x0DF1      	RLF        R1, 1
;__Lib_MathDouble.c,1424 :: 		
0x027E	0x0872      	MOVF       R2, 0
;__Lib_MathDouble.c,1425 :: 		
0x027F	0x00F1      	MOVWF      R1
;__Lib_MathDouble.c,1426 :: 		
0x0280	0x01F2      	CLRF       R2
;__Lib_MathDouble.c,1428 :: 		
0x0281	0x3008      	MOVLW      8
;__Lib_MathDouble.c,1429 :: 		
0x0282	0x0273      	SUBWF      R3, 0
;__Lib_MathDouble.c,1430 :: 		
0x0283	0x1C03      	BTFSS      STATUS, 0
;__Lib_MathDouble.c,1431 :: 		
0x0284	0x2A8C      	GOTO       TSHIFT3216
;__Lib_MathDouble.c,1432 :: 		
0x0285	0x00F3      	MOVWF      R3
;__Lib_MathDouble.c,1433 :: 		
0x0286	0x0DF1      	RLF        R1, 1
;__Lib_MathDouble.c,1434 :: 		
0x0287	0x01F1      	CLRF       R1
;__Lib_MathDouble.c,1436 :: 		
0x0288	0x0873      	MOVF       R3, 0
;__Lib_MathDouble.c,1437 :: 		
0x0289	0x1D03      	BTFSS      STATUS, 2
;__Lib_MathDouble.c,1438 :: 		
0x028A	0x1003      	BCF        STATUS, 0
;__Lib_MathDouble.c,1439 :: 		
0x028B	0x2A94      	GOTO       SHIFT3216OK
;__Lib_MathDouble.c,1440 :: 		
TSHIFT3216:
;__Lib_MathDouble.c,1441 :: 		
0x028C	0x0873      	MOVF       R3, 0
;__Lib_MathDouble.c,1442 :: 		
0x028D	0x1903      	BTFSC      STATUS, 2
;__Lib_MathDouble.c,1443 :: 		
0x028E	0x2A94      	GOTO       SHIFT3216OK
;__Lib_MathDouble.c,1444 :: 		
SHIFT3216:
;__Lib_MathDouble.c,1445 :: 		
0x028F	0x1003      	BCF        STATUS, 0
;__Lib_MathDouble.c,1446 :: 		
0x0290	0x0CF2      	RRF        R2, 1
;__Lib_MathDouble.c,1447 :: 		
0x0291	0x0CF1      	RRF        R1, 1
;__Lib_MathDouble.c,1448 :: 		
0x0292	0x0BF3      	DECFSZ     R3, 1
;__Lib_MathDouble.c,1449 :: 		
0x0293	0x2A8F      	GOTO       SHIFT3216
;__Lib_MathDouble.c,1450 :: 		
SHIFT3216OK:
;__Lib_MathDouble.c,1451 :: 		
0x0294	0x1B7B      	BTFSC      R11, 6
;__Lib_MathDouble.c,1452 :: 		
0x0295	0x1C71      	BTFSS      R1, 0
;__Lib_MathDouble.c,1453 :: 		
0x0296	0x2A9E      	GOTO       INT3216OK
;__Lib_MathDouble.c,1454 :: 		
0x0297	0x1C03      	BTFSS      STATUS, 0
;__Lib_MathDouble.c,1455 :: 		
0x0298	0x2A9E      	GOTO       INT3216OK
;__Lib_MathDouble.c,1456 :: 		
0x0299	0x0AF1      	INCF       R1, 1
;__Lib_MathDouble.c,1457 :: 		
0x029A	0x1903      	BTFSC      STATUS, 2
;__Lib_MathDouble.c,1458 :: 		
0x029B	0x0AF2      	INCF       R2, 1
;__Lib_MathDouble.c,1459 :: 		
0x029C	0x1BF2      	BTFSC      R2, 7
;__Lib_MathDouble.c,1460 :: 		
0x029D	0x2AB5      	GOTO       JPJSETIOV3224
;__Lib_MathDouble.c,1461 :: 		
INT3216OK:
;__Lib_MathDouble.c,1462 :: 		
0x029E	0x1FFA      	BTFSS      R10, 7
;__Lib_MathDouble.c,1463 :: 		
0x029F	0x2AB8      	GOTO       INT3216EOK
;__Lib_MathDouble.c,1465 :: 		
0x02A0	0x09F2      	COMF       R2, 1
;__Lib_MathDouble.c,1466 :: 		
0x02A1	0x09F1      	COMF       R1, 1
;__Lib_MathDouble.c,1467 :: 		
0x02A2	0x0AF1      	INCF       R1, 1
;__Lib_MathDouble.c,1468 :: 		
0x02A3	0x1903      	BTFSC      STATUS, 2
;__Lib_MathDouble.c,1469 :: 		
0x02A4	0x0AF2      	INCF       R2, 1
;__Lib_MathDouble.c,1470 :: 		
0x02A5	0x2AB8      	GOTO       INT3216EOK
;__Lib_MathDouble.c,1472 :: 		
IRES016:
;__Lib_MathDouble.c,1473 :: 		
0x02A6	0x01F2      	CLRF       R2
;__Lib_MathDouble.c,1474 :: 		
0x02A7	0x01F1      	CLRF       R1
;__Lib_MathDouble.c,1475 :: 		
0x02A8	0x2AB8      	GOTO       INT3216EOK
;__Lib_MathDouble.c,1476 :: 		
SETIOV16:
;__Lib_MathDouble.c,1477 :: 		
0x02A9	0x147B      	BSF        R11, 0
;__Lib_MathDouble.c,1478 :: 		
0x02AA	0x1FFB      	BTFSS      R11, 7
;__Lib_MathDouble.c,1479 :: 		
0x02AB	0x2ABB      	GOTO       INT3216EER
;__Lib_MathDouble.c,1481 :: 		
0x02AC	0x01F2      	CLRF       R2
;__Lib_MathDouble.c,1482 :: 		
0x02AD	0x1FFA      	BTFSS      R10, 7
;__Lib_MathDouble.c,1483 :: 		
0x02AE	0x2ABB      	GOTO       INT3216EER
;__Lib_MathDouble.c,1484 :: 		
0x02AF	0x30FF      	MOVLW      255
;__Lib_MathDouble.c,1485 :: 		
0x02B0	0x00F2      	MOVWF      R2
;__Lib_MathDouble.c,1486 :: 		
0x02B1	0x00F1      	MOVWF      R1
;__Lib_MathDouble.c,1487 :: 		
0x02B2	0x0DFA      	RLF        R10, 1
;__Lib_MathDouble.c,1488 :: 		
0x02B3	0x0CF2      	RRF        R2, 1
;__Lib_MathDouble.c,1489 :: 		
0x02B4	0x2ABB      	GOTO       INT3216EER
;__Lib_MathDouble.c,1491 :: 		
JPJSETIOV3224:
;__Lib_MathDouble.c,1492 :: 		
0x02B5	0x3001      	MOVLW      1
;__Lib_MathDouble.c,1493 :: 		
0x02B6	0x00FC      	MOVWF      R12
;__Lib_MathDouble.c,1494 :: 		
0x02B7	0x2ABD      	GOTO       INT3216EEE
;__Lib_MathDouble.c,1495 :: 		
INT3216EOK:
;__Lib_MathDouble.c,1496 :: 		
0x02B8	0x3000      	MOVLW      0
;__Lib_MathDouble.c,1497 :: 		
0x02B9	0x00FC      	MOVWF      R12
;__Lib_MathDouble.c,1498 :: 		
0x02BA	0x2ABD      	GOTO       INT3216EEE
;__Lib_MathDouble.c,1499 :: 		
INT3216EER:
;__Lib_MathDouble.c,1500 :: 		
0x02BB	0x30FF      	MOVLW      255
;__Lib_MathDouble.c,1501 :: 		
0x02BC	0x00FC      	MOVWF      R12
;__Lib_MathDouble.c,1502 :: 		
INT3216EEE:
;__Lib_MathDouble.c,1505 :: 		
0x02BD	0x08FC      	MOVF       R12, 1
;__Lib_MathDouble.c,1507 :: 		
0x02BE	0x1903      	BTFSC      STATUS, 2
;__Lib_MathDouble.c,1508 :: 		
0x02BF	0x2AC1      	GOTO       L_Double2Int_0
;__Lib_MathDouble.c,1510 :: 		
0x02C0	0x2092      	CALL       _SETIOV3224
;__Lib_MathDouble.c,1512 :: 		
L_Double2Int_0:
;__Lib_MathDouble.c,1513 :: 		
0x02C1	0x0871      	MOVF       R1, 0
;__Lib_MathDouble.c,1514 :: 		
0x02C2	0x00F0      	MOVWF      R0
;__Lib_MathDouble.c,1515 :: 		
0x02C3	0x0872      	MOVF       R2, 0
;__Lib_MathDouble.c,1516 :: 		
0x02C4	0x00F1      	MOVWF      R1
;__Lib_MathDouble.c,1520 :: 		
L_end_double2int:
0x02C5	0x0008      	RETURN
; end of _double2int
___CC2DW:
;__Lib_System.c,134 :: 		
;__Lib_System.c,137 :: 		
_CC2D_Loop1:
;__Lib_System.c,139 :: 		
0x02C6	0x205F      	CALL       _____DoICP
0x02C7	0x118A      	BCF        PCLATH, 3
0x02C8	0x120A      	BCF        PCLATH, 4
;__Lib_System.c,141 :: 		
0x02C9	0x0080      	MOVWF      INDF
;__Lib_System.c,142 :: 		
0x02CA	0x0A84      	INCF       FSR, 1
;__Lib_System.c,143 :: 		
0x02CB	0x0AB7      	INCF       ___DoICPAddr, 1
;__Lib_System.c,145 :: 		
0x02CC	0x1903      	BTFSC      STATUS, 2
;__Lib_System.c,146 :: 		
0x02CD	0x0AB8      	INCF       ___DoICPAddr+1, 1
;__Lib_System.c,147 :: 		
0x02CE	0x03F0      	DECF       R0, 1
;__Lib_System.c,149 :: 		
0x02CF	0x1D03      	BTFSS      STATUS, 2
;__Lib_System.c,150 :: 		
0x02D0	0x2AC6      	GOTO       _CC2D_Loop1
;__Lib_System.c,152 :: 		
L_end___CC2DW:
0x02D1	0x0008      	RETURN
; end of ___CC2DW
_main:
0x02D2	0x2368      	CALL       872
;Programa02.c,8 :: 		void main(){
;Programa02.c,9 :: 		TRISB = 0;
0x02D3	0x1683      	BSF        STATUS, 5
0x02D4	0x1303      	BCF        STATUS, 6
0x02D5	0x0186      	CLRF       TRISB
;Programa02.c,10 :: 		TRISD = 0;
0x02D6	0x0188      	CLRF       TRISD
;Programa02.c,11 :: 		PORTB = 0;
0x02D7	0x1283      	BCF        STATUS, 5
0x02D8	0x0186      	CLRF       PORTB
;Programa02.c,12 :: 		PORTD = 0;
0x02D9	0x0188      	CLRF       PORTD
;Programa02.c,13 :: 		ADC_Init();
0x02DA	0x2253      	CALL       _ADC_Init
;Programa02.c,15 :: 		while(1){
L_main0:
;Programa02.c,16 :: 		lectura_ADC = ADC_Get_Sample(0);
0x02DB	0x01A1      	CLRF       FARG_ADC_Get_Sample_channel
0x02DC	0x2236      	CALL       _ADC_Get_Sample
0x02DD	0x0870      	MOVF       R0, 0
0x02DE	0x1283      	BCF        STATUS, 5
0x02DF	0x00B9      	MOVWF      _lectura_ADC
0x02E0	0x0871      	MOVF       R0+1, 0
0x02E1	0x00BA      	MOVWF      _lectura_ADC+1
;Programa02.c,17 :: 		voltaje = (lectura_ADC * 5.0)/1024.0;
0x02E2	0x21BF      	CALL       _word2double
0x02E3	0x3000      	MOVLW      0
0x02E4	0x00F4      	MOVWF      R4
0x02E5	0x3000      	MOVLW      0
0x02E6	0x00F5      	MOVWF      R4+1
0x02E7	0x3020      	MOVLW      32
0x02E8	0x00F6      	MOVWF      R4+2
0x02E9	0x3081      	MOVLW      129
0x02EA	0x00F7      	MOVWF      R4+3
0x02EB	0x21D5      	CALL       _Mul_32x32_FP
0x02EC	0x3000      	MOVLW      0
0x02ED	0x00F4      	MOVWF      R4
0x02EE	0x3000      	MOVLW      0
0x02EF	0x00F5      	MOVWF      R4+1
0x02F0	0x3000      	MOVLW      0
0x02F1	0x00F6      	MOVWF      R4+2
0x02F2	0x3089      	MOVLW      137
0x02F3	0x00F7      	MOVWF      R4+3
0x02F4	0x2108      	CALL       _Div_32x32_FP
0x02F5	0x0870      	MOVF       R0, 0
0x02F6	0x00C6      	MOVWF      FLOC__main+2
0x02F7	0x0871      	MOVF       R0+1, 0
0x02F8	0x00C7      	MOVWF      FLOC__main+3
0x02F9	0x0872      	MOVF       R0+2, 0
0x02FA	0x00C8      	MOVWF      FLOC__main+4
0x02FB	0x0873      	MOVF       R0+3, 0
0x02FC	0x00C9      	MOVWF      FLOC__main+5
0x02FD	0x0846      	MOVF       FLOC__main+2, 0
0x02FE	0x00BE      	MOVWF      _voltaje
0x02FF	0x0847      	MOVF       FLOC__main+3, 0
0x0300	0x00BF      	MOVWF      _voltaje+1
0x0301	0x0848      	MOVF       FLOC__main+4, 0
0x0302	0x00C0      	MOVWF      _voltaje+2
0x0303	0x0849      	MOVF       FLOC__main+5, 0
0x0304	0x00C1      	MOVWF      _voltaje+3
;Programa02.c,18 :: 		entero = (int)voltaje % 10;
0x0305	0x0846      	MOVF       FLOC__main+2, 0
0x0306	0x00F0      	MOVWF      R0
0x0307	0x0847      	MOVF       FLOC__main+3, 0
0x0308	0x00F1      	MOVWF      R0+1
0x0309	0x0848      	MOVF       FLOC__main+4, 0
0x030A	0x00F2      	MOVWF      R0+2
0x030B	0x0849      	MOVF       FLOC__main+5, 0
0x030C	0x00F3      	MOVWF      R0+3
0x030D	0x2269      	CALL       _double2int
0x030E	0x300A      	MOVLW      10
0x030F	0x00F4      	MOVWF      R4
0x0310	0x3000      	MOVLW      0
0x0311	0x00F5      	MOVWF      R4+1
0x0312	0x209F      	CALL       _Div_16x16_S
0x0313	0x0878      	MOVF       R8, 0
0x0314	0x00F0      	MOVWF      R0
0x0315	0x0879      	MOVF       R8+1, 0
0x0316	0x00F1      	MOVWF      R0+1
0x0317	0x0870      	MOVF       R0, 0
0x0318	0x00C4      	MOVWF      FLOC__main
0x0319	0x0871      	MOVF       R0+1, 0
0x031A	0x00C5      	MOVWF      FLOC__main+1
0x031B	0x0844      	MOVF       FLOC__main, 0
0x031C	0x00C2      	MOVWF      _entero
;Programa02.c,19 :: 		decimal = (int)(voltaje * 10) % 10;
0x031D	0x0846      	MOVF       FLOC__main+2, 0
0x031E	0x00F0      	MOVWF      R0
0x031F	0x0847      	MOVF       FLOC__main+3, 0
0x0320	0x00F1      	MOVWF      R0+1
0x0321	0x0848      	MOVF       FLOC__main+4, 0
0x0322	0x00F2      	MOVWF      R0+2
0x0323	0x0849      	MOVF       FLOC__main+5, 0
0x0324	0x00F3      	MOVWF      R0+3
0x0325	0x3000      	MOVLW      0
0x0326	0x00F4      	MOVWF      R4
0x0327	0x3000      	MOVLW      0
0x0328	0x00F5      	MOVWF      R4+1
0x0329	0x3020      	MOVLW      32
0x032A	0x00F6      	MOVWF      R4+2
0x032B	0x3082      	MOVLW      130
0x032C	0x00F7      	MOVWF      R4+3
0x032D	0x21D5      	CALL       _Mul_32x32_FP
0x032E	0x2269      	CALL       _double2int
0x032F	0x300A      	MOVLW      10
0x0330	0x00F4      	MOVWF      R4
0x0331	0x3000      	MOVLW      0
0x0332	0x00F5      	MOVWF      R4+1
0x0333	0x209F      	CALL       _Div_16x16_S
0x0334	0x0878      	MOVF       R8, 0
0x0335	0x00F0      	MOVWF      R0
0x0336	0x0879      	MOVF       R8+1, 0
0x0337	0x00F1      	MOVWF      R0+1
0x0338	0x0870      	MOVF       R0, 0
0x0339	0x00C3      	MOVWF      _decimal
;Programa02.c,20 :: 		PORTB = D7SEG[entero];
0x033A	0x0844      	MOVF       FLOC__main, 0
0x033B	0x00F2      	MOVWF      R2
0x033C	0x0DF2      	RLF        R2, 1
0x033D	0x1072      	BCF        R2, 0
0x033E	0x0872      	MOVF       R2, 0
0x033F	0x3E22      	ADDLW      _D7SEG
0x0340	0x0084      	MOVWF      FSR
0x0341	0x0800      	MOVF       INDF, 0
0x0342	0x0086      	MOVWF      PORTB
;Programa02.c,21 :: 		PORTD = D7SEG[decimal];
0x0343	0x0870      	MOVF       R0, 0
0x0344	0x00F2      	MOVWF      R2
0x0345	0x0DF2      	RLF        R2, 1
0x0346	0x1072      	BCF        R2, 0
0x0347	0x0872      	MOVF       R2, 0
0x0348	0x3E22      	ADDLW      _D7SEG
0x0349	0x0084      	MOVWF      FSR
0x034A	0x0800      	MOVF       INDF, 0
0x034B	0x0088      	MOVWF      PORTD
;Programa02.c,22 :: 		}
0x034C	0x2ADB      	GOTO       L_main0
;Programa02.c,24 :: 		}
L_end_main:
0x034D	0x2B4D      	GOTO       $+0
; end of _main
0x0368	0x3022      	MOVLW      34
0x0369	0x0084      	MOVWF      FSR
0x036A	0x3015      	MOVLW      21
0x036B	0x1283      	BCF        STATUS, 5
0x036C	0x1303      	BCF        STATUS, 6
0x036D	0x00F0      	MOVWF      R0
0x036E	0x3053      	MOVLW      83
0x036F	0x00B7      	MOVWF      ___DoICPAddr
0x0370	0x3003      	MOVLW      3
0x0371	0x00B8      	MOVWF      56
0x0372	0x22C6      	CALL       710
0x0373	0x0008      	RETURN
;Programa02.c,0 :: ?ICS_D7SEG
0x0353	0x343F ;?ICS_D7SEG+0
0x0354	0x3400 ;?ICS_D7SEG+1
0x0355	0x3406 ;?ICS_D7SEG+2
0x0356	0x3400 ;?ICS_D7SEG+3
0x0357	0x345B ;?ICS_D7SEG+4
0x0358	0x3400 ;?ICS_D7SEG+5
0x0359	0x344F ;?ICS_D7SEG+6
0x035A	0x3400 ;?ICS_D7SEG+7
0x035B	0x3466 ;?ICS_D7SEG+8
0x035C	0x3400 ;?ICS_D7SEG+9
0x035D	0x346D ;?ICS_D7SEG+10
0x035E	0x3400 ;?ICS_D7SEG+11
0x035F	0x347D ;?ICS_D7SEG+12
0x0360	0x3400 ;?ICS_D7SEG+13
0x0361	0x3407 ;?ICS_D7SEG+14
0x0362	0x3400 ;?ICS_D7SEG+15
0x0363	0x347F ;?ICS_D7SEG+16
0x0364	0x3400 ;?ICS_D7SEG+17
0x0365	0x3467 ;?ICS_D7SEG+18
0x0366	0x3400 ;?ICS_D7SEG+19
; end of ?ICS_D7SEG
;__Lib_ADC_A_C.c,0 :: ?ICS_vref_mask
0x0367	0x340F ;?ICS_vref_mask+0
; end of ?ICS_vref_mask
Symbol List:
//** Routines locations **
//ADDRESS    SIZE    PROCEDURE
//----------------------------------------------
0x0003       [7]    _RES032
0x000A      [12]    _SETFUN32
0x0016       [4]    _FIXSIGN32
0x001A      [12]    _SETFOV32
0x0026       [3]    _SETFDZ32
0x0029      [47]    _NRM3232
0x0058       [7]    _Delay_22us
0x005F       [7]    _____DoICP
0x0066      [44]    _Div_16x16_S_L
0x0092      [13]    _SETIOV3224
0x009F     [105]    _Div_16x16_S
0x0108     [183]    _Div_32x32_FP
0x01BF      [22]    _word2double
0x01D5      [97]    _Mul_32x32_FP
0x0236      [29]    _ADC_Get_Sample
0x0253      [22]    _ADC_Init
0x0269      [93]    _double2int
0x02C6      [12]    ___CC2DW
0x02D2     [123]    _main
//** Variables locations ** 
//ADDRESS    SIZE    VARIABLE
//----------------------------------------------
0x0000       [1]    INDF
0x0002       [1]    PCL
0x0003       [1]    STATUS
0x0004       [1]    FSR
0x0006       [1]    PORTB
0x0008       [1]    PORTD
0x000A       [1]    PCLATH
0x001E       [1]    ADRESH
0x001F       [1]    ADCON0
0x0020       [1]    __math_tempbD
0x0021       [1]    FARG_ADC_Get_Sample_channel
0x0022      [20]    _D7SEG
0x0036       [1]    _vref_mask
0x0037       [2]    ___DoICPAddr
0x0039       [2]    _lectura_ADC
0x003B       [3]    _ADC_Get_Sample_Ptr
0x003E       [4]    _voltaje
0x0042       [1]    _entero
0x0043       [1]    _decimal
0x0044       [6]    FLOC__main
0x0070       [1]    R0
0x0071       [1]    R1
0x0072       [1]    R2
0x0073       [1]    R3
0x0074       [1]    R4
0x0075       [1]    R5
0x0076       [1]    R6
0x0077       [1]    R7
0x0078       [1]    R8
0x0079       [1]    R9
0x007A       [1]    R10
0x007B       [1]    R11
0x007C       [1]    R12
0x007D       [1]    R13
0x007E       [1]    R14
0x007F       [1]    R15
0x0086       [1]    TRISB
0x0088       [1]    TRISD
0x009E       [1]    ADRESL
0x009F       [1]    ADCON1
//** Constants locations ** 
//ADDRESS    SIZE    CONSTANT
//----------------------------------------------
0x0353      [20]    ?ICS_D7SEG
0x0367       [1]    ?ICS_vref_mask
