;  LST file generated by mikroListExporter - v.2.0 
; Date/Time: 26/11/2023 21:25:48
;----------------------------------------------

;Address Opcode 	ASM
0x0000	0x2B67      	GOTO       871
_Delay_50us:
;__Lib_Delays.c,19 :: 		void Delay_50us() {
;__Lib_Delays.c,20 :: 		Delay_us(50);
0x0003	0x3010      	MOVLW      16
0x0004	0x1283      	BCF        STATUS, 5
0x0005	0x1303      	BCF        STATUS, 6
0x0006	0x00FD      	MOVWF      R13
L_Delay_50us2:
0x0007	0x0BFD      	DECFSZ     R13, 1
0x0008	0x2807      	GOTO       L_Delay_50us2
0x0009	0x0000      	NOP
;__Lib_Delays.c,21 :: 		}
L_end_Delay_50us:
0x000A	0x0008      	RETURN
; end of _Delay_50us
_Delay_5500us:
;__Lib_Delays.c,31 :: 		void Delay_5500us() {
;__Lib_Delays.c,32 :: 		Delay_us(5500);
0x000B	0x3008      	MOVLW      8
0x000C	0x1283      	BCF        STATUS, 5
0x000D	0x1303      	BCF        STATUS, 6
0x000E	0x00FC      	MOVWF      R12
0x000F	0x3023      	MOVLW      35
0x0010	0x00FD      	MOVWF      R13
L_Delay_5500us5:
0x0011	0x0BFD      	DECFSZ     R13, 1
0x0012	0x2811      	GOTO       L_Delay_5500us5
0x0013	0x0BFC      	DECFSZ     R12, 1
0x0014	0x2811      	GOTO       L_Delay_5500us5
;__Lib_Delays.c,33 :: 		}
L_end_Delay_5500us:
0x0015	0x0008      	RETURN
; end of _Delay_5500us
_Delay_1us:
;__Lib_Delays.c,7 :: 		void Delay_1us() {
;__Lib_Delays.c,8 :: 		Delay_us(1);
0x0016	0x0000      	NOP
;__Lib_Delays.c,9 :: 		}
L_end_Delay_1us:
0x0017	0x0008      	RETURN
; end of _Delay_1us
_Lcd_Cmd:
;__Lib_Lcd.c,18 :: 		
;__Lib_Lcd.c,20 :: 		
0x0018	0x1683      	BSF        STATUS, 5
0x0019	0x1303      	BCF        STATUS, 6
0x001A	0x1BA2      	BTFSC      FARG_Lcd_Cmd_out_char, 7
0x001B	0x281F      	GOTO       L__Lcd_Cmd21
0x001C	0x1283      	BCF        STATUS, 5
0x001D	0x1388      	BCF        LCD_D7, BitPos(LCD_D7+0)
0x001E	0x2821      	GOTO       L__Lcd_Cmd22
L__Lcd_Cmd21:
0x001F	0x1283      	BCF        STATUS, 5
0x0020	0x1788      	BSF        LCD_D7, BitPos(LCD_D7+0)
L__Lcd_Cmd22:
;__Lib_Lcd.c,21 :: 		
0x0021	0x1683      	BSF        STATUS, 5
0x0022	0x1B22      	BTFSC      FARG_Lcd_Cmd_out_char, 6
0x0023	0x2827      	GOTO       L__Lcd_Cmd23
0x0024	0x1283      	BCF        STATUS, 5
0x0025	0x1308      	BCF        LCD_D6, BitPos(LCD_D6+0)
0x0026	0x2829      	GOTO       L__Lcd_Cmd24
L__Lcd_Cmd23:
0x0027	0x1283      	BCF        STATUS, 5
0x0028	0x1708      	BSF        LCD_D6, BitPos(LCD_D6+0)
L__Lcd_Cmd24:
;__Lib_Lcd.c,22 :: 		
0x0029	0x1683      	BSF        STATUS, 5
0x002A	0x1AA2      	BTFSC      FARG_Lcd_Cmd_out_char, 5
0x002B	0x282F      	GOTO       L__Lcd_Cmd25
0x002C	0x1283      	BCF        STATUS, 5
0x002D	0x1288      	BCF        LCD_D5, BitPos(LCD_D5+0)
0x002E	0x2831      	GOTO       L__Lcd_Cmd26
L__Lcd_Cmd25:
0x002F	0x1283      	BCF        STATUS, 5
0x0030	0x1688      	BSF        LCD_D5, BitPos(LCD_D5+0)
L__Lcd_Cmd26:
;__Lib_Lcd.c,23 :: 		
0x0031	0x1683      	BSF        STATUS, 5
0x0032	0x1A22      	BTFSC      FARG_Lcd_Cmd_out_char, 4
0x0033	0x2837      	GOTO       L__Lcd_Cmd27
0x0034	0x1283      	BCF        STATUS, 5
0x0035	0x1208      	BCF        LCD_D4, BitPos(LCD_D4+0)
0x0036	0x2839      	GOTO       L__Lcd_Cmd28
L__Lcd_Cmd27:
0x0037	0x1283      	BCF        STATUS, 5
0x0038	0x1608      	BSF        LCD_D4, BitPos(LCD_D4+0)
L__Lcd_Cmd28:
;__Lib_Lcd.c,25 :: 		
0x0039	0x185C      	BTFSC      __Lib_Lcd_cmd_status, BitPos(__Lib_Lcd_cmd_status+0)
0x003A	0x283D      	GOTO       L__Lcd_Cmd29
0x003B	0x1508      	BSF        LCD_RS, BitPos(LCD_RS+0)
0x003C	0x283E      	GOTO       L__Lcd_Cmd30
L__Lcd_Cmd29:
0x003D	0x1108      	BCF        LCD_RS, BitPos(LCD_RS+0)
L__Lcd_Cmd30:
;__Lib_Lcd.c,28 :: 		
0x003E	0x1588      	BSF        LCD_EN, BitPos(LCD_EN+0)
;__Lib_Lcd.c,29 :: 		
0x003F	0x2016      	CALL       _Delay_1us
;__Lib_Lcd.c,30 :: 		
0x0040	0x1188      	BCF        LCD_EN, BitPos(LCD_EN+0)
;__Lib_Lcd.c,33 :: 		
0x0041	0x1683      	BSF        STATUS, 5
0x0042	0x19A2      	BTFSC      FARG_Lcd_Cmd_out_char, 3
0x0043	0x2847      	GOTO       L__Lcd_Cmd31
0x0044	0x1283      	BCF        STATUS, 5
0x0045	0x1388      	BCF        LCD_D7, BitPos(LCD_D7+0)
0x0046	0x2849      	GOTO       L__Lcd_Cmd32
L__Lcd_Cmd31:
0x0047	0x1283      	BCF        STATUS, 5
0x0048	0x1788      	BSF        LCD_D7, BitPos(LCD_D7+0)
L__Lcd_Cmd32:
;__Lib_Lcd.c,34 :: 		
0x0049	0x1683      	BSF        STATUS, 5
0x004A	0x1922      	BTFSC      FARG_Lcd_Cmd_out_char, 2
0x004B	0x284F      	GOTO       L__Lcd_Cmd33
0x004C	0x1283      	BCF        STATUS, 5
0x004D	0x1308      	BCF        LCD_D6, BitPos(LCD_D6+0)
0x004E	0x2851      	GOTO       L__Lcd_Cmd34
L__Lcd_Cmd33:
0x004F	0x1283      	BCF        STATUS, 5
0x0050	0x1708      	BSF        LCD_D6, BitPos(LCD_D6+0)
L__Lcd_Cmd34:
;__Lib_Lcd.c,35 :: 		
0x0051	0x1683      	BSF        STATUS, 5
0x0052	0x18A2      	BTFSC      FARG_Lcd_Cmd_out_char, 1
0x0053	0x2857      	GOTO       L__Lcd_Cmd35
0x0054	0x1283      	BCF        STATUS, 5
0x0055	0x1288      	BCF        LCD_D5, BitPos(LCD_D5+0)
0x0056	0x2859      	GOTO       L__Lcd_Cmd36
L__Lcd_Cmd35:
0x0057	0x1283      	BCF        STATUS, 5
0x0058	0x1688      	BSF        LCD_D5, BitPos(LCD_D5+0)
L__Lcd_Cmd36:
;__Lib_Lcd.c,36 :: 		
0x0059	0x1683      	BSF        STATUS, 5
0x005A	0x1822      	BTFSC      FARG_Lcd_Cmd_out_char, 0
0x005B	0x285F      	GOTO       L__Lcd_Cmd37
0x005C	0x1283      	BCF        STATUS, 5
0x005D	0x1208      	BCF        LCD_D4, BitPos(LCD_D4+0)
0x005E	0x2861      	GOTO       L__Lcd_Cmd38
L__Lcd_Cmd37:
0x005F	0x1283      	BCF        STATUS, 5
0x0060	0x1608      	BSF        LCD_D4, BitPos(LCD_D4+0)
L__Lcd_Cmd38:
;__Lib_Lcd.c,38 :: 		
0x0061	0x185C      	BTFSC      __Lib_Lcd_cmd_status, BitPos(__Lib_Lcd_cmd_status+0)
0x0062	0x2865      	GOTO       L__Lcd_Cmd39
0x0063	0x1508      	BSF        LCD_RS, BitPos(LCD_RS+0)
0x0064	0x2866      	GOTO       L__Lcd_Cmd40
L__Lcd_Cmd39:
0x0065	0x1108      	BCF        LCD_RS, BitPos(LCD_RS+0)
L__Lcd_Cmd40:
;__Lib_Lcd.c,40 :: 		
0x0066	0x1588      	BSF        LCD_EN, BitPos(LCD_EN+0)
;__Lib_Lcd.c,41 :: 		
0x0067	0x2016      	CALL       _Delay_1us
;__Lib_Lcd.c,42 :: 		
0x0068	0x1188      	BCF        LCD_EN, BitPos(LCD_EN+0)
;__Lib_Lcd.c,44 :: 		
0x0069	0x1C5C      	BTFSS      __Lib_Lcd_cmd_status, BitPos(__Lib_Lcd_cmd_status+0)
0x006A	0x286D      	GOTO       L_Lcd_Cmd0
;__Lib_Lcd.c,45 :: 		
0x006B	0x200B      	CALL       _Delay_5500us
0x006C	0x286E      	GOTO       L_Lcd_Cmd1
L_Lcd_Cmd0:
;__Lib_Lcd.c,47 :: 		
0x006D	0x2003      	CALL       _Delay_50us
L_Lcd_Cmd1:
;__Lib_Lcd.c,48 :: 		
L_end_Lcd_Cmd:
0x006E	0x0008      	RETURN
; end of _Lcd_Cmd
_RES032:
;__Lib_MathDouble.c,123 :: 		
;__Lib_MathDouble.c,128 :: 		
0x006F	0x01F2      	CLRF       R2
;__Lib_MathDouble.c,129 :: 		
0x0070	0x01F1      	CLRF       R1
;__Lib_MathDouble.c,130 :: 		
0x0071	0x01F0      	CLRF       R0
;__Lib_MathDouble.c,131 :: 		
0x0072	0x01F8      	CLRF       R8
;__Lib_MathDouble.c,132 :: 		
0x0073	0x01F3      	CLRF       R3
;__Lib_MathDouble.c,133 :: 		
0x0074	0x3000      	MOVLW      0
;__Lib_MathDouble.c,135 :: 		
L_end_RES032:
0x0075	0x0008      	RETURN
; end of _RES032
_SETFUN32:
;__Lib_MathDouble.c,138 :: 		
;__Lib_MathDouble.c,145 :: 		
0x0076	0x157B      	BSF        R11, 2
;__Lib_MathDouble.c,146 :: 		
0x0077	0x1FFB      	BTFSS      R11, 7
;__Lib_MathDouble.c,147 :: 		
0x0078	0x2880      	GOTO       SETFUN32EEE
;__Lib_MathDouble.c,148 :: 		
0x0079	0x3001      	MOVLW      1
;__Lib_MathDouble.c,149 :: 		
0x007A	0x00F3      	MOVWF      R3
;__Lib_MathDouble.c,150 :: 		
0x007B	0x01F2      	CLRF       R2
;__Lib_MathDouble.c,151 :: 		
0x007C	0x01F1      	CLRF       R1
;__Lib_MathDouble.c,152 :: 		
0x007D	0x01F0      	CLRF       R0
;__Lib_MathDouble.c,153 :: 		
0x007E	0x0DFA      	RLF        R10, 1
;__Lib_MathDouble.c,154 :: 		
0x007F	0x0CF2      	RRF        R2, 1
;__Lib_MathDouble.c,155 :: 		
SETFUN32EEE:
;__Lib_MathDouble.c,156 :: 		
0x0080	0x30FF      	MOVLW      255
;__Lib_MathDouble.c,158 :: 		
L_end_SETFUN32:
0x0081	0x0008      	RETURN
; end of _SETFUN32
_FIXSIGN32:
;__Lib_MathDouble.c,112 :: 		
;__Lib_MathDouble.c,116 :: 		
0x0082	0x1FFA      	BTFSS      R10, 7
;__Lib_MathDouble.c,117 :: 		
0x0083	0x13F2      	BCF        R2, 7
;__Lib_MathDouble.c,118 :: 		
0x0084	0x3000      	MOVLW      0
;__Lib_MathDouble.c,120 :: 		
L_end_FIXSIGN32:
0x0085	0x0008      	RETURN
; end of _FIXSIGN32
_SETFOV32:
;__Lib_MathDouble.c,79 :: 		
;__Lib_MathDouble.c,86 :: 		
0x0086	0x14FB      	BSF        R11, 1
;__Lib_MathDouble.c,87 :: 		
0x0087	0x1FFB      	BTFSS      R11, 7
;__Lib_MathDouble.c,88 :: 		
0x0088	0x2890      	GOTO       SETFOV32EEE
;__Lib_MathDouble.c,89 :: 		
0x0089	0x30FF      	MOVLW      255
;__Lib_MathDouble.c,90 :: 		
0x008A	0x00F3      	MOVWF      R3
;__Lib_MathDouble.c,91 :: 		
0x008B	0x00F2      	MOVWF      R2
;__Lib_MathDouble.c,92 :: 		
0x008C	0x00F1      	MOVWF      R1
;__Lib_MathDouble.c,93 :: 		
0x008D	0x00F0      	MOVWF      R0
;__Lib_MathDouble.c,94 :: 		
0x008E	0x0DFA      	RLF        R10, 1
;__Lib_MathDouble.c,95 :: 		
0x008F	0x0CF2      	RRF        R2, 1
;__Lib_MathDouble.c,96 :: 		
SETFOV32EEE:
;__Lib_MathDouble.c,97 :: 		
0x0090	0x30FF      	MOVLW      255
;__Lib_MathDouble.c,99 :: 		
L_end_SETFOV32:
0x0091	0x0008      	RETURN
; end of _SETFOV32
_____DoICP:
;__Lib_System.c,6 :: 		
;__Lib_System.c,9 :: 		
0x0092	0x1283      	BCF        STATUS, 5
0x0093	0x1303      	BCF        STATUS, 6
0x0094	0x0858      	MOVF       ___DoICPAddr+1, 0
0x0095	0x008A      	MOVWF      PCLATH
;__Lib_System.c,10 :: 		
0x0096	0x0857      	MOVF       ___DoICPAddr, 0
0x0097	0x0082      	MOVWF      PCL
;__Lib_System.c,12 :: 		
L_end_____DoICP:
0x0098	0x0008      	RETURN
; end of _____DoICP
_Delay_22us:
;__Lib_Delays.c,15 :: 		void Delay_22us() {
;__Lib_Delays.c,16 :: 		Delay_us(22);
0x0099	0x3007      	MOVLW      7
0x009A	0x1283      	BCF        STATUS, 5
0x009B	0x1303      	BCF        STATUS, 6
0x009C	0x00FD      	MOVWF      R13
L_Delay_22us1:
0x009D	0x0BFD      	DECFSZ     R13, 1
0x009E	0x289D      	GOTO       L_Delay_22us1
;__Lib_Delays.c,17 :: 		}
L_end_Delay_22us:
0x009F	0x0008      	RETURN
; end of _Delay_22us
_SETFDZ32:
;__Lib_MathDouble.c,102 :: 		
;__Lib_MathDouble.c,105 :: 		
0x00A0	0x15FB      	BSF        R11, 3
;__Lib_MathDouble.c,106 :: 		
0x00A1	0x30FF      	MOVLW      255
;__Lib_MathDouble.c,108 :: 		
L_end_SETFDZ32:
0x00A2	0x0008      	RETURN
; end of _SETFDZ32
_NRM3232:
;__Lib_MathDouble.c,167 :: 		
;__Lib_MathDouble.c,173 :: 		
;__Lib_MathDouble.c,175 :: 		
0x00A3	0x01A0      	CLRF       __math_tempbD
;__Lib_MathDouble.c,176 :: 		
0x00A4	0x0872      	MOVF       R2, 0
;__Lib_MathDouble.c,177 :: 		
0x00A5	0x1D03      	BTFSS      STATUS, 2
;__Lib_MathDouble.c,178 :: 		
0x00A6	0x28B8      	GOTO       NORM3232
;__Lib_MathDouble.c,179 :: 		
0x00A7	0x0871      	MOVF       R1, 0
;__Lib_MathDouble.c,180 :: 		
0x00A8	0x00F2      	MOVWF      R2
;__Lib_MathDouble.c,181 :: 		
0x00A9	0x0870      	MOVF       R0, 0
;__Lib_MathDouble.c,182 :: 		
0x00AA	0x00F1      	MOVWF      R1
;__Lib_MathDouble.c,183 :: 		
0x00AB	0x01F0      	CLRF       R0
;__Lib_MathDouble.c,184 :: 		
0x00AC	0x15A0      	BSF        __math_tempbD, 3
;__Lib_MathDouble.c,186 :: 		
0x00AD	0x0872      	MOVF       R2, 0
;__Lib_MathDouble.c,187 :: 		
0x00AE	0x1D03      	BTFSS      STATUS, 2
;__Lib_MathDouble.c,188 :: 		
0x00AF	0x28B8      	GOTO       NORM3232
;__Lib_MathDouble.c,189 :: 		
0x00B0	0x0871      	MOVF       R1, 0
;__Lib_MathDouble.c,190 :: 		
0x00B1	0x00F2      	MOVWF      R2
;__Lib_MathDouble.c,191 :: 		
0x00B2	0x01F1      	CLRF       R1
;__Lib_MathDouble.c,192 :: 		
0x00B3	0x11A0      	BCF        __math_tempbD, 3
;__Lib_MathDouble.c,193 :: 		
0x00B4	0x1620      	BSF        __math_tempbD, 4
;__Lib_MathDouble.c,195 :: 		
0x00B5	0x0872      	MOVF       R2, 0
;__Lib_MathDouble.c,196 :: 		
0x00B6	0x1903      	BTFSC      STATUS, 2
;__Lib_MathDouble.c,197 :: 		
0x00B7	0x28C6      	GOTO       JPNRES032
;__Lib_MathDouble.c,198 :: 		
NORM3232:
;__Lib_MathDouble.c,199 :: 		
0x00B8	0x0820      	MOVF       __math_tempbD, 0
;__Lib_MathDouble.c,200 :: 		
0x00B9	0x02F3      	SUBWF      R3, 1
;__Lib_MathDouble.c,201 :: 		
0x00BA	0x1D03      	BTFSS      STATUS, 2
;__Lib_MathDouble.c,202 :: 		
0x00BB	0x1C03      	BTFSS      STATUS, 0
;__Lib_MathDouble.c,203 :: 		
0x00BC	0x28CA      	GOTO       JPNSETFUN32
;__Lib_MathDouble.c,204 :: 		
0x00BD	0x1003      	BCF        STATUS, 0
;__Lib_MathDouble.c,205 :: 		
NORM3232A:
;__Lib_MathDouble.c,206 :: 		
0x00BE	0x1BF2      	BTFSC      R2, 7
;__Lib_MathDouble.c,207 :: 		
0x00BF	0x28CE      	GOTO       JMPNFIXSIGN32
;__Lib_MathDouble.c,208 :: 		
0x00C0	0x0DF0      	RLF        R0, 1
;__Lib_MathDouble.c,209 :: 		
0x00C1	0x0DF1      	RLF        R1, 1
;__Lib_MathDouble.c,210 :: 		
0x00C2	0x0DF2      	RLF        R2, 1
;__Lib_MathDouble.c,211 :: 		
0x00C3	0x0BF3      	DECFSZ     R3, 1
;__Lib_MathDouble.c,212 :: 		
0x00C4	0x28BE      	GOTO       NORM3232A
;__Lib_MathDouble.c,213 :: 		
0x00C5	0x28CA      	GOTO       JPNSETFUN32
;__Lib_MathDouble.c,214 :: 		
JPNRES032:
;__Lib_MathDouble.c,215 :: 		
0x00C6	0x3001      	MOVLW      1
;__Lib_MathDouble.c,216 :: 		
0x00C7	0x00FC      	MOVWF      R12
;__Lib_MathDouble.c,218 :: 		
0x00C8	0x206F      	CALL       _RES032
;__Lib_MathDouble.c,220 :: 		
0x00C9	0x28D1      	GOTO       NORM32EEE
;__Lib_MathDouble.c,221 :: 		
JPNSETFUN32:
;__Lib_MathDouble.c,222 :: 		
0x00CA	0x3002      	MOVLW      2
;__Lib_MathDouble.c,223 :: 		
0x00CB	0x00FC      	MOVWF      R12
;__Lib_MathDouble.c,225 :: 		
0x00CC	0x2076      	CALL       _SETFUN32
;__Lib_MathDouble.c,227 :: 		
0x00CD	0x28D1      	GOTO       NORM32EEE
;__Lib_MathDouble.c,228 :: 		
JMPNFIXSIGN32:
;__Lib_MathDouble.c,229 :: 		
0x00CE	0x3004      	MOVLW      4
;__Lib_MathDouble.c,230 :: 		
0x00CF	0x00FC      	MOVWF      R12
;__Lib_MathDouble.c,232 :: 		
0x00D0	0x2082      	CALL       _FIXSIGN32
;__Lib_MathDouble.c,234 :: 		
NORM32EEE:
;__Lib_MathDouble.c,236 :: 		
L_end_NRM3232:
0x00D1	0x0008      	RETURN
; end of _NRM3232
_Lcd_Chr_CP:
;__Lib_Lcd.c,50 :: 		
;__Lib_Lcd.c,52 :: 		
0x00D2	0x1283      	BCF        STATUS, 5
0x00D3	0x1303      	BCF        STATUS, 6
0x00D4	0x105C      	BCF        __Lib_Lcd_cmd_status, BitPos(__Lib_Lcd_cmd_status+0)
;__Lib_Lcd.c,53 :: 		
0x00D5	0x1683      	BSF        STATUS, 5
0x00D6	0x0821      	MOVF       FARG_Lcd_Chr_CP_out_char, 0
0x00D7	0x00A2      	MOVWF      FARG_Lcd_Cmd_out_char
0x00D8	0x2018      	CALL       _Lcd_Cmd
;__Lib_Lcd.c,54 :: 		
0x00D9	0x145C      	BSF        __Lib_Lcd_cmd_status, BitPos(__Lib_Lcd_cmd_status+0)
;__Lib_Lcd.c,55 :: 		
L_end_Lcd_Chr_CP:
0x00DA	0x0008      	RETURN
; end of _Lcd_Chr_CP
_SETIOV3224:
;__Lib_MathDouble.c,1000 :: 		
;__Lib_MathDouble.c,1006 :: 		
0x00DB	0x147B      	BSF        R11, 0
;__Lib_MathDouble.c,1007 :: 		
0x00DC	0x1FFB      	BTFSS      R11, 7
;__Lib_MathDouble.c,1008 :: 		
0x00DD	0x28E6      	GOTO       SETIOV3224EEE
;__Lib_MathDouble.c,1010 :: 		
0x00DE	0x01F2      	CLRF       R2
;__Lib_MathDouble.c,1011 :: 		
0x00DF	0x1FFA      	BTFSS      R10, 7
;__Lib_MathDouble.c,1012 :: 		
0x00E0	0x30FF      	MOVLW      255
;__Lib_MathDouble.c,1013 :: 		
0x00E1	0x00F2      	MOVWF      R2
;__Lib_MathDouble.c,1014 :: 		
0x00E2	0x00F1      	MOVWF      R1
;__Lib_MathDouble.c,1015 :: 		
0x00E3	0x00F0      	MOVWF      R0
;__Lib_MathDouble.c,1016 :: 		
0x00E4	0x0DFA      	RLF        R10, 1
;__Lib_MathDouble.c,1017 :: 		
0x00E5	0x0CF2      	RRF        R2, 1
;__Lib_MathDouble.c,1018 :: 		
SETIOV3224EEE:
;__Lib_MathDouble.c,1019 :: 		
0x00E6	0x30FF      	MOVLW      255
;__Lib_MathDouble.c,1021 :: 		
L_end_SETIOV3224:
0x00E7	0x0008      	RETURN
; end of _SETIOV3224
_ADC_Get_Sample:
;__Lib_ADC_A_C.c,45 :: 		
;__Lib_ADC_A_C.c,47 :: 		
0x00E8	0x30C7      	MOVLW      199
0x00E9	0x1283      	BCF        STATUS, 5
0x00EA	0x1303      	BCF        STATUS, 6
0x00EB	0x059F      	ANDWF      ADCON0, 1
;__Lib_ADC_A_C.c,48 :: 		
0x00EC	0x0821      	MOVF       FARG_ADC_Get_Sample_channel, 0
0x00ED	0x00F0      	MOVWF      R0
0x00EE	0x0DF0      	RLF        R0, 1
0x00EF	0x1070      	BCF        R0, 0
0x00F0	0x0DF0      	RLF        R0, 1
0x00F1	0x1070      	BCF        R0, 0
0x00F2	0x0DF0      	RLF        R0, 1
0x00F3	0x1070      	BCF        R0, 0
0x00F4	0x0870      	MOVF       R0, 0
0x00F5	0x049F      	IORWF      ADCON0, 1
;__Lib_ADC_A_C.c,51 :: 		
0x00F6	0x2099      	CALL       _Delay_22us
;__Lib_ADC_A_C.c,54 :: 		
0x00F7	0x151F      	BSF        ADCON0, 2
;__Lib_ADC_A_C.c,57 :: 		
L_ADC_Get_Sample0:
0x00F8	0x1D1F      	BTFSS      ADCON0, 2
0x00F9	0x28FC      	GOTO       L_ADC_Get_Sample1
;__Lib_ADC_A_C.c,58 :: 		
0x00FA	0x0000      	NOP
0x00FB	0x28F8      	GOTO       L_ADC_Get_Sample0
L_ADC_Get_Sample1:
;__Lib_ADC_A_C.c,64 :: 		
0x00FC	0x081E      	MOVF       ADRESH, 0
0x00FD	0x00F1      	MOVWF      R0+1
0x00FE	0x01F0      	CLRF       R0
0x00FF	0x1683      	BSF        STATUS, 5
0x0100	0x081E      	MOVF       ADRESL, 0
0x0101	0x04F0      	IORWF      R0, 1
0x0102	0x3000      	MOVLW      0
0x0103	0x04F1      	IORWF      R0+1, 1
;__Lib_ADC_A_C.c,65 :: 		
L_end_ADC_Get_Sample:
0x0104	0x0008      	RETURN
; end of _ADC_Get_Sample
_Div_32x32_FP:
;__Lib_MathDouble.c,761 :: 		
;__Lib_MathDouble.c,773 :: 		
;__Lib_MathDouble.c,776 :: 		
0x0105	0x1283      	BCF        STATUS, 5
0x0106	0x1303      	BCF        STATUS, 6
0x0107	0x0874      	MOVF       R4, 0
0x0108	0x3A00      	XORLW      0
0x0109	0x1D03      	BTFSS      STATUS, 2
0x010A	0x2920      	GOTO       L_Div_32x32_FP7
;__Lib_MathDouble.c,777 :: 		
0x010B	0x0875      	MOVF       R5, 0
0x010C	0x3A00      	XORLW      0
0x010D	0x1D03      	BTFSS      STATUS, 2
0x010E	0x2920      	GOTO       L_Div_32x32_FP8
;__Lib_MathDouble.c,778 :: 		
0x010F	0x0876      	MOVF       R6, 0
0x0110	0x3A00      	XORLW      0
0x0111	0x1D03      	BTFSS      STATUS, 2
0x0112	0x2920      	GOTO       L_Div_32x32_FP9
;__Lib_MathDouble.c,779 :: 		
0x0113	0x0877      	MOVF       R7, 0
0x0114	0x3A00      	XORLW      0
0x0115	0x1D03      	BTFSS      STATUS, 2
0x0116	0x2920      	GOTO       L_Div_32x32_FP10
;__Lib_MathDouble.c,780 :: 		
0x0117	0x30FF      	MOVLW      255
0x0118	0x00F0      	MOVWF      R0
;__Lib_MathDouble.c,781 :: 		
0x0119	0x30FF      	MOVLW      255
0x011A	0x00F1      	MOVWF      R1
;__Lib_MathDouble.c,782 :: 		
0x011B	0x307F      	MOVLW      127
0x011C	0x00F2      	MOVWF      R2
;__Lib_MathDouble.c,783 :: 		
0x011D	0x30FF      	MOVLW      255
0x011E	0x00F3      	MOVWF      R3
;__Lib_MathDouble.c,784 :: 		
0x011F	0x29BB      	GOTO       L_end_Div_32x32_FP
;__Lib_MathDouble.c,785 :: 		
L_Div_32x32_FP10:
L_Div_32x32_FP9:
L_Div_32x32_FP8:
L_Div_32x32_FP7:
;__Lib_MathDouble.c,788 :: 		
0x0120	0x1283      	BCF        STATUS, 5
;__Lib_MathDouble.c,789 :: 		
0x0121	0x1303      	BCF        STATUS, 6
;__Lib_MathDouble.c,791 :: 		
0x0122	0x0877      	MOVF       R7, 0
;__Lib_MathDouble.c,792 :: 		
0x0123	0x1903      	BTFSC      STATUS, 2
;__Lib_MathDouble.c,793 :: 		
0x0124	0x29AF      	GOTO       JPDSETFDZ32
;__Lib_MathDouble.c,795 :: 		
0x0125	0x0873      	MOVF       R3, 0
;__Lib_MathDouble.c,796 :: 		
0x0126	0x1903      	BTFSC      STATUS, 2
;__Lib_MathDouble.c,797 :: 		
0x0127	0x29B2      	GOTO       JPDRES032
;__Lib_MathDouble.c,799 :: 		
0x0128	0x0872      	MOVF       R2, 0
;__Lib_MathDouble.c,800 :: 		
0x0129	0x0676      	XORWF      R6, 0
;__Lib_MathDouble.c,801 :: 		
0x012A	0x3980      	ANDLW      128
;__Lib_MathDouble.c,802 :: 		
0x012B	0x00FA      	MOVWF      R10
;__Lib_MathDouble.c,803 :: 		
0x012C	0x17F2      	BSF        R2, 7
;__Lib_MathDouble.c,804 :: 		
0x012D	0x17F6      	BSF        R6, 7
;__Lib_MathDouble.c,806 :: 		
0x012E	0x01A0      	CLRF       __math_tempbD
;__Lib_MathDouble.c,807 :: 		
0x012F	0x0872      	MOVF       R2, 0
;__Lib_MathDouble.c,808 :: 		
0x0130	0x00F8      	MOVWF      R8
;__Lib_MathDouble.c,809 :: 		
0x0131	0x0871      	MOVF       R1, 0
;__Lib_MathDouble.c,810 :: 		
0x0132	0x00FC      	MOVWF      R12
;__Lib_MathDouble.c,811 :: 		
0x0133	0x0870      	MOVF       R0, 0
;__Lib_MathDouble.c,812 :: 		
0x0134	0x00FD      	MOVWF      R13
;__Lib_MathDouble.c,814 :: 		
0x0135	0x0874      	MOVF       R4, 0
;__Lib_MathDouble.c,815 :: 		
0x0136	0x02FD      	SUBWF      R13, 1
;__Lib_MathDouble.c,816 :: 		
0x0137	0x0875      	MOVF       R5, 0
;__Lib_MathDouble.c,817 :: 		
0x0138	0x1C03      	BTFSS      STATUS, 0
;__Lib_MathDouble.c,818 :: 		
0x0139	0x0F75      	INCFSZ     R5, 0
;__Lib_MathDouble.c,820 :: 		
0x013A	0x02FC      	SUBWF      R12, 1
;__Lib_MathDouble.c,821 :: 		
0x013B	0x0876      	MOVF       R6, 0
;__Lib_MathDouble.c,822 :: 		
0x013C	0x1C03      	BTFSS      STATUS, 0
;__Lib_MathDouble.c,823 :: 		
0x013D	0x0F76      	INCFSZ     R6, 0
;__Lib_MathDouble.c,825 :: 		
0x013E	0x02F8      	SUBWF      R8, 1
;__Lib_MathDouble.c,826 :: 		
0x013F	0x01F8      	CLRF       R8
;__Lib_MathDouble.c,827 :: 		
0x0140	0x01FC      	CLRF       R12
;__Lib_MathDouble.c,828 :: 		
0x0141	0x01FD      	CLRF       R13
;__Lib_MathDouble.c,829 :: 		
0x0142	0x1C03      	BTFSS      STATUS, 0
;__Lib_MathDouble.c,830 :: 		
0x0143	0x294B      	GOTO       DALIGN32OK
;__Lib_MathDouble.c,832 :: 		
0x0144	0x1003      	BCF        STATUS, 0
;__Lib_MathDouble.c,833 :: 		
0x0145	0x0CF2      	RRF        R2, 1
;__Lib_MathDouble.c,834 :: 		
0x0146	0x0CF1      	RRF        R1, 1
;__Lib_MathDouble.c,835 :: 		
0x0147	0x0CF0      	RRF        R0, 1
;__Lib_MathDouble.c,836 :: 		
0x0148	0x0CF8      	RRF        R8, 1
;__Lib_MathDouble.c,837 :: 		
0x0149	0x3001      	MOVLW      1
;__Lib_MathDouble.c,838 :: 		
0x014A	0x00A0      	MOVWF      __math_tempbD
;__Lib_MathDouble.c,839 :: 		
DALIGN32OK:
;__Lib_MathDouble.c,840 :: 		
0x014B	0x0877      	MOVF       R7, 0
;__Lib_MathDouble.c,841 :: 		
0x014C	0x02F3      	SUBWF      R3, 1
;__Lib_MathDouble.c,842 :: 		
0x014D	0x1C03      	BTFSS      STATUS, 0
;__Lib_MathDouble.c,843 :: 		
0x014E	0x2955      	GOTO       ALTB32
;__Lib_MathDouble.c,845 :: 		
0x014F	0x307E      	MOVLW      126
;__Lib_MathDouble.c,846 :: 		
0x0150	0x0720      	ADDWF      __math_tempbD, 0
;__Lib_MathDouble.c,847 :: 		
0x0151	0x07F3      	ADDWF      R3, 1
;__Lib_MathDouble.c,848 :: 		
0x0152	0x1803      	BTFSC      STATUS, 0
;__Lib_MathDouble.c,849 :: 		
0x0153	0x29B5      	GOTO       JPDSETFOV32
;__Lib_MathDouble.c,850 :: 		
0x0154	0x295A      	GOTO       DARGOK32
;__Lib_MathDouble.c,851 :: 		
ALTB32:
;__Lib_MathDouble.c,852 :: 		
0x0155	0x307E      	MOVLW      126
;__Lib_MathDouble.c,853 :: 		
0x0156	0x0720      	ADDWF      __math_tempbD, 0
;__Lib_MathDouble.c,854 :: 		
0x0157	0x07F3      	ADDWF      R3, 1
;__Lib_MathDouble.c,855 :: 		
0x0158	0x1C03      	BTFSS      STATUS, 0
;__Lib_MathDouble.c,856 :: 		
0x0159	0x29B8      	GOTO       JPDSETFUN32
;__Lib_MathDouble.c,857 :: 		
DARGOK32:
;__Lib_MathDouble.c,858 :: 		
0x015A	0x3018      	MOVLW      24
;__Lib_MathDouble.c,860 :: 		
0x015B	0x07FA      	ADDWF      R10, 1
;__Lib_MathDouble.c,861 :: 		
DLOOP32:
;__Lib_MathDouble.c,862 :: 		
0x015C	0x0DFD      	RLF        R13, 1
;__Lib_MathDouble.c,863 :: 		
0x015D	0x0DFC      	RLF        R12, 1
;__Lib_MathDouble.c,864 :: 		
0x015E	0x0DF8      	RLF        R8, 1
;__Lib_MathDouble.c,865 :: 		
0x015F	0x0DF0      	RLF        R0, 1
;__Lib_MathDouble.c,866 :: 		
0x0160	0x0DF1      	RLF        R1, 1
;__Lib_MathDouble.c,867 :: 		
0x0161	0x0DF2      	RLF        R2, 1
;__Lib_MathDouble.c,868 :: 		
0x0162	0x0DA0      	RLF        __math_tempbD, 1
;__Lib_MathDouble.c,870 :: 		
0x0163	0x0874      	MOVF       R4, 0
;__Lib_MathDouble.c,871 :: 		
0x0164	0x02F0      	SUBWF      R0, 1
;__Lib_MathDouble.c,872 :: 		
0x0165	0x0875      	MOVF       R5, 0
;__Lib_MathDouble.c,873 :: 		
0x0166	0x1C03      	BTFSS      STATUS, 0
;__Lib_MathDouble.c,874 :: 		
0x0167	0x0F75      	INCFSZ     R5, 0
;__Lib_MathDouble.c,876 :: 		
0x0168	0x02F1      	SUBWF      R1, 1
;__Lib_MathDouble.c,877 :: 		
0x0169	0x0876      	MOVF       R6, 0
;__Lib_MathDouble.c,878 :: 		
0x016A	0x1C03      	BTFSS      STATUS, 0
;__Lib_MathDouble.c,879 :: 		
0x016B	0x0F76      	INCFSZ     R6, 0
;__Lib_MathDouble.c,881 :: 		
0x016C	0x02F2      	SUBWF      R2, 1
;__Lib_MathDouble.c,882 :: 		
0x016D	0x0D76      	RLF        R6, 0
;__Lib_MathDouble.c,883 :: 		
0x016E	0x04A0      	IORWF      __math_tempbD, 1
;__Lib_MathDouble.c,884 :: 		
0x016F	0x1C20      	BTFSS      __math_tempbD, 0
;__Lib_MathDouble.c,885 :: 		
0x0170	0x2973      	GOTO       DREST32
;__Lib_MathDouble.c,886 :: 		
0x0171	0x147D      	BSF        R13, 0
;__Lib_MathDouble.c,887 :: 		
0x0172	0x297E      	GOTO       DOK32
;__Lib_MathDouble.c,888 :: 		
DREST32:
;__Lib_MathDouble.c,889 :: 		
0x0173	0x0874      	MOVF       R4, 0
;__Lib_MathDouble.c,890 :: 		
0x0174	0x07F0      	ADDWF      R0, 1
;__Lib_MathDouble.c,891 :: 		
0x0175	0x0875      	MOVF       R5, 0
;__Lib_MathDouble.c,892 :: 		
0x0176	0x1803      	BTFSC      STATUS, 0
;__Lib_MathDouble.c,893 :: 		
0x0177	0x0F75      	INCFSZ     R5, 0
;__Lib_MathDouble.c,895 :: 		
0x0178	0x07F1      	ADDWF      R1, 1
;__Lib_MathDouble.c,896 :: 		
0x0179	0x0876      	MOVF       R6, 0
;__Lib_MathDouble.c,897 :: 		
0x017A	0x1803      	BTFSC      STATUS, 0
;__Lib_MathDouble.c,898 :: 		
0x017B	0x0A76      	INCF       R6, 0
;__Lib_MathDouble.c,899 :: 		
0x017C	0x07F2      	ADDWF      R2, 1
;__Lib_MathDouble.c,900 :: 		
0x017D	0x107D      	BCF        R13, 0
;__Lib_MathDouble.c,901 :: 		
DOK32:
;__Lib_MathDouble.c,903 :: 		
0x017E	0x03FA      	DECF       R10, 1
;__Lib_MathDouble.c,904 :: 		
0x017F	0x301F      	MOVLW      31
;__Lib_MathDouble.c,905 :: 		
0x0180	0x057A      	ANDWF      R10, 0
;__Lib_MathDouble.c,906 :: 		
0x0181	0x1D03      	BTFSS      STATUS, 2
;__Lib_MathDouble.c,907 :: 		
0x0182	0x295C      	GOTO       DLOOP32
;__Lib_MathDouble.c,909 :: 		
0x0183	0x1B7B      	BTFSC      R11, 6
;__Lib_MathDouble.c,910 :: 		
0x0184	0x1C7D      	BTFSS      R13, 0
;__Lib_MathDouble.c,911 :: 		
0x0185	0x29A5      	GOTO       DIV32OK
;__Lib_MathDouble.c,912 :: 		
0x0186	0x1003      	BCF        STATUS, 0
;__Lib_MathDouble.c,913 :: 		
0x0187	0x0DF0      	RLF        R0, 1
;__Lib_MathDouble.c,914 :: 		
0x0188	0x0DF1      	RLF        R1, 1
;__Lib_MathDouble.c,915 :: 		
0x0189	0x0DF2      	RLF        R2, 1
;__Lib_MathDouble.c,916 :: 		
0x018A	0x0DA0      	RLF        __math_tempbD, 1
;__Lib_MathDouble.c,918 :: 		
0x018B	0x0874      	MOVF       R4, 0
;__Lib_MathDouble.c,919 :: 		
0x018C	0x02F0      	SUBWF      R0, 1
;__Lib_MathDouble.c,920 :: 		
0x018D	0x0875      	MOVF       R5, 0
;__Lib_MathDouble.c,921 :: 		
0x018E	0x1C03      	BTFSS      STATUS, 0
;__Lib_MathDouble.c,922 :: 		
0x018F	0x0F75      	INCFSZ     R5, 0
;__Lib_MathDouble.c,923 :: 		
0x0190	0x02F1      	SUBWF      R1, 1
;__Lib_MathDouble.c,924 :: 		
0x0191	0x0876      	MOVF       R6, 0
;__Lib_MathDouble.c,925 :: 		
0x0192	0x1C03      	BTFSS      STATUS, 0
;__Lib_MathDouble.c,926 :: 		
0x0193	0x0F76      	INCFSZ     R6, 0
;__Lib_MathDouble.c,927 :: 		
0x0194	0x02F2      	SUBWF      R2, 1
;__Lib_MathDouble.c,928 :: 		
0x0195	0x0D76      	RLF        R6, 0
;__Lib_MathDouble.c,929 :: 		
0x0196	0x0420      	IORWF      __math_tempbD, 0
;__Lib_MathDouble.c,930 :: 		
0x0197	0x3901      	ANDLW      1
;__Lib_MathDouble.c,931 :: 		
0x0198	0x07FD      	ADDWF      R13, 1
;__Lib_MathDouble.c,932 :: 		
0x0199	0x1803      	BTFSC      STATUS, 0
;__Lib_MathDouble.c,933 :: 		
0x019A	0x0AFC      	INCF       R12, 1
;__Lib_MathDouble.c,934 :: 		
0x019B	0x1903      	BTFSC      STATUS, 2
;__Lib_MathDouble.c,935 :: 		
0x019C	0x0AF8      	INCF       R8, 1
;__Lib_MathDouble.c,936 :: 		
0x019D	0x1D03      	BTFSS      STATUS, 2
;__Lib_MathDouble.c,937 :: 		
0x019E	0x29A5      	GOTO       DIV32OK
;__Lib_MathDouble.c,938 :: 		
0x019F	0x0CF8      	RRF        R8, 1
;__Lib_MathDouble.c,939 :: 		
0x01A0	0x0CFC      	RRF        R12, 1
;__Lib_MathDouble.c,940 :: 		
0x01A1	0x0CFD      	RRF        R13, 1
;__Lib_MathDouble.c,941 :: 		
0x01A2	0x0AF3      	INCF       R3, 1
;__Lib_MathDouble.c,942 :: 		
0x01A3	0x1903      	BTFSC      STATUS, 2
;__Lib_MathDouble.c,943 :: 		
0x01A4	0x29B5      	GOTO       JPDSETFOV32
;__Lib_MathDouble.c,944 :: 		
DIV32OK:
;__Lib_MathDouble.c,945 :: 		
0x01A5	0x1FFA      	BTFSS      R10, 7
;__Lib_MathDouble.c,946 :: 		
0x01A6	0x13F8      	BCF        R8, 7
;__Lib_MathDouble.c,947 :: 		
0x01A7	0x0878      	MOVF       R8, 0
;__Lib_MathDouble.c,948 :: 		
0x01A8	0x00F2      	MOVWF      R2
;__Lib_MathDouble.c,949 :: 		
0x01A9	0x087C      	MOVF       R12, 0
;__Lib_MathDouble.c,950 :: 		
0x01AA	0x00F1      	MOVWF      R1
;__Lib_MathDouble.c,951 :: 		
0x01AB	0x087D      	MOVF       R13, 0
;__Lib_MathDouble.c,952 :: 		
0x01AC	0x00F0      	MOVWF      R0
;__Lib_MathDouble.c,954 :: 		
0x01AD	0x3000      	MOVLW      0
;__Lib_MathDouble.c,956 :: 		
0x01AE	0x29BA      	GOTO       DIV32EEE
;__Lib_MathDouble.c,957 :: 		
JPDSETFDZ32:
;__Lib_MathDouble.c,958 :: 		
0x01AF	0x3001      	MOVLW      1
;__Lib_MathDouble.c,961 :: 		
0x01B0	0x20A0      	CALL       _SETFDZ32
;__Lib_MathDouble.c,963 :: 		
0x01B1	0x29BA      	GOTO       DIV32EEE
;__Lib_MathDouble.c,964 :: 		
JPDRES032:
;__Lib_MathDouble.c,965 :: 		
0x01B2	0x3002      	MOVLW      2
;__Lib_MathDouble.c,968 :: 		
0x01B3	0x206F      	CALL       _RES032
;__Lib_MathDouble.c,970 :: 		
0x01B4	0x29BA      	GOTO       DIV32EEE
;__Lib_MathDouble.c,971 :: 		
JPDSETFOV32:
;__Lib_MathDouble.c,972 :: 		
0x01B5	0x3004      	MOVLW      4
;__Lib_MathDouble.c,975 :: 		
0x01B6	0x2086      	CALL       _SETFOV32
;__Lib_MathDouble.c,977 :: 		
0x01B7	0x29BA      	GOTO       DIV32EEE
;__Lib_MathDouble.c,978 :: 		
JPDSETFUN32:
;__Lib_MathDouble.c,979 :: 		
0x01B8	0x3008      	MOVLW      8
;__Lib_MathDouble.c,982 :: 		
0x01B9	0x2076      	CALL       _SETFUN32
;__Lib_MathDouble.c,984 :: 		
DIV32EEE:
;__Lib_MathDouble.c,985 :: 		
0x01BA	0x0000      	NOP
;__Lib_MathDouble.c,994 :: 		
L_end_Div_32x32_FP:
0x01BB	0x0008      	RETURN
; end of _Div_32x32_FP
_Mul_32x32_FP:
;__Lib_MathDouble.c,610 :: 		
;__Lib_MathDouble.c,622 :: 		
;__Lib_MathDouble.c,624 :: 		
0x01BC	0x1283      	BCF        STATUS, 5
;__Lib_MathDouble.c,625 :: 		
0x01BD	0x1303      	BCF        STATUS, 6
;__Lib_MathDouble.c,627 :: 		
0x01BE	0x01FB      	CLRF       R11
;__Lib_MathDouble.c,628 :: 		
0x01BF	0x0873      	MOVF       R3, 0
;__Lib_MathDouble.c,629 :: 		
0x01C0	0x1D03      	BTFSS      STATUS, 2
;__Lib_MathDouble.c,630 :: 		
0x01C1	0x0877      	MOVF       R7, 0
;__Lib_MathDouble.c,631 :: 		
0x01C2	0x1903      	BTFSC      STATUS, 2
;__Lib_MathDouble.c,632 :: 		
0x01C3	0x2A13      	GOTO       JPMRES032
;__Lib_MathDouble.c,634 :: 		
0x01C4	0x0872      	MOVF       R2, 0
;__Lib_MathDouble.c,635 :: 		
0x01C5	0x0676      	XORWF      R6, 0
;__Lib_MathDouble.c,636 :: 		
0x01C6	0x00FA      	MOVWF      R10
;__Lib_MathDouble.c,637 :: 		
0x01C7	0x0877      	MOVF       R7, 0
;__Lib_MathDouble.c,638 :: 		
0x01C8	0x07F3      	ADDWF      R3, 1
;__Lib_MathDouble.c,639 :: 		
0x01C9	0x307E      	MOVLW      126
;__Lib_MathDouble.c,640 :: 		
0x01CA	0x1C03      	BTFSS      STATUS, 0
;__Lib_MathDouble.c,641 :: 		
0x01CB	0x29D0      	GOTO       MTUN32
;__Lib_MathDouble.c,642 :: 		
0x01CC	0x02F3      	SUBWF      R3, 1
;__Lib_MathDouble.c,643 :: 		
0x01CD	0x1803      	BTFSC      STATUS, 0
;__Lib_MathDouble.c,644 :: 		
0x01CE	0x2A16      	GOTO       JPMSETFOV32
;__Lib_MathDouble.c,645 :: 		
0x01CF	0x29D3      	GOTO       MOK32
;__Lib_MathDouble.c,646 :: 		
MTUN32:
;__Lib_MathDouble.c,647 :: 		
0x01D0	0x02F3      	SUBWF      R3, 1
;__Lib_MathDouble.c,648 :: 		
0x01D1	0x1C03      	BTFSS      STATUS, 0
;__Lib_MathDouble.c,649 :: 		
0x01D2	0x2A19      	GOTO       JPMSETFUN32
;__Lib_MathDouble.c,650 :: 		
MOK32:
;__Lib_MathDouble.c,651 :: 		
0x01D3	0x0872      	MOVF       R2, 0
;__Lib_MathDouble.c,652 :: 		
0x01D4	0x00F8      	MOVWF      R8
;__Lib_MathDouble.c,653 :: 		
0x01D5	0x0871      	MOVF       R1, 0
;__Lib_MathDouble.c,654 :: 		
0x01D6	0x00FC      	MOVWF      R12
;__Lib_MathDouble.c,655 :: 		
0x01D7	0x0870      	MOVF       R0, 0
;__Lib_MathDouble.c,656 :: 		
0x01D8	0x00FD      	MOVWF      R13
;__Lib_MathDouble.c,657 :: 		
0x01D9	0x17F8      	BSF        R8, 7
;__Lib_MathDouble.c,658 :: 		
0x01DA	0x17F6      	BSF        R6, 7
;__Lib_MathDouble.c,659 :: 		
0x01DB	0x1003      	BCF        STATUS, 0
;__Lib_MathDouble.c,660 :: 		
0x01DC	0x01F2      	CLRF       R2
;__Lib_MathDouble.c,661 :: 		
0x01DD	0x01F1      	CLRF       R1
;__Lib_MathDouble.c,662 :: 		
0x01DE	0x01F0      	CLRF       R0
;__Lib_MathDouble.c,663 :: 		
0x01DF	0x3018      	MOVLW      24
;__Lib_MathDouble.c,664 :: 		
0x01E0	0x00A0      	MOVWF      __math_tempbD
;__Lib_MathDouble.c,665 :: 		
MLOOP32:
;__Lib_MathDouble.c,666 :: 		
0x01E1	0x1C7D      	BTFSS      R13, 0
;__Lib_MathDouble.c,667 :: 		
0x01E2	0x29ED      	GOTO       MNOADD32
;__Lib_MathDouble.c,669 :: 		
0x01E3	0x0874      	MOVF       R4, 0
;__Lib_MathDouble.c,670 :: 		
0x01E4	0x07F0      	ADDWF      R0, 1
;__Lib_MathDouble.c,671 :: 		
0x01E5	0x0875      	MOVF       R5, 0
;__Lib_MathDouble.c,672 :: 		
0x01E6	0x1803      	BTFSC      STATUS, 0
;__Lib_MathDouble.c,673 :: 		
0x01E7	0x0F75      	INCFSZ     R5, 0
;__Lib_MathDouble.c,674 :: 		
0x01E8	0x07F1      	ADDWF      R1, 1
;__Lib_MathDouble.c,675 :: 		
0x01E9	0x0876      	MOVF       R6, 0
;__Lib_MathDouble.c,676 :: 		
0x01EA	0x1803      	BTFSC      STATUS, 0
;__Lib_MathDouble.c,677 :: 		
0x01EB	0x0F76      	INCFSZ     R6, 0
;__Lib_MathDouble.c,678 :: 		
0x01EC	0x07F2      	ADDWF      R2, 1
;__Lib_MathDouble.c,679 :: 		
MNOADD32:
;__Lib_MathDouble.c,680 :: 		
0x01ED	0x0CF2      	RRF        R2, 1
;__Lib_MathDouble.c,681 :: 		
0x01EE	0x0CF1      	RRF        R1, 1
;__Lib_MathDouble.c,682 :: 		
0x01EF	0x0CF0      	RRF        R0, 1
;__Lib_MathDouble.c,683 :: 		
0x01F0	0x0CF8      	RRF        R8, 1
;__Lib_MathDouble.c,684 :: 		
0x01F1	0x0CFC      	RRF        R12, 1
;__Lib_MathDouble.c,685 :: 		
0x01F2	0x0CFD      	RRF        R13, 1
;__Lib_MathDouble.c,686 :: 		
0x01F3	0x1003      	BCF        STATUS, 0
;__Lib_MathDouble.c,687 :: 		
0x01F4	0x0BA0      	DECFSZ     __math_tempbD, 1
;__Lib_MathDouble.c,688 :: 		
0x01F5	0x29E1      	GOTO       MLOOP32
;__Lib_MathDouble.c,689 :: 		
0x01F6	0x1BF2      	BTFSC      R2, 7
;__Lib_MathDouble.c,690 :: 		
0x01F7	0x29FD      	GOTO       MROUND32
;__Lib_MathDouble.c,691 :: 		
0x01F8	0x0DF8      	RLF        R8, 1
;__Lib_MathDouble.c,692 :: 		
0x01F9	0x0DF0      	RLF        R0, 1
;__Lib_MathDouble.c,693 :: 		
0x01FA	0x0DF1      	RLF        R1, 1
;__Lib_MathDouble.c,694 :: 		
0x01FB	0x0DF2      	RLF        R2, 1
;__Lib_MathDouble.c,695 :: 		
0x01FC	0x03F3      	DECF       R3, 1
;__Lib_MathDouble.c,696 :: 		
MROUND32:
;__Lib_MathDouble.c,697 :: 		
0x01FD	0x1B7B      	BTFSC      R11, 6
;__Lib_MathDouble.c,698 :: 		
0x01FE	0x1C70      	BTFSS      R0, 0
;__Lib_MathDouble.c,699 :: 		
0x01FF	0x2A0F      	GOTO       MUL32OK
;__Lib_MathDouble.c,700 :: 		
0x0200	0x1FF8      	BTFSS      R8, 7
;__Lib_MathDouble.c,701 :: 		
0x0201	0x2A0F      	GOTO       MUL32OK
;__Lib_MathDouble.c,702 :: 		
0x0202	0x0AF0      	INCF       R0, 1
;__Lib_MathDouble.c,703 :: 		
0x0203	0x1903      	BTFSC      STATUS, 2
;__Lib_MathDouble.c,704 :: 		
0x0204	0x0AF1      	INCF       R1, 1
;__Lib_MathDouble.c,705 :: 		
0x0205	0x1903      	BTFSC      STATUS, 2
;__Lib_MathDouble.c,706 :: 		
0x0206	0x0AF2      	INCF       R2, 1
;__Lib_MathDouble.c,707 :: 		
0x0207	0x1D03      	BTFSS      STATUS, 2
;__Lib_MathDouble.c,708 :: 		
0x0208	0x2A0F      	GOTO       MUL32OK
;__Lib_MathDouble.c,709 :: 		
0x0209	0x0CF2      	RRF        R2, 1
;__Lib_MathDouble.c,710 :: 		
0x020A	0x0CF1      	RRF        R1, 1
;__Lib_MathDouble.c,711 :: 		
0x020B	0x0CF0      	RRF        R0, 1
;__Lib_MathDouble.c,712 :: 		
0x020C	0x0AF3      	INCF       R3, 1
;__Lib_MathDouble.c,713 :: 		
0x020D	0x1903      	BTFSC      STATUS, 2
;__Lib_MathDouble.c,714 :: 		
0x020E	0x2A16      	GOTO       JPMSETFOV32
;__Lib_MathDouble.c,715 :: 		
MUL32OK:
;__Lib_MathDouble.c,716 :: 		
0x020F	0x1FFA      	BTFSS      R10, 7
;__Lib_MathDouble.c,717 :: 		
0x0210	0x13F2      	BCF        R2, 7
;__Lib_MathDouble.c,718 :: 		
0x0211	0x3000      	MOVLW      0
;__Lib_MathDouble.c,720 :: 		
0x0212	0x2A1B      	GOTO       MUL32EEE
;__Lib_MathDouble.c,721 :: 		
JPMRES032:
;__Lib_MathDouble.c,722 :: 		
0x0213	0x3001      	MOVLW      1
;__Lib_MathDouble.c,725 :: 		
0x0214	0x206F      	CALL       _RES032
;__Lib_MathDouble.c,727 :: 		
0x0215	0x2A1B      	GOTO       MUL32EEE
;__Lib_MathDouble.c,728 :: 		
JPMSETFOV32:
;__Lib_MathDouble.c,729 :: 		
0x0216	0x3002      	MOVLW      2
;__Lib_MathDouble.c,732 :: 		
0x0217	0x2086      	CALL       _SETFOV32
;__Lib_MathDouble.c,734 :: 		
0x0218	0x2A1B      	GOTO       MUL32EEE
;__Lib_MathDouble.c,735 :: 		
JPMSETFUN32:
;__Lib_MathDouble.c,736 :: 		
0x0219	0x3004      	MOVLW      4
;__Lib_MathDouble.c,739 :: 		
0x021A	0x2076      	CALL       _SETFUN32
;__Lib_MathDouble.c,741 :: 		
MUL32EEE:
;__Lib_MathDouble.c,742 :: 		
0x021B	0x0000      	NOP
;__Lib_MathDouble.c,749 :: 		
L_end_Mul_32x32_FP:
0x021C	0x0008      	RETURN
; end of _Mul_32x32_FP
_double2word:
;__Lib_MathDouble.c,1529 :: 		
;__Lib_MathDouble.c,1536 :: 		
0x021D	0x1283      	BCF        STATUS, 5
;__Lib_MathDouble.c,1537 :: 		
0x021E	0x1303      	BCF        STATUS, 6
;__Lib_MathDouble.c,1539 :: 		
0x021F	0x01FB      	CLRF       R11
;__Lib_MathDouble.c,1540 :: 		
0x0220	0x01FC      	CLRF       R12
;__Lib_MathDouble.c,1541 :: 		
0x0221	0x01FA      	CLRF       R10
;__Lib_MathDouble.c,1543 :: 		
0x0222	0x0873      	MOVF       R3, 0
;__Lib_MathDouble.c,1544 :: 		
0x0223	0x1903      	BTFSC      STATUS, 2
;__Lib_MathDouble.c,1545 :: 		
0x0224	0x2A5C      	GOTO       IRES016U
;__Lib_MathDouble.c,1547 :: 		
0x0225	0x17F2      	BSF        R2, 7
;__Lib_MathDouble.c,1549 :: 		
0x0226	0x308E      	MOVLW      142
;__Lib_MathDouble.c,1550 :: 		
0x0227	0x02F3      	SUBWF      R3, 1
;__Lib_MathDouble.c,1551 :: 		
0x0228	0x1BF3      	BTFSC      R3, 7
;__Lib_MathDouble.c,1552 :: 		
0x0229	0x2A2D      	GOTO       SETEXP16U
;__Lib_MathDouble.c,1553 :: 		
0x022A	0x1903      	BTFSC      STATUS, 2
;__Lib_MathDouble.c,1554 :: 		
0x022B	0x2A2D      	GOTO       SETEXP16U
;__Lib_MathDouble.c,1555 :: 		
0x022C	0x2A5F      	GOTO       SETIOV16U
;__Lib_MathDouble.c,1556 :: 		
SETEXP16U:
;__Lib_MathDouble.c,1557 :: 		
0x022D	0x09F3      	COMF       R3, 1
;__Lib_MathDouble.c,1558 :: 		
0x022E	0x0AF3      	INCF       R3, 1
;__Lib_MathDouble.c,1560 :: 		
0x022F	0x3008      	MOVLW      8
;__Lib_MathDouble.c,1561 :: 		
0x0230	0x0273      	SUBWF      R3, 0
;__Lib_MathDouble.c,1562 :: 		
0x0231	0x1C03      	BTFSS      STATUS, 0
;__Lib_MathDouble.c,1563 :: 		
0x0232	0x2A42      	GOTO       TSHIFT3216U
;__Lib_MathDouble.c,1564 :: 		
0x0233	0x00F3      	MOVWF      R3
;__Lib_MathDouble.c,1565 :: 		
0x0234	0x0DF1      	RLF        R1, 1
;__Lib_MathDouble.c,1566 :: 		
0x0235	0x0872      	MOVF       R2, 0
;__Lib_MathDouble.c,1567 :: 		
0x0236	0x00F1      	MOVWF      R1
;__Lib_MathDouble.c,1568 :: 		
0x0237	0x01F2      	CLRF       R2
;__Lib_MathDouble.c,1570 :: 		
0x0238	0x3008      	MOVLW      8
;__Lib_MathDouble.c,1571 :: 		
0x0239	0x0273      	SUBWF      R3, 0
;__Lib_MathDouble.c,1572 :: 		
0x023A	0x1C03      	BTFSS      STATUS, 0
;__Lib_MathDouble.c,1573 :: 		
0x023B	0x2A42      	GOTO       TSHIFT3216U
;__Lib_MathDouble.c,1574 :: 		
0x023C	0x0DF1      	RLF        R1, 1
;__Lib_MathDouble.c,1575 :: 		
0x023D	0x01F1      	CLRF       R1
;__Lib_MathDouble.c,1577 :: 		
0x023E	0x0873      	MOVF       R3, 0
;__Lib_MathDouble.c,1578 :: 		
0x023F	0x1D03      	BTFSS      STATUS, 2
;__Lib_MathDouble.c,1579 :: 		
0x0240	0x1003      	BCF        STATUS, 0
;__Lib_MathDouble.c,1580 :: 		
0x0241	0x2A4A      	GOTO       SHIFT3216UOK
;__Lib_MathDouble.c,1581 :: 		
TSHIFT3216U:
;__Lib_MathDouble.c,1582 :: 		
0x0242	0x0873      	MOVF       R3, 0
;__Lib_MathDouble.c,1583 :: 		
0x0243	0x1903      	BTFSC      STATUS, 2
;__Lib_MathDouble.c,1584 :: 		
0x0244	0x2A4A      	GOTO       SHIFT3216UOK
;__Lib_MathDouble.c,1585 :: 		
SHIFT3216U:
;__Lib_MathDouble.c,1586 :: 		
0x0245	0x1003      	BCF        STATUS, 0
;__Lib_MathDouble.c,1587 :: 		
0x0246	0x0CF2      	RRF        R2, 1
;__Lib_MathDouble.c,1588 :: 		
0x0247	0x0CF1      	RRF        R1, 1
;__Lib_MathDouble.c,1589 :: 		
0x0248	0x0BF3      	DECFSZ     R3, 1
;__Lib_MathDouble.c,1590 :: 		
0x0249	0x2A45      	GOTO       SHIFT3216U
;__Lib_MathDouble.c,1591 :: 		
SHIFT3216UOK:
;__Lib_MathDouble.c,1592 :: 		
0x024A	0x1B7B      	BTFSC      R11, 6
;__Lib_MathDouble.c,1593 :: 		
0x024B	0x1C71      	BTFSS      R1, 0
;__Lib_MathDouble.c,1594 :: 		
0x024C	0x2A54      	GOTO       INT3216UOK
;__Lib_MathDouble.c,1595 :: 		
0x024D	0x1C03      	BTFSS      STATUS, 0
;__Lib_MathDouble.c,1596 :: 		
0x024E	0x2A54      	GOTO       INT3216UOK
;__Lib_MathDouble.c,1597 :: 		
0x024F	0x0AF1      	INCF       R1, 1
;__Lib_MathDouble.c,1598 :: 		
0x0250	0x1903      	BTFSC      STATUS, 2
;__Lib_MathDouble.c,1599 :: 		
0x0251	0x0AF2      	INCF       R2, 1
;__Lib_MathDouble.c,1600 :: 		
0x0252	0x1BF2      	BTFSC      R2, 7
;__Lib_MathDouble.c,1601 :: 		
0x0253	0x2A6B      	GOTO       JPKSETIOV3224
;__Lib_MathDouble.c,1602 :: 		
INT3216UOK:
;__Lib_MathDouble.c,1603 :: 		
0x0254	0x1FFA      	BTFSS      R10, 7
;__Lib_MathDouble.c,1604 :: 		
0x0255	0x2A6E      	GOTO       INT3216UEOK
;__Lib_MathDouble.c,1606 :: 		
0x0256	0x09F2      	COMF       R2, 1
;__Lib_MathDouble.c,1607 :: 		
0x0257	0x09F1      	COMF       R1, 1
;__Lib_MathDouble.c,1608 :: 		
0x0258	0x0AF1      	INCF       R1, 1
;__Lib_MathDouble.c,1609 :: 		
0x0259	0x1903      	BTFSC      STATUS, 2
;__Lib_MathDouble.c,1610 :: 		
0x025A	0x0AF2      	INCF       R2, 1
;__Lib_MathDouble.c,1611 :: 		
0x025B	0x2A6E      	GOTO       INT3216UEOK
;__Lib_MathDouble.c,1613 :: 		
IRES016U:
;__Lib_MathDouble.c,1614 :: 		
0x025C	0x01F2      	CLRF       R2
;__Lib_MathDouble.c,1615 :: 		
0x025D	0x01F1      	CLRF       R1
;__Lib_MathDouble.c,1616 :: 		
0x025E	0x2A6E      	GOTO       INT3216UEOK
;__Lib_MathDouble.c,1617 :: 		
SETIOV16U:
;__Lib_MathDouble.c,1618 :: 		
0x025F	0x147B      	BSF        R11, 0
;__Lib_MathDouble.c,1619 :: 		
0x0260	0x1FFB      	BTFSS      R11, 7
;__Lib_MathDouble.c,1620 :: 		
0x0261	0x2A71      	GOTO       INT3216UEER
;__Lib_MathDouble.c,1622 :: 		
0x0262	0x01F2      	CLRF       R2
;__Lib_MathDouble.c,1623 :: 		
0x0263	0x1FFA      	BTFSS      R10, 7
;__Lib_MathDouble.c,1624 :: 		
0x0264	0x2A71      	GOTO       INT3216UEER
;__Lib_MathDouble.c,1625 :: 		
0x0265	0x30FF      	MOVLW      255
;__Lib_MathDouble.c,1626 :: 		
0x0266	0x00F2      	MOVWF      R2
;__Lib_MathDouble.c,1627 :: 		
0x0267	0x00F1      	MOVWF      R1
;__Lib_MathDouble.c,1628 :: 		
0x0268	0x0DFA      	RLF        R10, 1
;__Lib_MathDouble.c,1629 :: 		
0x0269	0x0CF2      	RRF        R2, 1
;__Lib_MathDouble.c,1630 :: 		
0x026A	0x2A71      	GOTO       INT3216UEER
;__Lib_MathDouble.c,1632 :: 		
JPKSETIOV3224:
;__Lib_MathDouble.c,1633 :: 		
0x026B	0x3001      	MOVLW      1
;__Lib_MathDouble.c,1634 :: 		
0x026C	0x00FC      	MOVWF      R12
;__Lib_MathDouble.c,1635 :: 		
0x026D	0x2A73      	GOTO       INT3216UEEE
;__Lib_MathDouble.c,1636 :: 		
INT3216UEOK:
;__Lib_MathDouble.c,1637 :: 		
0x026E	0x3000      	MOVLW      0
;__Lib_MathDouble.c,1638 :: 		
0x026F	0x00FC      	MOVWF      R12
;__Lib_MathDouble.c,1639 :: 		
0x0270	0x2A73      	GOTO       INT3216UEEE
;__Lib_MathDouble.c,1640 :: 		
INT3216UEER:
;__Lib_MathDouble.c,1641 :: 		
0x0271	0x30FF      	MOVLW      255
;__Lib_MathDouble.c,1642 :: 		
0x0272	0x00FC      	MOVWF      R12
;__Lib_MathDouble.c,1643 :: 		
INT3216UEEE:
;__Lib_MathDouble.c,1646 :: 		
0x0273	0x08FC      	MOVF       R12, 1
;__Lib_MathDouble.c,1648 :: 		
0x0274	0x1903      	BTFSC      STATUS, 2
;__Lib_MathDouble.c,1649 :: 		
0x0275	0x2A77      	GOTO       L_Double2Word_0
;__Lib_MathDouble.c,1651 :: 		
0x0276	0x20DB      	CALL       _SETIOV3224
;__Lib_MathDouble.c,1653 :: 		
L_Double2Word_0:
;__Lib_MathDouble.c,1654 :: 		
0x0277	0x0871      	MOVF       R1, 0
;__Lib_MathDouble.c,1655 :: 		
0x0278	0x00F0      	MOVWF      R0
;__Lib_MathDouble.c,1656 :: 		
0x0279	0x0872      	MOVF       R2, 0
;__Lib_MathDouble.c,1657 :: 		
0x027A	0x00F1      	MOVWF      R1
;__Lib_MathDouble.c,1660 :: 		
L_end_double2word:
0x027B	0x0008      	RETURN
; end of _double2word
_word2double:
;__Lib_MathDouble.c,1862 :: 		
;__Lib_MathDouble.c,1868 :: 		
0x027C	0x1283      	BCF        STATUS, 5
;__Lib_MathDouble.c,1869 :: 		
0x027D	0x1303      	BCF        STATUS, 6
;__Lib_MathDouble.c,1870 :: 		
0x027E	0x0870      	MOVF       R0, 0
;__Lib_MathDouble.c,1871 :: 		
0x027F	0x00F8      	MOVWF      R8
;__Lib_MathDouble.c,1872 :: 		
0x0280	0x0871      	MOVF       R1, 0
;__Lib_MathDouble.c,1873 :: 		
0x0281	0x00F0      	MOVWF      R0
;__Lib_MathDouble.c,1874 :: 		
0x0282	0x01F1      	CLRF       R1
;__Lib_MathDouble.c,1875 :: 		
0x0283	0x01F2      	CLRF       R2
;__Lib_MathDouble.c,1876 :: 		
0x0284	0x01F3      	CLRF       R3
;__Lib_MathDouble.c,1879 :: 		
0x0285	0x01FB      	CLRF       R11
;__Lib_MathDouble.c,1880 :: 		
0x0286	0x01FC      	CLRF       R12
;__Lib_MathDouble.c,1882 :: 		
0x0287	0x3096      	MOVLW      150
;__Lib_MathDouble.c,1883 :: 		
0x0288	0x00F3      	MOVWF      R3
;__Lib_MathDouble.c,1884 :: 		
0x0289	0x01FA      	CLRF       R10
;__Lib_MathDouble.c,1886 :: 		
0x028A	0x0870      	MOVF       R0, 0
;__Lib_MathDouble.c,1887 :: 		
0x028B	0x00F1      	MOVWF      R1
;__Lib_MathDouble.c,1888 :: 		
0x028C	0x0878      	MOVF       R8, 0
;__Lib_MathDouble.c,1889 :: 		
0x028D	0x00F0      	MOVWF      R0
;__Lib_MathDouble.c,1890 :: 		
0x028E	0x01F8      	CLRF       R8
;__Lib_MathDouble.c,1891 :: 		
0x028F	0x01F2      	CLRF       R2
;__Lib_MathDouble.c,1893 :: 		
0x0290	0x20A3      	CALL       _NRM3232
;__Lib_MathDouble.c,1894 :: 		
L_end_word2double:
0x0291	0x0008      	RETURN
; end of _word2double
_Lcd_Out:
;__Lib_Lcd.c,184 :: 		
;__Lib_Lcd.c,187 :: 		
0x0292	0x2AA4      	GOTO       L_Lcd_Out11
;__Lib_Lcd.c,188 :: 		
L_Lcd_Out13:
0x0293	0x3080      	MOVLW      128
0x0294	0x1283      	BCF        STATUS, 5
0x0295	0x1303      	BCF        STATUS, 6
0x0296	0x00ED      	MOVWF      FARG_Lcd_Out_row
0x0297	0x2AB7      	GOTO       L_Lcd_Out12
;__Lib_Lcd.c,189 :: 		
L_Lcd_Out14:
0x0298	0x30C0      	MOVLW      192
0x0299	0x00ED      	MOVWF      FARG_Lcd_Out_row
0x029A	0x2AB7      	GOTO       L_Lcd_Out12
;__Lib_Lcd.c,190 :: 		
L_Lcd_Out15:
0x029B	0x3094      	MOVLW      148
0x029C	0x00ED      	MOVWF      FARG_Lcd_Out_row
0x029D	0x2AB7      	GOTO       L_Lcd_Out12
;__Lib_Lcd.c,191 :: 		
L_Lcd_Out16:
0x029E	0x30D4      	MOVLW      212
0x029F	0x00ED      	MOVWF      FARG_Lcd_Out_row
0x02A0	0x2AB7      	GOTO       L_Lcd_Out12
;__Lib_Lcd.c,192 :: 		
L_Lcd_Out17:
0x02A1	0x3080      	MOVLW      128
0x02A2	0x00ED      	MOVWF      FARG_Lcd_Out_row
;__Lib_Lcd.c,193 :: 		
0x02A3	0x2AB7      	GOTO       L_Lcd_Out12
L_Lcd_Out11:
0x02A4	0x1283      	BCF        STATUS, 5
0x02A5	0x1303      	BCF        STATUS, 6
0x02A6	0x086D      	MOVF       FARG_Lcd_Out_row, 0
0x02A7	0x3A01      	XORLW      1
0x02A8	0x1903      	BTFSC      STATUS, 2
0x02A9	0x2A93      	GOTO       L_Lcd_Out13
0x02AA	0x086D      	MOVF       FARG_Lcd_Out_row, 0
0x02AB	0x3A02      	XORLW      2
0x02AC	0x1903      	BTFSC      STATUS, 2
0x02AD	0x2A98      	GOTO       L_Lcd_Out14
0x02AE	0x086D      	MOVF       FARG_Lcd_Out_row, 0
0x02AF	0x3A03      	XORLW      3
0x02B0	0x1903      	BTFSC      STATUS, 2
0x02B1	0x2A9B      	GOTO       L_Lcd_Out15
0x02B2	0x086D      	MOVF       FARG_Lcd_Out_row, 0
0x02B3	0x3A04      	XORLW      4
0x02B4	0x1903      	BTFSC      STATUS, 2
0x02B5	0x2A9E      	GOTO       L_Lcd_Out16
0x02B6	0x2AA1      	GOTO       L_Lcd_Out17
L_Lcd_Out12:
;__Lib_Lcd.c,194 :: 		
0x02B7	0x036E      	DECF       FARG_Lcd_Out_column, 0
0x02B8	0x00F0      	MOVWF      R0
0x02B9	0x086D      	MOVF       FARG_Lcd_Out_row, 0
0x02BA	0x07F0      	ADDWF      R0, 1
0x02BB	0x0870      	MOVF       R0, 0
0x02BC	0x00ED      	MOVWF      FARG_Lcd_Out_row
;__Lib_Lcd.c,196 :: 		
0x02BD	0x0870      	MOVF       R0, 0
0x02BE	0x1683      	BSF        STATUS, 5
0x02BF	0x00A2      	MOVWF      FARG_Lcd_Cmd_out_char
0x02C0	0x2018      	CALL       _Lcd_Cmd
;__Lib_Lcd.c,197 :: 		
0x02C1	0x105C      	BCF        __Lib_Lcd_cmd_status, BitPos(__Lib_Lcd_cmd_status+0)
;__Lib_Lcd.c,198 :: 		
0x02C2	0x1683      	BSF        STATUS, 5
0x02C3	0x01A0      	CLRF       Lcd_Out_i_L0
;__Lib_Lcd.c,199 :: 		
L_Lcd_Out18:
0x02C4	0x0820      	MOVF       Lcd_Out_i_L0, 0
0x02C5	0x1283      	BCF        STATUS, 5
0x02C6	0x076F      	ADDWF      FARG_Lcd_Out_text, 0
0x02C7	0x0084      	MOVWF      FSR
0x02C8	0x0800      	MOVF       INDF, 0
0x02C9	0x1903      	BTFSC      STATUS, 2
0x02CA	0x2AD7      	GOTO       L_Lcd_Out19
;__Lib_Lcd.c,200 :: 		
0x02CB	0x1683      	BSF        STATUS, 5
0x02CC	0x0820      	MOVF       Lcd_Out_i_L0, 0
0x02CD	0x1283      	BCF        STATUS, 5
0x02CE	0x076F      	ADDWF      FARG_Lcd_Out_text, 0
0x02CF	0x0084      	MOVWF      FSR
0x02D0	0x0800      	MOVF       INDF, 0
0x02D1	0x1683      	BSF        STATUS, 5
0x02D2	0x00A1      	MOVWF      FARG_Lcd_Chr_CP_out_char
0x02D3	0x20D2      	CALL       _Lcd_Chr_CP
0x02D4	0x1683      	BSF        STATUS, 5
0x02D5	0x0AA0      	INCF       Lcd_Out_i_L0, 1
0x02D6	0x2AC4      	GOTO       L_Lcd_Out18
L_Lcd_Out19:
;__Lib_Lcd.c,201 :: 		
0x02D7	0x1283      	BCF        STATUS, 5
0x02D8	0x145C      	BSF        __Lib_Lcd_cmd_status, BitPos(__Lib_Lcd_cmd_status+0)
;__Lib_Lcd.c,202 :: 		
L_end_Lcd_Out:
0x02D9	0x0008      	RETURN
; end of _Lcd_Out
_Lcd_Init:
;__Lib_Lcd.c,84 :: 		
;__Lib_Lcd.c,86 :: 		
0x02DA	0x1683      	BSF        STATUS, 5
0x02DB	0x1303      	BCF        STATUS, 6
0x02DC	0x1188      	BCF        LCD_EN_Direction, BitPos(LCD_EN_Direction+0)
;__Lib_Lcd.c,87 :: 		
0x02DD	0x1108      	BCF        LCD_RS_Direction, BitPos(LCD_RS_Direction+0)
;__Lib_Lcd.c,88 :: 		
0x02DE	0x1208      	BCF        LCD_D4_Direction, BitPos(LCD_D4_Direction+0)
;__Lib_Lcd.c,89 :: 		
0x02DF	0x1288      	BCF        LCD_D5_Direction, BitPos(LCD_D5_Direction+0)
;__Lib_Lcd.c,90 :: 		
0x02E0	0x1308      	BCF        LCD_D6_Direction, BitPos(LCD_D6_Direction+0)
;__Lib_Lcd.c,91 :: 		
0x02E1	0x1388      	BCF        LCD_D7_Direction, BitPos(LCD_D7_Direction+0)
;__Lib_Lcd.c,93 :: 		
0x02E2	0x1283      	BCF        STATUS, 5
0x02E3	0x1188      	BCF        LCD_EN, BitPos(LCD_EN+0)
;__Lib_Lcd.c,94 :: 		
0x02E4	0x1108      	BCF        LCD_RS, BitPos(LCD_RS+0)
;__Lib_Lcd.c,95 :: 		
0x02E5	0x1388      	BCF        LCD_D7, BitPos(LCD_D7+0)
;__Lib_Lcd.c,96 :: 		
0x02E6	0x1308      	BCF        LCD_D6, BitPos(LCD_D6+0)
;__Lib_Lcd.c,97 :: 		
0x02E7	0x1288      	BCF        LCD_D5, BitPos(LCD_D5+0)
;__Lib_Lcd.c,98 :: 		
0x02E8	0x1208      	BCF        LCD_D4, BitPos(LCD_D4+0)
;__Lib_Lcd.c,100 :: 		
0x02E9	0x200B      	CALL       _Delay_5500us
;__Lib_Lcd.c,101 :: 		
0x02EA	0x200B      	CALL       _Delay_5500us
;__Lib_Lcd.c,102 :: 		
0x02EB	0x200B      	CALL       _Delay_5500us
;__Lib_Lcd.c,105 :: 		
0x02EC	0x1688      	BSF        LCD_D5, BitPos(LCD_D5+0)
;__Lib_Lcd.c,106 :: 		
0x02ED	0x1608      	BSF        LCD_D4, BitPos(LCD_D4+0)
;__Lib_Lcd.c,107 :: 		
0x02EE	0x1588      	BSF        LCD_EN, BitPos(LCD_EN+0)
;__Lib_Lcd.c,108 :: 		
0x02EF	0x2016      	CALL       _Delay_1us
;__Lib_Lcd.c,109 :: 		
0x02F0	0x1188      	BCF        LCD_EN, BitPos(LCD_EN+0)
;__Lib_Lcd.c,110 :: 		
0x02F1	0x200B      	CALL       _Delay_5500us
;__Lib_Lcd.c,112 :: 		
0x02F2	0x1588      	BSF        LCD_EN, BitPos(LCD_EN+0)
;__Lib_Lcd.c,113 :: 		
0x02F3	0x2016      	CALL       _Delay_1us
;__Lib_Lcd.c,114 :: 		
0x02F4	0x1188      	BCF        LCD_EN, BitPos(LCD_EN+0)
;__Lib_Lcd.c,115 :: 		
0x02F5	0x200B      	CALL       _Delay_5500us
;__Lib_Lcd.c,117 :: 		
0x02F6	0x1588      	BSF        LCD_EN, BitPos(LCD_EN+0)
;__Lib_Lcd.c,118 :: 		
0x02F7	0x2016      	CALL       _Delay_1us
;__Lib_Lcd.c,119 :: 		
0x02F8	0x1188      	BCF        LCD_EN, BitPos(LCD_EN+0)
;__Lib_Lcd.c,120 :: 		
0x02F9	0x200B      	CALL       _Delay_5500us
;__Lib_Lcd.c,123 :: 		
0x02FA	0x1208      	BCF        LCD_D4, BitPos(LCD_D4+0)
;__Lib_Lcd.c,124 :: 		
0x02FB	0x1588      	BSF        LCD_EN, BitPos(LCD_EN+0)
;__Lib_Lcd.c,125 :: 		
0x02FC	0x2016      	CALL       _Delay_1us
;__Lib_Lcd.c,126 :: 		
0x02FD	0x1188      	BCF        LCD_EN, BitPos(LCD_EN+0)
;__Lib_Lcd.c,127 :: 		
0x02FE	0x200B      	CALL       _Delay_5500us
;__Lib_Lcd.c,130 :: 		
0x02FF	0x1588      	BSF        LCD_EN, BitPos(LCD_EN+0)
;__Lib_Lcd.c,131 :: 		
0x0300	0x2016      	CALL       _Delay_1us
;__Lib_Lcd.c,132 :: 		
0x0301	0x1188      	BCF        LCD_EN, BitPos(LCD_EN+0)
;__Lib_Lcd.c,134 :: 		
0x0302	0x1288      	BCF        LCD_D5, BitPos(LCD_D5+0)
;__Lib_Lcd.c,135 :: 		
0x0303	0x1788      	BSF        LCD_D7, BitPos(LCD_D7+0)
;__Lib_Lcd.c,136 :: 		
0x0304	0x1588      	BSF        LCD_EN, BitPos(LCD_EN+0)
;__Lib_Lcd.c,137 :: 		
0x0305	0x2016      	CALL       _Delay_1us
;__Lib_Lcd.c,138 :: 		
0x0306	0x1188      	BCF        LCD_EN, BitPos(LCD_EN+0)
;__Lib_Lcd.c,139 :: 		
0x0307	0x200B      	CALL       _Delay_5500us
;__Lib_Lcd.c,142 :: 		
0x0308	0x1388      	BCF        LCD_D7, BitPos(LCD_D7+0)
;__Lib_Lcd.c,143 :: 		
0x0309	0x1608      	BSF        LCD_D4, BitPos(LCD_D4+0)
;__Lib_Lcd.c,144 :: 		
0x030A	0x1588      	BSF        LCD_EN, BitPos(LCD_EN+0)
;__Lib_Lcd.c,145 :: 		
0x030B	0x2016      	CALL       _Delay_1us
;__Lib_Lcd.c,146 :: 		
0x030C	0x1188      	BCF        LCD_EN, BitPos(LCD_EN+0)
;__Lib_Lcd.c,148 :: 		
0x030D	0x1208      	BCF        LCD_D4, BitPos(LCD_D4+0)
;__Lib_Lcd.c,149 :: 		
0x030E	0x1588      	BSF        LCD_EN, BitPos(LCD_EN+0)
;__Lib_Lcd.c,150 :: 		
0x030F	0x2016      	CALL       _Delay_1us
;__Lib_Lcd.c,151 :: 		
0x0310	0x1188      	BCF        LCD_EN, BitPos(LCD_EN+0)
;__Lib_Lcd.c,152 :: 		
0x0311	0x200B      	CALL       _Delay_5500us
;__Lib_Lcd.c,155 :: 		
0x0312	0x1588      	BSF        LCD_EN, BitPos(LCD_EN+0)
;__Lib_Lcd.c,156 :: 		
0x0313	0x2016      	CALL       _Delay_1us
;__Lib_Lcd.c,157 :: 		
0x0314	0x1188      	BCF        LCD_EN, BitPos(LCD_EN+0)
;__Lib_Lcd.c,159 :: 		
0x0315	0x1608      	BSF        LCD_D4, BitPos(LCD_D4+0)
;__Lib_Lcd.c,160 :: 		
0x0316	0x1588      	BSF        LCD_EN, BitPos(LCD_EN+0)
;__Lib_Lcd.c,161 :: 		
0x0317	0x2016      	CALL       _Delay_1us
;__Lib_Lcd.c,162 :: 		
0x0318	0x1188      	BCF        LCD_EN, BitPos(LCD_EN+0)
;__Lib_Lcd.c,163 :: 		
0x0319	0x200B      	CALL       _Delay_5500us
;__Lib_Lcd.c,166 :: 		
0x031A	0x1208      	BCF        LCD_D4, BitPos(LCD_D4+0)
;__Lib_Lcd.c,167 :: 		
0x031B	0x1588      	BSF        LCD_EN, BitPos(LCD_EN+0)
;__Lib_Lcd.c,168 :: 		
0x031C	0x2016      	CALL       _Delay_1us
;__Lib_Lcd.c,169 :: 		
0x031D	0x1188      	BCF        LCD_EN, BitPos(LCD_EN+0)
;__Lib_Lcd.c,171 :: 		
0x031E	0x1788      	BSF        LCD_D7, BitPos(LCD_D7+0)
;__Lib_Lcd.c,172 :: 		
0x031F	0x1708      	BSF        LCD_D6, BitPos(LCD_D6+0)
;__Lib_Lcd.c,173 :: 		
0x0320	0x1688      	BSF        LCD_D5, BitPos(LCD_D5+0)
;__Lib_Lcd.c,174 :: 		
0x0321	0x1608      	BSF        LCD_D4, BitPos(LCD_D4+0)
;__Lib_Lcd.c,175 :: 		
0x0322	0x1588      	BSF        LCD_EN, BitPos(LCD_EN+0)
;__Lib_Lcd.c,176 :: 		
0x0323	0x2016      	CALL       _Delay_1us
;__Lib_Lcd.c,177 :: 		
0x0324	0x1188      	BCF        LCD_EN, BitPos(LCD_EN+0)
;__Lib_Lcd.c,179 :: 		
0x0325	0x200B      	CALL       _Delay_5500us
;__Lib_Lcd.c,181 :: 		
0x0326	0x145C      	BSF        __Lib_Lcd_cmd_status, BitPos(__Lib_Lcd_cmd_status+0)
;__Lib_Lcd.c,182 :: 		
L_end_Lcd_Init:
0x0327	0x0008      	RETURN
; end of _Lcd_Init
_ADC_Init:
;__Lib_ADC_A_C.c,19 :: 		
;__Lib_ADC_A_C.c,20 :: 		
0x0328	0x30E8      	MOVLW      _ADC_Get_Sample
0x0329	0x1283      	BCF        STATUS, 5
0x032A	0x1303      	BCF        STATUS, 6
0x032B	0x00D9      	MOVWF      _ADC_Get_Sample_Ptr
0x032C	0x3000      	MOVLW      hi_addr(_ADC_Get_Sample)
0x032D	0x00DA      	MOVWF      _ADC_Get_Sample_Ptr+1
0x032E	0x3021      	MOVLW      FARG_ADC_Get_Sample_channel
0x032F	0x00DB      	MOVWF      _ADC_Get_Sample_Ptr+2
0x0330	0x3000      	MOVLW      hi_addr(FARG_ADC_Get_Sample_channel)
;__Lib_ADC_A_C.c,22 :: 		
0x0331	0x019F      	CLRF       ADCON0
;__Lib_ADC_A_C.c,23 :: 		
0x0332	0x30C0      	MOVLW      192
0x0333	0x049F      	IORWF      ADCON0, 1
;__Lib_ADC_A_C.c,24 :: 		
0x0334	0x094A      	COMF       _vref_mask, 0
0x0335	0x00F0      	MOVWF      R0
0x0336	0x0870      	MOVF       R0, 0
0x0337	0x1683      	BSF        STATUS, 5
0x0338	0x059F      	ANDWF      ADCON1, 1
;__Lib_ADC_A_C.c,25 :: 		
0x0339	0x171F      	BSF        ADCON1, 6
;__Lib_ADC_A_C.c,26 :: 		
0x033A	0x179F      	BSF        ADCON1, 7
;__Lib_ADC_A_C.c,29 :: 		
0x033B	0x1283      	BCF        STATUS, 5
0x033C	0x141F      	BSF        ADCON0, 0
;__Lib_ADC_A_C.c,30 :: 		
L_end_ADC_Init:
0x033D	0x0008      	RETURN
; end of _ADC_Init
_Div_16X16_U:
;__Lib_Math.c,215 :: 		
;__Lib_Math.c,222 :: 		
0x033E	0x1283      	BCF        STATUS, 5
;__Lib_Math.c,223 :: 		
0x033F	0x1303      	BCF        STATUS, 6
;__Lib_Math.c,224 :: 		
0x0340	0x01F8      	CLRF       R8
;__Lib_Math.c,225 :: 		
0x0341	0x01F9      	CLRF       R9
;__Lib_Math.c,226 :: 		
0x0342	0x3010      	MOVLW      16
;__Lib_Math.c,227 :: 		
0x0343	0x00FC      	MOVWF      R12
;__Lib_Math.c,228 :: 		
0x0344	0x0D71      	RLF        R1, 0
;__Lib_Math.c,229 :: 		
0x0345	0x0DF8      	RLF        R8, 1
;__Lib_Math.c,230 :: 		
0x0346	0x0DF9      	RLF        R9, 1
;__Lib_Math.c,231 :: 		
0x0347	0x0874      	MOVF       R4, 0
;__Lib_Math.c,232 :: 		
0x0348	0x02F8      	SUBWF      R8, 1
;__Lib_Math.c,233 :: 		
0x0349	0x0875      	MOVF       R5, 0
;__Lib_Math.c,234 :: 		
0x034A	0x1C03      	BTFSS      STATUS, 0
;__Lib_Math.c,235 :: 		
0x034B	0x0F75      	INCFSZ     R5, 0
;__Lib_Math.c,236 :: 		
0x034C	0x02F9      	SUBWF      R9, 1
;__Lib_Math.c,237 :: 		
0x034D	0x1803      	BTFSC      STATUS, 0
;__Lib_Math.c,238 :: 		
0x034E	0x2B56      	GOTO       $+8
;__Lib_Math.c,239 :: 		
0x034F	0x0874      	MOVF       R4, 0
;__Lib_Math.c,240 :: 		
0x0350	0x07F8      	ADDWF      R8, 1
;__Lib_Math.c,241 :: 		
0x0351	0x0875      	MOVF       R5, 0
;__Lib_Math.c,242 :: 		
0x0352	0x1803      	BTFSC      STATUS, 0
;__Lib_Math.c,243 :: 		
0x0353	0x0F75      	INCFSZ     R5, 0
;__Lib_Math.c,244 :: 		
0x0354	0x07F9      	ADDWF      R9, 1
;__Lib_Math.c,245 :: 		
0x0355	0x1003      	BCF        STATUS, 0
;__Lib_Math.c,246 :: 		
0x0356	0x0DF0      	RLF        R0, 1
;__Lib_Math.c,247 :: 		
0x0357	0x0DF1      	RLF        R1, 1
;__Lib_Math.c,248 :: 		
0x0358	0x0BFC      	DECFSZ     R12, 1
;__Lib_Math.c,249 :: 		
0x0359	0x2B44      	GOTO       $-21
;__Lib_Math.c,251 :: 		
L_end_Div_16X16_U:
0x035A	0x0008      	RETURN
; end of _Div_16X16_U
___CC2DW:
;__Lib_System.c,134 :: 		
;__Lib_System.c,137 :: 		
_CC2D_Loop1:
;__Lib_System.c,139 :: 		
0x035B	0x2092      	CALL       _____DoICP
0x035C	0x118A      	BCF        PCLATH, 3
0x035D	0x120A      	BCF        PCLATH, 4
;__Lib_System.c,141 :: 		
0x035E	0x0080      	MOVWF      INDF
;__Lib_System.c,142 :: 		
0x035F	0x0A84      	INCF       FSR, 1
;__Lib_System.c,143 :: 		
0x0360	0x0AD7      	INCF       ___DoICPAddr, 1
;__Lib_System.c,145 :: 		
0x0361	0x1903      	BTFSC      STATUS, 2
;__Lib_System.c,146 :: 		
0x0362	0x0AD8      	INCF       ___DoICPAddr+1, 1
;__Lib_System.c,147 :: 		
0x0363	0x03F0      	DECF       R0, 1
;__Lib_System.c,149 :: 		
0x0364	0x1D03      	BTFSS      STATUS, 2
;__Lib_System.c,150 :: 		
0x0365	0x2B5B      	GOTO       _CC2D_Loop1
;__Lib_System.c,152 :: 		
L_end___CC2DW:
0x0366	0x0008      	RETURN
; end of ___CC2DW
_main:
0x0367	0x244A      	CALL       1098
;EC03_1.c,25 :: 		void main() {
;EC03_1.c,26 :: 		ADC_Init();
0x0368	0x2328      	CALL       _ADC_Init
;EC03_1.c,27 :: 		Lcd_Init();
0x0369	0x22DA      	CALL       _Lcd_Init
;EC03_1.c,28 :: 		Lcd_Cmd(_LCD_CLEAR);
0x036A	0x3001      	MOVLW      1
0x036B	0x1683      	BSF        STATUS, 5
0x036C	0x00A2      	MOVWF      FARG_Lcd_Cmd_out_char
0x036D	0x2018      	CALL       _Lcd_Cmd
;EC03_1.c,29 :: 		Lcd_Cmd(_LCD_CURSOR_OFF);
0x036E	0x300C      	MOVLW      12
0x036F	0x1683      	BSF        STATUS, 5
0x0370	0x00A2      	MOVWF      FARG_Lcd_Cmd_out_char
0x0371	0x2018      	CALL       _Lcd_Cmd
;EC03_1.c,30 :: 		Lcd_Out(1, 3, "Lector 4 - 20 mA");
0x0372	0x3001      	MOVLW      1
0x0373	0x00ED      	MOVWF      FARG_Lcd_Out_row
0x0374	0x3003      	MOVLW      3
0x0375	0x00EE      	MOVWF      FARG_Lcd_Out_column
0x0376	0x302F      	MOVLW      ?lstr1_EC03_1
0x0377	0x00EF      	MOVWF      FARG_Lcd_Out_text
0x0378	0x2292      	CALL       _Lcd_Out
;EC03_1.c,32 :: 		Lcd_Out(3, 1, "Aldo Pizarro");
0x0379	0x3003      	MOVLW      3
0x037A	0x00ED      	MOVWF      FARG_Lcd_Out_row
0x037B	0x3001      	MOVLW      1
0x037C	0x00EE      	MOVWF      FARG_Lcd_Out_column
0x037D	0x3022      	MOVLW      ?lstr2_EC03_1
0x037E	0x00EF      	MOVWF      FARG_Lcd_Out_text
0x037F	0x2292      	CALL       _Lcd_Out
;EC03_1.c,33 :: 		Lcd_Out(4, 12, "A17202187");
0x0380	0x3004      	MOVLW      4
0x0381	0x00ED      	MOVWF      FARG_Lcd_Out_row
0x0382	0x300C      	MOVLW      12
0x0383	0x00EE      	MOVWF      FARG_Lcd_Out_column
0x0384	0x3040      	MOVLW      ?lstr3_EC03_1
0x0385	0x00EF      	MOVWF      FARG_Lcd_Out_text
0x0386	0x2292      	CALL       _Lcd_Out
;EC03_1.c,35 :: 		while(1){
L_main0:
;EC03_1.c,36 :: 		lectura_ADC = ADC_Get_Sample(0)-98;
0x0387	0x01A1      	CLRF       FARG_ADC_Get_Sample_channel
0x0388	0x20E8      	CALL       _ADC_Get_Sample
0x0389	0x3062      	MOVLW      98
0x038A	0x02F0      	SUBWF      R0, 1
0x038B	0x1C03      	BTFSS      STATUS, 0
0x038C	0x03F1      	DECF       R0+1, 1
0x038D	0x0870      	MOVF       R0, 0
0x038E	0x1283      	BCF        STATUS, 5
0x038F	0x00D5      	MOVWF      _lectura_ADC
0x0390	0x0871      	MOVF       R0+1, 0
0x0391	0x00D6      	MOVWF      _lectura_ADC+1
;EC03_1.c,37 :: 		porcentaje = ((lectura_ADC/393.0)*100.0);//98
0x0392	0x227C      	CALL       _word2double
0x0393	0x3000      	MOVLW      0
0x0394	0x00F4      	MOVWF      R4
0x0395	0x3080      	MOVLW      128
0x0396	0x00F5      	MOVWF      R4+1
0x0397	0x3044      	MOVLW      68
0x0398	0x00F6      	MOVWF      R4+2
0x0399	0x3087      	MOVLW      135
0x039A	0x00F7      	MOVWF      R4+3
0x039B	0x2105      	CALL       _Div_32x32_FP
0x039C	0x3000      	MOVLW      0
0x039D	0x00F4      	MOVWF      R4
0x039E	0x3000      	MOVLW      0
0x039F	0x00F5      	MOVWF      R4+1
0x03A0	0x3048      	MOVLW      72
0x03A1	0x00F6      	MOVWF      R4+2
0x03A2	0x3085      	MOVLW      133
0x03A3	0x00F7      	MOVWF      R4+3
0x03A4	0x21BC      	CALL       _Mul_32x32_FP
0x03A5	0x221D      	CALL       _double2word
0x03A6	0x0870      	MOVF       R0, 0
0x03A7	0x00EB      	MOVWF      FLOC__main+4
0x03A8	0x0871      	MOVF       R0+1, 0
0x03A9	0x00EC      	MOVWF      FLOC__main+5
0x03AA	0x086B      	MOVF       FLOC__main+4, 0
0x03AB	0x00D3      	MOVWF      _porcentaje
0x03AC	0x086C      	MOVF       FLOC__main+5, 0
0x03AD	0x00D4      	MOVWF      _porcentaje+1
;EC03_1.c,38 :: 		centenas = porcentaje/100;//0
0x03AE	0x3064      	MOVLW      100
0x03AF	0x00F4      	MOVWF      R4
0x03B0	0x3000      	MOVLW      0
0x03B1	0x00F5      	MOVWF      R4+1
0x03B2	0x086B      	MOVF       FLOC__main+4, 0
0x03B3	0x00F0      	MOVWF      R0
0x03B4	0x086C      	MOVF       FLOC__main+5, 0
0x03B5	0x00F1      	MOVWF      R0+1
0x03B6	0x233E      	CALL       _Div_16X16_U
0x03B7	0x0870      	MOVF       R0, 0
0x03B8	0x00E9      	MOVWF      FLOC__main+2
0x03B9	0x0871      	MOVF       R0+1, 0
0x03BA	0x00EA      	MOVWF      FLOC__main+3
0x03BB	0x0869      	MOVF       FLOC__main+2, 0
0x03BC	0x00DF      	MOVWF      _centenas
0x03BD	0x086A      	MOVF       FLOC__main+3, 0
0x03BE	0x00E0      	MOVWF      _centenas+1
;EC03_1.c,39 :: 		decenas = ((porcentaje/10)%10);//9
0x03BF	0x300A      	MOVLW      10
0x03C0	0x00F4      	MOVWF      R4
0x03C1	0x3000      	MOVLW      0
0x03C2	0x00F5      	MOVWF      R4+1
0x03C3	0x086B      	MOVF       FLOC__main+4, 0
0x03C4	0x00F0      	MOVWF      R0
0x03C5	0x086C      	MOVF       FLOC__main+5, 0
0x03C6	0x00F1      	MOVWF      R0+1
0x03C7	0x233E      	CALL       _Div_16X16_U
0x03C8	0x300A      	MOVLW      10
0x03C9	0x00F4      	MOVWF      R4
0x03CA	0x3000      	MOVLW      0
0x03CB	0x00F5      	MOVWF      R4+1
0x03CC	0x233E      	CALL       _Div_16X16_U
0x03CD	0x0878      	MOVF       R8, 0
0x03CE	0x00F0      	MOVWF      R0
0x03CF	0x0879      	MOVF       R8+1, 0
0x03D0	0x00F1      	MOVWF      R0+1
0x03D1	0x0870      	MOVF       R0, 0
0x03D2	0x00E7      	MOVWF      FLOC__main
0x03D3	0x0871      	MOVF       R0+1, 0
0x03D4	0x00E8      	MOVWF      FLOC__main+1
0x03D5	0x0867      	MOVF       FLOC__main, 0
0x03D6	0x00DD      	MOVWF      _decenas
0x03D7	0x0868      	MOVF       FLOC__main+1, 0
0x03D8	0x00DE      	MOVWF      _decenas+1
;EC03_1.c,40 :: 		unidades = (porcentaje%10);//8
0x03D9	0x300A      	MOVLW      10
0x03DA	0x00F4      	MOVWF      R4
0x03DB	0x3000      	MOVLW      0
0x03DC	0x00F5      	MOVWF      R4+1
0x03DD	0x086B      	MOVF       FLOC__main+4, 0
0x03DE	0x00F0      	MOVWF      R0
0x03DF	0x086C      	MOVF       FLOC__main+5, 0
0x03E0	0x00F1      	MOVWF      R0+1
0x03E1	0x233E      	CALL       _Div_16X16_U
0x03E2	0x0878      	MOVF       R8, 0
0x03E3	0x00F0      	MOVWF      R0
0x03E4	0x0879      	MOVF       R8+1, 0
0x03E5	0x00F1      	MOVWF      R0+1
0x03E6	0x0870      	MOVF       R0, 0
0x03E7	0x00E1      	MOVWF      _unidades
0x03E8	0x0871      	MOVF       R0+1, 0
0x03E9	0x00E2      	MOVWF      _unidades+1
;EC03_1.c,41 :: 		texto[0] = centenas + 48;
0x03EA	0x3030      	MOVLW      48
0x03EB	0x0769      	ADDWF      FLOC__main+2, 0
0x03EC	0x00E3      	MOVWF      _texto
;EC03_1.c,42 :: 		texto[1] = decenas + 48;
0x03ED	0x3030      	MOVLW      48
0x03EE	0x0767      	ADDWF      FLOC__main, 0
0x03EF	0x00E4      	MOVWF      _texto+1
;EC03_1.c,43 :: 		texto[2] = unidades + 48;
0x03F0	0x3030      	MOVLW      48
0x03F1	0x0770      	ADDWF      R0, 0
0x03F2	0x00E5      	MOVWF      _texto+2
;EC03_1.c,44 :: 		Lcd_Out(2, 1, "Nivel: ");
0x03F3	0x3002      	MOVLW      2
0x03F4	0x00ED      	MOVWF      FARG_Lcd_Out_row
0x03F5	0x3001      	MOVLW      1
0x03F6	0x00EE      	MOVWF      FARG_Lcd_Out_column
0x03F7	0x304B      	MOVLW      ?lstr4_EC03_1
0x03F8	0x00EF      	MOVWF      FARG_Lcd_Out_text
0x03F9	0x2292      	CALL       _Lcd_Out
;EC03_1.c,45 :: 		Lcd_Chr_Cp(texto[0]);
0x03FA	0x0863      	MOVF       _texto, 0
0x03FB	0x1683      	BSF        STATUS, 5
0x03FC	0x00A1      	MOVWF      FARG_Lcd_Chr_CP_out_char
0x03FD	0x20D2      	CALL       _Lcd_Chr_CP
;EC03_1.c,46 :: 		Lcd_Chr_Cp(texto[1]);
0x03FE	0x0864      	MOVF       _texto+1, 0
0x03FF	0x1683      	BSF        STATUS, 5
0x0400	0x00A1      	MOVWF      FARG_Lcd_Chr_CP_out_char
0x0401	0x20D2      	CALL       _Lcd_Chr_CP
;EC03_1.c,47 :: 		Lcd_Chr_Cp(texto[2]);
0x0402	0x0865      	MOVF       _texto+2, 0
0x0403	0x1683      	BSF        STATUS, 5
0x0404	0x00A1      	MOVWF      FARG_Lcd_Chr_CP_out_char
0x0405	0x20D2      	CALL       _Lcd_Chr_CP
;EC03_1.c,48 :: 		Lcd_Chr_Cp('%');
0x0406	0x3025      	MOVLW      37
0x0407	0x1683      	BSF        STATUS, 5
0x0408	0x00A1      	MOVWF      FARG_Lcd_Chr_CP_out_char
0x0409	0x20D2      	CALL       _Lcd_Chr_CP
;EC03_1.c,50 :: 		}
0x040A	0x2B87      	GOTO       L_main0
;EC03_1.c,52 :: 		delay_ms(200);
L_main2:
0x040B	0x0BFD      	DECFSZ     R13, 1
0x040C	0x2C0B      	GOTO       L_main2
0x040D	0x0BFC      	DECFSZ     R12, 1
0x040E	0x2C0B      	GOTO       L_main2
0x040F	0x0BFB      	DECFSZ     R11, 1
0x0410	0x2C0B      	GOTO       L_main2
0x0411	0x0000      	NOP
;EC03_1.c,53 :: 		}
L_end_main:
0x0412	0x2C12      	GOTO       $+0
; end of _main
0x044A	0x3022      	MOVLW      34
0x044B	0x0084      	MOVWF      FSR
0x044C	0x3031      	MOVLW      49
0x044D	0x1283      	BCF        STATUS, 5
0x044E	0x1303      	BCF        STATUS, 6
0x044F	0x00F0      	MOVWF      R0
0x0450	0x3018      	MOVLW      24
0x0451	0x00D7      	MOVWF      ___DoICPAddr
0x0452	0x3004      	MOVLW      4
0x0453	0x00D8      	MOVWF      88
0x0454	0x235B      	CALL       859
0x0455	0x0008      	RETURN
;EC03_1.c,0 :: ?ICS?lstr2_EC03_1
0x0418	0x3441 ;?ICS?lstr2_EC03_1+0
0x0419	0x346C ;?ICS?lstr2_EC03_1+1
0x041A	0x3464 ;?ICS?lstr2_EC03_1+2
0x041B	0x346F ;?ICS?lstr2_EC03_1+3
0x041C	0x3420 ;?ICS?lstr2_EC03_1+4
0x041D	0x3450 ;?ICS?lstr2_EC03_1+5
0x041E	0x3469 ;?ICS?lstr2_EC03_1+6
0x041F	0x347A ;?ICS?lstr2_EC03_1+7
0x0420	0x3461 ;?ICS?lstr2_EC03_1+8
0x0421	0x3472 ;?ICS?lstr2_EC03_1+9
0x0422	0x3472 ;?ICS?lstr2_EC03_1+10
0x0423	0x346F ;?ICS?lstr2_EC03_1+11
0x0424	0x3400 ;?ICS?lstr2_EC03_1+12
; end of ?ICS?lstr2_EC03_1
;EC03_1.c,0 :: ?ICS?lstr1_EC03_1
0x0425	0x344C ;?ICS?lstr1_EC03_1+0
0x0426	0x3465 ;?ICS?lstr1_EC03_1+1
0x0427	0x3463 ;?ICS?lstr1_EC03_1+2
0x0428	0x3474 ;?ICS?lstr1_EC03_1+3
0x0429	0x346F ;?ICS?lstr1_EC03_1+4
0x042A	0x3472 ;?ICS?lstr1_EC03_1+5
0x042B	0x3420 ;?ICS?lstr1_EC03_1+6
0x042C	0x3434 ;?ICS?lstr1_EC03_1+7
0x042D	0x3420 ;?ICS?lstr1_EC03_1+8
0x042E	0x342D ;?ICS?lstr1_EC03_1+9
0x042F	0x3420 ;?ICS?lstr1_EC03_1+10
0x0430	0x3432 ;?ICS?lstr1_EC03_1+11
0x0431	0x3430 ;?ICS?lstr1_EC03_1+12
0x0432	0x3420 ;?ICS?lstr1_EC03_1+13
0x0433	0x346D ;?ICS?lstr1_EC03_1+14
0x0434	0x3441 ;?ICS?lstr1_EC03_1+15
0x0435	0x3400 ;?ICS?lstr1_EC03_1+16
; end of ?ICS?lstr1_EC03_1
;EC03_1.c,0 :: ?ICS?lstr3_EC03_1
0x0436	0x3441 ;?ICS?lstr3_EC03_1+0
0x0437	0x3431 ;?ICS?lstr3_EC03_1+1
0x0438	0x3437 ;?ICS?lstr3_EC03_1+2
0x0439	0x3432 ;?ICS?lstr3_EC03_1+3
0x043A	0x3430 ;?ICS?lstr3_EC03_1+4
0x043B	0x3432 ;?ICS?lstr3_EC03_1+5
0x043C	0x3431 ;?ICS?lstr3_EC03_1+6
0x043D	0x3438 ;?ICS?lstr3_EC03_1+7
0x043E	0x3437 ;?ICS?lstr3_EC03_1+8
0x043F	0x3400 ;?ICS?lstr3_EC03_1+9
; end of ?ICS?lstr3_EC03_1
;__Lib_ADC_A_C.c,0 :: ?ICS_vref_mask
0x0440	0x340F ;?ICS_vref_mask+0
; end of ?ICS_vref_mask
;EC03_1.c,0 :: ?ICS?lstr4_EC03_1
0x0441	0x344E ;?ICS?lstr4_EC03_1+0
0x0442	0x3469 ;?ICS?lstr4_EC03_1+1
0x0443	0x3476 ;?ICS?lstr4_EC03_1+2
0x0444	0x3465 ;?ICS?lstr4_EC03_1+3
0x0445	0x346C ;?ICS?lstr4_EC03_1+4
0x0446	0x343A ;?ICS?lstr4_EC03_1+5
0x0447	0x3420 ;?ICS?lstr4_EC03_1+6
0x0448	0x3400 ;?ICS?lstr4_EC03_1+7
; end of ?ICS?lstr4_EC03_1
Symbol List:
//** Routines locations **
//ADDRESS    SIZE    PROCEDURE
//----------------------------------------------
0x0003       [8]    _Delay_50us
0x000B      [11]    _Delay_5500us
0x0016       [2]    _Delay_1us
0x0018      [87]    _Lcd_Cmd
0x006F       [7]    _RES032
0x0076      [12]    _SETFUN32
0x0082       [4]    _FIXSIGN32
0x0086      [12]    _SETFOV32
0x0092       [7]    _____DoICP
0x0099       [7]    _Delay_22us
0x00A0       [3]    _SETFDZ32
0x00A3      [47]    _NRM3232
0x00D2       [9]    _Lcd_Chr_CP
0x00DB      [13]    _SETIOV3224
0x00E8      [29]    _ADC_Get_Sample
0x0105     [183]    _Div_32x32_FP
0x01BC      [97]    _Mul_32x32_FP
0x021D      [95]    _double2word
0x027C      [22]    _word2double
0x0292      [72]    _Lcd_Out
0x02DA      [78]    _Lcd_Init
0x0328      [22]    _ADC_Init
0x033E      [29]    _Div_16X16_U
0x035B      [12]    ___CC2DW
0x0367     [171]    _main
//** Variables locations ** 
//ADDRESS    SIZE    VARIABLE
//----------------------------------------------
0x0000       [1]    INDF
0x0002       [1]    PCL
0x0003       [1]    STATUS
0x0004       [1]    FSR
0x0008       [0]    LCD_D4
0x0008       [0]    RD5_bit
0x0008       [0]    RD6_bit
0x0008       [0]    RD7_bit
0x0008       [0]    LCD_EN
0x0008       [0]    LCD_RS
0x0008       [0]    LCD_D5
0x0008       [0]    LCD_D6
0x0008       [0]    LCD_D7
0x0008       [0]    RD4_bit
0x0008       [0]    RD2_bit
0x0008       [0]    RD3_bit
0x000A       [1]    PCLATH
0x001E       [1]    ADRESH
0x001F       [1]    ADCON0
0x0020       [1]    __math_tempbD
0x0021       [1]    FARG_ADC_Get_Sample_channel
0x0022      [13]    ?lstr2_EC03_1
0x002F      [17]    ?lstr1_EC03_1
0x0040      [10]    ?lstr3_EC03_1
0x004A       [1]    _vref_mask
0x004B       [8]    ?lstr4_EC03_1
0x0053       [2]    _porcentaje
0x0055       [2]    _lectura_ADC
0x0057       [2]    ___DoICPAddr
0x0059       [3]    _ADC_Get_Sample_Ptr
0x005C       [0]    __Lib_Lcd_cmd_status
0x005D       [2]    _decenas
0x005F       [2]    _centenas
0x0061       [2]    _unidades
0x0063       [4]    _texto
0x0067       [6]    FLOC__main
0x006D       [1]    FARG_Lcd_Out_row
0x006E       [1]    FARG_Lcd_Out_column
0x006F       [1]    FARG_Lcd_Out_text
0x0070       [1]    R0
0x0071       [1]    R1
0x0072       [1]    R2
0x0073       [1]    R3
0x0074       [1]    R4
0x0075       [1]    R5
0x0076       [1]    R6
0x0077       [1]    R7
0x0078       [1]    R8
0x0079       [1]    R9
0x007A       [1]    R10
0x007B       [1]    R11
0x007C       [1]    R12
0x007D       [1]    R13
0x007E       [1]    R14
0x007F       [1]    R15
0x0088       [0]    TRISD5_bit
0x0088       [0]    TRISD7_bit
0x0088       [0]    TRISD6_bit
0x0088       [0]    LCD_D7_Direction
0x0088       [0]    LCD_EN_Direction
0x0088       [0]    LCD_RS_Direction
0x0088       [0]    LCD_D6_Direction
0x0088       [0]    LCD_D4_Direction
0x0088       [0]    LCD_D5_Direction
0x0088       [0]    TRISD2_bit
0x0088       [0]    TRISD4_bit
0x0088       [0]    TRISD3_bit
0x009E       [1]    ADRESL
0x009F       [1]    ADCON1
0x00A0       [1]    Lcd_Out_i_L0
0x00A1       [1]    FARG_Lcd_Chr_CP_out_char
0x00A2       [1]    FARG_Lcd_Cmd_out_char
//** Constants locations ** 
//ADDRESS    SIZE    CONSTANT
//----------------------------------------------
0x0418      [13]    ?ICS?lstr2_EC03_1
0x0425      [17]    ?ICS?lstr1_EC03_1
0x0436      [10]    ?ICS?lstr3_EC03_1
0x0440       [1]    ?ICS_vref_mask
0x0441       [8]    ?ICS?lstr4_EC03_1
