;  LST file generated by mikroListExporter - v.2.0 
; Date/Time: 4/12/2023 18:21:42
;----------------------------------------------

;Address Opcode 	ASM
0x0000	0x2988      	GOTO       392
_Delay_1us:
;__Lib_Delays.c,7 :: 		void Delay_1us() {
;__Lib_Delays.c,8 :: 		Delay_us(1);
0x0003	0x0000      	NOP
;__Lib_Delays.c,9 :: 		}
L_end_Delay_1us:
0x0004	0x0008      	RETURN
; end of _Delay_1us
_Delay_5500us:
;__Lib_Delays.c,31 :: 		void Delay_5500us() {
;__Lib_Delays.c,32 :: 		Delay_us(5500);
0x0005	0x3008      	MOVLW      8
0x0006	0x1283      	BCF        STATUS, 5
0x0007	0x1303      	BCF        STATUS, 6
0x0008	0x00FC      	MOVWF      R12
0x0009	0x3023      	MOVLW      35
0x000A	0x00FD      	MOVWF      R13
L_Delay_5500us5:
0x000B	0x0BFD      	DECFSZ     R13, 1
0x000C	0x280B      	GOTO       L_Delay_5500us5
0x000D	0x0BFC      	DECFSZ     R12, 1
0x000E	0x280B      	GOTO       L_Delay_5500us5
;__Lib_Delays.c,33 :: 		}
L_end_Delay_5500us:
0x000F	0x0008      	RETURN
; end of _Delay_5500us
_Delay_50us:
;__Lib_Delays.c,19 :: 		void Delay_50us() {
;__Lib_Delays.c,20 :: 		Delay_us(50);
0x0010	0x3010      	MOVLW      16
0x0011	0x1283      	BCF        STATUS, 5
0x0012	0x1303      	BCF        STATUS, 6
0x0013	0x00FD      	MOVWF      R13
L_Delay_50us2:
0x0014	0x0BFD      	DECFSZ     R13, 1
0x0015	0x2814      	GOTO       L_Delay_50us2
0x0016	0x0000      	NOP
;__Lib_Delays.c,21 :: 		}
L_end_Delay_50us:
0x0017	0x0008      	RETURN
; end of _Delay_50us
_Lcd_Cmd:
;__Lib_Lcd.c,18 :: 		
;__Lib_Lcd.c,20 :: 		
0x0018	0x1283      	BCF        STATUS, 5
0x0019	0x1303      	BCF        STATUS, 6
0x001A	0x1BB4      	BTFSC      FARG_Lcd_Cmd_out_char, 7
0x001B	0x281E      	GOTO       L__Lcd_Cmd21
0x001C	0x1388      	BCF        LCD_D7, BitPos(LCD_D7+0)
0x001D	0x281F      	GOTO       L__Lcd_Cmd22
L__Lcd_Cmd21:
0x001E	0x1788      	BSF        LCD_D7, BitPos(LCD_D7+0)
L__Lcd_Cmd22:
;__Lib_Lcd.c,21 :: 		
0x001F	0x1B34      	BTFSC      FARG_Lcd_Cmd_out_char, 6
0x0020	0x2823      	GOTO       L__Lcd_Cmd23
0x0021	0x1308      	BCF        LCD_D6, BitPos(LCD_D6+0)
0x0022	0x2824      	GOTO       L__Lcd_Cmd24
L__Lcd_Cmd23:
0x0023	0x1708      	BSF        LCD_D6, BitPos(LCD_D6+0)
L__Lcd_Cmd24:
;__Lib_Lcd.c,22 :: 		
0x0024	0x1AB4      	BTFSC      FARG_Lcd_Cmd_out_char, 5
0x0025	0x2828      	GOTO       L__Lcd_Cmd25
0x0026	0x1288      	BCF        LCD_D5, BitPos(LCD_D5+0)
0x0027	0x2829      	GOTO       L__Lcd_Cmd26
L__Lcd_Cmd25:
0x0028	0x1688      	BSF        LCD_D5, BitPos(LCD_D5+0)
L__Lcd_Cmd26:
;__Lib_Lcd.c,23 :: 		
0x0029	0x1A34      	BTFSC      FARG_Lcd_Cmd_out_char, 4
0x002A	0x282D      	GOTO       L__Lcd_Cmd27
0x002B	0x1208      	BCF        LCD_D4, BitPos(LCD_D4+0)
0x002C	0x282E      	GOTO       L__Lcd_Cmd28
L__Lcd_Cmd27:
0x002D	0x1608      	BSF        LCD_D4, BitPos(LCD_D4+0)
L__Lcd_Cmd28:
;__Lib_Lcd.c,25 :: 		
0x002E	0x1829      	BTFSC      __Lib_Lcd_cmd_status, BitPos(__Lib_Lcd_cmd_status+0)
0x002F	0x2832      	GOTO       L__Lcd_Cmd29
0x0030	0x1508      	BSF        LCD_RS, BitPos(LCD_RS+0)
0x0031	0x2833      	GOTO       L__Lcd_Cmd30
L__Lcd_Cmd29:
0x0032	0x1108      	BCF        LCD_RS, BitPos(LCD_RS+0)
L__Lcd_Cmd30:
;__Lib_Lcd.c,28 :: 		
0x0033	0x1588      	BSF        LCD_EN, BitPos(LCD_EN+0)
;__Lib_Lcd.c,29 :: 		
0x0034	0x2003      	CALL       _Delay_1us
;__Lib_Lcd.c,30 :: 		
0x0035	0x1188      	BCF        LCD_EN, BitPos(LCD_EN+0)
;__Lib_Lcd.c,33 :: 		
0x0036	0x19B4      	BTFSC      FARG_Lcd_Cmd_out_char, 3
0x0037	0x283A      	GOTO       L__Lcd_Cmd31
0x0038	0x1388      	BCF        LCD_D7, BitPos(LCD_D7+0)
0x0039	0x283B      	GOTO       L__Lcd_Cmd32
L__Lcd_Cmd31:
0x003A	0x1788      	BSF        LCD_D7, BitPos(LCD_D7+0)
L__Lcd_Cmd32:
;__Lib_Lcd.c,34 :: 		
0x003B	0x1934      	BTFSC      FARG_Lcd_Cmd_out_char, 2
0x003C	0x283F      	GOTO       L__Lcd_Cmd33
0x003D	0x1308      	BCF        LCD_D6, BitPos(LCD_D6+0)
0x003E	0x2840      	GOTO       L__Lcd_Cmd34
L__Lcd_Cmd33:
0x003F	0x1708      	BSF        LCD_D6, BitPos(LCD_D6+0)
L__Lcd_Cmd34:
;__Lib_Lcd.c,35 :: 		
0x0040	0x18B4      	BTFSC      FARG_Lcd_Cmd_out_char, 1
0x0041	0x2844      	GOTO       L__Lcd_Cmd35
0x0042	0x1288      	BCF        LCD_D5, BitPos(LCD_D5+0)
0x0043	0x2845      	GOTO       L__Lcd_Cmd36
L__Lcd_Cmd35:
0x0044	0x1688      	BSF        LCD_D5, BitPos(LCD_D5+0)
L__Lcd_Cmd36:
;__Lib_Lcd.c,36 :: 		
0x0045	0x1834      	BTFSC      FARG_Lcd_Cmd_out_char, 0
0x0046	0x2849      	GOTO       L__Lcd_Cmd37
0x0047	0x1208      	BCF        LCD_D4, BitPos(LCD_D4+0)
0x0048	0x284A      	GOTO       L__Lcd_Cmd38
L__Lcd_Cmd37:
0x0049	0x1608      	BSF        LCD_D4, BitPos(LCD_D4+0)
L__Lcd_Cmd38:
;__Lib_Lcd.c,38 :: 		
0x004A	0x1829      	BTFSC      __Lib_Lcd_cmd_status, BitPos(__Lib_Lcd_cmd_status+0)
0x004B	0x284E      	GOTO       L__Lcd_Cmd39
0x004C	0x1508      	BSF        LCD_RS, BitPos(LCD_RS+0)
0x004D	0x284F      	GOTO       L__Lcd_Cmd40
L__Lcd_Cmd39:
0x004E	0x1108      	BCF        LCD_RS, BitPos(LCD_RS+0)
L__Lcd_Cmd40:
;__Lib_Lcd.c,40 :: 		
0x004F	0x1588      	BSF        LCD_EN, BitPos(LCD_EN+0)
;__Lib_Lcd.c,41 :: 		
0x0050	0x2003      	CALL       _Delay_1us
;__Lib_Lcd.c,42 :: 		
0x0051	0x1188      	BCF        LCD_EN, BitPos(LCD_EN+0)
;__Lib_Lcd.c,44 :: 		
0x0052	0x1C29      	BTFSS      __Lib_Lcd_cmd_status, BitPos(__Lib_Lcd_cmd_status+0)
0x0053	0x2856      	GOTO       L_Lcd_Cmd0
;__Lib_Lcd.c,45 :: 		
0x0054	0x2005      	CALL       _Delay_5500us
0x0055	0x2857      	GOTO       L_Lcd_Cmd1
L_Lcd_Cmd0:
;__Lib_Lcd.c,47 :: 		
0x0056	0x2010      	CALL       _Delay_50us
L_Lcd_Cmd1:
;__Lib_Lcd.c,48 :: 		
L_end_Lcd_Cmd:
0x0057	0x0008      	RETURN
; end of _Lcd_Cmd
_Delay_10us:
;__Lib_Delays.c,11 :: 		void Delay_10us() {
;__Lib_Delays.c,12 :: 		Delay_us(10);
0x0058	0x3003      	MOVLW      3
0x0059	0x1283      	BCF        STATUS, 5
0x005A	0x1303      	BCF        STATUS, 6
0x005B	0x00FD      	MOVWF      R13
L_Delay_10us0:
0x005C	0x0BFD      	DECFSZ     R13, 1
0x005D	0x285C      	GOTO       L_Delay_10us0
;__Lib_Delays.c,13 :: 		}
L_end_Delay_10us:
0x005E	0x0008      	RETURN
; end of _Delay_10us
_____DoICP:
;__Lib_System.c,6 :: 		
;__Lib_System.c,9 :: 		
0x005F	0x1283      	BCF        STATUS, 5
0x0060	0x1303      	BCF        STATUS, 6
0x0061	0x0828      	MOVF       ___DoICPAddr+1, 0
0x0062	0x008A      	MOVWF      PCLATH
;__Lib_System.c,10 :: 		
0x0063	0x0827      	MOVF       ___DoICPAddr, 0
0x0064	0x0082      	MOVWF      PCL
;__Lib_System.c,12 :: 		
L_end_____DoICP:
0x0065	0x0008      	RETURN
; end of _____DoICP
_Lcd_Chr_CP:
;__Lib_Lcd.c,50 :: 		
;__Lib_Lcd.c,52 :: 		
0x0066	0x1283      	BCF        STATUS, 5
0x0067	0x1303      	BCF        STATUS, 6
0x0068	0x1029      	BCF        __Lib_Lcd_cmd_status, BitPos(__Lib_Lcd_cmd_status+0)
;__Lib_Lcd.c,53 :: 		
0x0069	0x082F      	MOVF       FARG_Lcd_Chr_CP_out_char, 0
0x006A	0x00B4      	MOVWF      FARG_Lcd_Cmd_out_char
0x006B	0x2018      	CALL       _Lcd_Cmd
;__Lib_Lcd.c,54 :: 		
0x006C	0x1429      	BSF        __Lib_Lcd_cmd_status, BitPos(__Lib_Lcd_cmd_status+0)
;__Lib_Lcd.c,55 :: 		
L_end_Lcd_Chr_CP:
0x006D	0x0008      	RETURN
; end of _Lcd_Chr_CP
_Keypad_Key_Press:
;__Lib_Keypad4x4.c,39 :: 		
;__Lib_Keypad4x4.c,43 :: 		
0x006E	0x1283      	BCF        STATUS, 5
0x006F	0x1303      	BCF        STATUS, 6
0x0070	0x01AF      	CLRF       Keypad_Key_Press_rslt_L0
;__Lib_Keypad4x4.c,44 :: 		
0x0071	0x01B1      	CLRF       Keypad_Key_Press_loc_L0
;__Lib_Keypad4x4.c,45 :: 		
0x0072	0x01B2      	CLRF       Keypad_Key_Press_rowcnt_L0
;__Lib_Keypad4x4.c,46 :: 		
0x0073	0x3010      	MOVLW      16
0x0074	0x00B3      	MOVWF      Keypad_Key_Press_shifter_L0
;__Lib_Keypad4x4.c,48 :: 		
L_Keypad_Key_Press0:
0x0075	0x3004      	MOVLW      4
0x0076	0x0232      	SUBWF      Keypad_Key_Press_rowcnt_L0, 0
0x0077	0x1803      	BTFSC      STATUS, 0
0x0078	0x289F      	GOTO       L_Keypad_Key_Press1
;__Lib_Keypad4x4.c,50 :: 		
0x0079	0x30F0      	MOVLW      240
0x007A	0x0086      	MOVWF      keypadPort
;__Lib_Keypad4x4.c,51 :: 		
0x007B	0x3080      	MOVLW      128
0x007C	0x00F0      	MOVWF      R0
0x007D	0x0870      	MOVF       R0, 0
0x007E	0x3E06      	ADDLW      keypadPort
0x007F	0x0084      	MOVWF      FSR
0x0080	0x0933      	COMF       Keypad_Key_Press_shifter_L0, 0
0x0081	0x00F0      	MOVWF      R0
0x0082	0x0870      	MOVF       R0, 0
0x0083	0x0080      	MOVWF      INDF
;__Lib_Keypad4x4.c,55 :: 		
0x0084	0x2003      	CALL       _Delay_1us
;__Lib_Keypad4x4.c,56 :: 		
0x0085	0x2003      	CALL       _Delay_1us
;__Lib_Keypad4x4.c,57 :: 		
0x0086	0x300F      	MOVLW      15
0x0087	0x0506      	ANDWF      keypadPort, 0
0x0088	0x00F0      	MOVWF      R0
0x0089	0x0870      	MOVF       R0, 0
0x008A	0x00B0      	MOVWF      Keypad_Key_Press_kdata_L0
;__Lib_Keypad4x4.c,58 :: 		
0x008B	0x0870      	MOVF       R0, 0
0x008C	0x1903      	BTFSC      STATUS, 2
0x008D	0x2899      	GOTO       L_Keypad_Key_Press2
;__Lib_Keypad4x4.c,60 :: 		
0x008E	0x0831      	MOVF       Keypad_Key_Press_loc_L0, 0
0x008F	0x00AF      	MOVWF      Keypad_Key_Press_rslt_L0
;__Lib_Keypad4x4.c,61 :: 		
L_Keypad_Key_Press3:
0x0090	0x0830      	MOVF       Keypad_Key_Press_kdata_L0, 0
0x0091	0x1903      	BTFSC      STATUS, 2
0x0092	0x2897      	GOTO       L_Keypad_Key_Press4
;__Lib_Keypad4x4.c,62 :: 		
0x0093	0x0CB0      	RRF        Keypad_Key_Press_kdata_L0, 1
0x0094	0x13B0      	BCF        Keypad_Key_Press_kdata_L0, 7
;__Lib_Keypad4x4.c,63 :: 		
0x0095	0x0AAF      	INCF       Keypad_Key_Press_rslt_L0, 1
;__Lib_Keypad4x4.c,64 :: 		
0x0096	0x2890      	GOTO       L_Keypad_Key_Press3
L_Keypad_Key_Press4:
;__Lib_Keypad4x4.c,66 :: 		
0x0097	0x3004      	MOVLW      4
0x0098	0x00B2      	MOVWF      Keypad_Key_Press_rowcnt_L0
;__Lib_Keypad4x4.c,67 :: 		
L_Keypad_Key_Press2:
;__Lib_Keypad4x4.c,68 :: 		
0x0099	0x0DB3      	RLF        Keypad_Key_Press_shifter_L0, 1
0x009A	0x1033      	BCF        Keypad_Key_Press_shifter_L0, 0
;__Lib_Keypad4x4.c,69 :: 		
0x009B	0x3004      	MOVLW      4
0x009C	0x07B1      	ADDWF      Keypad_Key_Press_loc_L0, 1
;__Lib_Keypad4x4.c,70 :: 		
0x009D	0x0AB2      	INCF       Keypad_Key_Press_rowcnt_L0, 1
;__Lib_Keypad4x4.c,71 :: 		
0x009E	0x2875      	GOTO       L_Keypad_Key_Press0
L_Keypad_Key_Press1:
;__Lib_Keypad4x4.c,73 :: 		
0x009F	0x082F      	MOVF       Keypad_Key_Press_rslt_L0, 0
0x00A0	0x00F0      	MOVWF      R0
;__Lib_Keypad4x4.c,74 :: 		
L_end_Keypad_Key_Press:
0x00A1	0x0008      	RETURN
; end of _Keypad_Key_Press
_Lcd_Chr:
;__Lib_Lcd.c,65 :: 		
;__Lib_Lcd.c,66 :: 		
0x00A2	0x28B4      	GOTO       L_Lcd_Chr4
;__Lib_Lcd.c,67 :: 		
L_Lcd_Chr6:
0x00A3	0x3080      	MOVLW      128
0x00A4	0x1283      	BCF        STATUS, 5
0x00A5	0x1303      	BCF        STATUS, 6
0x00A6	0x00AB      	MOVWF      FARG_Lcd_Chr_row
0x00A7	0x28C7      	GOTO       L_Lcd_Chr5
;__Lib_Lcd.c,68 :: 		
L_Lcd_Chr7:
0x00A8	0x30C0      	MOVLW      192
0x00A9	0x00AB      	MOVWF      FARG_Lcd_Chr_row
0x00AA	0x28C7      	GOTO       L_Lcd_Chr5
;__Lib_Lcd.c,69 :: 		
L_Lcd_Chr8:
0x00AB	0x3094      	MOVLW      148
0x00AC	0x00AB      	MOVWF      FARG_Lcd_Chr_row
0x00AD	0x28C7      	GOTO       L_Lcd_Chr5
;__Lib_Lcd.c,70 :: 		
L_Lcd_Chr9:
0x00AE	0x30D4      	MOVLW      212
0x00AF	0x00AB      	MOVWF      FARG_Lcd_Chr_row
0x00B0	0x28C7      	GOTO       L_Lcd_Chr5
;__Lib_Lcd.c,71 :: 		
L_Lcd_Chr10:
0x00B1	0x3080      	MOVLW      128
0x00B2	0x00AB      	MOVWF      FARG_Lcd_Chr_row
;__Lib_Lcd.c,72 :: 		
0x00B3	0x28C7      	GOTO       L_Lcd_Chr5
L_Lcd_Chr4:
0x00B4	0x1283      	BCF        STATUS, 5
0x00B5	0x1303      	BCF        STATUS, 6
0x00B6	0x082B      	MOVF       FARG_Lcd_Chr_row, 0
0x00B7	0x3A01      	XORLW      1
0x00B8	0x1903      	BTFSC      STATUS, 2
0x00B9	0x28A3      	GOTO       L_Lcd_Chr6
0x00BA	0x082B      	MOVF       FARG_Lcd_Chr_row, 0
0x00BB	0x3A02      	XORLW      2
0x00BC	0x1903      	BTFSC      STATUS, 2
0x00BD	0x28A8      	GOTO       L_Lcd_Chr7
0x00BE	0x082B      	MOVF       FARG_Lcd_Chr_row, 0
0x00BF	0x3A03      	XORLW      3
0x00C0	0x1903      	BTFSC      STATUS, 2
0x00C1	0x28AB      	GOTO       L_Lcd_Chr8
0x00C2	0x082B      	MOVF       FARG_Lcd_Chr_row, 0
0x00C3	0x3A04      	XORLW      4
0x00C4	0x1903      	BTFSC      STATUS, 2
0x00C5	0x28AE      	GOTO       L_Lcd_Chr9
0x00C6	0x28B1      	GOTO       L_Lcd_Chr10
L_Lcd_Chr5:
;__Lib_Lcd.c,74 :: 		
0x00C7	0x032C      	DECF       FARG_Lcd_Chr_column, 0
0x00C8	0x00F0      	MOVWF      R0
0x00C9	0x082B      	MOVF       FARG_Lcd_Chr_row, 0
0x00CA	0x07F0      	ADDWF      R0, 1
0x00CB	0x0870      	MOVF       R0, 0
0x00CC	0x00AB      	MOVWF      FARG_Lcd_Chr_row
;__Lib_Lcd.c,76 :: 		
0x00CD	0x1429      	BSF        __Lib_Lcd_cmd_status, BitPos(__Lib_Lcd_cmd_status+0)
;__Lib_Lcd.c,77 :: 		
0x00CE	0x0870      	MOVF       R0, 0
0x00CF	0x00B4      	MOVWF      FARG_Lcd_Cmd_out_char
0x00D0	0x2018      	CALL       _Lcd_Cmd
;__Lib_Lcd.c,79 :: 		
0x00D1	0x1029      	BCF        __Lib_Lcd_cmd_status, BitPos(__Lib_Lcd_cmd_status+0)
;__Lib_Lcd.c,80 :: 		
0x00D2	0x082D      	MOVF       FARG_Lcd_Chr_out_char, 0
0x00D3	0x00B4      	MOVWF      FARG_Lcd_Cmd_out_char
0x00D4	0x2018      	CALL       _Lcd_Cmd
;__Lib_Lcd.c,81 :: 		
0x00D5	0x1429      	BSF        __Lib_Lcd_cmd_status, BitPos(__Lib_Lcd_cmd_status+0)
;__Lib_Lcd.c,82 :: 		
L_end_Lcd_Chr:
0x00D6	0x0008      	RETURN
; end of _Lcd_Chr
_Keypad_Init:
;__Lib_Keypad4x4.c,34 :: 		
;__Lib_Keypad4x4.c,35 :: 		
0x00D7	0x3080      	MOVLW      128
0x00D8	0x1283      	BCF        STATUS, 5
0x00D9	0x1303      	BCF        STATUS, 6
0x00DA	0x00F0      	MOVWF      R0
0x00DB	0x0870      	MOVF       R0, 0
0x00DC	0x3E06      	ADDLW      keypadPort
0x00DD	0x0084      	MOVWF      FSR
0x00DE	0x30FF      	MOVLW      255
0x00DF	0x0080      	MOVWF      INDF
;__Lib_Keypad4x4.c,36 :: 		
L_end_Keypad_Init:
0x00E0	0x0008      	RETURN
; end of _Keypad_Init
_Lcd_Out:
;__Lib_Lcd.c,184 :: 		
;__Lib_Lcd.c,187 :: 		
0x00E1	0x28F3      	GOTO       L_Lcd_Out11
;__Lib_Lcd.c,188 :: 		
L_Lcd_Out13:
0x00E2	0x3080      	MOVLW      128
0x00E3	0x1283      	BCF        STATUS, 5
0x00E4	0x1303      	BCF        STATUS, 6
0x00E5	0x00AB      	MOVWF      FARG_Lcd_Out_row
0x00E6	0x2906      	GOTO       L_Lcd_Out12
;__Lib_Lcd.c,189 :: 		
L_Lcd_Out14:
0x00E7	0x30C0      	MOVLW      192
0x00E8	0x00AB      	MOVWF      FARG_Lcd_Out_row
0x00E9	0x2906      	GOTO       L_Lcd_Out12
;__Lib_Lcd.c,190 :: 		
L_Lcd_Out15:
0x00EA	0x3094      	MOVLW      148
0x00EB	0x00AB      	MOVWF      FARG_Lcd_Out_row
0x00EC	0x2906      	GOTO       L_Lcd_Out12
;__Lib_Lcd.c,191 :: 		
L_Lcd_Out16:
0x00ED	0x30D4      	MOVLW      212
0x00EE	0x00AB      	MOVWF      FARG_Lcd_Out_row
0x00EF	0x2906      	GOTO       L_Lcd_Out12
;__Lib_Lcd.c,192 :: 		
L_Lcd_Out17:
0x00F0	0x3080      	MOVLW      128
0x00F1	0x00AB      	MOVWF      FARG_Lcd_Out_row
;__Lib_Lcd.c,193 :: 		
0x00F2	0x2906      	GOTO       L_Lcd_Out12
L_Lcd_Out11:
0x00F3	0x1283      	BCF        STATUS, 5
0x00F4	0x1303      	BCF        STATUS, 6
0x00F5	0x082B      	MOVF       FARG_Lcd_Out_row, 0
0x00F6	0x3A01      	XORLW      1
0x00F7	0x1903      	BTFSC      STATUS, 2
0x00F8	0x28E2      	GOTO       L_Lcd_Out13
0x00F9	0x082B      	MOVF       FARG_Lcd_Out_row, 0
0x00FA	0x3A02      	XORLW      2
0x00FB	0x1903      	BTFSC      STATUS, 2
0x00FC	0x28E7      	GOTO       L_Lcd_Out14
0x00FD	0x082B      	MOVF       FARG_Lcd_Out_row, 0
0x00FE	0x3A03      	XORLW      3
0x00FF	0x1903      	BTFSC      STATUS, 2
0x0100	0x28EA      	GOTO       L_Lcd_Out15
0x0101	0x082B      	MOVF       FARG_Lcd_Out_row, 0
0x0102	0x3A04      	XORLW      4
0x0103	0x1903      	BTFSC      STATUS, 2
0x0104	0x28ED      	GOTO       L_Lcd_Out16
0x0105	0x28F0      	GOTO       L_Lcd_Out17
L_Lcd_Out12:
;__Lib_Lcd.c,194 :: 		
0x0106	0x032C      	DECF       FARG_Lcd_Out_column, 0
0x0107	0x00F0      	MOVWF      R0
0x0108	0x082B      	MOVF       FARG_Lcd_Out_row, 0
0x0109	0x07F0      	ADDWF      R0, 1
0x010A	0x0870      	MOVF       R0, 0
0x010B	0x00AB      	MOVWF      FARG_Lcd_Out_row
;__Lib_Lcd.c,196 :: 		
0x010C	0x0870      	MOVF       R0, 0
0x010D	0x00B4      	MOVWF      FARG_Lcd_Cmd_out_char
0x010E	0x2018      	CALL       _Lcd_Cmd
;__Lib_Lcd.c,197 :: 		
0x010F	0x1029      	BCF        __Lib_Lcd_cmd_status, BitPos(__Lib_Lcd_cmd_status+0)
;__Lib_Lcd.c,198 :: 		
0x0110	0x01AE      	CLRF       Lcd_Out_i_L0
;__Lib_Lcd.c,199 :: 		
L_Lcd_Out18:
0x0111	0x082E      	MOVF       Lcd_Out_i_L0, 0
0x0112	0x072D      	ADDWF      FARG_Lcd_Out_text, 0
0x0113	0x0084      	MOVWF      FSR
0x0114	0x0800      	MOVF       INDF, 0
0x0115	0x1903      	BTFSC      STATUS, 2
0x0116	0x291F      	GOTO       L_Lcd_Out19
;__Lib_Lcd.c,200 :: 		
0x0117	0x082E      	MOVF       Lcd_Out_i_L0, 0
0x0118	0x072D      	ADDWF      FARG_Lcd_Out_text, 0
0x0119	0x0084      	MOVWF      FSR
0x011A	0x0800      	MOVF       INDF, 0
0x011B	0x00AF      	MOVWF      FARG_Lcd_Chr_CP_out_char
0x011C	0x2066      	CALL       _Lcd_Chr_CP
0x011D	0x0AAE      	INCF       Lcd_Out_i_L0, 1
0x011E	0x2911      	GOTO       L_Lcd_Out18
L_Lcd_Out19:
;__Lib_Lcd.c,201 :: 		
0x011F	0x1429      	BSF        __Lib_Lcd_cmd_status, BitPos(__Lib_Lcd_cmd_status+0)
;__Lib_Lcd.c,202 :: 		
L_end_Lcd_Out:
0x0120	0x0008      	RETURN
; end of _Lcd_Out
_Lcd_Init:
;__Lib_Lcd.c,84 :: 		
;__Lib_Lcd.c,86 :: 		
0x0121	0x1683      	BSF        STATUS, 5
0x0122	0x1303      	BCF        STATUS, 6
0x0123	0x1188      	BCF        LCD_EN_Direction, BitPos(LCD_EN_Direction+0)
;__Lib_Lcd.c,87 :: 		
0x0124	0x1108      	BCF        LCD_RS_Direction, BitPos(LCD_RS_Direction+0)
;__Lib_Lcd.c,88 :: 		
0x0125	0x1208      	BCF        LCD_D4_Direction, BitPos(LCD_D4_Direction+0)
;__Lib_Lcd.c,89 :: 		
0x0126	0x1288      	BCF        LCD_D5_Direction, BitPos(LCD_D5_Direction+0)
;__Lib_Lcd.c,90 :: 		
0x0127	0x1308      	BCF        LCD_D6_Direction, BitPos(LCD_D6_Direction+0)
;__Lib_Lcd.c,91 :: 		
0x0128	0x1388      	BCF        LCD_D7_Direction, BitPos(LCD_D7_Direction+0)
;__Lib_Lcd.c,93 :: 		
0x0129	0x1283      	BCF        STATUS, 5
0x012A	0x1188      	BCF        LCD_EN, BitPos(LCD_EN+0)
;__Lib_Lcd.c,94 :: 		
0x012B	0x1108      	BCF        LCD_RS, BitPos(LCD_RS+0)
;__Lib_Lcd.c,95 :: 		
0x012C	0x1388      	BCF        LCD_D7, BitPos(LCD_D7+0)
;__Lib_Lcd.c,96 :: 		
0x012D	0x1308      	BCF        LCD_D6, BitPos(LCD_D6+0)
;__Lib_Lcd.c,97 :: 		
0x012E	0x1288      	BCF        LCD_D5, BitPos(LCD_D5+0)
;__Lib_Lcd.c,98 :: 		
0x012F	0x1208      	BCF        LCD_D4, BitPos(LCD_D4+0)
;__Lib_Lcd.c,100 :: 		
0x0130	0x2005      	CALL       _Delay_5500us
;__Lib_Lcd.c,101 :: 		
0x0131	0x2005      	CALL       _Delay_5500us
;__Lib_Lcd.c,102 :: 		
0x0132	0x2005      	CALL       _Delay_5500us
;__Lib_Lcd.c,105 :: 		
0x0133	0x1688      	BSF        LCD_D5, BitPos(LCD_D5+0)
;__Lib_Lcd.c,106 :: 		
0x0134	0x1608      	BSF        LCD_D4, BitPos(LCD_D4+0)
;__Lib_Lcd.c,107 :: 		
0x0135	0x1588      	BSF        LCD_EN, BitPos(LCD_EN+0)
;__Lib_Lcd.c,108 :: 		
0x0136	0x2003      	CALL       _Delay_1us
;__Lib_Lcd.c,109 :: 		
0x0137	0x1188      	BCF        LCD_EN, BitPos(LCD_EN+0)
;__Lib_Lcd.c,110 :: 		
0x0138	0x2005      	CALL       _Delay_5500us
;__Lib_Lcd.c,112 :: 		
0x0139	0x1588      	BSF        LCD_EN, BitPos(LCD_EN+0)
;__Lib_Lcd.c,113 :: 		
0x013A	0x2003      	CALL       _Delay_1us
;__Lib_Lcd.c,114 :: 		
0x013B	0x1188      	BCF        LCD_EN, BitPos(LCD_EN+0)
;__Lib_Lcd.c,115 :: 		
0x013C	0x2005      	CALL       _Delay_5500us
;__Lib_Lcd.c,117 :: 		
0x013D	0x1588      	BSF        LCD_EN, BitPos(LCD_EN+0)
;__Lib_Lcd.c,118 :: 		
0x013E	0x2003      	CALL       _Delay_1us
;__Lib_Lcd.c,119 :: 		
0x013F	0x1188      	BCF        LCD_EN, BitPos(LCD_EN+0)
;__Lib_Lcd.c,120 :: 		
0x0140	0x2005      	CALL       _Delay_5500us
;__Lib_Lcd.c,123 :: 		
0x0141	0x1208      	BCF        LCD_D4, BitPos(LCD_D4+0)
;__Lib_Lcd.c,124 :: 		
0x0142	0x1588      	BSF        LCD_EN, BitPos(LCD_EN+0)
;__Lib_Lcd.c,125 :: 		
0x0143	0x2003      	CALL       _Delay_1us
;__Lib_Lcd.c,126 :: 		
0x0144	0x1188      	BCF        LCD_EN, BitPos(LCD_EN+0)
;__Lib_Lcd.c,127 :: 		
0x0145	0x2005      	CALL       _Delay_5500us
;__Lib_Lcd.c,130 :: 		
0x0146	0x1588      	BSF        LCD_EN, BitPos(LCD_EN+0)
;__Lib_Lcd.c,131 :: 		
0x0147	0x2003      	CALL       _Delay_1us
;__Lib_Lcd.c,132 :: 		
0x0148	0x1188      	BCF        LCD_EN, BitPos(LCD_EN+0)
;__Lib_Lcd.c,134 :: 		
0x0149	0x1288      	BCF        LCD_D5, BitPos(LCD_D5+0)
;__Lib_Lcd.c,135 :: 		
0x014A	0x1788      	BSF        LCD_D7, BitPos(LCD_D7+0)
;__Lib_Lcd.c,136 :: 		
0x014B	0x1588      	BSF        LCD_EN, BitPos(LCD_EN+0)
;__Lib_Lcd.c,137 :: 		
0x014C	0x2003      	CALL       _Delay_1us
;__Lib_Lcd.c,138 :: 		
0x014D	0x1188      	BCF        LCD_EN, BitPos(LCD_EN+0)
;__Lib_Lcd.c,139 :: 		
0x014E	0x2005      	CALL       _Delay_5500us
;__Lib_Lcd.c,142 :: 		
0x014F	0x1388      	BCF        LCD_D7, BitPos(LCD_D7+0)
;__Lib_Lcd.c,143 :: 		
0x0150	0x1608      	BSF        LCD_D4, BitPos(LCD_D4+0)
;__Lib_Lcd.c,144 :: 		
0x0151	0x1588      	BSF        LCD_EN, BitPos(LCD_EN+0)
;__Lib_Lcd.c,145 :: 		
0x0152	0x2003      	CALL       _Delay_1us
;__Lib_Lcd.c,146 :: 		
0x0153	0x1188      	BCF        LCD_EN, BitPos(LCD_EN+0)
;__Lib_Lcd.c,148 :: 		
0x0154	0x1208      	BCF        LCD_D4, BitPos(LCD_D4+0)
;__Lib_Lcd.c,149 :: 		
0x0155	0x1588      	BSF        LCD_EN, BitPos(LCD_EN+0)
;__Lib_Lcd.c,150 :: 		
0x0156	0x2003      	CALL       _Delay_1us
;__Lib_Lcd.c,151 :: 		
0x0157	0x1188      	BCF        LCD_EN, BitPos(LCD_EN+0)
;__Lib_Lcd.c,152 :: 		
0x0158	0x2005      	CALL       _Delay_5500us
;__Lib_Lcd.c,155 :: 		
0x0159	0x1588      	BSF        LCD_EN, BitPos(LCD_EN+0)
;__Lib_Lcd.c,156 :: 		
0x015A	0x2003      	CALL       _Delay_1us
;__Lib_Lcd.c,157 :: 		
0x015B	0x1188      	BCF        LCD_EN, BitPos(LCD_EN+0)
;__Lib_Lcd.c,159 :: 		
0x015C	0x1608      	BSF        LCD_D4, BitPos(LCD_D4+0)
;__Lib_Lcd.c,160 :: 		
0x015D	0x1588      	BSF        LCD_EN, BitPos(LCD_EN+0)
;__Lib_Lcd.c,161 :: 		
0x015E	0x2003      	CALL       _Delay_1us
;__Lib_Lcd.c,162 :: 		
0x015F	0x1188      	BCF        LCD_EN, BitPos(LCD_EN+0)
;__Lib_Lcd.c,163 :: 		
0x0160	0x2005      	CALL       _Delay_5500us
;__Lib_Lcd.c,166 :: 		
0x0161	0x1208      	BCF        LCD_D4, BitPos(LCD_D4+0)
;__Lib_Lcd.c,167 :: 		
0x0162	0x1588      	BSF        LCD_EN, BitPos(LCD_EN+0)
;__Lib_Lcd.c,168 :: 		
0x0163	0x2003      	CALL       _Delay_1us
;__Lib_Lcd.c,169 :: 		
0x0164	0x1188      	BCF        LCD_EN, BitPos(LCD_EN+0)
;__Lib_Lcd.c,171 :: 		
0x0165	0x1788      	BSF        LCD_D7, BitPos(LCD_D7+0)
;__Lib_Lcd.c,172 :: 		
0x0166	0x1708      	BSF        LCD_D6, BitPos(LCD_D6+0)
;__Lib_Lcd.c,173 :: 		
0x0167	0x1688      	BSF        LCD_D5, BitPos(LCD_D5+0)
;__Lib_Lcd.c,174 :: 		
0x0168	0x1608      	BSF        LCD_D4, BitPos(LCD_D4+0)
;__Lib_Lcd.c,175 :: 		
0x0169	0x1588      	BSF        LCD_EN, BitPos(LCD_EN+0)
;__Lib_Lcd.c,176 :: 		
0x016A	0x2003      	CALL       _Delay_1us
;__Lib_Lcd.c,177 :: 		
0x016B	0x1188      	BCF        LCD_EN, BitPos(LCD_EN+0)
;__Lib_Lcd.c,179 :: 		
0x016C	0x2005      	CALL       _Delay_5500us
;__Lib_Lcd.c,181 :: 		
0x016D	0x1429      	BSF        __Lib_Lcd_cmd_status, BitPos(__Lib_Lcd_cmd_status+0)
;__Lib_Lcd.c,182 :: 		
L_end_Lcd_Init:
0x016E	0x0008      	RETURN
; end of _Lcd_Init
_Keypad_Key_Click:
;__Lib_Keypad4x4.c,77 :: 		
;__Lib_Keypad4x4.c,81 :: 		
0x016F	0x206E      	CALL       _Keypad_Key_Press
0x0170	0x0870      	MOVF       R0, 0
0x0171	0x00AB      	MOVWF      Keypad_Key_Click_rslt_L0
;__Lib_Keypad4x4.c,83 :: 		
L_Keypad_Key_Click5:
0x0172	0x300F      	MOVLW      15
0x0173	0x0506      	ANDWF      keypadPort, 0
0x0174	0x00F0      	MOVWF      R0
0x0175	0x1903      	BTFSC      STATUS, 2
0x0176	0x2979      	GOTO       L_Keypad_Key_Click6
;__Lib_Keypad4x4.c,84 :: 		
0x0177	0x2058      	CALL       _Delay_10us
0x0178	0x2972      	GOTO       L_Keypad_Key_Click5
L_Keypad_Key_Click6:
;__Lib_Keypad4x4.c,86 :: 		
0x0179	0x082B      	MOVF       Keypad_Key_Click_rslt_L0, 0
0x017A	0x00F0      	MOVWF      R0
;__Lib_Keypad4x4.c,87 :: 		
L_end_Keypad_Key_Click:
0x017B	0x0008      	RETURN
; end of _Keypad_Key_Click
___CC2DW:
;__Lib_System.c,134 :: 		
;__Lib_System.c,137 :: 		
_CC2D_Loop1:
;__Lib_System.c,139 :: 		
0x017C	0x205F      	CALL       _____DoICP
0x017D	0x118A      	BCF        PCLATH, 3
0x017E	0x120A      	BCF        PCLATH, 4
;__Lib_System.c,141 :: 		
0x017F	0x0080      	MOVWF      INDF
;__Lib_System.c,142 :: 		
0x0180	0x0A84      	INCF       FSR, 1
;__Lib_System.c,143 :: 		
0x0181	0x0AA7      	INCF       ___DoICPAddr, 1
;__Lib_System.c,145 :: 		
0x0182	0x1903      	BTFSC      STATUS, 2
;__Lib_System.c,146 :: 		
0x0183	0x0AA8      	INCF       ___DoICPAddr+1, 1
;__Lib_System.c,147 :: 		
0x0184	0x03F0      	DECF       R0, 1
;__Lib_System.c,149 :: 		
0x0185	0x1D03      	BTFSS      STATUS, 2
;__Lib_System.c,150 :: 		
0x0186	0x297C      	GOTO       _CC2D_Loop1
;__Lib_System.c,152 :: 		
L_end___CC2DW:
0x0187	0x0008      	RETURN
; end of ___CC2DW
_main:
0x0188	0x3054      	MOVLW      84
0x0189	0x1283      	BCF        STATUS, 5
0x018A	0x1303      	BCF        STATUS, 6
0x018B	0x00A0      	MOVWF      ?lstr1_Teclado_2
0x018C	0x3065      	MOVLW      101
0x018D	0x00A1      	MOVWF      33
0x018E	0x3063      	MOVLW      99
0x018F	0x00A2      	MOVWF      34
0x0190	0x306C      	MOVLW      108
0x0191	0x00A3      	MOVWF      35
0x0192	0x3061      	MOVLW      97
0x0193	0x00A4      	MOVWF      36
0x0194	0x303A      	MOVLW      58
0x0195	0x00A5      	MOVWF      37
0x0196	0x01A6      	CLRF       38
;Teclado_2.c,20 :: 		void main() {
;Teclado_2.c,21 :: 		Lcd_Init();
0x0197	0x2121      	CALL       _Lcd_Init
;Teclado_2.c,22 :: 		Lcd_Cmd(_LCD_CLEAR);
0x0198	0x3001      	MOVLW      1
0x0199	0x00B4      	MOVWF      FARG_Lcd_Cmd_out_char
0x019A	0x2018      	CALL       _Lcd_Cmd
;Teclado_2.c,23 :: 		Lcd_Cmd(_LCD_CURSOR_OFF);
0x019B	0x300C      	MOVLW      12
0x019C	0x00B4      	MOVWF      FARG_Lcd_Cmd_out_char
0x019D	0x2018      	CALL       _Lcd_Cmd
;Teclado_2.c,24 :: 		Lcd_Out(1, 1, "Tecla:");
0x019E	0x3001      	MOVLW      1
0x019F	0x00AB      	MOVWF      FARG_Lcd_Out_row
0x01A0	0x3001      	MOVLW      1
0x01A1	0x00AC      	MOVWF      FARG_Lcd_Out_column
0x01A2	0x3020      	MOVLW      ?lstr1_Teclado_2
0x01A3	0x00AD      	MOVWF      FARG_Lcd_Out_text
0x01A4	0x20E1      	CALL       _Lcd_Out
;Teclado_2.c,25 :: 		Keypad_Init();
0x01A5	0x20D7      	CALL       _Keypad_Init
;Teclado_2.c,26 :: 		while(1){
L_main0:
;Teclado_2.c,27 :: 		do
L_main2:
;Teclado_2.c,28 :: 		kp = Keypad_Key_Click();             // Store key code in kp variable
0x01A6	0x216F      	CALL       _Keypad_Key_Click
0x01A7	0x0870      	MOVF       R0, 0
0x01A8	0x00AA      	MOVWF      _kp
;Teclado_2.c,29 :: 		while (!kp);
0x01A9	0x0870      	MOVF       R0, 0
0x01AA	0x1903      	BTFSC      STATUS, 2
0x01AB	0x29A6      	GOTO       L_main2
;Teclado_2.c,31 :: 		switch (kp) {
0x01AC	0x29CB      	GOTO       L_main5
;Teclado_2.c,32 :: 		case  1: kp = '7'; break; // 1        // Uncomment this block for keypad4x4
L_main7:
0x01AD	0x3037      	MOVLW      55
0x01AE	0x00AA      	MOVWF      _kp
0x01AF	0x29F3      	GOTO       L_main6
;Teclado_2.c,33 :: 		case  2: kp = '4'; break; // 2
L_main8:
0x01B0	0x3034      	MOVLW      52
0x01B1	0x00AA      	MOVWF      _kp
0x01B2	0x29F3      	GOTO       L_main6
;Teclado_2.c,34 :: 		case  3: kp = '1'; break; // 3
L_main9:
0x01B3	0x3031      	MOVLW      49
0x01B4	0x00AA      	MOVWF      _kp
0x01B5	0x29F3      	GOTO       L_main6
;Teclado_2.c,35 :: 		case  5: kp = '8'; break; // 4
L_main10:
0x01B6	0x3038      	MOVLW      56
0x01B7	0x00AA      	MOVWF      _kp
0x01B8	0x29F3      	GOTO       L_main6
;Teclado_2.c,36 :: 		case  6: kp = '5'; break; // 5
L_main11:
0x01B9	0x3035      	MOVLW      53
0x01BA	0x00AA      	MOVWF      _kp
0x01BB	0x29F3      	GOTO       L_main6
;Teclado_2.c,37 :: 		case  7: kp = '2'; break; // 6
L_main12:
0x01BC	0x3032      	MOVLW      50
0x01BD	0x00AA      	MOVWF      _kp
0x01BE	0x29F3      	GOTO       L_main6
;Teclado_2.c,38 :: 		case  8: kp = '0'; break; // B
L_main13:
0x01BF	0x3030      	MOVLW      48
0x01C0	0x00AA      	MOVWF      _kp
0x01C1	0x29F3      	GOTO       L_main6
;Teclado_2.c,39 :: 		case  9: kp = '9'; break; // 7
L_main14:
0x01C2	0x3039      	MOVLW      57
0x01C3	0x00AA      	MOVWF      _kp
0x01C4	0x29F3      	GOTO       L_main6
;Teclado_2.c,40 :: 		case 10: kp = '6'; break; // 8
L_main15:
0x01C5	0x3036      	MOVLW      54
0x01C6	0x00AA      	MOVWF      _kp
0x01C7	0x29F3      	GOTO       L_main6
;Teclado_2.c,41 :: 		case 11: kp = '3'; break; // 9
L_main16:
0x01C8	0x3033      	MOVLW      51
0x01C9	0x00AA      	MOVWF      _kp
0x01CA	0x29F3      	GOTO       L_main6
;Teclado_2.c,42 :: 		}
L_main5:
0x01CB	0x082A      	MOVF       _kp, 0
0x01CC	0x3A01      	XORLW      1
0x01CD	0x1903      	BTFSC      STATUS, 2
0x01CE	0x29AD      	GOTO       L_main7
0x01CF	0x082A      	MOVF       _kp, 0
0x01D0	0x3A02      	XORLW      2
0x01D1	0x1903      	BTFSC      STATUS, 2
0x01D2	0x29B0      	GOTO       L_main8
0x01D3	0x082A      	MOVF       _kp, 0
0x01D4	0x3A03      	XORLW      3
0x01D5	0x1903      	BTFSC      STATUS, 2
0x01D6	0x29B3      	GOTO       L_main9
0x01D7	0x082A      	MOVF       _kp, 0
0x01D8	0x3A05      	XORLW      5
0x01D9	0x1903      	BTFSC      STATUS, 2
0x01DA	0x29B6      	GOTO       L_main10
0x01DB	0x082A      	MOVF       _kp, 0
0x01DC	0x3A06      	XORLW      6
0x01DD	0x1903      	BTFSC      STATUS, 2
0x01DE	0x29B9      	GOTO       L_main11
0x01DF	0x082A      	MOVF       _kp, 0
0x01E0	0x3A07      	XORLW      7
0x01E1	0x1903      	BTFSC      STATUS, 2
0x01E2	0x29BC      	GOTO       L_main12
0x01E3	0x082A      	MOVF       _kp, 0
0x01E4	0x3A08      	XORLW      8
0x01E5	0x1903      	BTFSC      STATUS, 2
0x01E6	0x29BF      	GOTO       L_main13
0x01E7	0x082A      	MOVF       _kp, 0
0x01E8	0x3A09      	XORLW      9
0x01E9	0x1903      	BTFSC      STATUS, 2
0x01EA	0x29C2      	GOTO       L_main14
0x01EB	0x082A      	MOVF       _kp, 0
0x01EC	0x3A0A      	XORLW      10
0x01ED	0x1903      	BTFSC      STATUS, 2
0x01EE	0x29C5      	GOTO       L_main15
0x01EF	0x082A      	MOVF       _kp, 0
0x01F0	0x3A0B      	XORLW      11
0x01F1	0x1903      	BTFSC      STATUS, 2
0x01F2	0x29C8      	GOTO       L_main16
L_main6:
;Teclado_2.c,43 :: 		Lcd_Chr(2, 1, kp);
0x01F3	0x3002      	MOVLW      2
0x01F4	0x00AB      	MOVWF      FARG_Lcd_Chr_row
0x01F5	0x3001      	MOVLW      1
0x01F6	0x00AC      	MOVWF      FARG_Lcd_Chr_column
0x01F7	0x082A      	MOVF       _kp, 0
0x01F8	0x00AD      	MOVWF      FARG_Lcd_Chr_out_char
0x01F9	0x20A2      	CALL       _Lcd_Chr
;Teclado_2.c,44 :: 		}
0x01FA	0x29A6      	GOTO       L_main0
;Teclado_2.c,45 :: 		}
L_end_main:
0x01FB	0x29FB      	GOTO       $+0
; end of _main
Symbol List:
//** Routines locations **
//ADDRESS    SIZE    PROCEDURE
//----------------------------------------------
0x0003       [2]    _Delay_1us
0x0005      [11]    _Delay_5500us
0x0010       [8]    _Delay_50us
0x0018      [64]    _Lcd_Cmd
0x0058       [7]    _Delay_10us
0x005F       [7]    _____DoICP
0x0066       [8]    _Lcd_Chr_CP
0x006E      [52]    _Keypad_Key_Press
0x00A2      [53]    _Lcd_Chr
0x00D7      [10]    _Keypad_Init
0x00E1      [64]    _Lcd_Out
0x0121      [78]    _Lcd_Init
0x016F      [13]    _Keypad_Key_Click
0x017C      [12]    ___CC2DW
0x0188     [116]    _main
//** Variables locations ** 
//ADDRESS    SIZE    VARIABLE
//----------------------------------------------
0x0000       [1]    INDF
0x0002       [1]    PCL
0x0003       [1]    STATUS
0x0004       [1]    FSR
0x0006       [1]    keypadPort
0x0006       [1]    PORTB
0x0008       [0]    RD3_bit
0x0008       [0]    RD2_bit
0x0008       [0]    RD4_bit
0x0008       [0]    RD7_bit
0x0008       [0]    RD6_bit
0x0008       [0]    RD5_bit
0x0008       [0]    LCD_D6
0x0008       [0]    LCD_D5
0x0008       [0]    LCD_D4
0x0008       [0]    LCD_D7
0x0008       [0]    LCD_RS
0x0008       [0]    LCD_EN
0x000A       [1]    PCLATH
0x0020       [7]    ?lstr1_Teclado_2
0x0027       [2]    ___DoICPAddr
0x0029       [0]    __Lib_Lcd_cmd_status
0x002A       [1]    _kp
0x002B       [1]    FARG_Lcd_Out_row
0x002B       [1]    FARG_Lcd_Chr_row
0x002B       [1]    Keypad_Key_Click_rslt_L0
0x002C       [1]    FARG_Lcd_Chr_column
0x002C       [1]    FARG_Lcd_Out_column
0x002D       [1]    FARG_Lcd_Out_text
0x002D       [1]    FARG_Lcd_Chr_out_char
0x002E       [1]    Lcd_Out_i_L0
0x002F       [1]    FARG_Lcd_Chr_CP_out_char
0x002F       [1]    Keypad_Key_Press_rslt_L0
0x0030       [1]    Keypad_Key_Press_kdata_L0
0x0031       [1]    Keypad_Key_Press_loc_L0
0x0032       [1]    Keypad_Key_Press_rowcnt_L0
0x0033       [1]    Keypad_Key_Press_shifter_L0
0x0034       [1]    FARG_Lcd_Cmd_out_char
0x0070       [1]    R0
0x0071       [1]    R1
0x0072       [1]    R2
0x0073       [1]    R3
0x0074       [1]    R4
0x0075       [1]    R5
0x0076       [1]    R6
0x0077       [1]    R7
0x0078       [1]    R8
0x0079       [1]    R9
0x007A       [1]    R10
0x007B       [1]    R11
0x007C       [1]    R12
0x007D       [1]    R13
0x007E       [1]    R14
0x007F       [1]    R15
0x0088       [0]    LCD_D4_Direction
0x0088       [0]    TRISD6_bit
0x0088       [0]    LCD_RS_Direction
0x0088       [0]    TRISD3_bit
0x0088       [0]    TRISD4_bit
0x0088       [0]    TRISD5_bit
0x0088       [0]    LCD_D6_Direction
0x0088       [0]    LCD_D7_Direction
0x0088       [0]    TRISD7_bit
0x0088       [0]    TRISD2_bit
0x0088       [0]    LCD_EN_Direction
0x0088       [0]    LCD_D5_Direction
