;  LST file generated by mikroListExporter - v.2.0 
; Date/Time: 11/12/2023 15:00:56
;----------------------------------------------

;Address Opcode 	ASM
0x0000	0x282C      	GOTO       44
_SPI1_Init:
;__Lib_SPI_c345.c,23 :: 		
;__Lib_SPI_c345.c,24 :: 		
0x0003	0x30FF      	MOVLW      _SPI1_Read
0x0004	0x1283      	BCF        STATUS, 5
0x0005	0x1303      	BCF        STATUS, 6
0x0006	0x00A3      	MOVWF      _SPI_Rd_Ptr
0x0007	0x30FF      	MOVLW      hi_addr(_SPI1_Read)
0x0008	0x00A4      	MOVWF      _SPI_Rd_Ptr+1
0x0009	0x30FF      	MOVLW      FARG_SPI1_Read_buffer
0x000A	0x00A5      	MOVWF      _SPI_Rd_Ptr+2
0x000B	0x30FF      	MOVLW      hi_addr(FARG_SPI1_Read_buffer)
;__Lib_SPI_c345.c,25 :: 		
0x000C	0x301F      	MOVLW      _SPI1_Write
0x000D	0x00A6      	MOVWF      _SPI_Wr_Ptr
0x000E	0x3000      	MOVLW      hi_addr(_SPI1_Write)
0x000F	0x00A7      	MOVWF      _SPI_Wr_Ptr+1
0x0010	0x3020      	MOVLW      FARG_SPI1_Write_data_
0x0011	0x00A8      	MOVWF      _SPI_Wr_Ptr+2
0x0012	0x3000      	MOVLW      hi_addr(FARG_SPI1_Write_data_)
;__Lib_SPI_c345.c,29 :: 		
0x0013	0x1683      	BSF        STATUS, 5
0x0014	0x1287      	BCF        TRISC5_bit, BitPos(TRISC5_bit+0)
;__Lib_SPI_c345.c,30 :: 		
0x0015	0x1187      	BCF        TRISC3_bit, BitPos(TRISC3_bit+0)
;__Lib_SPI_c345.c,31 :: 		
0x0016	0x1607      	BSF        TRISC4_bit, BitPos(TRISC4_bit+0)
;__Lib_SPI_c345.c,33 :: 		
0x0017	0x1283      	BCF        STATUS, 5
0x0018	0x0194      	CLRF       SSPCON
;__Lib_SPI_c345.c,34 :: 		
0x0019	0x3040      	MOVLW      64
0x001A	0x1683      	BSF        STATUS, 5
0x001B	0x0094      	MOVWF      SSPSTAT
;__Lib_SPI_c345.c,35 :: 		
0x001C	0x1283      	BCF        STATUS, 5
0x001D	0x1694      	BSF        SSPCON, 5
;__Lib_SPI_c345.c,36 :: 		
L_end_SPI1_Init:
0x001E	0x0008      	RETURN
; end of _SPI1_Init
_SPI1_Write:
;__Lib_SPI_c345.c,77 :: 		
;__Lib_SPI_c345.c,80 :: 		
0x001F	0x1283      	BCF        STATUS, 5
0x0020	0x1303      	BCF        STATUS, 6
0x0021	0x0820      	MOVF       FARG_SPI1_Write_data_, 0
0x0022	0x0093      	MOVWF      SSPBUF
;__Lib_SPI_c345.c,81 :: 		
L_SPI1_Write8:
0x0023	0x1683      	BSF        STATUS, 5
0x0024	0x1814      	BTFSC      SSPSTAT, 0
0x0025	0x2828      	GOTO       L_SPI1_Write9
;__Lib_SPI_c345.c,82 :: 		
0x0026	0x0000      	NOP
0x0027	0x2823      	GOTO       L_SPI1_Write8
L_SPI1_Write9:
;__Lib_SPI_c345.c,83 :: 		
0x0028	0x1283      	BCF        STATUS, 5
0x0029	0x0813      	MOVF       SSPBUF, 0
0x002A	0x00F0      	MOVWF      R0
;__Lib_SPI_c345.c,84 :: 		
L_end_SPI1_Write:
0x002B	0x0008      	RETURN
; end of _SPI1_Write
_main:
;SPI1.c,3 :: 		void main() {
;SPI1.c,5 :: 		SPI1_Init();
0x002C	0x2003      	CALL       _SPI1_Init
;SPI1.c,6 :: 		TRISD.f0 = 0;
0x002D	0x1683      	BSF        STATUS, 5
0x002E	0x1008      	BCF        TRISD, 0
;SPI1.c,7 :: 		PORTD.f0 = 1;
0x002F	0x1283      	BCF        STATUS, 5
0x0030	0x1408      	BSF        PORTD, 0
;SPI1.c,8 :: 		cuenta = 0;
0x0031	0x01A9      	CLRF       _cuenta
;SPI1.c,9 :: 		while(1){
L_main0:
;SPI1.c,10 :: 		PORTD.f0 = 0;
0x0032	0x1008      	BCF        PORTD, 0
;SPI1.c,11 :: 		SPI1_Write(cuenta);
0x0033	0x0829      	MOVF       _cuenta, 0
0x0034	0x00A0      	MOVWF      FARG_SPI1_Write_data_
0x0035	0x201F      	CALL       _SPI1_Write
;SPI1.c,12 :: 		PORTD.f0 = 1;
0x0036	0x1408      	BSF        PORTD, 0
;SPI1.c,13 :: 		cuenta ++;
0x0037	0x0AA9      	INCF       _cuenta, 1
;SPI1.c,14 :: 		delay_ms(100);
0x0038	0x3082      	MOVLW      130
0x0039	0x00FC      	MOVWF      R12
0x003A	0x30DD      	MOVLW      221
0x003B	0x00FD      	MOVWF      R13
L_main2:
0x003C	0x0BFD      	DECFSZ     R13, 1
0x003D	0x283C      	GOTO       L_main2
0x003E	0x0BFC      	DECFSZ     R12, 1
0x003F	0x283C      	GOTO       L_main2
0x0040	0x0000      	NOP
0x0041	0x0000      	NOP
;SPI1.c,15 :: 		}
0x0042	0x2832      	GOTO       L_main0
;SPI1.c,16 :: 		}
L_end_main:
0x0043	0x2843      	GOTO       $+0
; end of _main
Symbol List:
//** Routines locations **
//ADDRESS    SIZE    PROCEDURE
//----------------------------------------------
0x0003      [28]    _SPI1_Init
0x001F      [13]    _SPI1_Write
0x002C      [24]    _main
//** Variables locations ** 
//ADDRESS    SIZE    VARIABLE
//----------------------------------------------
0x0000       [1]    INDF
0x0003       [1]    STATUS
0x0004       [1]    FSR
0x0008       [1]    PORTD
0x000A       [1]    PCLATH
0x0013       [1]    SSPBUF
0x0014       [1]    SSPCON
0x0020       [1]    FARG_SPI1_Write_data_
0x0021       [2]    ___DoICPAddr
0x0023       [3]    _SPI_Rd_Ptr
0x0026       [3]    _SPI_Wr_Ptr
0x0029       [1]    _cuenta
0x0070       [1]    R0
0x0071       [1]    R1
0x0072       [1]    R2
0x0073       [1]    R3
0x0074       [1]    R4
0x0075       [1]    R5
0x0076       [1]    R6
0x0077       [1]    R7
0x0078       [1]    R8
0x0079       [1]    R9
0x007A       [1]    R10
0x007B       [1]    R11
0x007C       [1]    R12
0x007D       [1]    R13
0x007E       [1]    R14
0x007F       [1]    R15
0x0087       [0]    TRISC4_bit
0x0087       [0]    TRISC3_bit
0x0087       [0]    TRISC5_bit
0x0088       [1]    TRISD
0x0094       [1]    SSPSTAT
