;  LST file generated by mikroListExporter - v.2.0 
; Date/Time: 12/12/2023 12:19:47
;----------------------------------------------

;Address Opcode 	ASM
0x0000	0x283B      	GOTO       59
_SPI1_Write:
;__Lib_SPI_c345.c,77 :: 		
;__Lib_SPI_c345.c,80 :: 		
0x0003	0x1283      	BCF        STATUS, 5
0x0004	0x1303      	BCF        STATUS, 6
0x0005	0x0820      	MOVF       FARG_SPI1_Write_data_, 0
0x0006	0x0093      	MOVWF      SSPBUF
;__Lib_SPI_c345.c,81 :: 		
L_SPI1_Write8:
0x0007	0x1683      	BSF        STATUS, 5
0x0008	0x1814      	BTFSC      SSPSTAT, 0
0x0009	0x280C      	GOTO       L_SPI1_Write9
;__Lib_SPI_c345.c,82 :: 		
0x000A	0x0000      	NOP
0x000B	0x2807      	GOTO       L_SPI1_Write8
L_SPI1_Write9:
;__Lib_SPI_c345.c,83 :: 		
0x000C	0x1283      	BCF        STATUS, 5
0x000D	0x0813      	MOVF       SSPBUF, 0
0x000E	0x00F0      	MOVWF      R0
;__Lib_SPI_c345.c,84 :: 		
L_end_SPI1_Write:
0x000F	0x0008      	RETURN
; end of _SPI1_Write
_SPI1_Init:
;__Lib_SPI_c345.c,23 :: 		
;__Lib_SPI_c345.c,24 :: 		
0x0010	0x30FF      	MOVLW      _SPI1_Read
0x0011	0x1283      	BCF        STATUS, 5
0x0012	0x1303      	BCF        STATUS, 6
0x0013	0x00A3      	MOVWF      _SPI_Rd_Ptr
0x0014	0x30FF      	MOVLW      hi_addr(_SPI1_Read)
0x0015	0x00A4      	MOVWF      _SPI_Rd_Ptr+1
0x0016	0x30FF      	MOVLW      FARG_SPI1_Read_buffer
0x0017	0x00A5      	MOVWF      _SPI_Rd_Ptr+2
0x0018	0x30FF      	MOVLW      hi_addr(FARG_SPI1_Read_buffer)
;__Lib_SPI_c345.c,25 :: 		
0x0019	0x3003      	MOVLW      _SPI1_Write
0x001A	0x00A6      	MOVWF      _SPI_Wr_Ptr
0x001B	0x3000      	MOVLW      hi_addr(_SPI1_Write)
0x001C	0x00A7      	MOVWF      _SPI_Wr_Ptr+1
0x001D	0x3020      	MOVLW      FARG_SPI1_Write_data_
0x001E	0x00A8      	MOVWF      _SPI_Wr_Ptr+2
0x001F	0x3000      	MOVLW      hi_addr(FARG_SPI1_Write_data_)
;__Lib_SPI_c345.c,29 :: 		
0x0020	0x1683      	BSF        STATUS, 5
0x0021	0x1287      	BCF        TRISC5_bit, BitPos(TRISC5_bit+0)
;__Lib_SPI_c345.c,30 :: 		
0x0022	0x1187      	BCF        TRISC3_bit, BitPos(TRISC3_bit+0)
;__Lib_SPI_c345.c,31 :: 		
0x0023	0x1607      	BSF        TRISC4_bit, BitPos(TRISC4_bit+0)
;__Lib_SPI_c345.c,33 :: 		
0x0024	0x1283      	BCF        STATUS, 5
0x0025	0x0194      	CLRF       SSPCON
;__Lib_SPI_c345.c,34 :: 		
0x0026	0x3040      	MOVLW      64
0x0027	0x1683      	BSF        STATUS, 5
0x0028	0x0094      	MOVWF      SSPSTAT
;__Lib_SPI_c345.c,35 :: 		
0x0029	0x1283      	BCF        STATUS, 5
0x002A	0x1694      	BSF        SSPCON, 5
;__Lib_SPI_c345.c,36 :: 		
L_end_SPI1_Init:
0x002B	0x0008      	RETURN
; end of _SPI1_Init
_enviar_DAC:
;SPI3.c,4 :: 		void enviar_DAC(unsigned int valor_enviar){
;SPI3.c,6 :: 		temporal = (valor_enviar >> 8) & 0x0F;
0x002C	0x1283      	BCF        STATUS, 5
0x002D	0x1303      	BCF        STATUS, 6
0x002E	0x082D      	MOVF       FARG_enviar_DAC_valor_enviar+1, 0
0x002F	0x00F0      	MOVWF      R0
0x0030	0x01F1      	CLRF       R0+1
0x0031	0x300F      	MOVLW      15
0x0032	0x0570      	ANDWF      R0, 0
0x0033	0x00A0      	MOVWF      FARG_SPI1_Write_data_
;SPI3.c,7 :: 		temporal |= 0x30;
0x0034	0x3030      	MOVLW      48
0x0035	0x04A0      	IORWF      FARG_SPI1_Write_data_, 1
;SPI3.c,8 :: 		SPI1_Write(temporal);
0x0036	0x2003      	CALL       _SPI1_Write
;SPI3.c,10 :: 		SPI1_Write(temporal);
0x0037	0x082C      	MOVF       FARG_enviar_DAC_valor_enviar, 0
0x0038	0x00A0      	MOVWF      FARG_SPI1_Write_data_
0x0039	0x2003      	CALL       _SPI1_Write
;SPI3.c,11 :: 		}
L_end_enviar_DAC:
0x003A	0x0008      	RETURN
; end of _enviar_DAC
_main:
;SPI3.c,13 :: 		void main() {
;SPI3.c,14 :: 		SPI1_Init();
0x003B	0x2010      	CALL       _SPI1_Init
;SPI3.c,15 :: 		TRISD = 0;
0x003C	0x1683      	BSF        STATUS, 5
0x003D	0x0188      	CLRF       TRISD
;SPI3.c,16 :: 		PORTD = 0xFF;
0x003E	0x30FF      	MOVLW      255
0x003F	0x1283      	BCF        STATUS, 5
0x0040	0x0088      	MOVWF      PORTD
;SPI3.c,17 :: 		while(1){
L_main0:
;SPI3.c,18 :: 		DipSwitch = (PORTB >> 6);
0x0041	0x3006      	MOVLW      6
0x0042	0x00F0      	MOVWF      R0
0x0043	0x0806      	MOVF       PORTB, 0
0x0044	0x00AB      	MOVWF      _DipSwitch
0x0045	0x0870      	MOVF       R0, 0
L__main9:
0x0046	0x1903      	BTFSC      STATUS, 2
0x0047	0x284C      	GOTO       L__main10
0x0048	0x0CAB      	RRF        _DipSwitch, 1
0x0049	0x13AB      	BCF        _DipSwitch, 7
0x004A	0x3EFF      	ADDLW      255
0x004B	0x2846      	GOTO       L__main9
L__main10:
;SPI3.c,20 :: 		dato = (PORTB & 0x3F) * 64;
0x004C	0x303F      	MOVLW      63
0x004D	0x0506      	ANDWF      PORTB, 0
0x004E	0x00A1      	MOVWF      _dato
0x004F	0x01A2      	CLRF       _dato+1
0x0050	0x3000      	MOVLW      0
0x0051	0x05A2      	ANDWF      _dato+1, 1
0x0052	0x3006      	MOVLW      6
0x0053	0x00F0      	MOVWF      R0
0x0054	0x3000      	MOVLW      0
0x0055	0x00A2      	MOVWF      _dato+1
0x0056	0x0870      	MOVF       R0, 0
L__main11:
0x0057	0x1903      	BTFSC      STATUS, 2
0x0058	0x285E      	GOTO       L__main12
0x0059	0x0DA1      	RLF        _dato, 1
0x005A	0x0DA2      	RLF        _dato+1, 1
0x005B	0x1021      	BCF        _dato, 0
0x005C	0x3EFF      	ADDLW      255
0x005D	0x2857      	GOTO       L__main11
L__main12:
;SPI3.c,22 :: 		switch(DipSwitch){
0x005E	0x2877      	GOTO       L_main2
;SPI3.c,23 :: 		case 0:
L_main4:
;SPI3.c,24 :: 		PORTD.f0 = 0;
0x005F	0x1008      	BCF        PORTD, 0
;SPI3.c,25 :: 		enviar_DAC(dato);
0x0060	0x0821      	MOVF       _dato, 0
0x0061	0x00AC      	MOVWF      FARG_enviar_DAC_valor_enviar
0x0062	0x0822      	MOVF       _dato+1, 0
0x0063	0x00AD      	MOVWF      FARG_enviar_DAC_valor_enviar+1
0x0064	0x202C      	CALL       _enviar_DAC
;SPI3.c,26 :: 		PORTD.f0 = 1;
0x0065	0x1408      	BSF        PORTD, 0
;SPI3.c,27 :: 		break;
0x0066	0x2883      	GOTO       L_main3
;SPI3.c,28 :: 		case 1:
L_main5:
;SPI3.c,29 :: 		PORTD.f1 = 0;
0x0067	0x1088      	BCF        PORTD, 1
;SPI3.c,30 :: 		enviar_DAC(dato);
0x0068	0x0821      	MOVF       _dato, 0
0x0069	0x00AC      	MOVWF      FARG_enviar_DAC_valor_enviar
0x006A	0x0822      	MOVF       _dato+1, 0
0x006B	0x00AD      	MOVWF      FARG_enviar_DAC_valor_enviar+1
0x006C	0x202C      	CALL       _enviar_DAC
;SPI3.c,31 :: 		PORTD.f1 = 1;
0x006D	0x1488      	BSF        PORTD, 1
;SPI3.c,32 :: 		break;
0x006E	0x2883      	GOTO       L_main3
;SPI3.c,33 :: 		case 2:
L_main6:
;SPI3.c,34 :: 		PORTD.f2 = 0;
0x006F	0x1108      	BCF        PORTD, 2
;SPI3.c,35 :: 		enviar_DAC(dato);
0x0070	0x0821      	MOVF       _dato, 0
0x0071	0x00AC      	MOVWF      FARG_enviar_DAC_valor_enviar
0x0072	0x0822      	MOVF       _dato+1, 0
0x0073	0x00AD      	MOVWF      FARG_enviar_DAC_valor_enviar+1
0x0074	0x202C      	CALL       _enviar_DAC
;SPI3.c,36 :: 		PORTD.f2 = 1;
0x0075	0x1508      	BSF        PORTD, 2
;SPI3.c,37 :: 		break;
0x0076	0x2883      	GOTO       L_main3
;SPI3.c,38 :: 		}
L_main2:
0x0077	0x082B      	MOVF       _DipSwitch, 0
0x0078	0x3A00      	XORLW      0
0x0079	0x1903      	BTFSC      STATUS, 2
0x007A	0x285F      	GOTO       L_main4
0x007B	0x082B      	MOVF       _DipSwitch, 0
0x007C	0x3A01      	XORLW      1
0x007D	0x1903      	BTFSC      STATUS, 2
0x007E	0x2867      	GOTO       L_main5
0x007F	0x082B      	MOVF       _DipSwitch, 0
0x0080	0x3A02      	XORLW      2
0x0081	0x1903      	BTFSC      STATUS, 2
0x0082	0x286F      	GOTO       L_main6
L_main3:
;SPI3.c,39 :: 		}
0x0083	0x2841      	GOTO       L_main0
;SPI3.c,40 :: 		}
L_end_main:
0x0084	0x2884      	GOTO       $+0
; end of _main
Symbol List:
//** Routines locations **
//ADDRESS    SIZE    PROCEDURE
//----------------------------------------------
0x0003      [13]    _SPI1_Write
0x0010      [28]    _SPI1_Init
0x002C      [15]    _enviar_DAC
0x003B      [74]    _main
//** Variables locations ** 
//ADDRESS    SIZE    VARIABLE
//----------------------------------------------
0x0000       [1]    INDF
0x0003       [1]    STATUS
0x0004       [1]    FSR
0x0006       [1]    PORTB
0x0008       [1]    PORTD
0x000A       [1]    PCLATH
0x0013       [1]    SSPBUF
0x0014       [1]    SSPCON
0x0020       [1]    FARG_SPI1_Write_data_
0x0021       [2]    _dato
0x0023       [3]    _SPI_Rd_Ptr
0x0026       [3]    _SPI_Wr_Ptr
0x0029       [2]    ___DoICPAddr
0x002B       [1]    _DipSwitch
0x002C       [2]    FARG_enviar_DAC_valor_enviar
0x0070       [1]    R0
0x0071       [1]    R1
0x0072       [1]    R2
0x0073       [1]    R3
0x0074       [1]    R4
0x0075       [1]    R5
0x0076       [1]    R6
0x0077       [1]    R7
0x0078       [1]    R8
0x0079       [1]    R9
0x007A       [1]    R10
0x007B       [1]    R11
0x007C       [1]    R12
0x007D       [1]    R13
0x007E       [1]    R14
0x007F       [1]    R15
0x0087       [0]    TRISC3_bit
0x0087       [0]    TRISC5_bit
0x0087       [0]    TRISC4_bit
0x0088       [1]    TRISD
0x0094       [1]    SSPSTAT
