;  LST file generated by mikroListExporter - v.2.0 
; Date/Time: 9/10/2023 01:15:17
;----------------------------------------------

;Address Opcode 	ASM
0x0000	0x2803      	GOTO       3
_main:
;Programa01.c,3 :: 		void main() {
;Programa01.c,4 :: 		TRISB = 0;
0x0003	0x1683      	BSF        STATUS, 5
0x0004	0x1303      	BCF        STATUS, 6
0x0005	0x0186      	CLRF       TRISB
;Programa01.c,5 :: 		PORTB = 0;
0x0006	0x1283      	BCF        STATUS, 5
0x0007	0x0186      	CLRF       PORTB
;Programa01.c,6 :: 		for(i=0;i<5;i++){
0x0008	0x01A2      	CLRF       _i
L_main0:
0x0009	0x3005      	MOVLW      5
0x000A	0x0222      	SUBWF      _i, 0
0x000B	0x1803      	BTFSC      STATUS, 0
0x000C	0x2811      	GOTO       L_main1
;Programa01.c,7 :: 		PORTB = i;
0x000D	0x0822      	MOVF       _i, 0
0x000E	0x0086      	MOVWF      PORTB
;Programa01.c,6 :: 		for(i=0;i<5;i++){
0x000F	0x0AA2      	INCF       _i, 1
;Programa01.c,8 :: 		}
0x0010	0x2809      	GOTO       L_main0
L_main1:
;Programa01.c,9 :: 		}
L_end_main:
0x0011	0x2811      	GOTO       $+0
; end of _main
Symbol List:
//** Routines locations **
//ADDRESS    SIZE    PROCEDURE
//----------------------------------------------
0x0003      [15]    _main
//** Variables locations ** 
//ADDRESS    SIZE    VARIABLE
//----------------------------------------------
0x0000       [1]    INDF
0x0003       [1]    STATUS
0x0004       [1]    FSR
0x0006       [1]    PORTB
0x000A       [1]    PCLATH
0x0020       [2]    ___DoICPAddr
0x0022       [1]    _i
0x0070       [1]    R0
0x0071       [1]    R1
0x0072       [1]    R2
0x0073       [1]    R3
0x0074       [1]    R4
0x0075       [1]    R5
0x0076       [1]    R6
0x0077       [1]    R7
0x0078       [1]    R8
0x0079       [1]    R9
0x007A       [1]    R10
0x007B       [1]    R11
0x007C       [1]    R12
0x007D       [1]    R13
0x007E       [1]    R14
0x007F       [1]    R15
0x0086       [1]    TRISB
