;  LST file generated by mikroListExporter - v.2.0 
; Date/Time: 10/10/2023 02:27:59
;----------------------------------------------

;Address Opcode 	ASM
0x0000	0x2803      	GOTO       3
_main:
;Programa03.c,3 :: 		void main() {
;Programa03.c,4 :: 		TRISC = 0b11111110;
0x0003	0x30FE      	MOVLW      254
0x0004	0x1683      	BSF        STATUS, 5
0x0005	0x1303      	BCF        STATUS, 6
0x0006	0x0087      	MOVWF      TRISC
;Programa03.c,5 :: 		TRISB = 0;
0x0007	0x0186      	CLRF       TRISB
;Programa03.c,6 :: 		PORTB = 0;
0x0008	0x1283      	BCF        STATUS, 5
0x0009	0x0186      	CLRF       PORTB
;Programa03.c,7 :: 		while(1){
L_main0:
;Programa03.c,8 :: 		if(PORTC.f1 == 0){
0x000A	0x1887      	BTFSC      PORTC, 1
0x000B	0x2810      	GOTO       L_main2
;Programa03.c,9 :: 		PORTB.f0 = 1;
0x000C	0x1406      	BSF        PORTB, 0
;Programa03.c,10 :: 		while(PORTC.f1 == 0);
L_main3:
0x000D	0x1887      	BTFSC      PORTC, 1
0x000E	0x2810      	GOTO       L_main4
0x000F	0x280D      	GOTO       L_main3
L_main4:
;Programa03.c,11 :: 		}
L_main2:
;Programa03.c,12 :: 		if(PORTC.f2 == 0){
0x0010	0x1907      	BTFSC      PORTC, 2
0x0011	0x2816      	GOTO       L_main5
;Programa03.c,13 :: 		PORTB.f0 = 0;
0x0012	0x1006      	BCF        PORTB, 0
;Programa03.c,14 :: 		while(PORTC.f1 == 0);
L_main6:
0x0013	0x1887      	BTFSC      PORTC, 1
0x0014	0x2816      	GOTO       L_main7
0x0015	0x2813      	GOTO       L_main6
L_main7:
;Programa03.c,15 :: 		}
L_main5:
;Programa03.c,16 :: 		}
0x0016	0x280A      	GOTO       L_main0
;Programa03.c,17 :: 		}
L_end_main:
0x0017	0x2817      	GOTO       $+0
; end of _main
Symbol List:
//** Routines locations **
//ADDRESS    SIZE    PROCEDURE
//----------------------------------------------
0x0003      [21]    _main
//** Variables locations ** 
//ADDRESS    SIZE    VARIABLE
//----------------------------------------------
0x0000       [1]    INDF
0x0003       [1]    STATUS
0x0004       [1]    FSR
0x0006       [1]    PORTB
0x0007       [1]    PORTC
0x000A       [1]    PCLATH
0x0020       [2]    ___DoICPAddr
0x0070       [1]    R0
0x0071       [1]    R1
0x0072       [1]    R2
0x0073       [1]    R3
0x0074       [1]    R4
0x0075       [1]    R5
0x0076       [1]    R6
0x0077       [1]    R7
0x0078       [1]    R8
0x0079       [1]    R9
0x007A       [1]    R10
0x007B       [1]    R11
0x007C       [1]    R12
0x007D       [1]    R13
0x007E       [1]    R14
0x007F       [1]    R15
0x0086       [1]    TRISB
0x0087       [1]    TRISC
