;  LST file generated by mikroListExporter - v.2.0 
; Date/Time: 10/10/2023 02:06:08
;----------------------------------------------

;Address Opcode 	ASM
0x0000	0x2803      	GOTO       3
_main:
;Programa02.c,3 :: 		void main() {
;Programa02.c,4 :: 		TRISC = 0b11111110;
0x0003	0x30FE      	MOVLW      254
0x0004	0x1683      	BSF        STATUS, 5
0x0005	0x1303      	BCF        STATUS, 6
0x0006	0x0087      	MOVWF      TRISC
;Programa02.c,5 :: 		TRISB = 0;
0x0007	0x0186      	CLRF       TRISB
;Programa02.c,6 :: 		PORTB = 0;
0x0008	0x1283      	BCF        STATUS, 5
0x0009	0x0186      	CLRF       PORTB
;Programa02.c,7 :: 		while(1){
L_main0:
;Programa02.c,8 :: 		if(PORTC.f1 == 0){
0x000A	0x1887      	BTFSC      PORTC, 1
0x000B	0x2813      	GOTO       L_main2
;Programa02.c,9 :: 		PORTB++;
0x000C	0x0A06      	INCF       PORTB, 0
0x000D	0x00F0      	MOVWF      R0
0x000E	0x0870      	MOVF       R0, 0
0x000F	0x0086      	MOVWF      PORTB
;Programa02.c,10 :: 		while(PORTC.f1 == 0);
L_main3:
0x0010	0x1887      	BTFSC      PORTC, 1
0x0011	0x2813      	GOTO       L_main4
0x0012	0x2810      	GOTO       L_main3
L_main4:
;Programa02.c,11 :: 		}
L_main2:
;Programa02.c,12 :: 		}
0x0013	0x280A      	GOTO       L_main0
;Programa02.c,13 :: 		}
L_end_main:
0x0014	0x2814      	GOTO       $+0
; end of _main
Symbol List:
//** Routines locations **
//ADDRESS    SIZE    PROCEDURE
//----------------------------------------------
0x0003      [18]    _main
//** Variables locations ** 
//ADDRESS    SIZE    VARIABLE
//----------------------------------------------
0x0000       [1]    INDF
0x0003       [1]    STATUS
0x0004       [1]    FSR
0x0006       [1]    PORTB
0x0007       [1]    PORTC
0x000A       [1]    PCLATH
0x0020       [2]    ___DoICPAddr
0x0070       [1]    R0
0x0071       [1]    R1
0x0072       [1]    R2
0x0073       [1]    R3
0x0074       [1]    R4
0x0075       [1]    R5
0x0076       [1]    R6
0x0077       [1]    R7
0x0078       [1]    R8
0x0079       [1]    R9
0x007A       [1]    R10
0x007B       [1]    R11
0x007C       [1]    R12
0x007D       [1]    R13
0x007E       [1]    R14
0x007F       [1]    R15
0x0086       [1]    TRISB
0x0087       [1]    TRISC
