;  LST file generated by mikroListExporter - v.2.0 
; Date/Time: 15/10/2023 21:33:25
;----------------------------------------------

;Address Opcode 	ASM
0x0000	0x2816      	GOTO       22
_____DoICP:
;__Lib_System.c,6 :: 		
;__Lib_System.c,9 :: 		
0x0003	0x1283      	BCF        STATUS, 5
0x0004	0x1303      	BCF        STATUS, 6
0x0005	0x082C      	MOVF       ___DoICPAddr+1, 0
0x0006	0x008A      	MOVWF      PCLATH
;__Lib_System.c,10 :: 		
0x0007	0x082B      	MOVF       ___DoICPAddr, 0
0x0008	0x0082      	MOVWF      PCL
;__Lib_System.c,12 :: 		
L_end_____DoICP:
0x0009	0x0008      	RETURN
; end of _____DoICP
___CC2DW:
;__Lib_System.c,134 :: 		
;__Lib_System.c,137 :: 		
_CC2D_Loop1:
;__Lib_System.c,139 :: 		
0x000A	0x2003      	CALL       _____DoICP
0x000B	0x118A      	BCF        PCLATH, 3
0x000C	0x120A      	BCF        PCLATH, 4
;__Lib_System.c,141 :: 		
0x000D	0x0080      	MOVWF      INDF
;__Lib_System.c,142 :: 		
0x000E	0x0A84      	INCF       FSR, 1
;__Lib_System.c,143 :: 		
0x000F	0x0AAB      	INCF       ___DoICPAddr, 1
;__Lib_System.c,145 :: 		
0x0010	0x1903      	BTFSC      STATUS, 2
;__Lib_System.c,146 :: 		
0x0011	0x0AAC      	INCF       ___DoICPAddr+1, 1
;__Lib_System.c,147 :: 		
0x0012	0x03F0      	DECF       R0, 1
;__Lib_System.c,149 :: 		
0x0013	0x1D03      	BTFSS      STATUS, 2
;__Lib_System.c,150 :: 		
0x0014	0x280A      	GOTO       _CC2D_Loop1
;__Lib_System.c,152 :: 		
L_end___CC2DW:
0x0015	0x0008      	RETURN
; end of ___CC2DW
_main:
0x0016	0x1283      	BCF        STATUS, 5
0x0017	0x1303      	BCF        STATUS, 6
0x0018	0x01A0      	CLRF       _cuenta
0x0019	0x303F      	MOVLW      63
0x001A	0x00A1      	MOVWF      _D7SEG_1
0x001B	0x3006      	MOVLW      6
0x001C	0x00A2      	MOVWF      34
0x001D	0x305B      	MOVLW      91
0x001E	0x00A3      	MOVWF      35
0x001F	0x304F      	MOVLW      79
0x0020	0x00A4      	MOVWF      36
0x0021	0x3066      	MOVLW      102
0x0022	0x00A5      	MOVWF      37
0x0023	0x306D      	MOVLW      109
0x0024	0x00A6      	MOVWF      38
0x0025	0x307D      	MOVLW      125
0x0026	0x00A7      	MOVWF      39
0x0027	0x3007      	MOVLW      7
0x0028	0x00A8      	MOVWF      40
0x0029	0x307F      	MOVLW      127
0x002A	0x00A9      	MOVWF      41
0x002B	0x3067      	MOVLW      103
0x002C	0x00AA      	MOVWF      42
;EC01A.c,5 :: 		void main() {
;EC01A.c,6 :: 		ADCON1 = 0x07;
0x002D	0x3007      	MOVLW      7
0x002E	0x1683      	BSF        STATUS, 5
0x002F	0x009F      	MOVWF      ADCON1
;EC01A.c,7 :: 		TRISB = 0;
0x0030	0x0186      	CLRF       TRISB
;EC01A.c,8 :: 		TRISD = 0;
0x0031	0x0188      	CLRF       TRISD
;EC01A.c,9 :: 		PORTD = 0;
0x0032	0x1283      	BCF        STATUS, 5
0x0033	0x0188      	CLRF       PORTD
;EC01A.c,10 :: 		PORTB.f3 = 0;
0x0034	0x1186      	BCF        PORTB, 3
;EC01A.c,11 :: 		PORTB.f4 = 0;
0x0035	0x1206      	BCF        PORTB, 4
;EC01A.c,13 :: 		while(1) {
L_main0:
;EC01A.c,14 :: 		if(PORTA.f0 == 1){
0x0036	0x1C05      	BTFSS      PORTA, 0
0x0037	0x283B      	GOTO       L_main2
;EC01A.c,15 :: 		PORTB.f3 = 0;
0x0038	0x1186      	BCF        PORTB, 3
;EC01A.c,16 :: 		PORTB.f4 = 0;
0x0039	0x1206      	BCF        PORTB, 4
;EC01A.c,17 :: 		} else {
0x003A	0x285D      	GOTO       L_main3
L_main2:
;EC01A.c,18 :: 		if(PORTA.f4 == 1){
0x003B	0x1E05      	BTFSS      PORTA, 4
0x003C	0x283F      	GOTO       L_main4
;EC01A.c,19 :: 		PORTB.f3 = 0;
0x003D	0x1186      	BCF        PORTB, 3
;EC01A.c,20 :: 		} else {
0x003E	0x2854      	GOTO       L_main5
L_main4:
;EC01A.c,21 :: 		if((PORTA.f2 == 1) && (PORTA.f3 == 1)){
0x003F	0x1D05      	BTFSS      PORTA, 2
0x0040	0x2854      	GOTO       L_main8
0x0041	0x1D85      	BTFSS      PORTA, 3
0x0042	0x2854      	GOTO       L_main8
L__main21:
;EC01A.c,22 :: 		PORTB.f3 = 1;
0x0043	0x1586      	BSF        PORTB, 3
;EC01A.c,23 :: 		cuenta++;
0x0044	0x0AA0      	INCF       _cuenta, 1
;EC01A.c,24 :: 		PORTD = D7SEG_1[cuenta];
0x0045	0x0820      	MOVF       _cuenta, 0
0x0046	0x3E21      	ADDLW      _D7SEG_1
0x0047	0x0084      	MOVWF      FSR
0x0048	0x0800      	MOVF       INDF, 0
0x0049	0x0088      	MOVWF      PORTD
;EC01A.c,25 :: 		if(cuenta == 9){
0x004A	0x0820      	MOVF       _cuenta, 0
0x004B	0x3A09      	XORLW      9
0x004C	0x1D03      	BTFSS      STATUS, 2
0x004D	0x284F      	GOTO       L_main9
;EC01A.c,26 :: 		cuenta = 0;
0x004E	0x01A0      	CLRF       _cuenta
;EC01A.c,27 :: 		}
L_main9:
;EC01A.c,28 :: 		while((PORTA.f2 == 1) && (PORTA.f3 == 1));
L_main10:
0x004F	0x1D05      	BTFSS      PORTA, 2
0x0050	0x2854      	GOTO       L_main11
0x0051	0x1D85      	BTFSS      PORTA, 3
0x0052	0x2854      	GOTO       L_main11
L__main20:
0x0053	0x284F      	GOTO       L_main10
L_main11:
;EC01A.c,29 :: 		}
L_main8:
;EC01A.c,30 :: 		}
L_main5:
;EC01A.c,32 :: 		if(PORTE.f2 == 1){
0x0054	0x1D09      	BTFSS      PORTE, 2
0x0055	0x2858      	GOTO       L_main14
;EC01A.c,33 :: 		PORTB.f4 = 0;
0x0056	0x1206      	BCF        PORTB, 4
;EC01A.c,34 :: 		} else {
0x0057	0x285D      	GOTO       L_main15
L_main14:
;EC01A.c,35 :: 		if((PORTA.f5 == 1) && (PORTE.f0 == 1)){
0x0058	0x1E85      	BTFSS      PORTA, 5
0x0059	0x285D      	GOTO       L_main18
0x005A	0x1C09      	BTFSS      PORTE, 0
0x005B	0x285D      	GOTO       L_main18
L__main19:
;EC01A.c,36 :: 		PORTB.f4 = 1;
0x005C	0x1606      	BSF        PORTB, 4
;EC01A.c,37 :: 		}
L_main18:
;EC01A.c,38 :: 		}
L_main15:
;EC01A.c,40 :: 		}
L_main3:
;EC01A.c,41 :: 		}
0x005D	0x2836      	GOTO       L_main0
;EC01A.c,42 :: 		}
L_end_main:
0x005E	0x285E      	GOTO       $+0
; end of _main
Symbol List:
//** Routines locations **
//ADDRESS    SIZE    PROCEDURE
//----------------------------------------------
0x0003       [7]    _____DoICP
0x000A      [12]    ___CC2DW
0x0016      [73]    _main
//** Variables locations ** 
//ADDRESS    SIZE    VARIABLE
//----------------------------------------------
0x0000       [1]    INDF
0x0002       [1]    PCL
0x0003       [1]    STATUS
0x0004       [1]    FSR
0x0005       [1]    PORTA
0x0006       [1]    PORTB
0x0008       [1]    PORTD
0x0009       [1]    PORTE
0x000A       [1]    PCLATH
0x0020       [1]    _cuenta
0x0021      [10]    _D7SEG_1
0x002B       [2]    ___DoICPAddr
0x0070       [1]    R0
0x0071       [1]    R1
0x0072       [1]    R2
0x0073       [1]    R3
0x0074       [1]    R4
0x0075       [1]    R5
0x0076       [1]    R6
0x0077       [1]    R7
0x0078       [1]    R8
0x0079       [1]    R9
0x007A       [1]    R10
0x007B       [1]    R11
0x007C       [1]    R12
0x007D       [1]    R13
0x007E       [1]    R14
0x007F       [1]    R15
0x0086       [1]    TRISB
0x0088       [1]    TRISD
0x009F       [1]    ADCON1
