;  LST file generated by mikroListExporter - v.2.0 
; Date/Time: 30/09/2023 22:09:54
;----------------------------------------------

;Address Opcode 	ASM
0x0000	0x2803      	GOTO       3
_main:
;Programa02.c,2 :: 		void main() {
;Programa02.c,3 :: 		TRISA = 0;
0x0003	0x1683      	BSF        STATUS, 5
0x0004	0x1303      	BCF        STATUS, 6
0x0005	0x0185      	CLRF       TRISA
;Programa02.c,4 :: 		PORTA = 0xFF;
0x0006	0x30FF      	MOVLW      255
0x0007	0x1283      	BCF        STATUS, 5
0x0008	0x0085      	MOVWF      PORTA
;Programa02.c,5 :: 		TRISB = 0;
0x0009	0x1683      	BSF        STATUS, 5
0x000A	0x0186      	CLRF       TRISB
;Programa02.c,6 :: 		PORTB.f3 = 0;
0x000B	0x1283      	BCF        STATUS, 5
0x000C	0x1186      	BCF        PORTB, 3
;Programa02.c,7 :: 		TRISC = 0;
0x000D	0x1683      	BSF        STATUS, 5
0x000E	0x0187      	CLRF       TRISC
;Programa02.c,8 :: 		PORTC = 0b10101010;
0x000F	0x30AA      	MOVLW      170
0x0010	0x1283      	BCF        STATUS, 5
0x0011	0x0087      	MOVWF      PORTC
;Programa02.c,9 :: 		TRISD = 0;
0x0012	0x1683      	BSF        STATUS, 5
0x0013	0x0188      	CLRF       TRISD
;Programa02.c,10 :: 		PORTD = 240;
0x0014	0x30F0      	MOVLW      240
0x0015	0x1283      	BCF        STATUS, 5
0x0016	0x0088      	MOVWF      PORTD
;Programa02.c,11 :: 		TRISE = 0;
0x0017	0x1683      	BSF        STATUS, 5
0x0018	0x0189      	CLRF       TRISE
;Programa02.c,12 :: 		PORTE.f2 = 1;
0x0019	0x1283      	BCF        STATUS, 5
0x001A	0x1509      	BSF        PORTE, 2
;Programa02.c,13 :: 		}
L_end_main:
0x001B	0x281B      	GOTO       $+0
; end of _main
Symbol List:
//** Routines locations **
//ADDRESS    SIZE    PROCEDURE
//----------------------------------------------
0x0003      [25]    _main
//** Variables locations ** 
//ADDRESS    SIZE    VARIABLE
//----------------------------------------------
0x0000       [1]    INDF
0x0003       [1]    STATUS
0x0004       [1]    FSR
0x0005       [1]    PORTA
0x0006       [1]    PORTB
0x0007       [1]    PORTC
0x0008       [1]    PORTD
0x0009       [1]    PORTE
0x000A       [1]    PCLATH
0x0020       [2]    ___DoICPAddr
0x0070       [1]    R0
0x0071       [1]    R1
0x0072       [1]    R2
0x0073       [1]    R3
0x0074       [1]    R4
0x0075       [1]    R5
0x0076       [1]    R6
0x0077       [1]    R7
0x0078       [1]    R8
0x0079       [1]    R9
0x007A       [1]    R10
0x007B       [1]    R11
0x007C       [1]    R12
0x007D       [1]    R13
0x007E       [1]    R14
0x007F       [1]    R15
0x0085       [1]    TRISA
0x0086       [1]    TRISB
0x0087       [1]    TRISC
0x0088       [1]    TRISD
0x0089       [1]    TRISE
