;  LST file generated by mikroListExporter - v.2.0 
; Date/Time: 12/12/2023 18:56:58
;----------------------------------------------

;Address Opcode 	ASM
0x0000	0x292F      	GOTO       303
_____DoICP:
;__Lib_System.c,6 :: 		
;__Lib_System.c,9 :: 		
0x0003	0x1283      	BCF        STATUS, 5
0x0004	0x1303      	BCF        STATUS, 6
0x0005	0x0826      	MOVF       ___DoICPAddr+1, 0
0x0006	0x008A      	MOVWF      PCLATH
;__Lib_System.c,10 :: 		
0x0007	0x0825      	MOVF       ___DoICPAddr, 0
0x0008	0x0082      	MOVWF      PCL
;__Lib_System.c,12 :: 		
L_end_____DoICP:
0x0009	0x0008      	RETURN
; end of _____DoICP
_I2C1_Is_Idle:
;__Lib_I2C_c34.c,26 :: 		
;__Lib_I2C_c34.c,27 :: 		
0x000A	0x1683      	BSF        STATUS, 5
0x000B	0x1303      	BCF        STATUS, 6
0x000C	0x1914      	BTFSC      SSPSTAT, 2
0x000D	0x2818      	GOTO       L_I2C1_Is_Idle0
;__Lib_I2C_c34.c,28 :: 		
0x000E	0x301F      	MOVLW      31
0x000F	0x0511      	ANDWF      SSPCON2, 0
0x0010	0x00F1      	MOVWF      R1
0x0011	0x0871      	MOVF       R1, 0
0x0012	0x3A00      	XORLW      0
0x0013	0x1D03      	BTFSS      STATUS, 2
0x0014	0x2818      	GOTO       L_I2C1_Is_Idle1
;__Lib_I2C_c34.c,29 :: 		
0x0015	0x3001      	MOVLW      1
0x0016	0x00F0      	MOVWF      R0
0x0017	0x2819      	GOTO       L_end_I2C1_Is_Idle
L_I2C1_Is_Idle1:
L_I2C1_Is_Idle0:
;__Lib_I2C_c34.c,30 :: 		
0x0018	0x01F0      	CLRF       R0
;__Lib_I2C_c34.c,31 :: 		
L_end_I2C1_Is_Idle:
0x0019	0x0008      	RETURN
; end of _I2C1_Is_Idle
_____DoIFC:
;__Lib_System.c,15 :: 		
;__Lib_System.c,18 :: 		
0x001A	0x1283      	BCF        STATUS, 5
0x001B	0x1303      	BCF        STATUS, 6
0x001C	0x0826      	MOVF       ___DoICPAddr+1, 0
0x001D	0x008A      	MOVWF      PCLATH
;__Lib_System.c,19 :: 		
0x001E	0x0825      	MOVF       ___DoICPAddr, 0
0x001F	0x0082      	MOVWF      PCL
;__Lib_System.c,21 :: 		
L_end_____DoIFC:
0x0020	0x0008      	RETURN
; end of _____DoIFC
_I2C1_Start:
;__Lib_I2C_c34.c,33 :: 		
;__Lib_I2C_c34.c,37 :: 		
0x0021	0x1283      	BCF        STATUS, 5
0x0022	0x1303      	BCF        STATUS, 6
0x0023	0x0821      	MOVF       __Lib_I2C_c34__I2C1_TIMEOUT, 0
0x0024	0x00BE      	MOVWF      I2C1_Start_timeout_L0
0x0025	0x0822      	MOVF       __Lib_I2C_c34__I2C1_TIMEOUT+1, 0
0x0026	0x00BF      	MOVWF      I2C1_Start_timeout_L0+1
0x0027	0x0823      	MOVF       __Lib_I2C_c34__I2C1_TIMEOUT+2, 0
0x0028	0x00C0      	MOVWF      I2C1_Start_timeout_L0+2
0x0029	0x0824      	MOVF       __Lib_I2C_c34__I2C1_TIMEOUT+3, 0
0x002A	0x00C1      	MOVWF      I2C1_Start_timeout_L0+3
;__Lib_I2C_c34.c,39 :: 		
0x002B	0x01BC      	CLRF       I2C1_Start_j_L0
0x002C	0x01BD      	CLRF       I2C1_Start_j_L0+1
L_I2C1_Start2:
0x002D	0x083D      	MOVF       I2C1_Start_j_L0+1, 0
0x002E	0x3C12      	SUBLW      18
0x002F	0x1D03      	BTFSS      STATUS, 2
0x0030	0x2833      	GOTO       L__I2C1_Start39
0x0031	0x083C      	MOVF       I2C1_Start_j_L0, 0
0x0032	0x3C8E      	SUBLW      142
L__I2C1_Start39:
0x0033	0x1C03      	BTFSS      STATUS, 0
0x0034	0x283F      	GOTO       L_I2C1_Start3
;__Lib_I2C_c34.c,40 :: 		
0x0035	0x200A      	CALL       _I2C1_Is_Idle
0x0036	0x0870      	MOVF       R0, 0
0x0037	0x1903      	BTFSC      STATUS, 2
0x0038	0x283A      	GOTO       L_I2C1_Start5
;__Lib_I2C_c34.c,41 :: 		
0x0039	0x283F      	GOTO       L_I2C1_Start3
L_I2C1_Start5:
;__Lib_I2C_c34.c,39 :: 		
0x003A	0x1283      	BCF        STATUS, 5
0x003B	0x0ABC      	INCF       I2C1_Start_j_L0, 1
0x003C	0x1903      	BTFSC      STATUS, 2
0x003D	0x0ABD      	INCF       I2C1_Start_j_L0+1, 1
;__Lib_I2C_c34.c,42 :: 		
0x003E	0x282D      	GOTO       L_I2C1_Start2
L_I2C1_Start3:
0x003F	0x1283      	BCF        STATUS, 5
;__Lib_I2C_c34.c,44 :: 		
0x0040	0x3012      	MOVLW      18
0x0041	0x023D      	SUBWF      I2C1_Start_j_L0+1, 0
0x0042	0x1D03      	BTFSS      STATUS, 2
0x0043	0x2846      	GOTO       L__I2C1_Start40
0x0044	0x308F      	MOVLW      143
0x0045	0x023C      	SUBWF      I2C1_Start_j_L0, 0
L__I2C1_Start40:
0x0046	0x1C03      	BTFSS      STATUS, 0
0x0047	0x284B      	GOTO       L_I2C1_Start6
;__Lib_I2C_c34.c,45 :: 		
0x0048	0x307B      	MOVLW      123
0x0049	0x00F0      	MOVWF      R0
0x004A	0x2878      	GOTO       L_end_I2C1_Start
L_I2C1_Start6:
;__Lib_I2C_c34.c,47 :: 		
0x004B	0x1683      	BSF        STATUS, 5
0x004C	0x1411      	BSF        SSPCON2, 0
;__Lib_I2C_c34.c,48 :: 		
L_I2C1_Start8:
0x004D	0x1683      	BSF        STATUS, 5
0x004E	0x1C11      	BTFSS      SSPCON2, 0
0x004F	0x2877      	GOTO       L_I2C1_Start9
;__Lib_I2C_c34.c,50 :: 		
0x0050	0x1283      	BCF        STATUS, 5
0x0051	0x0821      	MOVF       __Lib_I2C_c34__I2C1_TIMEOUT, 0
0x0052	0x0422      	IORWF      __Lib_I2C_c34__I2C1_TIMEOUT+1, 0
0x0053	0x0423      	IORWF      __Lib_I2C_c34__I2C1_TIMEOUT+2, 0
0x0054	0x0424      	IORWF      __Lib_I2C_c34__I2C1_TIMEOUT+3, 0
0x0055	0x1903      	BTFSC      STATUS, 2
0x0056	0x2876      	GOTO       L_I2C1_Start10
;__Lib_I2C_c34.c,52 :: 		
0x0057	0x083E      	MOVF       I2C1_Start_timeout_L0, 0
0x0058	0x043F      	IORWF      I2C1_Start_timeout_L0+1, 0
0x0059	0x0440      	IORWF      I2C1_Start_timeout_L0+2, 0
0x005A	0x0441      	IORWF      I2C1_Start_timeout_L0+3, 0
0x005B	0x1D03      	BTFSS      STATUS, 2
0x005C	0x286E      	GOTO       L_I2C1_Start11
;__Lib_I2C_c34.c,54 :: 		
0x005D	0x0835      	MOVF       _I2C1_Timeout_Ptr+2, 0
0x005E	0x0084      	MOVWF      FSR
0x005F	0x3005      	MOVLW      5
0x0060	0x0080      	MOVWF      INDF
0x0061	0x0A84      	INCF       FSR, 1
0x0062	0x0833      	MOVF       _I2C1_Timeout_Ptr, 0
0x0063	0x00A5      	MOVWF      ___DoICPAddr
0x0064	0x0834      	MOVF       _I2C1_Timeout_Ptr+1, 0
0x0065	0x00A6      	MOVWF      ___DoICPAddr+1
0x0066	0x201A      	CALL       _____DoIFC
0x0067	0x118A      	BCF        PCLATH, 3
0x0068	0x120A      	BCF        PCLATH, 4
;__Lib_I2C_c34.c,55 :: 		
0x0069	0x3001      	MOVLW      1
0x006A	0x1283      	BCF        STATUS, 5
0x006B	0x1303      	BCF        STATUS, 6
0x006C	0x00F0      	MOVWF      R0
0x006D	0x2878      	GOTO       L_end_I2C1_Start
;__Lib_I2C_c34.c,56 :: 		
L_I2C1_Start11:
;__Lib_I2C_c34.c,57 :: 		
0x006E	0x3001      	MOVLW      1
0x006F	0x02BE      	SUBWF      I2C1_Start_timeout_L0, 1
0x0070	0x1C03      	BTFSS      STATUS, 0
0x0071	0x02BF      	SUBWF      I2C1_Start_timeout_L0+1, 1
0x0072	0x1C03      	BTFSS      STATUS, 0
0x0073	0x02C0      	SUBWF      I2C1_Start_timeout_L0+2, 1
0x0074	0x1C03      	BTFSS      STATUS, 0
0x0075	0x02C1      	SUBWF      I2C1_Start_timeout_L0+3, 1
;__Lib_I2C_c34.c,58 :: 		
L_I2C1_Start10:
;__Lib_I2C_c34.c,59 :: 		
0x0076	0x284D      	GOTO       L_I2C1_Start8
L_I2C1_Start9:
;__Lib_I2C_c34.c,60 :: 		
0x0077	0x01F0      	CLRF       R0
;__Lib_I2C_c34.c,62 :: 		
L_end_I2C1_Start:
0x0078	0x0008      	RETURN
; end of _I2C1_Start
_I2C1_Stop:
;__Lib_I2C_c34.c,184 :: 		
;__Lib_I2C_c34.c,185 :: 		
0x0079	0x1683      	BSF        STATUS, 5
0x007A	0x1303      	BCF        STATUS, 6
0x007B	0x1511      	BSF        SSPCON2, 2
;__Lib_I2C_c34.c,186 :: 		
L_end_I2C1_Stop:
0x007C	0x0008      	RETURN
; end of _I2C1_Stop
_I2C1_Init:
;__Lib_I2C_c34.c,188 :: 		
;__Lib_I2C_c34.c,190 :: 		
0x007D	0x300A      	MOVLW      _I2C1_Is_Idle
0x007E	0x1283      	BCF        STATUS, 5
0x007F	0x1303      	BCF        STATUS, 6
0x0080	0x00B6      	MOVWF      _I2C_Is_Idle_Ptr
0x0081	0x3000      	MOVLW      hi_addr(_I2C1_Is_Idle)
0x0082	0x00B7      	MOVWF      _I2C_Is_Idle_Ptr+1
0x0083	0x3000      	MOVLW      0
0x0084	0x00B8      	MOVWF      _I2C_Is_Idle_Ptr+2
0x0085	0x3000      	MOVLW      0
;__Lib_I2C_c34.c,191 :: 		
0x0086	0x3021      	MOVLW      _I2C1_Start
0x0087	0x00B9      	MOVWF      _I2C_Start_Ptr
0x0088	0x3000      	MOVLW      hi_addr(_I2C1_Start)
0x0089	0x00BA      	MOVWF      _I2C_Start_Ptr+1
0x008A	0x3000      	MOVLW      0
0x008B	0x00BB      	MOVWF      _I2C_Start_Ptr+2
0x008C	0x3000      	MOVLW      0
;__Lib_I2C_c34.c,192 :: 		
0x008D	0x30FF      	MOVLW      _I2C1_Repeated_Start
0x008E	0x00B0      	MOVWF      _I2C_Restart_Ptr
0x008F	0x30FF      	MOVLW      hi_addr(_I2C1_Repeated_Start)
0x0090	0x00B1      	MOVWF      _I2C_Restart_Ptr+1
0x0091	0x3000      	MOVLW      0
0x0092	0x00B2      	MOVWF      _I2C_Restart_Ptr+2
0x0093	0x3000      	MOVLW      0
;__Lib_I2C_c34.c,193 :: 		
0x0094	0x30FF      	MOVLW      _I2C1_Rd
0x0095	0x00A7      	MOVWF      _I2C_Read_Ptr
0x0096	0x30FF      	MOVLW      hi_addr(_I2C1_Rd)
0x0097	0x00A8      	MOVWF      _I2C_Read_Ptr+1
0x0098	0x30FF      	MOVLW      FARG_I2C1_Rd_ack
0x0099	0x00A9      	MOVWF      _I2C_Read_Ptr+2
0x009A	0x30FF      	MOVLW      hi_addr(FARG_I2C1_Rd_ack)
;__Lib_I2C_c34.c,194 :: 		
0x009B	0x30B2      	MOVLW      _I2C1_Wr
0x009C	0x00AA      	MOVWF      _I2C_Write_Ptr
0x009D	0x3000      	MOVLW      hi_addr(_I2C1_Wr)
0x009E	0x00AB      	MOVWF      _I2C_Write_Ptr+1
0x009F	0x3020      	MOVLW      FARG_I2C1_Wr_data_
0x00A0	0x00AC      	MOVWF      _I2C_Write_Ptr+2
0x00A1	0x3000      	MOVLW      hi_addr(FARG_I2C1_Wr_data_)
;__Lib_I2C_c34.c,195 :: 		
0x00A2	0x3079      	MOVLW      _I2C1_Stop
0x00A3	0x00AD      	MOVWF      _I2C_Stop_Ptr
0x00A4	0x3000      	MOVLW      hi_addr(_I2C1_Stop)
0x00A5	0x00AE      	MOVWF      _I2C_Stop_Ptr+1
0x00A6	0x3000      	MOVLW      0
0x00A7	0x00AF      	MOVWF      _I2C_Stop_Ptr+2
0x00A8	0x3000      	MOVLW      0
;__Lib_I2C_c34.c,197 :: 		
0x00A9	0x1683      	BSF        STATUS, 5
0x00AA	0x1314      	BCF        SSPSTAT, 6
;__Lib_I2C_c34.c,198 :: 		
0x00AB	0x1394      	BCF        SSPSTAT, 7
;__Lib_I2C_c34.c,199 :: 		
0x00AC	0x1607      	BSF        TRISC4_bit, BitPos(TRISC4_bit+0)
;__Lib_I2C_c34.c,200 :: 		
0x00AD	0x1587      	BSF        TRISC3_bit, BitPos(TRISC3_bit+0)
;__Lib_I2C_c34.c,201 :: 		
0x00AE	0x3038      	MOVLW      56
0x00AF	0x1283      	BCF        STATUS, 5
0x00B0	0x0094      	MOVWF      SSPCON
;__Lib_I2C_c34.c,202 :: 		
L_end_I2C1_Init:
0x00B1	0x0008      	RETURN
; end of _I2C1_Init
_I2C1_Wr:
;__Lib_I2C_c34.c,137 :: 		
;__Lib_I2C_c34.c,140 :: 		
0x00B2	0x1283      	BCF        STATUS, 5
0x00B3	0x1303      	BCF        STATUS, 6
0x00B4	0x118C      	BCF        PIR1, 3
;__Lib_I2C_c34.c,141 :: 		
0x00B5	0x0820      	MOVF       FARG_I2C1_Wr_data_, 0
0x00B6	0x0093      	MOVWF      SSPBUF
;__Lib_I2C_c34.c,143 :: 		
0x00B7	0x0821      	MOVF       __Lib_I2C_c34__I2C1_TIMEOUT, 0
0x00B8	0x00BC      	MOVWF      I2C1_Wr_timeout_L0
0x00B9	0x0822      	MOVF       __Lib_I2C_c34__I2C1_TIMEOUT+1, 0
0x00BA	0x00BD      	MOVWF      I2C1_Wr_timeout_L0+1
0x00BB	0x0823      	MOVF       __Lib_I2C_c34__I2C1_TIMEOUT+2, 0
0x00BC	0x00BE      	MOVWF      I2C1_Wr_timeout_L0+2
0x00BD	0x0824      	MOVF       __Lib_I2C_c34__I2C1_TIMEOUT+3, 0
0x00BE	0x00BF      	MOVWF      I2C1_Wr_timeout_L0+3
;__Lib_I2C_c34.c,145 :: 		
L_I2C1_Wr26:
0x00BF	0x1683      	BSF        STATUS, 5
0x00C0	0x1D14      	BTFSS      SSPSTAT, 2
0x00C1	0x28E9      	GOTO       L_I2C1_Wr27
;__Lib_I2C_c34.c,148 :: 		
0x00C2	0x1283      	BCF        STATUS, 5
0x00C3	0x0821      	MOVF       __Lib_I2C_c34__I2C1_TIMEOUT, 0
0x00C4	0x0422      	IORWF      __Lib_I2C_c34__I2C1_TIMEOUT+1, 0
0x00C5	0x0423      	IORWF      __Lib_I2C_c34__I2C1_TIMEOUT+2, 0
0x00C6	0x0424      	IORWF      __Lib_I2C_c34__I2C1_TIMEOUT+3, 0
0x00C7	0x1903      	BTFSC      STATUS, 2
0x00C8	0x28E8      	GOTO       L_I2C1_Wr28
;__Lib_I2C_c34.c,150 :: 		
0x00C9	0x083C      	MOVF       I2C1_Wr_timeout_L0, 0
0x00CA	0x043D      	IORWF      I2C1_Wr_timeout_L0+1, 0
0x00CB	0x043E      	IORWF      I2C1_Wr_timeout_L0+2, 0
0x00CC	0x043F      	IORWF      I2C1_Wr_timeout_L0+3, 0
0x00CD	0x1D03      	BTFSS      STATUS, 2
0x00CE	0x28E0      	GOTO       L_I2C1_Wr29
;__Lib_I2C_c34.c,152 :: 		
0x00CF	0x0835      	MOVF       _I2C1_Timeout_Ptr+2, 0
0x00D0	0x0084      	MOVWF      FSR
0x00D1	0x3004      	MOVLW      4
0x00D2	0x0080      	MOVWF      INDF
0x00D3	0x0A84      	INCF       FSR, 1
0x00D4	0x0833      	MOVF       _I2C1_Timeout_Ptr, 0
0x00D5	0x00A5      	MOVWF      ___DoICPAddr
0x00D6	0x0834      	MOVF       _I2C1_Timeout_Ptr+1, 0
0x00D7	0x00A6      	MOVWF      ___DoICPAddr+1
0x00D8	0x201A      	CALL       _____DoIFC
0x00D9	0x118A      	BCF        PCLATH, 3
0x00DA	0x120A      	BCF        PCLATH, 4
;__Lib_I2C_c34.c,153 :: 		
0x00DB	0x3001      	MOVLW      1
0x00DC	0x1283      	BCF        STATUS, 5
0x00DD	0x1303      	BCF        STATUS, 6
0x00DE	0x00F0      	MOVWF      R0
0x00DF	0x2922      	GOTO       L_end_I2C1_Wr
;__Lib_I2C_c34.c,154 :: 		
L_I2C1_Wr29:
;__Lib_I2C_c34.c,155 :: 		
0x00E0	0x3001      	MOVLW      1
0x00E1	0x02BC      	SUBWF      I2C1_Wr_timeout_L0, 1
0x00E2	0x1C03      	BTFSS      STATUS, 0
0x00E3	0x02BD      	SUBWF      I2C1_Wr_timeout_L0+1, 1
0x00E4	0x1C03      	BTFSS      STATUS, 0
0x00E5	0x02BE      	SUBWF      I2C1_Wr_timeout_L0+2, 1
0x00E6	0x1C03      	BTFSS      STATUS, 0
0x00E7	0x02BF      	SUBWF      I2C1_Wr_timeout_L0+3, 1
;__Lib_I2C_c34.c,156 :: 		
L_I2C1_Wr28:
;__Lib_I2C_c34.c,157 :: 		
0x00E8	0x28BF      	GOTO       L_I2C1_Wr26
L_I2C1_Wr27:
0x00E9	0x1283      	BCF        STATUS, 5
;__Lib_I2C_c34.c,159 :: 		
0x00EA	0x0821      	MOVF       __Lib_I2C_c34__I2C1_TIMEOUT, 0
0x00EB	0x00BC      	MOVWF      I2C1_Wr_timeout_L0
0x00EC	0x0822      	MOVF       __Lib_I2C_c34__I2C1_TIMEOUT+1, 0
0x00ED	0x00BD      	MOVWF      I2C1_Wr_timeout_L0+1
0x00EE	0x0823      	MOVF       __Lib_I2C_c34__I2C1_TIMEOUT+2, 0
0x00EF	0x00BE      	MOVWF      I2C1_Wr_timeout_L0+2
0x00F0	0x0824      	MOVF       __Lib_I2C_c34__I2C1_TIMEOUT+3, 0
0x00F1	0x00BF      	MOVWF      I2C1_Wr_timeout_L0+3
;__Lib_I2C_c34.c,161 :: 		
L_I2C1_Wr30:
0x00F2	0x198C      	BTFSC      PIR1, 3
0x00F3	0x291A      	GOTO       L_I2C1_Wr31
;__Lib_I2C_c34.c,164 :: 		
0x00F4	0x0821      	MOVF       __Lib_I2C_c34__I2C1_TIMEOUT, 0
0x00F5	0x0422      	IORWF      __Lib_I2C_c34__I2C1_TIMEOUT+1, 0
0x00F6	0x0423      	IORWF      __Lib_I2C_c34__I2C1_TIMEOUT+2, 0
0x00F7	0x0424      	IORWF      __Lib_I2C_c34__I2C1_TIMEOUT+3, 0
0x00F8	0x1903      	BTFSC      STATUS, 2
0x00F9	0x2919      	GOTO       L_I2C1_Wr32
;__Lib_I2C_c34.c,166 :: 		
0x00FA	0x083C      	MOVF       I2C1_Wr_timeout_L0, 0
0x00FB	0x043D      	IORWF      I2C1_Wr_timeout_L0+1, 0
0x00FC	0x043E      	IORWF      I2C1_Wr_timeout_L0+2, 0
0x00FD	0x043F      	IORWF      I2C1_Wr_timeout_L0+3, 0
0x00FE	0x1D03      	BTFSS      STATUS, 2
0x00FF	0x2911      	GOTO       L_I2C1_Wr33
;__Lib_I2C_c34.c,168 :: 		
0x0100	0x0835      	MOVF       _I2C1_Timeout_Ptr+2, 0
0x0101	0x0084      	MOVWF      FSR
0x0102	0x3004      	MOVLW      4
0x0103	0x0080      	MOVWF      INDF
0x0104	0x0A84      	INCF       FSR, 1
0x0105	0x0833      	MOVF       _I2C1_Timeout_Ptr, 0
0x0106	0x00A5      	MOVWF      ___DoICPAddr
0x0107	0x0834      	MOVF       _I2C1_Timeout_Ptr+1, 0
0x0108	0x00A6      	MOVWF      ___DoICPAddr+1
0x0109	0x201A      	CALL       _____DoIFC
0x010A	0x118A      	BCF        PCLATH, 3
0x010B	0x120A      	BCF        PCLATH, 4
;__Lib_I2C_c34.c,169 :: 		
0x010C	0x3001      	MOVLW      1
0x010D	0x1283      	BCF        STATUS, 5
0x010E	0x1303      	BCF        STATUS, 6
0x010F	0x00F0      	MOVWF      R0
0x0110	0x2922      	GOTO       L_end_I2C1_Wr
;__Lib_I2C_c34.c,170 :: 		
L_I2C1_Wr33:
;__Lib_I2C_c34.c,171 :: 		
0x0111	0x3001      	MOVLW      1
0x0112	0x02BC      	SUBWF      I2C1_Wr_timeout_L0, 1
0x0113	0x1C03      	BTFSS      STATUS, 0
0x0114	0x02BD      	SUBWF      I2C1_Wr_timeout_L0+1, 1
0x0115	0x1C03      	BTFSS      STATUS, 0
0x0116	0x02BE      	SUBWF      I2C1_Wr_timeout_L0+2, 1
0x0117	0x1C03      	BTFSS      STATUS, 0
0x0118	0x02BF      	SUBWF      I2C1_Wr_timeout_L0+3, 1
;__Lib_I2C_c34.c,172 :: 		
L_I2C1_Wr32:
;__Lib_I2C_c34.c,173 :: 		
0x0119	0x28F2      	GOTO       L_I2C1_Wr30
L_I2C1_Wr31:
;__Lib_I2C_c34.c,175 :: 		
0x011A	0x1683      	BSF        STATUS, 5
0x011B	0x1B11      	BTFSC      SSPCON2, 6
0x011C	0x291F      	GOTO       L_I2C1_Wr34
;__Lib_I2C_c34.c,176 :: 		
0x011D	0x01F0      	CLRF       R0
0x011E	0x2922      	GOTO       L_end_I2C1_Wr
;__Lib_I2C_c34.c,177 :: 		
L_I2C1_Wr34:
;__Lib_I2C_c34.c,179 :: 		
0x011F	0x1511      	BSF        SSPCON2, 2
;__Lib_I2C_c34.c,180 :: 		
0x0120	0x3002      	MOVLW      2
0x0121	0x00F0      	MOVWF      R0
;__Lib_I2C_c34.c,182 :: 		
L_end_I2C1_Wr:
0x0122	0x0008      	RETURN
; end of _I2C1_Wr
___CC2DW:
;__Lib_System.c,134 :: 		
;__Lib_System.c,137 :: 		
_CC2D_Loop1:
;__Lib_System.c,139 :: 		
0x0123	0x2003      	CALL       _____DoICP
0x0124	0x118A      	BCF        PCLATH, 3
0x0125	0x120A      	BCF        PCLATH, 4
;__Lib_System.c,141 :: 		
0x0126	0x0080      	MOVWF      INDF
;__Lib_System.c,142 :: 		
0x0127	0x0A84      	INCF       FSR, 1
;__Lib_System.c,143 :: 		
0x0128	0x0AA5      	INCF       ___DoICPAddr, 1
;__Lib_System.c,145 :: 		
0x0129	0x1903      	BTFSC      STATUS, 2
;__Lib_System.c,146 :: 		
0x012A	0x0AA6      	INCF       ___DoICPAddr+1, 1
;__Lib_System.c,147 :: 		
0x012B	0x03F0      	DECF       R0, 1
;__Lib_System.c,149 :: 		
0x012C	0x1D03      	BTFSS      STATUS, 2
;__Lib_System.c,150 :: 		
0x012D	0x2923      	GOTO       _CC2D_Loop1
;__Lib_System.c,152 :: 		
L_end___CC2DW:
0x012E	0x0008      	RETURN
; end of ___CC2DW
_main:
0x012F	0x2188      	CALL       392
;I2C_2.c,1 :: 		void main() {
;I2C_2.c,2 :: 		I2C1_Init(100000);
0x0130	0x300A      	MOVLW      10
0x0131	0x1683      	BSF        STATUS, 5
0x0132	0x1303      	BCF        STATUS, 6
0x0133	0x0093      	MOVWF      SSPADD
0x0134	0x207D      	CALL       _I2C1_Init
;I2C_2.c,3 :: 		I2C1_Start();
0x0135	0x2021      	CALL       _I2C1_Start
;I2C_2.c,4 :: 		I2C1_Wr(0xA0); //Memoria: 1010000 0
0x0136	0x30A0      	MOVLW      160
0x0137	0x1283      	BCF        STATUS, 5
0x0138	0x1303      	BCF        STATUS, 6
0x0139	0x00A0      	MOVWF      FARG_I2C1_Wr_data_
0x013A	0x20B2      	CALL       _I2C1_Wr
;I2C_2.c,5 :: 		I2C1_Wr(0x20);
0x013B	0x3020      	MOVLW      32
0x013C	0x1283      	BCF        STATUS, 5
0x013D	0x1303      	BCF        STATUS, 6
0x013E	0x00A0      	MOVWF      FARG_I2C1_Wr_data_
0x013F	0x20B2      	CALL       _I2C1_Wr
;I2C_2.c,6 :: 		I2C1_Wr('A');
0x0140	0x3041      	MOVLW      65
0x0141	0x1283      	BCF        STATUS, 5
0x0142	0x1303      	BCF        STATUS, 6
0x0143	0x00A0      	MOVWF      FARG_I2C1_Wr_data_
0x0144	0x20B2      	CALL       _I2C1_Wr
;I2C_2.c,7 :: 		I2C1_Wr('L');
0x0145	0x304C      	MOVLW      76
0x0146	0x1283      	BCF        STATUS, 5
0x0147	0x1303      	BCF        STATUS, 6
0x0148	0x00A0      	MOVWF      FARG_I2C1_Wr_data_
0x0149	0x20B2      	CALL       _I2C1_Wr
;I2C_2.c,8 :: 		I2C1_Wr('D');
0x014A	0x3044      	MOVLW      68
0x014B	0x1283      	BCF        STATUS, 5
0x014C	0x1303      	BCF        STATUS, 6
0x014D	0x00A0      	MOVWF      FARG_I2C1_Wr_data_
0x014E	0x20B2      	CALL       _I2C1_Wr
;I2C_2.c,9 :: 		I2C1_Wr('O');
0x014F	0x304F      	MOVLW      79
0x0150	0x1283      	BCF        STATUS, 5
0x0151	0x1303      	BCF        STATUS, 6
0x0152	0x00A0      	MOVWF      FARG_I2C1_Wr_data_
0x0153	0x20B2      	CALL       _I2C1_Wr
;I2C_2.c,10 :: 		I2C1_Wr(' ');
0x0154	0x3020      	MOVLW      32
0x0155	0x1283      	BCF        STATUS, 5
0x0156	0x1303      	BCF        STATUS, 6
0x0157	0x00A0      	MOVWF      FARG_I2C1_Wr_data_
0x0158	0x20B2      	CALL       _I2C1_Wr
;I2C_2.c,11 :: 		I2C1_Wr('P');
0x0159	0x3050      	MOVLW      80
0x015A	0x1283      	BCF        STATUS, 5
0x015B	0x1303      	BCF        STATUS, 6
0x015C	0x00A0      	MOVWF      FARG_I2C1_Wr_data_
0x015D	0x20B2      	CALL       _I2C1_Wr
;I2C_2.c,12 :: 		I2C1_Wr('I');
0x015E	0x3049      	MOVLW      73
0x015F	0x1283      	BCF        STATUS, 5
0x0160	0x1303      	BCF        STATUS, 6
0x0161	0x00A0      	MOVWF      FARG_I2C1_Wr_data_
0x0162	0x20B2      	CALL       _I2C1_Wr
;I2C_2.c,13 :: 		I2C1_Wr('Z');
0x0163	0x305A      	MOVLW      90
0x0164	0x1283      	BCF        STATUS, 5
0x0165	0x1303      	BCF        STATUS, 6
0x0166	0x00A0      	MOVWF      FARG_I2C1_Wr_data_
0x0167	0x20B2      	CALL       _I2C1_Wr
;I2C_2.c,14 :: 		I2C1_Wr('A');
0x0168	0x3041      	MOVLW      65
0x0169	0x1283      	BCF        STATUS, 5
0x016A	0x1303      	BCF        STATUS, 6
0x016B	0x00A0      	MOVWF      FARG_I2C1_Wr_data_
0x016C	0x20B2      	CALL       _I2C1_Wr
;I2C_2.c,15 :: 		I2C1_Wr('R');
0x016D	0x3052      	MOVLW      82
0x016E	0x1283      	BCF        STATUS, 5
0x016F	0x1303      	BCF        STATUS, 6
0x0170	0x00A0      	MOVWF      FARG_I2C1_Wr_data_
0x0171	0x20B2      	CALL       _I2C1_Wr
;I2C_2.c,16 :: 		I2C1_Wr('R');
0x0172	0x3052      	MOVLW      82
0x0173	0x1283      	BCF        STATUS, 5
0x0174	0x1303      	BCF        STATUS, 6
0x0175	0x00A0      	MOVWF      FARG_I2C1_Wr_data_
0x0176	0x20B2      	CALL       _I2C1_Wr
;I2C_2.c,17 :: 		I2C1_Wr('O');
0x0177	0x304F      	MOVLW      79
0x0178	0x1283      	BCF        STATUS, 5
0x0179	0x1303      	BCF        STATUS, 6
0x017A	0x00A0      	MOVWF      FARG_I2C1_Wr_data_
0x017B	0x20B2      	CALL       _I2C1_Wr
;I2C_2.c,18 :: 		I2C1_Stop();
0x017C	0x2079      	CALL       _I2C1_Stop
;I2C_2.c,20 :: 		}
L_end_main:
0x017D	0x297D      	GOTO       $+0
; end of _main
0x0188	0x3021      	MOVLW      33
0x0189	0x0084      	MOVWF      FSR
0x018A	0x3004      	MOVLW      4
0x018B	0x1283      	BCF        STATUS, 5
0x018C	0x1303      	BCF        STATUS, 6
0x018D	0x00F0      	MOVWF      R0
0x018E	0x3083      	MOVLW      131
0x018F	0x00A5      	MOVWF      ___DoICPAddr
0x0190	0x3001      	MOVLW      1
0x0191	0x00A6      	MOVWF      38
0x0192	0x2123      	CALL       291
0x0193	0x0008      	RETURN
;__Lib_I2C_c34.c,0 :: ?ICS__Lib_I2C_c34__I2C1_TIMEOUT
0x0183	0x3400 ;?ICS__Lib_I2C_c34__I2C1_TIMEOUT+0
0x0184	0x3400 ;?ICS__Lib_I2C_c34__I2C1_TIMEOUT+1
0x0185	0x3400 ;?ICS__Lib_I2C_c34__I2C1_TIMEOUT+2
0x0186	0x3400 ;?ICS__Lib_I2C_c34__I2C1_TIMEOUT+3
; end of ?ICS__Lib_I2C_c34__I2C1_TIMEOUT
Symbol List:
//** Routines locations **
//ADDRESS    SIZE    PROCEDURE
//----------------------------------------------
0x0003       [7]    _____DoICP
0x000A      [16]    _I2C1_Is_Idle
0x001A       [7]    _____DoIFC
0x0021      [88]    _I2C1_Start
0x0079       [4]    _I2C1_Stop
0x007D      [53]    _I2C1_Init
0x00B2     [113]    _I2C1_Wr
0x0123      [12]    ___CC2DW
0x012F      [78]    _main
//** Variables locations ** 
//ADDRESS    SIZE    VARIABLE
//----------------------------------------------
0x0000       [1]    INDF
0x0002       [1]    PCL
0x0003       [1]    STATUS
0x0004       [1]    FSR
0x000A       [1]    PCLATH
0x000C       [1]    PIR1
0x0013       [1]    SSPBUF
0x0014       [1]    SSPCON
0x0020       [1]    FARG_I2C1_Wr_data_
0x0021       [4]    __Lib_I2C_c34__I2C1_TIMEOUT
0x0025       [2]    ___DoICPAddr
0x0027       [3]    _I2C_Read_Ptr
0x002A       [3]    _I2C_Write_Ptr
0x002D       [3]    _I2C_Stop_Ptr
0x0030       [3]    _I2C_Restart_Ptr
0x0033       [3]    _I2C1_Timeout_Ptr
0x0036       [3]    _I2C_Is_Idle_Ptr
0x0039       [3]    _I2C_Start_Ptr
0x003C       [4]    FARG_I2C1_Init_clock
0x003C       [4]    I2C1_Wr_timeout_L0
0x003C       [2]    I2C1_Start_j_L0
0x003E       [4]    I2C1_Start_timeout_L0
0x0070       [1]    R0
0x0071       [1]    R1
0x0072       [1]    R2
0x0073       [1]    R3
0x0074       [1]    R4
0x0075       [1]    R5
0x0076       [1]    R6
0x0077       [1]    R7
0x0078       [1]    R8
0x0079       [1]    R9
0x007A       [1]    R10
0x007B       [1]    R11
0x007C       [1]    R12
0x007D       [1]    R13
0x007E       [1]    R14
0x007F       [1]    R15
0x0087       [0]    TRISC3_bit
0x0087       [0]    TRISC4_bit
0x0091       [1]    SSPCON2
0x0093       [1]    SSPADD
0x0094       [1]    SSPSTAT
//** Constants locations ** 
//ADDRESS    SIZE    CONSTANT
//----------------------------------------------
0x0183       [4]    ?ICS__Lib_I2C_c34__I2C1_TIMEOUT
