;  LST file generated by mikroListExporter - v.2.0 
; Date/Time: 15/12/2023 18:56:49
;----------------------------------------------

;Address Opcode 	ASM
0x0000	0x2A34      	GOTO       564
_I2C1_Is_Idle:
;__Lib_I2C_c34.c,26 :: 		
;__Lib_I2C_c34.c,27 :: 		
0x0003	0x1683      	BSF        STATUS, 5
0x0004	0x1303      	BCF        STATUS, 6
0x0005	0x1914      	BTFSC      SSPSTAT, 2
0x0006	0x2811      	GOTO       L_I2C1_Is_Idle0
;__Lib_I2C_c34.c,28 :: 		
0x0007	0x301F      	MOVLW      31
0x0008	0x0511      	ANDWF      SSPCON2, 0
0x0009	0x00F1      	MOVWF      R1
0x000A	0x0871      	MOVF       R1, 0
0x000B	0x3A00      	XORLW      0
0x000C	0x1D03      	BTFSS      STATUS, 2
0x000D	0x2811      	GOTO       L_I2C1_Is_Idle1
;__Lib_I2C_c34.c,29 :: 		
0x000E	0x3001      	MOVLW      1
0x000F	0x00F0      	MOVWF      R0
0x0010	0x2812      	GOTO       L_end_I2C1_Is_Idle
L_I2C1_Is_Idle1:
L_I2C1_Is_Idle0:
;__Lib_I2C_c34.c,30 :: 		
0x0011	0x01F0      	CLRF       R0
;__Lib_I2C_c34.c,31 :: 		
L_end_I2C1_Is_Idle:
0x0012	0x0008      	RETURN
; end of _I2C1_Is_Idle
_____DoIFC:
;__Lib_System.c,15 :: 		
;__Lib_System.c,18 :: 		
0x0013	0x1283      	BCF        STATUS, 5
0x0014	0x1303      	BCF        STATUS, 6
0x0015	0x082C      	MOVF       ___DoICPAddr+1, 0
0x0016	0x008A      	MOVWF      PCLATH
;__Lib_System.c,19 :: 		
0x0017	0x082B      	MOVF       ___DoICPAddr, 0
0x0018	0x0082      	MOVWF      PCL
;__Lib_System.c,21 :: 		
L_end_____DoIFC:
0x0019	0x0008      	RETURN
; end of _____DoIFC
_I2C1_Stop:
;__Lib_I2C_c34.c,184 :: 		
;__Lib_I2C_c34.c,185 :: 		
0x001A	0x1683      	BSF        STATUS, 5
0x001B	0x1303      	BCF        STATUS, 6
0x001C	0x1511      	BSF        SSPCON2, 2
;__Lib_I2C_c34.c,186 :: 		
L_end_I2C1_Stop:
0x001D	0x0008      	RETURN
; end of _I2C1_Stop
_I2C1_Wr:
;__Lib_I2C_c34.c,137 :: 		
;__Lib_I2C_c34.c,140 :: 		
0x001E	0x1283      	BCF        STATUS, 5
0x001F	0x1303      	BCF        STATUS, 6
0x0020	0x118C      	BCF        PIR1, 3
;__Lib_I2C_c34.c,141 :: 		
0x0021	0x0820      	MOVF       FARG_I2C1_Wr_data_, 0
0x0022	0x0093      	MOVWF      SSPBUF
;__Lib_I2C_c34.c,143 :: 		
0x0023	0x0827      	MOVF       __Lib_I2C_c34__I2C1_TIMEOUT, 0
0x0024	0x00C8      	MOVWF      I2C1_Wr_timeout_L0
0x0025	0x0828      	MOVF       __Lib_I2C_c34__I2C1_TIMEOUT+1, 0
0x0026	0x00C9      	MOVWF      I2C1_Wr_timeout_L0+1
0x0027	0x0829      	MOVF       __Lib_I2C_c34__I2C1_TIMEOUT+2, 0
0x0028	0x00CA      	MOVWF      I2C1_Wr_timeout_L0+2
0x0029	0x082A      	MOVF       __Lib_I2C_c34__I2C1_TIMEOUT+3, 0
0x002A	0x00CB      	MOVWF      I2C1_Wr_timeout_L0+3
;__Lib_I2C_c34.c,145 :: 		
L_I2C1_Wr26:
0x002B	0x1683      	BSF        STATUS, 5
0x002C	0x1D14      	BTFSS      SSPSTAT, 2
0x002D	0x2855      	GOTO       L_I2C1_Wr27
;__Lib_I2C_c34.c,148 :: 		
0x002E	0x1283      	BCF        STATUS, 5
0x002F	0x0827      	MOVF       __Lib_I2C_c34__I2C1_TIMEOUT, 0
0x0030	0x0428      	IORWF      __Lib_I2C_c34__I2C1_TIMEOUT+1, 0
0x0031	0x0429      	IORWF      __Lib_I2C_c34__I2C1_TIMEOUT+2, 0
0x0032	0x042A      	IORWF      __Lib_I2C_c34__I2C1_TIMEOUT+3, 0
0x0033	0x1903      	BTFSC      STATUS, 2
0x0034	0x2854      	GOTO       L_I2C1_Wr28
;__Lib_I2C_c34.c,150 :: 		
0x0035	0x0848      	MOVF       I2C1_Wr_timeout_L0, 0
0x0036	0x0449      	IORWF      I2C1_Wr_timeout_L0+1, 0
0x0037	0x044A      	IORWF      I2C1_Wr_timeout_L0+2, 0
0x0038	0x044B      	IORWF      I2C1_Wr_timeout_L0+3, 0
0x0039	0x1D03      	BTFSS      STATUS, 2
0x003A	0x284C      	GOTO       L_I2C1_Wr29
;__Lib_I2C_c34.c,152 :: 		
0x003B	0x0832      	MOVF       _I2C1_Timeout_Ptr+2, 0
0x003C	0x0084      	MOVWF      FSR
0x003D	0x3004      	MOVLW      4
0x003E	0x0080      	MOVWF      INDF
0x003F	0x0A84      	INCF       FSR, 1
0x0040	0x0830      	MOVF       _I2C1_Timeout_Ptr, 0
0x0041	0x00AB      	MOVWF      ___DoICPAddr
0x0042	0x0831      	MOVF       _I2C1_Timeout_Ptr+1, 0
0x0043	0x00AC      	MOVWF      ___DoICPAddr+1
0x0044	0x2013      	CALL       _____DoIFC
0x0045	0x118A      	BCF        PCLATH, 3
0x0046	0x120A      	BCF        PCLATH, 4
;__Lib_I2C_c34.c,153 :: 		
0x0047	0x3001      	MOVLW      1
0x0048	0x1283      	BCF        STATUS, 5
0x0049	0x1303      	BCF        STATUS, 6
0x004A	0x00F0      	MOVWF      R0
0x004B	0x288E      	GOTO       L_end_I2C1_Wr
;__Lib_I2C_c34.c,154 :: 		
L_I2C1_Wr29:
;__Lib_I2C_c34.c,155 :: 		
0x004C	0x3001      	MOVLW      1
0x004D	0x02C8      	SUBWF      I2C1_Wr_timeout_L0, 1
0x004E	0x1C03      	BTFSS      STATUS, 0
0x004F	0x02C9      	SUBWF      I2C1_Wr_timeout_L0+1, 1
0x0050	0x1C03      	BTFSS      STATUS, 0
0x0051	0x02CA      	SUBWF      I2C1_Wr_timeout_L0+2, 1
0x0052	0x1C03      	BTFSS      STATUS, 0
0x0053	0x02CB      	SUBWF      I2C1_Wr_timeout_L0+3, 1
;__Lib_I2C_c34.c,156 :: 		
L_I2C1_Wr28:
;__Lib_I2C_c34.c,157 :: 		
0x0054	0x282B      	GOTO       L_I2C1_Wr26
L_I2C1_Wr27:
0x0055	0x1283      	BCF        STATUS, 5
;__Lib_I2C_c34.c,159 :: 		
0x0056	0x0827      	MOVF       __Lib_I2C_c34__I2C1_TIMEOUT, 0
0x0057	0x00C8      	MOVWF      I2C1_Wr_timeout_L0
0x0058	0x0828      	MOVF       __Lib_I2C_c34__I2C1_TIMEOUT+1, 0
0x0059	0x00C9      	MOVWF      I2C1_Wr_timeout_L0+1
0x005A	0x0829      	MOVF       __Lib_I2C_c34__I2C1_TIMEOUT+2, 0
0x005B	0x00CA      	MOVWF      I2C1_Wr_timeout_L0+2
0x005C	0x082A      	MOVF       __Lib_I2C_c34__I2C1_TIMEOUT+3, 0
0x005D	0x00CB      	MOVWF      I2C1_Wr_timeout_L0+3
;__Lib_I2C_c34.c,161 :: 		
L_I2C1_Wr30:
0x005E	0x198C      	BTFSC      PIR1, 3
0x005F	0x2886      	GOTO       L_I2C1_Wr31
;__Lib_I2C_c34.c,164 :: 		
0x0060	0x0827      	MOVF       __Lib_I2C_c34__I2C1_TIMEOUT, 0
0x0061	0x0428      	IORWF      __Lib_I2C_c34__I2C1_TIMEOUT+1, 0
0x0062	0x0429      	IORWF      __Lib_I2C_c34__I2C1_TIMEOUT+2, 0
0x0063	0x042A      	IORWF      __Lib_I2C_c34__I2C1_TIMEOUT+3, 0
0x0064	0x1903      	BTFSC      STATUS, 2
0x0065	0x2885      	GOTO       L_I2C1_Wr32
;__Lib_I2C_c34.c,166 :: 		
0x0066	0x0848      	MOVF       I2C1_Wr_timeout_L0, 0
0x0067	0x0449      	IORWF      I2C1_Wr_timeout_L0+1, 0
0x0068	0x044A      	IORWF      I2C1_Wr_timeout_L0+2, 0
0x0069	0x044B      	IORWF      I2C1_Wr_timeout_L0+3, 0
0x006A	0x1D03      	BTFSS      STATUS, 2
0x006B	0x287D      	GOTO       L_I2C1_Wr33
;__Lib_I2C_c34.c,168 :: 		
0x006C	0x0832      	MOVF       _I2C1_Timeout_Ptr+2, 0
0x006D	0x0084      	MOVWF      FSR
0x006E	0x3004      	MOVLW      4
0x006F	0x0080      	MOVWF      INDF
0x0070	0x0A84      	INCF       FSR, 1
0x0071	0x0830      	MOVF       _I2C1_Timeout_Ptr, 0
0x0072	0x00AB      	MOVWF      ___DoICPAddr
0x0073	0x0831      	MOVF       _I2C1_Timeout_Ptr+1, 0
0x0074	0x00AC      	MOVWF      ___DoICPAddr+1
0x0075	0x2013      	CALL       _____DoIFC
0x0076	0x118A      	BCF        PCLATH, 3
0x0077	0x120A      	BCF        PCLATH, 4
;__Lib_I2C_c34.c,169 :: 		
0x0078	0x3001      	MOVLW      1
0x0079	0x1283      	BCF        STATUS, 5
0x007A	0x1303      	BCF        STATUS, 6
0x007B	0x00F0      	MOVWF      R0
0x007C	0x288E      	GOTO       L_end_I2C1_Wr
;__Lib_I2C_c34.c,170 :: 		
L_I2C1_Wr33:
;__Lib_I2C_c34.c,171 :: 		
0x007D	0x3001      	MOVLW      1
0x007E	0x02C8      	SUBWF      I2C1_Wr_timeout_L0, 1
0x007F	0x1C03      	BTFSS      STATUS, 0
0x0080	0x02C9      	SUBWF      I2C1_Wr_timeout_L0+1, 1
0x0081	0x1C03      	BTFSS      STATUS, 0
0x0082	0x02CA      	SUBWF      I2C1_Wr_timeout_L0+2, 1
0x0083	0x1C03      	BTFSS      STATUS, 0
0x0084	0x02CB      	SUBWF      I2C1_Wr_timeout_L0+3, 1
;__Lib_I2C_c34.c,172 :: 		
L_I2C1_Wr32:
;__Lib_I2C_c34.c,173 :: 		
0x0085	0x285E      	GOTO       L_I2C1_Wr30
L_I2C1_Wr31:
;__Lib_I2C_c34.c,175 :: 		
0x0086	0x1683      	BSF        STATUS, 5
0x0087	0x1B11      	BTFSC      SSPCON2, 6
0x0088	0x288B      	GOTO       L_I2C1_Wr34
;__Lib_I2C_c34.c,176 :: 		
0x0089	0x01F0      	CLRF       R0
0x008A	0x288E      	GOTO       L_end_I2C1_Wr
;__Lib_I2C_c34.c,177 :: 		
L_I2C1_Wr34:
;__Lib_I2C_c34.c,179 :: 		
0x008B	0x1511      	BSF        SSPCON2, 2
;__Lib_I2C_c34.c,180 :: 		
0x008C	0x3002      	MOVLW      2
0x008D	0x00F0      	MOVWF      R0
;__Lib_I2C_c34.c,182 :: 		
L_end_I2C1_Wr:
0x008E	0x0008      	RETURN
; end of _I2C1_Wr
_I2C1_Start:
;__Lib_I2C_c34.c,33 :: 		
;__Lib_I2C_c34.c,37 :: 		
0x008F	0x1283      	BCF        STATUS, 5
0x0090	0x1303      	BCF        STATUS, 6
0x0091	0x0827      	MOVF       __Lib_I2C_c34__I2C1_TIMEOUT, 0
0x0092	0x00CA      	MOVWF      I2C1_Start_timeout_L0
0x0093	0x0828      	MOVF       __Lib_I2C_c34__I2C1_TIMEOUT+1, 0
0x0094	0x00CB      	MOVWF      I2C1_Start_timeout_L0+1
0x0095	0x0829      	MOVF       __Lib_I2C_c34__I2C1_TIMEOUT+2, 0
0x0096	0x00CC      	MOVWF      I2C1_Start_timeout_L0+2
0x0097	0x082A      	MOVF       __Lib_I2C_c34__I2C1_TIMEOUT+3, 0
0x0098	0x00CD      	MOVWF      I2C1_Start_timeout_L0+3
;__Lib_I2C_c34.c,39 :: 		
0x0099	0x01C8      	CLRF       I2C1_Start_j_L0
0x009A	0x01C9      	CLRF       I2C1_Start_j_L0+1
L_I2C1_Start2:
0x009B	0x0849      	MOVF       I2C1_Start_j_L0+1, 0
0x009C	0x3C12      	SUBLW      18
0x009D	0x1D03      	BTFSS      STATUS, 2
0x009E	0x28A1      	GOTO       L__I2C1_Start39
0x009F	0x0848      	MOVF       I2C1_Start_j_L0, 0
0x00A0	0x3C8E      	SUBLW      142
L__I2C1_Start39:
0x00A1	0x1C03      	BTFSS      STATUS, 0
0x00A2	0x28AD      	GOTO       L_I2C1_Start3
;__Lib_I2C_c34.c,40 :: 		
0x00A3	0x2003      	CALL       _I2C1_Is_Idle
0x00A4	0x0870      	MOVF       R0, 0
0x00A5	0x1903      	BTFSC      STATUS, 2
0x00A6	0x28A8      	GOTO       L_I2C1_Start5
;__Lib_I2C_c34.c,41 :: 		
0x00A7	0x28AD      	GOTO       L_I2C1_Start3
L_I2C1_Start5:
;__Lib_I2C_c34.c,39 :: 		
0x00A8	0x1283      	BCF        STATUS, 5
0x00A9	0x0AC8      	INCF       I2C1_Start_j_L0, 1
0x00AA	0x1903      	BTFSC      STATUS, 2
0x00AB	0x0AC9      	INCF       I2C1_Start_j_L0+1, 1
;__Lib_I2C_c34.c,42 :: 		
0x00AC	0x289B      	GOTO       L_I2C1_Start2
L_I2C1_Start3:
0x00AD	0x1283      	BCF        STATUS, 5
;__Lib_I2C_c34.c,44 :: 		
0x00AE	0x3012      	MOVLW      18
0x00AF	0x0249      	SUBWF      I2C1_Start_j_L0+1, 0
0x00B0	0x1D03      	BTFSS      STATUS, 2
0x00B1	0x28B4      	GOTO       L__I2C1_Start40
0x00B2	0x308F      	MOVLW      143
0x00B3	0x0248      	SUBWF      I2C1_Start_j_L0, 0
L__I2C1_Start40:
0x00B4	0x1C03      	BTFSS      STATUS, 0
0x00B5	0x28B9      	GOTO       L_I2C1_Start6
;__Lib_I2C_c34.c,45 :: 		
0x00B6	0x307B      	MOVLW      123
0x00B7	0x00F0      	MOVWF      R0
0x00B8	0x28E6      	GOTO       L_end_I2C1_Start
L_I2C1_Start6:
;__Lib_I2C_c34.c,47 :: 		
0x00B9	0x1683      	BSF        STATUS, 5
0x00BA	0x1411      	BSF        SSPCON2, 0
;__Lib_I2C_c34.c,48 :: 		
L_I2C1_Start8:
0x00BB	0x1683      	BSF        STATUS, 5
0x00BC	0x1C11      	BTFSS      SSPCON2, 0
0x00BD	0x28E5      	GOTO       L_I2C1_Start9
;__Lib_I2C_c34.c,50 :: 		
0x00BE	0x1283      	BCF        STATUS, 5
0x00BF	0x0827      	MOVF       __Lib_I2C_c34__I2C1_TIMEOUT, 0
0x00C0	0x0428      	IORWF      __Lib_I2C_c34__I2C1_TIMEOUT+1, 0
0x00C1	0x0429      	IORWF      __Lib_I2C_c34__I2C1_TIMEOUT+2, 0
0x00C2	0x042A      	IORWF      __Lib_I2C_c34__I2C1_TIMEOUT+3, 0
0x00C3	0x1903      	BTFSC      STATUS, 2
0x00C4	0x28E4      	GOTO       L_I2C1_Start10
;__Lib_I2C_c34.c,52 :: 		
0x00C5	0x084A      	MOVF       I2C1_Start_timeout_L0, 0
0x00C6	0x044B      	IORWF      I2C1_Start_timeout_L0+1, 0
0x00C7	0x044C      	IORWF      I2C1_Start_timeout_L0+2, 0
0x00C8	0x044D      	IORWF      I2C1_Start_timeout_L0+3, 0
0x00C9	0x1D03      	BTFSS      STATUS, 2
0x00CA	0x28DC      	GOTO       L_I2C1_Start11
;__Lib_I2C_c34.c,54 :: 		
0x00CB	0x0832      	MOVF       _I2C1_Timeout_Ptr+2, 0
0x00CC	0x0084      	MOVWF      FSR
0x00CD	0x3005      	MOVLW      5
0x00CE	0x0080      	MOVWF      INDF
0x00CF	0x0A84      	INCF       FSR, 1
0x00D0	0x0830      	MOVF       _I2C1_Timeout_Ptr, 0
0x00D1	0x00AB      	MOVWF      ___DoICPAddr
0x00D2	0x0831      	MOVF       _I2C1_Timeout_Ptr+1, 0
0x00D3	0x00AC      	MOVWF      ___DoICPAddr+1
0x00D4	0x2013      	CALL       _____DoIFC
0x00D5	0x118A      	BCF        PCLATH, 3
0x00D6	0x120A      	BCF        PCLATH, 4
;__Lib_I2C_c34.c,55 :: 		
0x00D7	0x3001      	MOVLW      1
0x00D8	0x1283      	BCF        STATUS, 5
0x00D9	0x1303      	BCF        STATUS, 6
0x00DA	0x00F0      	MOVWF      R0
0x00DB	0x28E6      	GOTO       L_end_I2C1_Start
;__Lib_I2C_c34.c,56 :: 		
L_I2C1_Start11:
;__Lib_I2C_c34.c,57 :: 		
0x00DC	0x3001      	MOVLW      1
0x00DD	0x02CA      	SUBWF      I2C1_Start_timeout_L0, 1
0x00DE	0x1C03      	BTFSS      STATUS, 0
0x00DF	0x02CB      	SUBWF      I2C1_Start_timeout_L0+1, 1
0x00E0	0x1C03      	BTFSS      STATUS, 0
0x00E1	0x02CC      	SUBWF      I2C1_Start_timeout_L0+2, 1
0x00E2	0x1C03      	BTFSS      STATUS, 0
0x00E3	0x02CD      	SUBWF      I2C1_Start_timeout_L0+3, 1
;__Lib_I2C_c34.c,58 :: 		
L_I2C1_Start10:
;__Lib_I2C_c34.c,59 :: 		
0x00E4	0x28BB      	GOTO       L_I2C1_Start8
L_I2C1_Start9:
;__Lib_I2C_c34.c,60 :: 		
0x00E5	0x01F0      	CLRF       R0
;__Lib_I2C_c34.c,62 :: 		
L_end_I2C1_Start:
0x00E6	0x0008      	RETURN
; end of _I2C1_Start
_I2C_LCD_Cmd:
;lib_i2c_lcd.h,40 :: 		void I2C_LCD_Cmd(char out_char) {
;lib_i2c_lcd.h,44 :: 		byte = out_char & 0xF0;
0x00E7	0x30F0      	MOVLW      240
0x00E8	0x1283      	BCF        STATUS, 5
0x00E9	0x1303      	BCF        STATUS, 6
0x00EA	0x0546      	ANDWF      FARG_I2C_LCD_Cmd_out_char, 0
0x00EB	0x00C7      	MOVWF      I2C_LCD_Cmd_byte_L0
;lib_i2c_lcd.h,46 :: 		I2C1_Start();
0x00EC	0x208F      	CALL       _I2C1_Start
;lib_i2c_lcd.h,47 :: 		I2C1_Is_Idle();
0x00ED	0x2003      	CALL       _I2C1_Is_Idle
;lib_i2c_lcd.h,48 :: 		I2C1_Wr(LCD_ADDR);
0x00EE	0x304E      	MOVLW      78
0x00EF	0x1283      	BCF        STATUS, 5
0x00F0	0x00A0      	MOVWF      FARG_I2C1_Wr_data_
0x00F1	0x201E      	CALL       _I2C1_Wr
;lib_i2c_lcd.h,49 :: 		I2C1_Is_Idle();
0x00F2	0x2003      	CALL       _I2C1_Is_Idle
;lib_i2c_lcd.h,51 :: 		byte.F0 = 0;
0x00F3	0x1283      	BCF        STATUS, 5
0x00F4	0x1047      	BCF        I2C_LCD_Cmd_byte_L0, 0
;lib_i2c_lcd.h,52 :: 		byte.F2 = 1;
0x00F5	0x1547      	BSF        I2C_LCD_Cmd_byte_L0, 2
;lib_i2c_lcd.h,53 :: 		byte.F3 = 1;
0x00F6	0x15C7      	BSF        I2C_LCD_Cmd_byte_L0, 3
;lib_i2c_lcd.h,54 :: 		I2C1_Wr(byte);
0x00F7	0x0847      	MOVF       I2C_LCD_Cmd_byte_L0, 0
0x00F8	0x00A0      	MOVWF      FARG_I2C1_Wr_data_
0x00F9	0x201E      	CALL       _I2C1_Wr
;lib_i2c_lcd.h,55 :: 		I2C1_Is_Idle();
0x00FA	0x2003      	CALL       _I2C1_Is_Idle
;lib_i2c_lcd.h,56 :: 		byte.F2 = 0;
0x00FB	0x1283      	BCF        STATUS, 5
0x00FC	0x1147      	BCF        I2C_LCD_Cmd_byte_L0, 2
;lib_i2c_lcd.h,57 :: 		I2C1_Wr(byte);
0x00FD	0x0847      	MOVF       I2C_LCD_Cmd_byte_L0, 0
0x00FE	0x00A0      	MOVWF      FARG_I2C1_Wr_data_
0x00FF	0x201E      	CALL       _I2C1_Wr
;lib_i2c_lcd.h,58 :: 		I2C1_Is_Idle();
0x0100	0x2003      	CALL       _I2C1_Is_Idle
;lib_i2c_lcd.h,60 :: 		byte = (out_char << 4) & 0xF0;
0x0101	0x1283      	BCF        STATUS, 5
0x0102	0x0846      	MOVF       FARG_I2C_LCD_Cmd_out_char, 0
0x0103	0x00C7      	MOVWF      I2C_LCD_Cmd_byte_L0
0x0104	0x0DC7      	RLF        I2C_LCD_Cmd_byte_L0, 1
0x0105	0x1047      	BCF        I2C_LCD_Cmd_byte_L0, 0
0x0106	0x0DC7      	RLF        I2C_LCD_Cmd_byte_L0, 1
0x0107	0x1047      	BCF        I2C_LCD_Cmd_byte_L0, 0
0x0108	0x0DC7      	RLF        I2C_LCD_Cmd_byte_L0, 1
0x0109	0x1047      	BCF        I2C_LCD_Cmd_byte_L0, 0
0x010A	0x0DC7      	RLF        I2C_LCD_Cmd_byte_L0, 1
0x010B	0x1047      	BCF        I2C_LCD_Cmd_byte_L0, 0
0x010C	0x30F0      	MOVLW      240
0x010D	0x05C7      	ANDWF      I2C_LCD_Cmd_byte_L0, 1
;lib_i2c_lcd.h,62 :: 		byte.F0 = 0;
0x010E	0x1047      	BCF        I2C_LCD_Cmd_byte_L0, 0
;lib_i2c_lcd.h,63 :: 		byte.F2 = 1;
0x010F	0x1547      	BSF        I2C_LCD_Cmd_byte_L0, 2
;lib_i2c_lcd.h,64 :: 		byte.F3 = 1;
0x0110	0x15C7      	BSF        I2C_LCD_Cmd_byte_L0, 3
;lib_i2c_lcd.h,65 :: 		I2C1_Wr(byte);
0x0111	0x0847      	MOVF       I2C_LCD_Cmd_byte_L0, 0
0x0112	0x00A0      	MOVWF      FARG_I2C1_Wr_data_
0x0113	0x201E      	CALL       _I2C1_Wr
;lib_i2c_lcd.h,66 :: 		I2C1_Is_Idle();
0x0114	0x2003      	CALL       _I2C1_Is_Idle
;lib_i2c_lcd.h,67 :: 		byte.F2 = 0;
0x0115	0x1283      	BCF        STATUS, 5
0x0116	0x1147      	BCF        I2C_LCD_Cmd_byte_L0, 2
;lib_i2c_lcd.h,68 :: 		I2C1_Wr(byte);
0x0117	0x0847      	MOVF       I2C_LCD_Cmd_byte_L0, 0
0x0118	0x00A0      	MOVWF      FARG_I2C1_Wr_data_
0x0119	0x201E      	CALL       _I2C1_Wr
;lib_i2c_lcd.h,69 :: 		I2C1_Is_Idle();
0x011A	0x2003      	CALL       _I2C1_Is_Idle
;lib_i2c_lcd.h,70 :: 		I2C1_stop();
0x011B	0x201A      	CALL       _I2C1_Stop
;lib_i2c_lcd.h,72 :: 		if(out_char == 0x01)Delay_ms(2);
0x011C	0x1283      	BCF        STATUS, 5
0x011D	0x0846      	MOVF       FARG_I2C_LCD_Cmd_out_char, 0
0x011E	0x3A01      	XORLW      1
0x011F	0x1D03      	BTFSS      STATUS, 2
0x0120	0x292B      	GOTO       L_I2C_LCD_Cmd0
0x0121	0x3003      	MOVLW      3
0x0122	0x00FC      	MOVWF      R12
0x0123	0x3097      	MOVLW      151
0x0124	0x00FD      	MOVWF      R13
L_I2C_LCD_Cmd1:
0x0125	0x0BFD      	DECFSZ     R13, 1
0x0126	0x2925      	GOTO       L_I2C_LCD_Cmd1
0x0127	0x0BFC      	DECFSZ     R12, 1
0x0128	0x2925      	GOTO       L_I2C_LCD_Cmd1
0x0129	0x0000      	NOP
0x012A	0x0000      	NOP
L_I2C_LCD_Cmd0:
;lib_i2c_lcd.h,73 :: 		}
L_end_I2C_LCD_Cmd:
0x012B	0x0008      	RETURN
; end of _I2C_LCD_Cmd
_____DoICP:
;__Lib_System.c,6 :: 		
;__Lib_System.c,9 :: 		
0x012C	0x1283      	BCF        STATUS, 5
0x012D	0x1303      	BCF        STATUS, 6
0x012E	0x082C      	MOVF       ___DoICPAddr+1, 0
0x012F	0x008A      	MOVWF      PCLATH
;__Lib_System.c,10 :: 		
0x0130	0x082B      	MOVF       ___DoICPAddr, 0
0x0131	0x0082      	MOVWF      PCL
;__Lib_System.c,12 :: 		
L_end_____DoICP:
0x0132	0x0008      	RETURN
; end of _____DoICP
_I2C_LCD_Chr_Cp:
;lib_i2c_lcd.h,125 :: 		void I2C_LCD_Chr_Cp(char out_char) {
;lib_i2c_lcd.h,129 :: 		byte = out_char & 0xF0;
0x0133	0x30F0      	MOVLW      240
0x0134	0x1283      	BCF        STATUS, 5
0x0135	0x1303      	BCF        STATUS, 6
0x0136	0x0546      	ANDWF      FARG_I2C_LCD_Chr_Cp_out_char, 0
0x0137	0x00C7      	MOVWF      I2C_LCD_Chr_Cp_byte_L0
;lib_i2c_lcd.h,131 :: 		I2C1_Start();
0x0138	0x208F      	CALL       _I2C1_Start
;lib_i2c_lcd.h,132 :: 		I2C1_Is_Idle();
0x0139	0x2003      	CALL       _I2C1_Is_Idle
;lib_i2c_lcd.h,133 :: 		I2C1_Wr(LCD_ADDR);
0x013A	0x304E      	MOVLW      78
0x013B	0x1283      	BCF        STATUS, 5
0x013C	0x00A0      	MOVWF      FARG_I2C1_Wr_data_
0x013D	0x201E      	CALL       _I2C1_Wr
;lib_i2c_lcd.h,134 :: 		I2C1_Is_Idle();
0x013E	0x2003      	CALL       _I2C1_Is_Idle
;lib_i2c_lcd.h,136 :: 		byte.F0 = 1;
0x013F	0x1283      	BCF        STATUS, 5
0x0140	0x1447      	BSF        I2C_LCD_Chr_Cp_byte_L0, 0
;lib_i2c_lcd.h,137 :: 		byte.F2 = 1;
0x0141	0x1547      	BSF        I2C_LCD_Chr_Cp_byte_L0, 2
;lib_i2c_lcd.h,138 :: 		byte.F3 = 1;
0x0142	0x15C7      	BSF        I2C_LCD_Chr_Cp_byte_L0, 3
;lib_i2c_lcd.h,139 :: 		I2C1_Wr(byte);
0x0143	0x0847      	MOVF       I2C_LCD_Chr_Cp_byte_L0, 0
0x0144	0x00A0      	MOVWF      FARG_I2C1_Wr_data_
0x0145	0x201E      	CALL       _I2C1_Wr
;lib_i2c_lcd.h,140 :: 		I2C1_Is_Idle();
0x0146	0x2003      	CALL       _I2C1_Is_Idle
;lib_i2c_lcd.h,141 :: 		byte.F2 = 0;
0x0147	0x1283      	BCF        STATUS, 5
0x0148	0x1147      	BCF        I2C_LCD_Chr_Cp_byte_L0, 2
;lib_i2c_lcd.h,142 :: 		I2C1_Wr(byte);
0x0149	0x0847      	MOVF       I2C_LCD_Chr_Cp_byte_L0, 0
0x014A	0x00A0      	MOVWF      FARG_I2C1_Wr_data_
0x014B	0x201E      	CALL       _I2C1_Wr
;lib_i2c_lcd.h,143 :: 		I2C1_Is_Idle();
0x014C	0x2003      	CALL       _I2C1_Is_Idle
;lib_i2c_lcd.h,145 :: 		byte = (out_char << 4) & 0xF0;
0x014D	0x1283      	BCF        STATUS, 5
0x014E	0x0846      	MOVF       FARG_I2C_LCD_Chr_Cp_out_char, 0
0x014F	0x00C7      	MOVWF      I2C_LCD_Chr_Cp_byte_L0
0x0150	0x0DC7      	RLF        I2C_LCD_Chr_Cp_byte_L0, 1
0x0151	0x1047      	BCF        I2C_LCD_Chr_Cp_byte_L0, 0
0x0152	0x0DC7      	RLF        I2C_LCD_Chr_Cp_byte_L0, 1
0x0153	0x1047      	BCF        I2C_LCD_Chr_Cp_byte_L0, 0
0x0154	0x0DC7      	RLF        I2C_LCD_Chr_Cp_byte_L0, 1
0x0155	0x1047      	BCF        I2C_LCD_Chr_Cp_byte_L0, 0
0x0156	0x0DC7      	RLF        I2C_LCD_Chr_Cp_byte_L0, 1
0x0157	0x1047      	BCF        I2C_LCD_Chr_Cp_byte_L0, 0
0x0158	0x30F0      	MOVLW      240
0x0159	0x05C7      	ANDWF      I2C_LCD_Chr_Cp_byte_L0, 1
;lib_i2c_lcd.h,147 :: 		byte.F0 = 1;
0x015A	0x1447      	BSF        I2C_LCD_Chr_Cp_byte_L0, 0
;lib_i2c_lcd.h,148 :: 		byte.F2 = 1;
0x015B	0x1547      	BSF        I2C_LCD_Chr_Cp_byte_L0, 2
;lib_i2c_lcd.h,149 :: 		byte.F3 = 1;
0x015C	0x15C7      	BSF        I2C_LCD_Chr_Cp_byte_L0, 3
;lib_i2c_lcd.h,150 :: 		I2C1_Wr(byte);
0x015D	0x0847      	MOVF       I2C_LCD_Chr_Cp_byte_L0, 0
0x015E	0x00A0      	MOVWF      FARG_I2C1_Wr_data_
0x015F	0x201E      	CALL       _I2C1_Wr
;lib_i2c_lcd.h,151 :: 		I2C1_Is_Idle();
0x0160	0x2003      	CALL       _I2C1_Is_Idle
;lib_i2c_lcd.h,152 :: 		byte.F2 = 0;
0x0161	0x1283      	BCF        STATUS, 5
0x0162	0x1147      	BCF        I2C_LCD_Chr_Cp_byte_L0, 2
;lib_i2c_lcd.h,153 :: 		I2C1_Wr(byte);
0x0163	0x0847      	MOVF       I2C_LCD_Chr_Cp_byte_L0, 0
0x0164	0x00A0      	MOVWF      FARG_I2C1_Wr_data_
0x0165	0x201E      	CALL       _I2C1_Wr
;lib_i2c_lcd.h,154 :: 		I2C1_Is_Idle();
0x0166	0x2003      	CALL       _I2C1_Is_Idle
;lib_i2c_lcd.h,156 :: 		I2C1_stop();
0x0167	0x201A      	CALL       _I2C1_Stop
;lib_i2c_lcd.h,157 :: 		}
L_end_I2C_LCD_Chr_Cp:
0x0168	0x0008      	RETURN
; end of _I2C_LCD_Chr_Cp
_I2C_LCD_Out_Cp:
;lib_i2c_lcd.h,224 :: 		void I2C_LCD_Out_Cp(char *text) {
;lib_i2c_lcd.h,225 :: 		while(*text)
L_I2C_LCD_Out_Cp16:
0x0169	0x1283      	BCF        STATUS, 5
0x016A	0x1303      	BCF        STATUS, 6
0x016B	0x0842      	MOVF       FARG_I2C_LCD_Out_Cp_text, 0
0x016C	0x0084      	MOVWF      FSR
0x016D	0x0800      	MOVF       INDF, 0
0x016E	0x1903      	BTFSC      STATUS, 2
0x016F	0x2978      	GOTO       L_I2C_LCD_Out_Cp17
;lib_i2c_lcd.h,226 :: 		I2C_LCD_Chr_Cp(*text++);
0x0170	0x0842      	MOVF       FARG_I2C_LCD_Out_Cp_text, 0
0x0171	0x0084      	MOVWF      FSR
0x0172	0x0800      	MOVF       INDF, 0
0x0173	0x00C6      	MOVWF      FARG_I2C_LCD_Chr_Cp_out_char
0x0174	0x2133      	CALL       _I2C_LCD_Chr_Cp
0x0175	0x1283      	BCF        STATUS, 5
0x0176	0x0AC2      	INCF       FARG_I2C_LCD_Out_Cp_text, 1
0x0177	0x2969      	GOTO       L_I2C_LCD_Out_Cp16
L_I2C_LCD_Out_Cp17:
;lib_i2c_lcd.h,227 :: 		}
L_end_I2C_LCD_Out_Cp:
0x0178	0x0008      	RETURN
; end of _I2C_LCD_Out_Cp
_I2C_LCD_Init:
;lib_i2c_lcd.h,160 :: 		void I2C_LCD_Init() {
;lib_i2c_lcd.h,164 :: 		Delay_ms(150);
0x0179	0x30C3      	MOVLW      195
0x017A	0x1283      	BCF        STATUS, 5
0x017B	0x1303      	BCF        STATUS, 6
0x017C	0x00FC      	MOVWF      R12
0x017D	0x30CD      	MOVLW      205
0x017E	0x00FD      	MOVWF      R13
L_I2C_LCD_Init8:
0x017F	0x0BFD      	DECFSZ     R13, 1
0x0180	0x297F      	GOTO       L_I2C_LCD_Init8
0x0181	0x0BFC      	DECFSZ     R12, 1
0x0182	0x297F      	GOTO       L_I2C_LCD_Init8
;lib_i2c_lcd.h,166 :: 		I2C1_Start();
0x0183	0x208F      	CALL       _I2C1_Start
;lib_i2c_lcd.h,167 :: 		I2C1_Is_Idle();
0x0184	0x2003      	CALL       _I2C1_Is_Idle
;lib_i2c_lcd.h,168 :: 		I2C1_Wr(LCD_ADDR);
0x0185	0x304E      	MOVLW      78
0x0186	0x1283      	BCF        STATUS, 5
0x0187	0x00A0      	MOVWF      FARG_I2C1_Wr_data_
0x0188	0x201E      	CALL       _I2C1_Wr
;lib_i2c_lcd.h,169 :: 		I2C1_Is_Idle();
0x0189	0x2003      	CALL       _I2C1_Is_Idle
;lib_i2c_lcd.h,171 :: 		Delay_ms(30);
0x018A	0x3027      	MOVLW      39
0x018B	0x00FC      	MOVWF      R12
0x018C	0x30F5      	MOVLW      245
0x018D	0x00FD      	MOVWF      R13
L_I2C_LCD_Init9:
0x018E	0x0BFD      	DECFSZ     R13, 1
0x018F	0x298E      	GOTO       L_I2C_LCD_Init9
0x0190	0x0BFC      	DECFSZ     R12, 1
0x0191	0x298E      	GOTO       L_I2C_LCD_Init9
;lib_i2c_lcd.h,173 :: 		byte = 0x30;
0x0192	0x3030      	MOVLW      48
0x0193	0x1283      	BCF        STATUS, 5
0x0194	0x00C2      	MOVWF      I2C_LCD_Init_byte_L0
;lib_i2c_lcd.h,174 :: 		byte.F3 = 1;
0x0195	0x15C2      	BSF        I2C_LCD_Init_byte_L0, 3
;lib_i2c_lcd.h,176 :: 		byte.F2 = 1;
0x0196	0x1542      	BSF        I2C_LCD_Init_byte_L0, 2
;lib_i2c_lcd.h,177 :: 		I2C1_Wr(byte);
0x0197	0x0842      	MOVF       I2C_LCD_Init_byte_L0, 0
0x0198	0x00A0      	MOVWF      FARG_I2C1_Wr_data_
0x0199	0x201E      	CALL       _I2C1_Wr
;lib_i2c_lcd.h,178 :: 		I2C1_Is_Idle();
0x019A	0x2003      	CALL       _I2C1_Is_Idle
;lib_i2c_lcd.h,179 :: 		byte.F2 = 0;
0x019B	0x1283      	BCF        STATUS, 5
0x019C	0x1142      	BCF        I2C_LCD_Init_byte_L0, 2
;lib_i2c_lcd.h,180 :: 		I2C1_Wr(byte);
0x019D	0x0842      	MOVF       I2C_LCD_Init_byte_L0, 0
0x019E	0x00A0      	MOVWF      FARG_I2C1_Wr_data_
0x019F	0x201E      	CALL       _I2C1_Wr
;lib_i2c_lcd.h,181 :: 		I2C1_Is_Idle();
0x01A0	0x2003      	CALL       _I2C1_Is_Idle
;lib_i2c_lcd.h,183 :: 		Delay_ms(30);
0x01A1	0x3027      	MOVLW      39
0x01A2	0x00FC      	MOVWF      R12
0x01A3	0x30F5      	MOVLW      245
0x01A4	0x00FD      	MOVWF      R13
L_I2C_LCD_Init10:
0x01A5	0x0BFD      	DECFSZ     R13, 1
0x01A6	0x29A5      	GOTO       L_I2C_LCD_Init10
0x01A7	0x0BFC      	DECFSZ     R12, 1
0x01A8	0x29A5      	GOTO       L_I2C_LCD_Init10
;lib_i2c_lcd.h,185 :: 		byte.F2 = 1;
0x01A9	0x1283      	BCF        STATUS, 5
0x01AA	0x1542      	BSF        I2C_LCD_Init_byte_L0, 2
;lib_i2c_lcd.h,186 :: 		I2C1_Wr(byte);
0x01AB	0x0842      	MOVF       I2C_LCD_Init_byte_L0, 0
0x01AC	0x00A0      	MOVWF      FARG_I2C1_Wr_data_
0x01AD	0x201E      	CALL       _I2C1_Wr
;lib_i2c_lcd.h,187 :: 		I2C1_Is_Idle();
0x01AE	0x2003      	CALL       _I2C1_Is_Idle
;lib_i2c_lcd.h,188 :: 		byte.F2 = 0;
0x01AF	0x1283      	BCF        STATUS, 5
0x01B0	0x1142      	BCF        I2C_LCD_Init_byte_L0, 2
;lib_i2c_lcd.h,189 :: 		I2C1_Wr(byte);
0x01B1	0x0842      	MOVF       I2C_LCD_Init_byte_L0, 0
0x01B2	0x00A0      	MOVWF      FARG_I2C1_Wr_data_
0x01B3	0x201E      	CALL       _I2C1_Wr
;lib_i2c_lcd.h,190 :: 		I2C1_Is_Idle();
0x01B4	0x2003      	CALL       _I2C1_Is_Idle
;lib_i2c_lcd.h,192 :: 		Delay_ms(30);
0x01B5	0x3027      	MOVLW      39
0x01B6	0x00FC      	MOVWF      R12
0x01B7	0x30F5      	MOVLW      245
0x01B8	0x00FD      	MOVWF      R13
L_I2C_LCD_Init11:
0x01B9	0x0BFD      	DECFSZ     R13, 1
0x01BA	0x29B9      	GOTO       L_I2C_LCD_Init11
0x01BB	0x0BFC      	DECFSZ     R12, 1
0x01BC	0x29B9      	GOTO       L_I2C_LCD_Init11
;lib_i2c_lcd.h,194 :: 		byte.F2 = 1;
0x01BD	0x1283      	BCF        STATUS, 5
0x01BE	0x1542      	BSF        I2C_LCD_Init_byte_L0, 2
;lib_i2c_lcd.h,195 :: 		I2C1_Wr(byte);
0x01BF	0x0842      	MOVF       I2C_LCD_Init_byte_L0, 0
0x01C0	0x00A0      	MOVWF      FARG_I2C1_Wr_data_
0x01C1	0x201E      	CALL       _I2C1_Wr
;lib_i2c_lcd.h,196 :: 		I2C1_Is_Idle();
0x01C2	0x2003      	CALL       _I2C1_Is_Idle
;lib_i2c_lcd.h,197 :: 		byte.F2 = 0;
0x01C3	0x1283      	BCF        STATUS, 5
0x01C4	0x1142      	BCF        I2C_LCD_Init_byte_L0, 2
;lib_i2c_lcd.h,198 :: 		I2C1_Wr(byte);
0x01C5	0x0842      	MOVF       I2C_LCD_Init_byte_L0, 0
0x01C6	0x00A0      	MOVWF      FARG_I2C1_Wr_data_
0x01C7	0x201E      	CALL       _I2C1_Wr
;lib_i2c_lcd.h,199 :: 		I2C1_Is_Idle();
0x01C8	0x2003      	CALL       _I2C1_Is_Idle
;lib_i2c_lcd.h,201 :: 		Delay_ms(20);
0x01C9	0x301A      	MOVLW      26
0x01CA	0x00FC      	MOVWF      R12
0x01CB	0x30F8      	MOVLW      248
0x01CC	0x00FD      	MOVWF      R13
L_I2C_LCD_Init12:
0x01CD	0x0BFD      	DECFSZ     R13, 1
0x01CE	0x29CD      	GOTO       L_I2C_LCD_Init12
0x01CF	0x0BFC      	DECFSZ     R12, 1
0x01D0	0x29CD      	GOTO       L_I2C_LCD_Init12
0x01D1	0x0000      	NOP
;lib_i2c_lcd.h,203 :: 		byte = 0x20;
0x01D2	0x3020      	MOVLW      32
0x01D3	0x1283      	BCF        STATUS, 5
0x01D4	0x00C2      	MOVWF      I2C_LCD_Init_byte_L0
;lib_i2c_lcd.h,204 :: 		byte.F3 = 1;
0x01D5	0x15C2      	BSF        I2C_LCD_Init_byte_L0, 3
;lib_i2c_lcd.h,206 :: 		byte.F2 = 1;
0x01D6	0x1542      	BSF        I2C_LCD_Init_byte_L0, 2
;lib_i2c_lcd.h,207 :: 		I2C1_Wr(byte);
0x01D7	0x0842      	MOVF       I2C_LCD_Init_byte_L0, 0
0x01D8	0x00A0      	MOVWF      FARG_I2C1_Wr_data_
0x01D9	0x201E      	CALL       _I2C1_Wr
;lib_i2c_lcd.h,208 :: 		I2C1_Is_Idle();
0x01DA	0x2003      	CALL       _I2C1_Is_Idle
;lib_i2c_lcd.h,209 :: 		byte.F2 = 0;
0x01DB	0x1283      	BCF        STATUS, 5
0x01DC	0x1142      	BCF        I2C_LCD_Init_byte_L0, 2
;lib_i2c_lcd.h,210 :: 		I2C1_Wr(byte);
0x01DD	0x0842      	MOVF       I2C_LCD_Init_byte_L0, 0
0x01DE	0x00A0      	MOVWF      FARG_I2C1_Wr_data_
0x01DF	0x201E      	CALL       _I2C1_Wr
;lib_i2c_lcd.h,211 :: 		I2C1_Is_Idle();
0x01E0	0x2003      	CALL       _I2C1_Is_Idle
;lib_i2c_lcd.h,213 :: 		Delay_ms(10);
0x01E1	0x300D      	MOVLW      13
0x01E2	0x00FC      	MOVWF      R12
0x01E3	0x30FB      	MOVLW      251
0x01E4	0x00FD      	MOVWF      R13
L_I2C_LCD_Init13:
0x01E5	0x0BFD      	DECFSZ     R13, 1
0x01E6	0x29E5      	GOTO       L_I2C_LCD_Init13
0x01E7	0x0BFC      	DECFSZ     R12, 1
0x01E8	0x29E5      	GOTO       L_I2C_LCD_Init13
0x01E9	0x0000      	NOP
0x01EA	0x0000      	NOP
;lib_i2c_lcd.h,215 :: 		I2C_LCD_Cmd(0x28);
0x01EB	0x3028      	MOVLW      40
0x01EC	0x1283      	BCF        STATUS, 5
0x01ED	0x00C6      	MOVWF      FARG_I2C_LCD_Cmd_out_char
0x01EE	0x20E7      	CALL       _I2C_LCD_Cmd
;lib_i2c_lcd.h,216 :: 		I2C_LCD_Cmd(0x06);
0x01EF	0x3006      	MOVLW      6
0x01F0	0x00C6      	MOVWF      FARG_I2C_LCD_Cmd_out_char
0x01F1	0x20E7      	CALL       _I2C_LCD_Cmd
;lib_i2c_lcd.h,217 :: 		}
L_end_I2C_LCD_Init:
0x01F2	0x0008      	RETURN
; end of _I2C_LCD_Init
___CC2DW:
;__Lib_System.c,134 :: 		
;__Lib_System.c,137 :: 		
_CC2D_Loop1:
;__Lib_System.c,139 :: 		
0x01F3	0x212C      	CALL       _____DoICP
0x01F4	0x118A      	BCF        PCLATH, 3
0x01F5	0x120A      	BCF        PCLATH, 4
;__Lib_System.c,141 :: 		
0x01F6	0x0080      	MOVWF      INDF
;__Lib_System.c,142 :: 		
0x01F7	0x0A84      	INCF       FSR, 1
;__Lib_System.c,143 :: 		
0x01F8	0x0AAB      	INCF       ___DoICPAddr, 1
;__Lib_System.c,145 :: 		
0x01F9	0x1903      	BTFSC      STATUS, 2
;__Lib_System.c,146 :: 		
0x01FA	0x0AAC      	INCF       ___DoICPAddr+1, 1
;__Lib_System.c,147 :: 		
0x01FB	0x03F0      	DECF       R0, 1
;__Lib_System.c,149 :: 		
0x01FC	0x1D03      	BTFSS      STATUS, 2
;__Lib_System.c,150 :: 		
0x01FD	0x29F3      	GOTO       _CC2D_Loop1
;__Lib_System.c,152 :: 		
L_end___CC2DW:
0x01FE	0x0008      	RETURN
; end of ___CC2DW
_I2C1_Init:
;__Lib_I2C_c34.c,188 :: 		
;__Lib_I2C_c34.c,190 :: 		
0x01FF	0x3003      	MOVLW      _I2C1_Is_Idle
0x0200	0x1283      	BCF        STATUS, 5
0x0201	0x1303      	BCF        STATUS, 6
0x0202	0x00B6      	MOVWF      _I2C_Is_Idle_Ptr
0x0203	0x3000      	MOVLW      hi_addr(_I2C1_Is_Idle)
0x0204	0x00B7      	MOVWF      _I2C_Is_Idle_Ptr+1
0x0205	0x3000      	MOVLW      0
0x0206	0x00B8      	MOVWF      _I2C_Is_Idle_Ptr+2
0x0207	0x3000      	MOVLW      0
;__Lib_I2C_c34.c,191 :: 		
0x0208	0x308F      	MOVLW      _I2C1_Start
0x0209	0x00B3      	MOVWF      _I2C_Start_Ptr
0x020A	0x3000      	MOVLW      hi_addr(_I2C1_Start)
0x020B	0x00B4      	MOVWF      _I2C_Start_Ptr+1
0x020C	0x3000      	MOVLW      0
0x020D	0x00B5      	MOVWF      _I2C_Start_Ptr+2
0x020E	0x3000      	MOVLW      0
;__Lib_I2C_c34.c,192 :: 		
0x020F	0x30FF      	MOVLW      _I2C1_Repeated_Start
0x0210	0x00B9      	MOVWF      _I2C_Restart_Ptr
0x0211	0x30FF      	MOVLW      hi_addr(_I2C1_Repeated_Start)
0x0212	0x00BA      	MOVWF      _I2C_Restart_Ptr+1
0x0213	0x3000      	MOVLW      0
0x0214	0x00BB      	MOVWF      _I2C_Restart_Ptr+2
0x0215	0x3000      	MOVLW      0
;__Lib_I2C_c34.c,193 :: 		
0x0216	0x30FF      	MOVLW      _I2C1_Rd
0x0217	0x00BF      	MOVWF      _I2C_Read_Ptr
0x0218	0x30FF      	MOVLW      hi_addr(_I2C1_Rd)
0x0219	0x00C0      	MOVWF      _I2C_Read_Ptr+1
0x021A	0x30FF      	MOVLW      FARG_I2C1_Rd_ack
0x021B	0x00C1      	MOVWF      _I2C_Read_Ptr+2
0x021C	0x30FF      	MOVLW      hi_addr(FARG_I2C1_Rd_ack)
;__Lib_I2C_c34.c,194 :: 		
0x021D	0x301E      	MOVLW      _I2C1_Wr
0x021E	0x00BC      	MOVWF      _I2C_Write_Ptr
0x021F	0x3000      	MOVLW      hi_addr(_I2C1_Wr)
0x0220	0x00BD      	MOVWF      _I2C_Write_Ptr+1
0x0221	0x3020      	MOVLW      FARG_I2C1_Wr_data_
0x0222	0x00BE      	MOVWF      _I2C_Write_Ptr+2
0x0223	0x3000      	MOVLW      hi_addr(FARG_I2C1_Wr_data_)
;__Lib_I2C_c34.c,195 :: 		
0x0224	0x301A      	MOVLW      _I2C1_Stop
0x0225	0x00AD      	MOVWF      _I2C_Stop_Ptr
0x0226	0x3000      	MOVLW      hi_addr(_I2C1_Stop)
0x0227	0x00AE      	MOVWF      _I2C_Stop_Ptr+1
0x0228	0x3000      	MOVLW      0
0x0229	0x00AF      	MOVWF      _I2C_Stop_Ptr+2
0x022A	0x3000      	MOVLW      0
;__Lib_I2C_c34.c,197 :: 		
0x022B	0x1683      	BSF        STATUS, 5
0x022C	0x1314      	BCF        SSPSTAT, 6
;__Lib_I2C_c34.c,198 :: 		
0x022D	0x1394      	BCF        SSPSTAT, 7
;__Lib_I2C_c34.c,199 :: 		
0x022E	0x1607      	BSF        TRISC4_bit, BitPos(TRISC4_bit+0)
;__Lib_I2C_c34.c,200 :: 		
0x022F	0x1587      	BSF        TRISC3_bit, BitPos(TRISC3_bit+0)
;__Lib_I2C_c34.c,201 :: 		
0x0230	0x3038      	MOVLW      56
0x0231	0x1283      	BCF        STATUS, 5
0x0232	0x0094      	MOVWF      SSPCON
;__Lib_I2C_c34.c,202 :: 		
L_end_I2C1_Init:
0x0233	0x0008      	RETURN
; end of _I2C1_Init
_main:
0x0234	0x229E      	CALL       670
;I2C_LCD_AV.c,3 :: 		void main() {
;I2C_LCD_AV.c,5 :: 		I2C1_Init(100000);
0x0235	0x300A      	MOVLW      10
0x0236	0x1683      	BSF        STATUS, 5
0x0237	0x1303      	BCF        STATUS, 6
0x0238	0x0093      	MOVWF      SSPADD
0x0239	0x21FF      	CALL       _I2C1_Init
;I2C_LCD_AV.c,6 :: 		I2C1_Start();
0x023A	0x208F      	CALL       _I2C1_Start
;I2C_LCD_AV.c,7 :: 		I2C1_Wr(0xA0); //Memoria: 1010000 0
0x023B	0x30A0      	MOVLW      160
0x023C	0x1283      	BCF        STATUS, 5
0x023D	0x1303      	BCF        STATUS, 6
0x023E	0x00A0      	MOVWF      FARG_I2C1_Wr_data_
0x023F	0x201E      	CALL       _I2C1_Wr
;I2C_LCD_AV.c,8 :: 		I2C1_Wr(0x10);
0x0240	0x3010      	MOVLW      16
0x0241	0x1283      	BCF        STATUS, 5
0x0242	0x1303      	BCF        STATUS, 6
0x0243	0x00A0      	MOVWF      FARG_I2C1_Wr_data_
0x0244	0x201E      	CALL       _I2C1_Wr
;I2C_LCD_AV.c,9 :: 		I2C1_Wr('A');
0x0245	0x3041      	MOVLW      65
0x0246	0x1283      	BCF        STATUS, 5
0x0247	0x1303      	BCF        STATUS, 6
0x0248	0x00A0      	MOVWF      FARG_I2C1_Wr_data_
0x0249	0x201E      	CALL       _I2C1_Wr
;I2C_LCD_AV.c,10 :: 		I2C1_Wr('L');
0x024A	0x304C      	MOVLW      76
0x024B	0x1283      	BCF        STATUS, 5
0x024C	0x1303      	BCF        STATUS, 6
0x024D	0x00A0      	MOVWF      FARG_I2C1_Wr_data_
0x024E	0x201E      	CALL       _I2C1_Wr
;I2C_LCD_AV.c,11 :: 		I2C1_Wr('D');
0x024F	0x3044      	MOVLW      68
0x0250	0x1283      	BCF        STATUS, 5
0x0251	0x1303      	BCF        STATUS, 6
0x0252	0x00A0      	MOVWF      FARG_I2C1_Wr_data_
0x0253	0x201E      	CALL       _I2C1_Wr
;I2C_LCD_AV.c,12 :: 		I2C1_Wr('O');
0x0254	0x304F      	MOVLW      79
0x0255	0x1283      	BCF        STATUS, 5
0x0256	0x1303      	BCF        STATUS, 6
0x0257	0x00A0      	MOVWF      FARG_I2C1_Wr_data_
0x0258	0x201E      	CALL       _I2C1_Wr
;I2C_LCD_AV.c,13 :: 		I2C1_Wr(' ');
0x0259	0x3020      	MOVLW      32
0x025A	0x1283      	BCF        STATUS, 5
0x025B	0x1303      	BCF        STATUS, 6
0x025C	0x00A0      	MOVWF      FARG_I2C1_Wr_data_
0x025D	0x201E      	CALL       _I2C1_Wr
;I2C_LCD_AV.c,14 :: 		I2C1_Wr('P');
0x025E	0x3050      	MOVLW      80
0x025F	0x1283      	BCF        STATUS, 5
0x0260	0x1303      	BCF        STATUS, 6
0x0261	0x00A0      	MOVWF      FARG_I2C1_Wr_data_
0x0262	0x201E      	CALL       _I2C1_Wr
;I2C_LCD_AV.c,15 :: 		I2C1_Wr('I');
0x0263	0x3049      	MOVLW      73
0x0264	0x1283      	BCF        STATUS, 5
0x0265	0x1303      	BCF        STATUS, 6
0x0266	0x00A0      	MOVWF      FARG_I2C1_Wr_data_
0x0267	0x201E      	CALL       _I2C1_Wr
;I2C_LCD_AV.c,16 :: 		I2C1_Wr('Z');
0x0268	0x305A      	MOVLW      90
0x0269	0x1283      	BCF        STATUS, 5
0x026A	0x1303      	BCF        STATUS, 6
0x026B	0x00A0      	MOVWF      FARG_I2C1_Wr_data_
0x026C	0x201E      	CALL       _I2C1_Wr
;I2C_LCD_AV.c,17 :: 		I2C1_Wr('A');
0x026D	0x3041      	MOVLW      65
0x026E	0x1283      	BCF        STATUS, 5
0x026F	0x1303      	BCF        STATUS, 6
0x0270	0x00A0      	MOVWF      FARG_I2C1_Wr_data_
0x0271	0x201E      	CALL       _I2C1_Wr
;I2C_LCD_AV.c,18 :: 		I2C1_Wr('R');
0x0272	0x3052      	MOVLW      82
0x0273	0x1283      	BCF        STATUS, 5
0x0274	0x1303      	BCF        STATUS, 6
0x0275	0x00A0      	MOVWF      FARG_I2C1_Wr_data_
0x0276	0x201E      	CALL       _I2C1_Wr
;I2C_LCD_AV.c,19 :: 		I2C1_Wr('R');
0x0277	0x3052      	MOVLW      82
0x0278	0x1283      	BCF        STATUS, 5
0x0279	0x1303      	BCF        STATUS, 6
0x027A	0x00A0      	MOVWF      FARG_I2C1_Wr_data_
0x027B	0x201E      	CALL       _I2C1_Wr
;I2C_LCD_AV.c,20 :: 		I2C1_Wr('O');
0x027C	0x304F      	MOVLW      79
0x027D	0x1283      	BCF        STATUS, 5
0x027E	0x1303      	BCF        STATUS, 6
0x027F	0x00A0      	MOVWF      FARG_I2C1_Wr_data_
0x0280	0x201E      	CALL       _I2C1_Wr
;I2C_LCD_AV.c,21 :: 		I2C1_Stop();
0x0281	0x201A      	CALL       _I2C1_Stop
;I2C_LCD_AV.c,23 :: 		I2C_LCD_Init();
0x0282	0x2179      	CALL       _I2C_LCD_Init
;I2C_LCD_AV.c,24 :: 		I2C_LCD_Cmd(_LCD_CLEAR);
0x0283	0x3001      	MOVLW      1
0x0284	0x00C6      	MOVWF      FARG_I2C_LCD_Cmd_out_char
0x0285	0x20E7      	CALL       _I2C_LCD_Cmd
;I2C_LCD_AV.c,25 :: 		I2C_LCD_Cmd(_LCD_CURSOR_OFF);
0x0286	0x300C      	MOVLW      12
0x0287	0x00C6      	MOVWF      FARG_I2C_LCD_Cmd_out_char
0x0288	0x20E7      	CALL       _I2C_LCD_Cmd
;I2C_LCD_AV.c,26 :: 		I2C_LCD_Out_Cp("Listo");
0x0289	0x3021      	MOVLW      ?lstr1_I2C_LCD_AV
0x028A	0x00C2      	MOVWF      FARG_I2C_LCD_Out_Cp_text
0x028B	0x2169      	CALL       _I2C_LCD_Out_Cp
;I2C_LCD_AV.c,27 :: 		while(1){}
L_main18:
0x028C	0x2A8C      	GOTO       L_main18
;I2C_LCD_AV.c,29 :: 		}
L_end_main:
0x028D	0x2A8D      	GOTO       $+0
; end of _main
0x029E	0x3021      	MOVLW      33
0x029F	0x0084      	MOVWF      FSR
0x02A0	0x300A      	MOVLW      10
0x02A1	0x1283      	BCF        STATUS, 5
0x02A2	0x1303      	BCF        STATUS, 6
0x02A3	0x00F0      	MOVWF      R0
0x02A4	0x3093      	MOVLW      147
0x02A5	0x00AB      	MOVWF      ___DoICPAddr
0x02A6	0x3002      	MOVLW      2
0x02A7	0x00AC      	MOVWF      44
0x02A8	0x21F3      	CALL       499
0x02A9	0x0008      	RETURN
;I2C_LCD_AV.c,0 :: ?ICS?lstr1_I2C_LCD_AV
0x0293	0x344C ;?ICS?lstr1_I2C_LCD_AV+0
0x0294	0x3469 ;?ICS?lstr1_I2C_LCD_AV+1
0x0295	0x3473 ;?ICS?lstr1_I2C_LCD_AV+2
0x0296	0x3474 ;?ICS?lstr1_I2C_LCD_AV+3
0x0297	0x346F ;?ICS?lstr1_I2C_LCD_AV+4
0x0298	0x3400 ;?ICS?lstr1_I2C_LCD_AV+5
; end of ?ICS?lstr1_I2C_LCD_AV
;__Lib_I2C_c34.c,0 :: ?ICS__Lib_I2C_c34__I2C1_TIMEOUT
0x0299	0x3400 ;?ICS__Lib_I2C_c34__I2C1_TIMEOUT+0
0x029A	0x3400 ;?ICS__Lib_I2C_c34__I2C1_TIMEOUT+1
0x029B	0x3400 ;?ICS__Lib_I2C_c34__I2C1_TIMEOUT+2
0x029C	0x3400 ;?ICS__Lib_I2C_c34__I2C1_TIMEOUT+3
; end of ?ICS__Lib_I2C_c34__I2C1_TIMEOUT
Symbol List:
//** Routines locations **
//ADDRESS    SIZE    PROCEDURE
//----------------------------------------------
0x0003      [16]    _I2C1_Is_Idle
0x0013       [7]    _____DoIFC
0x001A       [4]    _I2C1_Stop
0x001E     [113]    _I2C1_Wr
0x008F      [88]    _I2C1_Start
0x00E7      [69]    _I2C_LCD_Cmd
0x012C       [7]    _____DoICP
0x0133      [54]    _I2C_LCD_Chr_Cp
0x0169      [16]    _I2C_LCD_Out_Cp
0x0179     [122]    _I2C_LCD_Init
0x01F3      [12]    ___CC2DW
0x01FF      [53]    _I2C1_Init
0x0234      [89]    _main
//** Variables locations ** 
//ADDRESS    SIZE    VARIABLE
//----------------------------------------------
0x0000       [1]    INDF
0x0002       [1]    PCL
0x0003       [1]    STATUS
0x0004       [1]    FSR
0x000A       [1]    PCLATH
0x000C       [1]    PIR1
0x0013       [1]    SSPBUF
0x0014       [1]    SSPCON
0x0020       [1]    FARG_I2C1_Wr_data_
0x0021       [6]    ?lstr1_I2C_LCD_AV
0x0027       [4]    __Lib_I2C_c34__I2C1_TIMEOUT
0x002B       [2]    ___DoICPAddr
0x002D       [3]    _I2C_Stop_Ptr
0x0030       [3]    _I2C1_Timeout_Ptr
0x0033       [3]    _I2C_Start_Ptr
0x0036       [3]    _I2C_Is_Idle_Ptr
0x0039       [3]    _I2C_Restart_Ptr
0x003C       [3]    _I2C_Write_Ptr
0x003F       [3]    _I2C_Read_Ptr
0x0042       [1]    I2C_LCD_Init_byte_L0
0x0042       [4]    FARG_I2C1_Init_clock
0x0042       [1]    FARG_I2C_LCD_Out_Cp_text
0x0046       [1]    FARG_I2C_LCD_Chr_Cp_out_char
0x0046       [1]    FARG_I2C_LCD_Cmd_out_char
0x0047       [1]    I2C_LCD_Chr_Cp_byte_L0
0x0047       [1]    I2C_LCD_Cmd_byte_L0
0x0048       [4]    I2C1_Wr_timeout_L0
0x0048       [2]    I2C1_Start_j_L0
0x004A       [4]    I2C1_Start_timeout_L0
0x0070       [1]    R0
0x0071       [1]    R1
0x0072       [1]    R2
0x0073       [1]    R3
0x0074       [1]    R4
0x0075       [1]    R5
0x0076       [1]    R6
0x0077       [1]    R7
0x0078       [1]    R8
0x0079       [1]    R9
0x007A       [1]    R10
0x007B       [1]    R11
0x007C       [1]    R12
0x007D       [1]    R13
0x007E       [1]    R14
0x007F       [1]    R15
0x0087       [0]    TRISC4_bit
0x0087       [0]    TRISC3_bit
0x0091       [1]    SSPCON2
0x0093       [1]    SSPADD
0x0094       [1]    SSPSTAT
//** Constants locations ** 
//ADDRESS    SIZE    CONSTANT
//----------------------------------------------
0x0293       [6]    ?ICS?lstr1_I2C_LCD_AV
0x0299       [4]    ?ICS__Lib_I2C_c34__I2C1_TIMEOUT
