;  LST file generated by mikroListExporter - v.2.0 
; Date/Time: 4/11/2023 20:43:01
;----------------------------------------------

;Address Opcode 	ASM
0x0000	0x2C72      	GOTO       1138
_Delay_5500us:
;__Lib_Delays.c,31 :: 		void Delay_5500us() {
;__Lib_Delays.c,32 :: 		Delay_us(5500);
0x0003	0x3008      	MOVLW      8
0x0004	0x1283      	BCF        STATUS, 5
0x0005	0x1303      	BCF        STATUS, 6
0x0006	0x00FC      	MOVWF      R12
0x0007	0x3023      	MOVLW      35
0x0008	0x00FD      	MOVWF      R13
L_Delay_5500us5:
0x0009	0x0BFD      	DECFSZ     R13, 1
0x000A	0x2809      	GOTO       L_Delay_5500us5
0x000B	0x0BFC      	DECFSZ     R12, 1
0x000C	0x2809      	GOTO       L_Delay_5500us5
;__Lib_Delays.c,33 :: 		}
L_end_Delay_5500us:
0x000D	0x0008      	RETURN
; end of _Delay_5500us
_SETFOV32:
;__Lib_MathDouble.c,79 :: 		
;__Lib_MathDouble.c,86 :: 		
0x000E	0x14FB      	BSF        R11, 1
;__Lib_MathDouble.c,87 :: 		
0x000F	0x1FFB      	BTFSS      R11, 7
;__Lib_MathDouble.c,88 :: 		
0x0010	0x2818      	GOTO       SETFOV32EEE
;__Lib_MathDouble.c,89 :: 		
0x0011	0x30FF      	MOVLW      255
;__Lib_MathDouble.c,90 :: 		
0x0012	0x00F3      	MOVWF      R3
;__Lib_MathDouble.c,91 :: 		
0x0013	0x00F2      	MOVWF      R2
;__Lib_MathDouble.c,92 :: 		
0x0014	0x00F1      	MOVWF      R1
;__Lib_MathDouble.c,93 :: 		
0x0015	0x00F0      	MOVWF      R0
;__Lib_MathDouble.c,94 :: 		
0x0016	0x0DFA      	RLF        R10, 1
;__Lib_MathDouble.c,95 :: 		
0x0017	0x0CF2      	RRF        R2, 1
;__Lib_MathDouble.c,96 :: 		
SETFOV32EEE:
;__Lib_MathDouble.c,97 :: 		
0x0018	0x30FF      	MOVLW      255
;__Lib_MathDouble.c,99 :: 		
L_end_SETFOV32:
0x0019	0x0008      	RETURN
; end of _SETFOV32
_FIXSIGN32:
;__Lib_MathDouble.c,112 :: 		
;__Lib_MathDouble.c,116 :: 		
0x001A	0x1FFA      	BTFSS      R10, 7
;__Lib_MathDouble.c,117 :: 		
0x001B	0x13F2      	BCF        R2, 7
;__Lib_MathDouble.c,118 :: 		
0x001C	0x3000      	MOVLW      0
;__Lib_MathDouble.c,120 :: 		
L_end_FIXSIGN32:
0x001D	0x0008      	RETURN
; end of _FIXSIGN32
_Delay_1us:
;__Lib_Delays.c,7 :: 		void Delay_1us() {
;__Lib_Delays.c,8 :: 		Delay_us(1);
0x001E	0x0000      	NOP
;__Lib_Delays.c,9 :: 		}
L_end_Delay_1us:
0x001F	0x0008      	RETURN
; end of _Delay_1us
_RES032:
;__Lib_MathDouble.c,123 :: 		
;__Lib_MathDouble.c,128 :: 		
0x0020	0x01F2      	CLRF       R2
;__Lib_MathDouble.c,129 :: 		
0x0021	0x01F1      	CLRF       R1
;__Lib_MathDouble.c,130 :: 		
0x0022	0x01F0      	CLRF       R0
;__Lib_MathDouble.c,131 :: 		
0x0023	0x01F8      	CLRF       R8
;__Lib_MathDouble.c,132 :: 		
0x0024	0x01F3      	CLRF       R3
;__Lib_MathDouble.c,133 :: 		
0x0025	0x3000      	MOVLW      0
;__Lib_MathDouble.c,135 :: 		
L_end_RES032:
0x0026	0x0008      	RETURN
; end of _RES032
_SETFUN32:
;__Lib_MathDouble.c,138 :: 		
;__Lib_MathDouble.c,145 :: 		
0x0027	0x157B      	BSF        R11, 2
;__Lib_MathDouble.c,146 :: 		
0x0028	0x1FFB      	BTFSS      R11, 7
;__Lib_MathDouble.c,147 :: 		
0x0029	0x2831      	GOTO       SETFUN32EEE
;__Lib_MathDouble.c,148 :: 		
0x002A	0x3001      	MOVLW      1
;__Lib_MathDouble.c,149 :: 		
0x002B	0x00F3      	MOVWF      R3
;__Lib_MathDouble.c,150 :: 		
0x002C	0x01F2      	CLRF       R2
;__Lib_MathDouble.c,151 :: 		
0x002D	0x01F1      	CLRF       R1
;__Lib_MathDouble.c,152 :: 		
0x002E	0x01F0      	CLRF       R0
;__Lib_MathDouble.c,153 :: 		
0x002F	0x0DFA      	RLF        R10, 1
;__Lib_MathDouble.c,154 :: 		
0x0030	0x0CF2      	RRF        R2, 1
;__Lib_MathDouble.c,155 :: 		
SETFUN32EEE:
;__Lib_MathDouble.c,156 :: 		
0x0031	0x30FF      	MOVLW      255
;__Lib_MathDouble.c,158 :: 		
L_end_SETFUN32:
0x0032	0x0008      	RETURN
; end of _SETFUN32
_Delay_50us:
;__Lib_Delays.c,19 :: 		void Delay_50us() {
;__Lib_Delays.c,20 :: 		Delay_us(50);
0x0033	0x3010      	MOVLW      16
0x0034	0x1283      	BCF        STATUS, 5
0x0035	0x1303      	BCF        STATUS, 6
0x0036	0x00FD      	MOVWF      R13
L_Delay_50us2:
0x0037	0x0BFD      	DECFSZ     R13, 1
0x0038	0x2837      	GOTO       L_Delay_50us2
0x0039	0x0000      	NOP
;__Lib_Delays.c,21 :: 		}
L_end_Delay_50us:
0x003A	0x0008      	RETURN
; end of _Delay_50us
_NRM4032:
;__Lib_MathDouble.c,245 :: 		
;__Lib_MathDouble.c,252 :: 		
;__Lib_MathDouble.c,254 :: 		
0x003B	0x187C      	BTFSC      R12, 0
;__Lib_MathDouble.c,255 :: 		
0x003C	0x2871      	GOTO       NRMRND4032
;__Lib_MathDouble.c,256 :: 		
0x003D	0x18FC      	BTFSC      R12, 1
;__Lib_MathDouble.c,257 :: 		
0x003E	0x2842      	GOTO       NRM4032
;__Lib_MathDouble.c,258 :: 		
0x003F	0x197C      	BTFSC      R12, 2
;__Lib_MathDouble.c,259 :: 		
0x0040	0x2890      	GOTO       JMPSETFOV32
;__Lib_MathDouble.c,260 :: 		
0x0041	0x283B      	GOTO       $-6
;__Lib_MathDouble.c,261 :: 		
NRM4032:
;__Lib_MathDouble.c,262 :: 		
0x0042	0x01A0      	CLRF       __math_tempbD
;__Lib_MathDouble.c,263 :: 		
0x0043	0x0872      	MOVF       R2, 0
;__Lib_MathDouble.c,264 :: 		
0x0044	0x1D03      	BTFSS      STATUS, 2
;__Lib_MathDouble.c,265 :: 		
0x0045	0x2862      	GOTO       NORM4032
;__Lib_MathDouble.c,266 :: 		
0x0046	0x0871      	MOVF       R1, 0
;__Lib_MathDouble.c,267 :: 		
0x0047	0x00F2      	MOVWF      R2
;__Lib_MathDouble.c,268 :: 		
0x0048	0x0870      	MOVF       R0, 0
;__Lib_MathDouble.c,269 :: 		
0x0049	0x00F1      	MOVWF      R1
;__Lib_MathDouble.c,270 :: 		
0x004A	0x0878      	MOVF       R8, 0
;__Lib_MathDouble.c,271 :: 		
0x004B	0x00F0      	MOVWF      R0
;__Lib_MathDouble.c,272 :: 		
0x004C	0x01F8      	CLRF       R8
;__Lib_MathDouble.c,273 :: 		
0x004D	0x15A0      	BSF        __math_tempbD, 3
;__Lib_MathDouble.c,275 :: 		
0x004E	0x0872      	MOVF       R2, 0
;__Lib_MathDouble.c,276 :: 		
0x004F	0x1D03      	BTFSS      STATUS, 2
;__Lib_MathDouble.c,277 :: 		
0x0050	0x2862      	GOTO       NORM4032
;__Lib_MathDouble.c,278 :: 		
0x0051	0x0871      	MOVF       R1, 0
;__Lib_MathDouble.c,279 :: 		
0x0052	0x00F2      	MOVWF      R2
;__Lib_MathDouble.c,280 :: 		
0x0053	0x0870      	MOVF       R0, 0
;__Lib_MathDouble.c,281 :: 		
0x0054	0x00F1      	MOVWF      R1
;__Lib_MathDouble.c,282 :: 		
0x0055	0x01F0      	CLRF       R0
;__Lib_MathDouble.c,283 :: 		
0x0056	0x11A0      	BCF        __math_tempbD, 3
;__Lib_MathDouble.c,284 :: 		
0x0057	0x1620      	BSF        __math_tempbD, 4
;__Lib_MathDouble.c,286 :: 		
0x0058	0x0872      	MOVF       R2, 0
;__Lib_MathDouble.c,287 :: 		
0x0059	0x1D03      	BTFSS      STATUS, 2
;__Lib_MathDouble.c,288 :: 		
0x005A	0x2862      	GOTO       NORM4032
;__Lib_MathDouble.c,289 :: 		
0x005B	0x0871      	MOVF       R1, 0
;__Lib_MathDouble.c,290 :: 		
0x005C	0x00F2      	MOVWF      R2
;__Lib_MathDouble.c,291 :: 		
0x005D	0x01F1      	CLRF       R1
;__Lib_MathDouble.c,292 :: 		
0x005E	0x15A0      	BSF        __math_tempbD, 3
;__Lib_MathDouble.c,294 :: 		
0x005F	0x0872      	MOVF       R2, 0
;__Lib_MathDouble.c,295 :: 		
0x0060	0x1903      	BTFSC      STATUS, 2
;__Lib_MathDouble.c,296 :: 		
0x0061	0x2884      	GOTO       JMPRES032
;__Lib_MathDouble.c,297 :: 		
NORM4032:
;__Lib_MathDouble.c,298 :: 		
0x0062	0x0820      	MOVF       __math_tempbD, 0
;__Lib_MathDouble.c,299 :: 		
0x0063	0x02F3      	SUBWF      R3, 1
;__Lib_MathDouble.c,300 :: 		
0x0064	0x1D03      	BTFSS      STATUS, 2
;__Lib_MathDouble.c,301 :: 		
0x0065	0x1C03      	BTFSS      STATUS, 0
;__Lib_MathDouble.c,302 :: 		
0x0066	0x2888      	GOTO       JMPSETFUN32
;__Lib_MathDouble.c,303 :: 		
0x0067	0x1003      	BCF        STATUS, 0
;__Lib_MathDouble.c,304 :: 		
NORM4032A:
;__Lib_MathDouble.c,305 :: 		
0x0068	0x1BF2      	BTFSC      R2, 7
;__Lib_MathDouble.c,306 :: 		
0x0069	0x2871      	GOTO       NRMRND4032
;__Lib_MathDouble.c,307 :: 		
0x006A	0x0DF8      	RLF        R8, 1
;__Lib_MathDouble.c,308 :: 		
0x006B	0x0DF0      	RLF        R0, 1
;__Lib_MathDouble.c,309 :: 		
0x006C	0x0DF1      	RLF        R1, 1
;__Lib_MathDouble.c,310 :: 		
0x006D	0x0DF2      	RLF        R2, 1
;__Lib_MathDouble.c,311 :: 		
0x006E	0x0BF3      	DECFSZ     R3, 1
;__Lib_MathDouble.c,312 :: 		
0x006F	0x2868      	GOTO       NORM4032A
;__Lib_MathDouble.c,313 :: 		
0x0070	0x2888      	GOTO       JMPSETFUN32
;__Lib_MathDouble.c,314 :: 		
NRMRND4032:
;__Lib_MathDouble.c,315 :: 		
0x0071	0x1B7B      	BTFSC      R11, 6
;__Lib_MathDouble.c,316 :: 		
0x0072	0x1C70      	BTFSS      R0, 0
;__Lib_MathDouble.c,317 :: 		
0x0073	0x288C      	GOTO       JMPFIXSIGN32
;__Lib_MathDouble.c,318 :: 		
0x0074	0x1FF8      	BTFSS      R8, 7
;__Lib_MathDouble.c,319 :: 		
0x0075	0x288C      	GOTO       JMPFIXSIGN32
;__Lib_MathDouble.c,320 :: 		
0x0076	0x0AF0      	INCF       R0, 1
;__Lib_MathDouble.c,321 :: 		
0x0077	0x1903      	BTFSC      STATUS, 2
;__Lib_MathDouble.c,322 :: 		
0x0078	0x0AF1      	INCF       R1, 1
;__Lib_MathDouble.c,323 :: 		
0x0079	0x1903      	BTFSC      STATUS, 2
;__Lib_MathDouble.c,324 :: 		
0x007A	0x0AF2      	INCF       R2, 1
;__Lib_MathDouble.c,325 :: 		
0x007B	0x1D03      	BTFSS      STATUS, 2
;__Lib_MathDouble.c,326 :: 		
0x007C	0x288C      	GOTO       JMPFIXSIGN32
;__Lib_MathDouble.c,327 :: 		
0x007D	0x0CF2      	RRF        R2, 1
;__Lib_MathDouble.c,328 :: 		
0x007E	0x0CF1      	RRF        R1, 1
;__Lib_MathDouble.c,329 :: 		
0x007F	0x0CF0      	RRF        R0, 1
;__Lib_MathDouble.c,330 :: 		
0x0080	0x0AF3      	INCF       R3, 1
;__Lib_MathDouble.c,331 :: 		
0x0081	0x1903      	BTFSC      STATUS, 2
;__Lib_MathDouble.c,332 :: 		
0x0082	0x2890      	GOTO       JMPSETFOV32
;__Lib_MathDouble.c,333 :: 		
0x0083	0x288C      	GOTO       JMPFIXSIGN32
;__Lib_MathDouble.c,334 :: 		
JMPRES032:
;__Lib_MathDouble.c,335 :: 		
0x0084	0x3001      	MOVLW      1
;__Lib_MathDouble.c,336 :: 		
0x0085	0x00FC      	MOVWF      R12
;__Lib_MathDouble.c,338 :: 		
0x0086	0x2020      	CALL       _RES032
;__Lib_MathDouble.c,340 :: 		
0x0087	0x2893      	GOTO       NRM4032EEE
;__Lib_MathDouble.c,341 :: 		
JMPSETFUN32:
;__Lib_MathDouble.c,342 :: 		
0x0088	0x3002      	MOVLW      2
;__Lib_MathDouble.c,343 :: 		
0x0089	0x00FC      	MOVWF      R12
;__Lib_MathDouble.c,345 :: 		
0x008A	0x2027      	CALL       _SETFUN32
;__Lib_MathDouble.c,347 :: 		
0x008B	0x2893      	GOTO       NRM4032EEE
;__Lib_MathDouble.c,348 :: 		
JMPFIXSIGN32:
;__Lib_MathDouble.c,349 :: 		
0x008C	0x3004      	MOVLW      4
;__Lib_MathDouble.c,350 :: 		
0x008D	0x00FC      	MOVWF      R12
;__Lib_MathDouble.c,352 :: 		
0x008E	0x201A      	CALL       _FIXSIGN32
;__Lib_MathDouble.c,354 :: 		
0x008F	0x2893      	GOTO       NRM4032EEE
;__Lib_MathDouble.c,355 :: 		
JMPSETFOV32:
;__Lib_MathDouble.c,356 :: 		
0x0090	0x3008      	MOVLW      8
;__Lib_MathDouble.c,357 :: 		
0x0091	0x00FC      	MOVWF      R12
;__Lib_MathDouble.c,359 :: 		
0x0092	0x200E      	CALL       _SETFOV32
;__Lib_MathDouble.c,361 :: 		
NRM4032EEE:
;__Lib_MathDouble.c,362 :: 		
0x0093	0x0000      	NOP
;__Lib_MathDouble.c,370 :: 		
L_end_NRM4032:
0x0094	0x0008      	RETURN
; end of _NRM4032
_NRM3232:
;__Lib_MathDouble.c,167 :: 		
;__Lib_MathDouble.c,173 :: 		
;__Lib_MathDouble.c,175 :: 		
0x0095	0x01A0      	CLRF       __math_tempbD
;__Lib_MathDouble.c,176 :: 		
0x0096	0x0872      	MOVF       R2, 0
;__Lib_MathDouble.c,177 :: 		
0x0097	0x1D03      	BTFSS      STATUS, 2
;__Lib_MathDouble.c,178 :: 		
0x0098	0x28AA      	GOTO       NORM3232
;__Lib_MathDouble.c,179 :: 		
0x0099	0x0871      	MOVF       R1, 0
;__Lib_MathDouble.c,180 :: 		
0x009A	0x00F2      	MOVWF      R2
;__Lib_MathDouble.c,181 :: 		
0x009B	0x0870      	MOVF       R0, 0
;__Lib_MathDouble.c,182 :: 		
0x009C	0x00F1      	MOVWF      R1
;__Lib_MathDouble.c,183 :: 		
0x009D	0x01F0      	CLRF       R0
;__Lib_MathDouble.c,184 :: 		
0x009E	0x15A0      	BSF        __math_tempbD, 3
;__Lib_MathDouble.c,186 :: 		
0x009F	0x0872      	MOVF       R2, 0
;__Lib_MathDouble.c,187 :: 		
0x00A0	0x1D03      	BTFSS      STATUS, 2
;__Lib_MathDouble.c,188 :: 		
0x00A1	0x28AA      	GOTO       NORM3232
;__Lib_MathDouble.c,189 :: 		
0x00A2	0x0871      	MOVF       R1, 0
;__Lib_MathDouble.c,190 :: 		
0x00A3	0x00F2      	MOVWF      R2
;__Lib_MathDouble.c,191 :: 		
0x00A4	0x01F1      	CLRF       R1
;__Lib_MathDouble.c,192 :: 		
0x00A5	0x11A0      	BCF        __math_tempbD, 3
;__Lib_MathDouble.c,193 :: 		
0x00A6	0x1620      	BSF        __math_tempbD, 4
;__Lib_MathDouble.c,195 :: 		
0x00A7	0x0872      	MOVF       R2, 0
;__Lib_MathDouble.c,196 :: 		
0x00A8	0x1903      	BTFSC      STATUS, 2
;__Lib_MathDouble.c,197 :: 		
0x00A9	0x28B8      	GOTO       JPNRES032
;__Lib_MathDouble.c,198 :: 		
NORM3232:
;__Lib_MathDouble.c,199 :: 		
0x00AA	0x0820      	MOVF       __math_tempbD, 0
;__Lib_MathDouble.c,200 :: 		
0x00AB	0x02F3      	SUBWF      R3, 1
;__Lib_MathDouble.c,201 :: 		
0x00AC	0x1D03      	BTFSS      STATUS, 2
;__Lib_MathDouble.c,202 :: 		
0x00AD	0x1C03      	BTFSS      STATUS, 0
;__Lib_MathDouble.c,203 :: 		
0x00AE	0x28BC      	GOTO       JPNSETFUN32
;__Lib_MathDouble.c,204 :: 		
0x00AF	0x1003      	BCF        STATUS, 0
;__Lib_MathDouble.c,205 :: 		
NORM3232A:
;__Lib_MathDouble.c,206 :: 		
0x00B0	0x1BF2      	BTFSC      R2, 7
;__Lib_MathDouble.c,207 :: 		
0x00B1	0x28C0      	GOTO       JMPNFIXSIGN32
;__Lib_MathDouble.c,208 :: 		
0x00B2	0x0DF0      	RLF        R0, 1
;__Lib_MathDouble.c,209 :: 		
0x00B3	0x0DF1      	RLF        R1, 1
;__Lib_MathDouble.c,210 :: 		
0x00B4	0x0DF2      	RLF        R2, 1
;__Lib_MathDouble.c,211 :: 		
0x00B5	0x0BF3      	DECFSZ     R3, 1
;__Lib_MathDouble.c,212 :: 		
0x00B6	0x28B0      	GOTO       NORM3232A
;__Lib_MathDouble.c,213 :: 		
0x00B7	0x28BC      	GOTO       JPNSETFUN32
;__Lib_MathDouble.c,214 :: 		
JPNRES032:
;__Lib_MathDouble.c,215 :: 		
0x00B8	0x3001      	MOVLW      1
;__Lib_MathDouble.c,216 :: 		
0x00B9	0x00FC      	MOVWF      R12
;__Lib_MathDouble.c,218 :: 		
0x00BA	0x2020      	CALL       _RES032
;__Lib_MathDouble.c,220 :: 		
0x00BB	0x28C3      	GOTO       NORM32EEE
;__Lib_MathDouble.c,221 :: 		
JPNSETFUN32:
;__Lib_MathDouble.c,222 :: 		
0x00BC	0x3002      	MOVLW      2
;__Lib_MathDouble.c,223 :: 		
0x00BD	0x00FC      	MOVWF      R12
;__Lib_MathDouble.c,225 :: 		
0x00BE	0x2027      	CALL       _SETFUN32
;__Lib_MathDouble.c,227 :: 		
0x00BF	0x28C3      	GOTO       NORM32EEE
;__Lib_MathDouble.c,228 :: 		
JMPNFIXSIGN32:
;__Lib_MathDouble.c,229 :: 		
0x00C0	0x3004      	MOVLW      4
;__Lib_MathDouble.c,230 :: 		
0x00C1	0x00FC      	MOVWF      R12
;__Lib_MathDouble.c,232 :: 		
0x00C2	0x201A      	CALL       _FIXSIGN32
;__Lib_MathDouble.c,234 :: 		
NORM32EEE:
;__Lib_MathDouble.c,236 :: 		
L_end_NRM3232:
0x00C3	0x0008      	RETURN
; end of _NRM3232
_Lcd_Cmd:
;__Lib_Lcd.c,18 :: 		
;__Lib_Lcd.c,20 :: 		
0x00C4	0x1283      	BCF        STATUS, 5
0x00C5	0x1303      	BCF        STATUS, 6
0x00C6	0x1BCD      	BTFSC      FARG_Lcd_Cmd_out_char, 7
0x00C7	0x28CA      	GOTO       L__Lcd_Cmd21
0x00C8	0x1186      	BCF        LCD_D7, BitPos(LCD_D7+0)
0x00C9	0x28CB      	GOTO       L__Lcd_Cmd22
L__Lcd_Cmd21:
0x00CA	0x1586      	BSF        LCD_D7, BitPos(LCD_D7+0)
L__Lcd_Cmd22:
;__Lib_Lcd.c,21 :: 		
0x00CB	0x1B4D      	BTFSC      FARG_Lcd_Cmd_out_char, 6
0x00CC	0x28CF      	GOTO       L__Lcd_Cmd23
0x00CD	0x1106      	BCF        LCD_D6, BitPos(LCD_D6+0)
0x00CE	0x28D0      	GOTO       L__Lcd_Cmd24
L__Lcd_Cmd23:
0x00CF	0x1506      	BSF        LCD_D6, BitPos(LCD_D6+0)
L__Lcd_Cmd24:
;__Lib_Lcd.c,22 :: 		
0x00D0	0x1ACD      	BTFSC      FARG_Lcd_Cmd_out_char, 5
0x00D1	0x28D4      	GOTO       L__Lcd_Cmd25
0x00D2	0x1086      	BCF        LCD_D5, BitPos(LCD_D5+0)
0x00D3	0x28D5      	GOTO       L__Lcd_Cmd26
L__Lcd_Cmd25:
0x00D4	0x1486      	BSF        LCD_D5, BitPos(LCD_D5+0)
L__Lcd_Cmd26:
;__Lib_Lcd.c,23 :: 		
0x00D5	0x1A4D      	BTFSC      FARG_Lcd_Cmd_out_char, 4
0x00D6	0x28D9      	GOTO       L__Lcd_Cmd27
0x00D7	0x1006      	BCF        LCD_D4, BitPos(LCD_D4+0)
0x00D8	0x28DA      	GOTO       L__Lcd_Cmd28
L__Lcd_Cmd27:
0x00D9	0x1406      	BSF        LCD_D4, BitPos(LCD_D4+0)
L__Lcd_Cmd28:
;__Lib_Lcd.c,25 :: 		
0x00DA	0x1835      	BTFSC      __Lib_Lcd_cmd_status, BitPos(__Lib_Lcd_cmd_status+0)
0x00DB	0x28DE      	GOTO       L__Lcd_Cmd29
0x00DC	0x1606      	BSF        LCD_RS, BitPos(LCD_RS+0)
0x00DD	0x28DF      	GOTO       L__Lcd_Cmd30
L__Lcd_Cmd29:
0x00DE	0x1206      	BCF        LCD_RS, BitPos(LCD_RS+0)
L__Lcd_Cmd30:
;__Lib_Lcd.c,28 :: 		
0x00DF	0x1686      	BSF        LCD_EN, BitPos(LCD_EN+0)
;__Lib_Lcd.c,29 :: 		
0x00E0	0x201E      	CALL       _Delay_1us
;__Lib_Lcd.c,30 :: 		
0x00E1	0x1286      	BCF        LCD_EN, BitPos(LCD_EN+0)
;__Lib_Lcd.c,33 :: 		
0x00E2	0x19CD      	BTFSC      FARG_Lcd_Cmd_out_char, 3
0x00E3	0x28E6      	GOTO       L__Lcd_Cmd31
0x00E4	0x1186      	BCF        LCD_D7, BitPos(LCD_D7+0)
0x00E5	0x28E7      	GOTO       L__Lcd_Cmd32
L__Lcd_Cmd31:
0x00E6	0x1586      	BSF        LCD_D7, BitPos(LCD_D7+0)
L__Lcd_Cmd32:
;__Lib_Lcd.c,34 :: 		
0x00E7	0x194D      	BTFSC      FARG_Lcd_Cmd_out_char, 2
0x00E8	0x28EB      	GOTO       L__Lcd_Cmd33
0x00E9	0x1106      	BCF        LCD_D6, BitPos(LCD_D6+0)
0x00EA	0x28EC      	GOTO       L__Lcd_Cmd34
L__Lcd_Cmd33:
0x00EB	0x1506      	BSF        LCD_D6, BitPos(LCD_D6+0)
L__Lcd_Cmd34:
;__Lib_Lcd.c,35 :: 		
0x00EC	0x18CD      	BTFSC      FARG_Lcd_Cmd_out_char, 1
0x00ED	0x28F0      	GOTO       L__Lcd_Cmd35
0x00EE	0x1086      	BCF        LCD_D5, BitPos(LCD_D5+0)
0x00EF	0x28F1      	GOTO       L__Lcd_Cmd36
L__Lcd_Cmd35:
0x00F0	0x1486      	BSF        LCD_D5, BitPos(LCD_D5+0)
L__Lcd_Cmd36:
;__Lib_Lcd.c,36 :: 		
0x00F1	0x184D      	BTFSC      FARG_Lcd_Cmd_out_char, 0
0x00F2	0x28F5      	GOTO       L__Lcd_Cmd37
0x00F3	0x1006      	BCF        LCD_D4, BitPos(LCD_D4+0)
0x00F4	0x28F6      	GOTO       L__Lcd_Cmd38
L__Lcd_Cmd37:
0x00F5	0x1406      	BSF        LCD_D4, BitPos(LCD_D4+0)
L__Lcd_Cmd38:
;__Lib_Lcd.c,38 :: 		
0x00F6	0x1835      	BTFSC      __Lib_Lcd_cmd_status, BitPos(__Lib_Lcd_cmd_status+0)
0x00F7	0x28FA      	GOTO       L__Lcd_Cmd39
0x00F8	0x1606      	BSF        LCD_RS, BitPos(LCD_RS+0)
0x00F9	0x28FB      	GOTO       L__Lcd_Cmd40
L__Lcd_Cmd39:
0x00FA	0x1206      	BCF        LCD_RS, BitPos(LCD_RS+0)
L__Lcd_Cmd40:
;__Lib_Lcd.c,40 :: 		
0x00FB	0x1686      	BSF        LCD_EN, BitPos(LCD_EN+0)
;__Lib_Lcd.c,41 :: 		
0x00FC	0x201E      	CALL       _Delay_1us
;__Lib_Lcd.c,42 :: 		
0x00FD	0x1286      	BCF        LCD_EN, BitPos(LCD_EN+0)
;__Lib_Lcd.c,44 :: 		
0x00FE	0x1C35      	BTFSS      __Lib_Lcd_cmd_status, BitPos(__Lib_Lcd_cmd_status+0)
0x00FF	0x2902      	GOTO       L_Lcd_Cmd0
;__Lib_Lcd.c,45 :: 		
0x0100	0x2003      	CALL       _Delay_5500us
0x0101	0x2903      	GOTO       L_Lcd_Cmd1
L_Lcd_Cmd0:
;__Lib_Lcd.c,47 :: 		
0x0102	0x2033      	CALL       _Delay_50us
L_Lcd_Cmd1:
;__Lib_Lcd.c,48 :: 		
L_end_Lcd_Cmd:
0x0103	0x0008      	RETURN
; end of _Lcd_Cmd
_____DoICP:
;__Lib_System.c,6 :: 		
;__Lib_System.c,9 :: 		
0x0104	0x1283      	BCF        STATUS, 5
0x0105	0x1303      	BCF        STATUS, 6
0x0106	0x082D      	MOVF       ___DoICPAddr+1, 0
0x0107	0x008A      	MOVWF      PCLATH
;__Lib_System.c,10 :: 		
0x0108	0x082C      	MOVF       ___DoICPAddr, 0
0x0109	0x0082      	MOVWF      PCL
;__Lib_System.c,12 :: 		
L_end_____DoICP:
0x010A	0x0008      	RETURN
; end of _____DoICP
_Delay_22us:
;__Lib_Delays.c,15 :: 		void Delay_22us() {
;__Lib_Delays.c,16 :: 		Delay_us(22);
0x010B	0x3007      	MOVLW      7
0x010C	0x1283      	BCF        STATUS, 5
0x010D	0x1303      	BCF        STATUS, 6
0x010E	0x00FD      	MOVWF      R13
L_Delay_22us1:
0x010F	0x0BFD      	DECFSZ     R13, 1
0x0110	0x290F      	GOTO       L_Delay_22us1
;__Lib_Delays.c,17 :: 		}
L_end_Delay_22us:
0x0111	0x0008      	RETURN
; end of _Delay_22us
_SETFDZ32:
;__Lib_MathDouble.c,102 :: 		
;__Lib_MathDouble.c,105 :: 		
0x0112	0x15FB      	BSF        R11, 3
;__Lib_MathDouble.c,106 :: 		
0x0113	0x30FF      	MOVLW      255
;__Lib_MathDouble.c,108 :: 		
L_end_SETFDZ32:
0x0114	0x0008      	RETURN
; end of _SETFDZ32
_Add_32x32_FP:
;__Lib_MathDouble.c,379 :: 		
;__Lib_MathDouble.c,390 :: 		
;__Lib_MathDouble.c,392 :: 		
0x0115	0x1283      	BCF        STATUS, 5
;__Lib_MathDouble.c,393 :: 		
0x0116	0x1303      	BCF        STATUS, 6
;__Lib_MathDouble.c,394 :: 		
0x0117	0x0872      	MOVF       R2, 0
;__Lib_MathDouble.c,395 :: 		
0x0118	0x0676      	XORWF      R6, 0
;__Lib_MathDouble.c,396 :: 		
0x0119	0x00A0      	MOVWF      __math_tempbD
;__Lib_MathDouble.c,398 :: 		
0x011A	0x01F8      	CLRF       R8
;__Lib_MathDouble.c,399 :: 		
0x011B	0x01F9      	CLRF       R9
;__Lib_MathDouble.c,401 :: 		
0x011C	0x0873      	MOVF       R3, 0
;__Lib_MathDouble.c,402 :: 		
0x011D	0x0277      	SUBWF      R7, 0
;__Lib_MathDouble.c,403 :: 		
0x011E	0x1C03      	BTFSS      STATUS, 0
;__Lib_MathDouble.c,404 :: 		
0x011F	0x2938      	GOTO       USEA32
;__Lib_MathDouble.c,406 :: 		
0x0120	0x0877      	MOVF       R7, 0
;__Lib_MathDouble.c,407 :: 		
0x0121	0x00FD      	MOVWF      R13
;__Lib_MathDouble.c,408 :: 		
0x0122	0x0873      	MOVF       R3, 0
;__Lib_MathDouble.c,409 :: 		
0x0123	0x00F7      	MOVWF      R7
;__Lib_MathDouble.c,410 :: 		
0x0124	0x087D      	MOVF       R13, 0
;__Lib_MathDouble.c,411 :: 		
0x0125	0x00F3      	MOVWF      R3
;__Lib_MathDouble.c,413 :: 		
0x0126	0x0876      	MOVF       R6, 0
;__Lib_MathDouble.c,414 :: 		
0x0127	0x00FD      	MOVWF      R13
;__Lib_MathDouble.c,415 :: 		
0x0128	0x0872      	MOVF       R2, 0
;__Lib_MathDouble.c,416 :: 		
0x0129	0x00F6      	MOVWF      R6
;__Lib_MathDouble.c,417 :: 		
0x012A	0x087D      	MOVF       R13, 0
;__Lib_MathDouble.c,418 :: 		
0x012B	0x00F2      	MOVWF      R2
;__Lib_MathDouble.c,420 :: 		
0x012C	0x0875      	MOVF       R5, 0
;__Lib_MathDouble.c,421 :: 		
0x012D	0x00FD      	MOVWF      R13
;__Lib_MathDouble.c,422 :: 		
0x012E	0x0871      	MOVF       R1, 0
;__Lib_MathDouble.c,423 :: 		
0x012F	0x00F5      	MOVWF      R5
;__Lib_MathDouble.c,424 :: 		
0x0130	0x087D      	MOVF       R13, 0
;__Lib_MathDouble.c,425 :: 		
0x0131	0x00F1      	MOVWF      R1
;__Lib_MathDouble.c,427 :: 		
0x0132	0x0874      	MOVF       R4, 0
;__Lib_MathDouble.c,428 :: 		
0x0133	0x00FD      	MOVWF      R13
;__Lib_MathDouble.c,429 :: 		
0x0134	0x0870      	MOVF       R0, 0
;__Lib_MathDouble.c,430 :: 		
0x0135	0x00F4      	MOVWF      R4
;__Lib_MathDouble.c,431 :: 		
0x0136	0x087D      	MOVF       R13, 0
;__Lib_MathDouble.c,432 :: 		
0x0137	0x00F0      	MOVWF      R0
;__Lib_MathDouble.c,433 :: 		
USEA32:
;__Lib_MathDouble.c,434 :: 		
0x0138	0x0877      	MOVF       R7, 0
;__Lib_MathDouble.c,435 :: 		
0x0139	0x1903      	BTFSC      STATUS, 2
;__Lib_MathDouble.c,436 :: 		
0x013A	0x29B1      	GOTO       JMPEEE
;__Lib_MathDouble.c,437 :: 		
0x013B	0x0872      	MOVF       R2, 0
;__Lib_MathDouble.c,438 :: 		
0x013C	0x00FA      	MOVWF      R10
;__Lib_MathDouble.c,439 :: 		
0x013D	0x17F2      	BSF        R2, 7
;__Lib_MathDouble.c,440 :: 		
0x013E	0x17F6      	BSF        R6, 7
;__Lib_MathDouble.c,441 :: 		
0x013F	0x0877      	MOVF       R7, 0
;__Lib_MathDouble.c,442 :: 		
0x0140	0x0273      	SUBWF      R3, 0
;__Lib_MathDouble.c,443 :: 		
0x0141	0x00F7      	MOVWF      R7
;__Lib_MathDouble.c,444 :: 		
0x0142	0x1903      	BTFSC      STATUS, 2
;__Lib_MathDouble.c,445 :: 		
0x0143	0x296B      	GOTO       ALIGNED32
;__Lib_MathDouble.c,446 :: 		
0x0144	0x3008      	MOVLW      8
;__Lib_MathDouble.c,447 :: 		
0x0145	0x0277      	SUBWF      R7, 0
;__Lib_MathDouble.c,448 :: 		
0x0146	0x1C03      	BTFSS      STATUS, 0
;__Lib_MathDouble.c,449 :: 		
0x0147	0x2961      	GOTO       ALIGNB32
;__Lib_MathDouble.c,450 :: 		
0x0148	0x00F7      	MOVWF      R7
;__Lib_MathDouble.c,451 :: 		
0x0149	0x0874      	MOVF       R4, 0
;__Lib_MathDouble.c,452 :: 		
0x014A	0x00F9      	MOVWF      R9
;__Lib_MathDouble.c,453 :: 		
0x014B	0x0875      	MOVF       R5, 0
;__Lib_MathDouble.c,454 :: 		
0x014C	0x00F4      	MOVWF      R4
;__Lib_MathDouble.c,455 :: 		
0x014D	0x0876      	MOVF       R6, 0
;__Lib_MathDouble.c,456 :: 		
0x014E	0x00F5      	MOVWF      R5
;__Lib_MathDouble.c,457 :: 		
0x014F	0x01F6      	CLRF       R6
;__Lib_MathDouble.c,458 :: 		
0x0150	0x3008      	MOVLW      8
;__Lib_MathDouble.c,459 :: 		
0x0151	0x0277      	SUBWF      R7, 0
;__Lib_MathDouble.c,460 :: 		
0x0152	0x1C03      	BTFSS      STATUS, 0
;__Lib_MathDouble.c,461 :: 		
0x0153	0x2961      	GOTO       ALIGNB32
;__Lib_MathDouble.c,462 :: 		
0x0154	0x00F7      	MOVWF      R7
;__Lib_MathDouble.c,463 :: 		
0x0155	0x0874      	MOVF       R4, 0
;__Lib_MathDouble.c,464 :: 		
0x0156	0x00F9      	MOVWF      R9
;__Lib_MathDouble.c,465 :: 		
0x0157	0x0875      	MOVF       R5, 0
;__Lib_MathDouble.c,466 :: 		
0x0158	0x00F4      	MOVWF      R4
;__Lib_MathDouble.c,467 :: 		
0x0159	0x01F5      	CLRF       R5
;__Lib_MathDouble.c,468 :: 		
0x015A	0x3008      	MOVLW      8
;__Lib_MathDouble.c,469 :: 		
0x015B	0x0277      	SUBWF      R7, 0
;__Lib_MathDouble.c,470 :: 		
0x015C	0x1C03      	BTFSS      STATUS, 0
;__Lib_MathDouble.c,471 :: 		
0x015D	0x2961      	GOTO       ALIGNB32
;__Lib_MathDouble.c,472 :: 		
0x015E	0x087A      	MOVF       R10, 0
;__Lib_MathDouble.c,473 :: 		
0x015F	0x00F2      	MOVWF      R2
;__Lib_MathDouble.c,474 :: 		
0x0160	0x29B1      	GOTO       JMPEEE
;__Lib_MathDouble.c,475 :: 		
ALIGNB32:
;__Lib_MathDouble.c,476 :: 		
0x0161	0x0877      	MOVF       R7, 0
;__Lib_MathDouble.c,477 :: 		
0x0162	0x1903      	BTFSC      STATUS, 2
;__Lib_MathDouble.c,478 :: 		
0x0163	0x296B      	GOTO       ALIGNED32
;__Lib_MathDouble.c,479 :: 		
ALOOPB32:
;__Lib_MathDouble.c,480 :: 		
0x0164	0x1003      	BCF        STATUS, 0
;__Lib_MathDouble.c,481 :: 		
0x0165	0x0CF6      	RRF        R6, 1
;__Lib_MathDouble.c,482 :: 		
0x0166	0x0CF5      	RRF        R5, 1
;__Lib_MathDouble.c,483 :: 		
0x0167	0x0CF4      	RRF        R4, 1
;__Lib_MathDouble.c,484 :: 		
0x0168	0x0CF9      	RRF        R9, 1
;__Lib_MathDouble.c,485 :: 		
0x0169	0x0BF7      	DECFSZ     R7, 1
;__Lib_MathDouble.c,486 :: 		
0x016A	0x2964      	GOTO       ALOOPB32
;__Lib_MathDouble.c,487 :: 		
ALIGNED32:
;__Lib_MathDouble.c,488 :: 		
0x016B	0x1FA0      	BTFSS      __math_tempbD, 7
;__Lib_MathDouble.c,489 :: 		
0x016C	0x2978      	GOTO       AOK32
;__Lib_MathDouble.c,490 :: 		
0x016D	0x09F9      	COMF       R9, 1
;__Lib_MathDouble.c,491 :: 		
0x016E	0x09F4      	COMF       R4, 1
;__Lib_MathDouble.c,492 :: 		
0x016F	0x09F5      	COMF       R5, 1
;__Lib_MathDouble.c,493 :: 		
0x0170	0x09F6      	COMF       R6, 1
;__Lib_MathDouble.c,494 :: 		
0x0171	0x0AF9      	INCF       R9, 1
;__Lib_MathDouble.c,495 :: 		
0x0172	0x1903      	BTFSC      STATUS, 2
;__Lib_MathDouble.c,496 :: 		
0x0173	0x0AF4      	INCF       R4, 1
;__Lib_MathDouble.c,497 :: 		
0x0174	0x1903      	BTFSC      STATUS, 2
;__Lib_MathDouble.c,498 :: 		
0x0175	0x0AF5      	INCF       R5, 1
;__Lib_MathDouble.c,499 :: 		
0x0176	0x1903      	BTFSC      STATUS, 2
;__Lib_MathDouble.c,500 :: 		
0x0177	0x0AF6      	INCF       R6, 1
;__Lib_MathDouble.c,501 :: 		
AOK32:
;__Lib_MathDouble.c,502 :: 		
0x0178	0x0879      	MOVF       R9, 0
;__Lib_MathDouble.c,503 :: 		
0x0179	0x07F8      	ADDWF      R8, 1
;__Lib_MathDouble.c,504 :: 		
0x017A	0x0874      	MOVF       R4, 0
;__Lib_MathDouble.c,505 :: 		
0x017B	0x1803      	BTFSC      STATUS, 0
;__Lib_MathDouble.c,506 :: 		
0x017C	0x0F74      	INCFSZ     R4, 0
;__Lib_MathDouble.c,507 :: 		
0x017D	0x07F0      	ADDWF      R0, 1
;__Lib_MathDouble.c,508 :: 		
0x017E	0x0875      	MOVF       R5, 0
;__Lib_MathDouble.c,509 :: 		
0x017F	0x1803      	BTFSC      STATUS, 0
;__Lib_MathDouble.c,510 :: 		
0x0180	0x0F75      	INCFSZ     R5, 0
;__Lib_MathDouble.c,511 :: 		
0x0181	0x07F1      	ADDWF      R1, 1
;__Lib_MathDouble.c,512 :: 		
0x0182	0x0876      	MOVF       R6, 0
;__Lib_MathDouble.c,513 :: 		
0x0183	0x1803      	BTFSC      STATUS, 0
;__Lib_MathDouble.c,514 :: 		
0x0184	0x0F76      	INCFSZ     R6, 0
;__Lib_MathDouble.c,515 :: 		
0x0185	0x07F2      	ADDWF      R2, 1
;__Lib_MathDouble.c,516 :: 		
0x0186	0x1BA0      	BTFSC      __math_tempbD, 7
;__Lib_MathDouble.c,517 :: 		
0x0187	0x2991      	GOTO       ACOMP32
;__Lib_MathDouble.c,518 :: 		
0x0188	0x1C03      	BTFSS      STATUS, 0
;__Lib_MathDouble.c,519 :: 		
0x0189	0x29A1      	GOTO       JMPNRMRND4032
;__Lib_MathDouble.c,520 :: 		
0x018A	0x0CF2      	RRF        R2, 1
;__Lib_MathDouble.c,521 :: 		
0x018B	0x0CF1      	RRF        R1, 1
;__Lib_MathDouble.c,522 :: 		
0x018C	0x0CF0      	RRF        R0, 1
;__Lib_MathDouble.c,523 :: 		
0x018D	0x0CF8      	RRF        R8, 1
;__Lib_MathDouble.c,524 :: 		
0x018E	0x0FF3      	INCFSZ     R3, 1
;__Lib_MathDouble.c,525 :: 		
0x018F	0x29A1      	GOTO       JMPNRMRND4032
;__Lib_MathDouble.c,526 :: 		
0x0190	0x29AD      	GOTO       ADD_JMPSETFOV32
;__Lib_MathDouble.c,527 :: 		
ACOMP32:
;__Lib_MathDouble.c,528 :: 		
0x0191	0x1803      	BTFSC      STATUS, 0
;__Lib_MathDouble.c,529 :: 		
0x0192	0x29A5      	GOTO       JMPNRM4032
;__Lib_MathDouble.c,530 :: 		
0x0193	0x09F8      	COMF       R8, 1
;__Lib_MathDouble.c,531 :: 		
0x0194	0x09F0      	COMF       R0, 1
;__Lib_MathDouble.c,532 :: 		
0x0195	0x09F1      	COMF       R1, 1
;__Lib_MathDouble.c,533 :: 		
0x0196	0x09F2      	COMF       R2, 1
;__Lib_MathDouble.c,534 :: 		
0x0197	0x0AF8      	INCF       R8, 1
;__Lib_MathDouble.c,535 :: 		
0x0198	0x1903      	BTFSC      STATUS, 2
;__Lib_MathDouble.c,536 :: 		
0x0199	0x0AF0      	INCF       R0, 1
;__Lib_MathDouble.c,537 :: 		
0x019A	0x1903      	BTFSC      STATUS, 2
;__Lib_MathDouble.c,538 :: 		
0x019B	0x0AF1      	INCF       R1, 1
;__Lib_MathDouble.c,539 :: 		
0x019C	0x1903      	BTFSC      STATUS, 2
;__Lib_MathDouble.c,540 :: 		
0x019D	0x0AF2      	INCF       R2, 1
;__Lib_MathDouble.c,541 :: 		
0x019E	0x3080      	MOVLW      128
;__Lib_MathDouble.c,542 :: 		
0x019F	0x06FA      	XORWF      R10, 1
;__Lib_MathDouble.c,543 :: 		
0x01A0	0x29A9      	GOTO       JMPNRM32
;__Lib_MathDouble.c,544 :: 		
JMPNRMRND4032:
;__Lib_MathDouble.c,545 :: 		
0x01A1	0x3001      	MOVLW      1
;__Lib_MathDouble.c,546 :: 		
0x01A2	0x00FC      	MOVWF      R12
;__Lib_MathDouble.c,548 :: 		
0x01A3	0x203B      	CALL       _NRM4032
;__Lib_MathDouble.c,550 :: 		
0x01A4	0x29B3      	GOTO       ADD32EEE
;__Lib_MathDouble.c,551 :: 		
JMPNRM4032:
;__Lib_MathDouble.c,552 :: 		
0x01A5	0x3002      	MOVLW      2
;__Lib_MathDouble.c,553 :: 		
0x01A6	0x00FC      	MOVWF      R12
;__Lib_MathDouble.c,555 :: 		
0x01A7	0x203B      	CALL       _NRM4032
;__Lib_MathDouble.c,557 :: 		
0x01A8	0x29B3      	GOTO       ADD32EEE
;__Lib_MathDouble.c,558 :: 		
JMPNRM32:
;__Lib_MathDouble.c,559 :: 		
0x01A9	0x3004      	MOVLW      4
;__Lib_MathDouble.c,560 :: 		
0x01AA	0x00FC      	MOVWF      R12
;__Lib_MathDouble.c,562 :: 		
0x01AB	0x2095      	CALL       _NRM3232
;__Lib_MathDouble.c,564 :: 		
0x01AC	0x29B3      	GOTO       ADD32EEE
;__Lib_MathDouble.c,565 :: 		
ADD_JMPSETFOV32:
;__Lib_MathDouble.c,566 :: 		
0x01AD	0x3008      	MOVLW      8
;__Lib_MathDouble.c,567 :: 		
0x01AE	0x00FC      	MOVWF      R12
;__Lib_MathDouble.c,569 :: 		
0x01AF	0x200E      	CALL       _SETFOV32
;__Lib_MathDouble.c,571 :: 		
0x01B0	0x29B3      	GOTO       ADD32EEE
;__Lib_MathDouble.c,572 :: 		
JMPEEE:
;__Lib_MathDouble.c,573 :: 		
0x01B1	0x3000      	MOVLW      0
;__Lib_MathDouble.c,574 :: 		
0x01B2	0x00FC      	MOVWF      R12
;__Lib_MathDouble.c,575 :: 		
ADD32EEE:
;__Lib_MathDouble.c,576 :: 		
0x01B3	0x0000      	NOP
;__Lib_MathDouble.c,584 :: 		
L_end_Add_32x32_FP:
0x01B4	0x0008      	RETURN
; end of _Add_32x32_FP
_Lcd_Chr_CP:
;__Lib_Lcd.c,50 :: 		
;__Lib_Lcd.c,52 :: 		
0x01B5	0x1283      	BCF        STATUS, 5
0x01B6	0x1303      	BCF        STATUS, 6
0x01B7	0x1035      	BCF        __Lib_Lcd_cmd_status, BitPos(__Lib_Lcd_cmd_status+0)
;__Lib_Lcd.c,53 :: 		
0x01B8	0x084C      	MOVF       FARG_Lcd_Chr_CP_out_char, 0
0x01B9	0x00CD      	MOVWF      FARG_Lcd_Cmd_out_char
0x01BA	0x20C4      	CALL       _Lcd_Cmd
;__Lib_Lcd.c,54 :: 		
0x01BB	0x1435      	BSF        __Lib_Lcd_cmd_status, BitPos(__Lib_Lcd_cmd_status+0)
;__Lib_Lcd.c,55 :: 		
L_end_Lcd_Chr_CP:
0x01BC	0x0008      	RETURN
; end of _Lcd_Chr_CP
_SETIOV3224:
;__Lib_MathDouble.c,1000 :: 		
;__Lib_MathDouble.c,1006 :: 		
0x01BD	0x147B      	BSF        R11, 0
;__Lib_MathDouble.c,1007 :: 		
0x01BE	0x1FFB      	BTFSS      R11, 7
;__Lib_MathDouble.c,1008 :: 		
0x01BF	0x29C8      	GOTO       SETIOV3224EEE
;__Lib_MathDouble.c,1010 :: 		
0x01C0	0x01F2      	CLRF       R2
;__Lib_MathDouble.c,1011 :: 		
0x01C1	0x1FFA      	BTFSS      R10, 7
;__Lib_MathDouble.c,1012 :: 		
0x01C2	0x30FF      	MOVLW      255
;__Lib_MathDouble.c,1013 :: 		
0x01C3	0x00F2      	MOVWF      R2
;__Lib_MathDouble.c,1014 :: 		
0x01C4	0x00F1      	MOVWF      R1
;__Lib_MathDouble.c,1015 :: 		
0x01C5	0x00F0      	MOVWF      R0
;__Lib_MathDouble.c,1016 :: 		
0x01C6	0x0DFA      	RLF        R10, 1
;__Lib_MathDouble.c,1017 :: 		
0x01C7	0x0CF2      	RRF        R2, 1
;__Lib_MathDouble.c,1018 :: 		
SETIOV3224EEE:
;__Lib_MathDouble.c,1019 :: 		
0x01C8	0x30FF      	MOVLW      255
;__Lib_MathDouble.c,1021 :: 		
L_end_SETIOV3224:
0x01C9	0x0008      	RETURN
; end of _SETIOV3224
_word2double:
;__Lib_MathDouble.c,1862 :: 		
;__Lib_MathDouble.c,1868 :: 		
0x01CA	0x1283      	BCF        STATUS, 5
;__Lib_MathDouble.c,1869 :: 		
0x01CB	0x1303      	BCF        STATUS, 6
;__Lib_MathDouble.c,1870 :: 		
0x01CC	0x0870      	MOVF       R0, 0
;__Lib_MathDouble.c,1871 :: 		
0x01CD	0x00F8      	MOVWF      R8
;__Lib_MathDouble.c,1872 :: 		
0x01CE	0x0871      	MOVF       R1, 0
;__Lib_MathDouble.c,1873 :: 		
0x01CF	0x00F0      	MOVWF      R0
;__Lib_MathDouble.c,1874 :: 		
0x01D0	0x01F1      	CLRF       R1
;__Lib_MathDouble.c,1875 :: 		
0x01D1	0x01F2      	CLRF       R2
;__Lib_MathDouble.c,1876 :: 		
0x01D2	0x01F3      	CLRF       R3
;__Lib_MathDouble.c,1879 :: 		
0x01D3	0x01FB      	CLRF       R11
;__Lib_MathDouble.c,1880 :: 		
0x01D4	0x01FC      	CLRF       R12
;__Lib_MathDouble.c,1882 :: 		
0x01D5	0x3096      	MOVLW      150
;__Lib_MathDouble.c,1883 :: 		
0x01D6	0x00F3      	MOVWF      R3
;__Lib_MathDouble.c,1884 :: 		
0x01D7	0x01FA      	CLRF       R10
;__Lib_MathDouble.c,1886 :: 		
0x01D8	0x0870      	MOVF       R0, 0
;__Lib_MathDouble.c,1887 :: 		
0x01D9	0x00F1      	MOVWF      R1
;__Lib_MathDouble.c,1888 :: 		
0x01DA	0x0878      	MOVF       R8, 0
;__Lib_MathDouble.c,1889 :: 		
0x01DB	0x00F0      	MOVWF      R0
;__Lib_MathDouble.c,1890 :: 		
0x01DC	0x01F8      	CLRF       R8
;__Lib_MathDouble.c,1891 :: 		
0x01DD	0x01F2      	CLRF       R2
;__Lib_MathDouble.c,1893 :: 		
0x01DE	0x2095      	CALL       _NRM3232
;__Lib_MathDouble.c,1894 :: 		
L_end_word2double:
0x01DF	0x0008      	RETURN
; end of _word2double
_Sub_32x32_FP:
;__Lib_MathDouble.c,593 :: 		
;__Lib_MathDouble.c,596 :: 		
0x01E0	0x1283      	BCF        STATUS, 5
;__Lib_MathDouble.c,597 :: 		
0x01E1	0x1303      	BCF        STATUS, 6
;__Lib_MathDouble.c,598 :: 		
0x01E2	0x3080      	MOVLW      128
;__Lib_MathDouble.c,599 :: 		
0x01E3	0x06F6      	XORWF      R6, 1
;__Lib_MathDouble.c,601 :: 		
0x01E4	0x2115      	CALL       _Add_32x32_FP
;__Lib_MathDouble.c,602 :: 		
L_end_Sub_32x32_FP:
0x01E5	0x0008      	RETURN
; end of _Sub_32x32_FP
_Div_16X16_U:
;__Lib_Math.c,215 :: 		
;__Lib_Math.c,222 :: 		
0x01E6	0x1283      	BCF        STATUS, 5
;__Lib_Math.c,223 :: 		
0x01E7	0x1303      	BCF        STATUS, 6
;__Lib_Math.c,224 :: 		
0x01E8	0x01F8      	CLRF       R8
;__Lib_Math.c,225 :: 		
0x01E9	0x01F9      	CLRF       R9
;__Lib_Math.c,226 :: 		
0x01EA	0x3010      	MOVLW      16
;__Lib_Math.c,227 :: 		
0x01EB	0x00FC      	MOVWF      R12
;__Lib_Math.c,228 :: 		
0x01EC	0x0D71      	RLF        R1, 0
;__Lib_Math.c,229 :: 		
0x01ED	0x0DF8      	RLF        R8, 1
;__Lib_Math.c,230 :: 		
0x01EE	0x0DF9      	RLF        R9, 1
;__Lib_Math.c,231 :: 		
0x01EF	0x0874      	MOVF       R4, 0
;__Lib_Math.c,232 :: 		
0x01F0	0x02F8      	SUBWF      R8, 1
;__Lib_Math.c,233 :: 		
0x01F1	0x0875      	MOVF       R5, 0
;__Lib_Math.c,234 :: 		
0x01F2	0x1C03      	BTFSS      STATUS, 0
;__Lib_Math.c,235 :: 		
0x01F3	0x0F75      	INCFSZ     R5, 0
;__Lib_Math.c,236 :: 		
0x01F4	0x02F9      	SUBWF      R9, 1
;__Lib_Math.c,237 :: 		
0x01F5	0x1803      	BTFSC      STATUS, 0
;__Lib_Math.c,238 :: 		
0x01F6	0x29FE      	GOTO       $+8
;__Lib_Math.c,239 :: 		
0x01F7	0x0874      	MOVF       R4, 0
;__Lib_Math.c,240 :: 		
0x01F8	0x07F8      	ADDWF      R8, 1
;__Lib_Math.c,241 :: 		
0x01F9	0x0875      	MOVF       R5, 0
;__Lib_Math.c,242 :: 		
0x01FA	0x1803      	BTFSC      STATUS, 0
;__Lib_Math.c,243 :: 		
0x01FB	0x0F75      	INCFSZ     R5, 0
;__Lib_Math.c,244 :: 		
0x01FC	0x07F9      	ADDWF      R9, 1
;__Lib_Math.c,245 :: 		
0x01FD	0x1003      	BCF        STATUS, 0
;__Lib_Math.c,246 :: 		
0x01FE	0x0DF0      	RLF        R0, 1
;__Lib_Math.c,247 :: 		
0x01FF	0x0DF1      	RLF        R1, 1
;__Lib_Math.c,248 :: 		
0x0200	0x0BFC      	DECFSZ     R12, 1
;__Lib_Math.c,249 :: 		
0x0201	0x29EC      	GOTO       $-21
;__Lib_Math.c,251 :: 		
L_end_Div_16X16_U:
0x0202	0x0008      	RETURN
; end of _Div_16X16_U
_Mul_32x32_FP:
;__Lib_MathDouble.c,610 :: 		
;__Lib_MathDouble.c,622 :: 		
;__Lib_MathDouble.c,624 :: 		
0x0203	0x1283      	BCF        STATUS, 5
;__Lib_MathDouble.c,625 :: 		
0x0204	0x1303      	BCF        STATUS, 6
;__Lib_MathDouble.c,627 :: 		
0x0205	0x01FB      	CLRF       R11
;__Lib_MathDouble.c,628 :: 		
0x0206	0x0873      	MOVF       R3, 0
;__Lib_MathDouble.c,629 :: 		
0x0207	0x1D03      	BTFSS      STATUS, 2
;__Lib_MathDouble.c,630 :: 		
0x0208	0x0877      	MOVF       R7, 0
;__Lib_MathDouble.c,631 :: 		
0x0209	0x1903      	BTFSC      STATUS, 2
;__Lib_MathDouble.c,632 :: 		
0x020A	0x2A5A      	GOTO       JPMRES032
;__Lib_MathDouble.c,634 :: 		
0x020B	0x0872      	MOVF       R2, 0
;__Lib_MathDouble.c,635 :: 		
0x020C	0x0676      	XORWF      R6, 0
;__Lib_MathDouble.c,636 :: 		
0x020D	0x00FA      	MOVWF      R10
;__Lib_MathDouble.c,637 :: 		
0x020E	0x0877      	MOVF       R7, 0
;__Lib_MathDouble.c,638 :: 		
0x020F	0x07F3      	ADDWF      R3, 1
;__Lib_MathDouble.c,639 :: 		
0x0210	0x307E      	MOVLW      126
;__Lib_MathDouble.c,640 :: 		
0x0211	0x1C03      	BTFSS      STATUS, 0
;__Lib_MathDouble.c,641 :: 		
0x0212	0x2A17      	GOTO       MTUN32
;__Lib_MathDouble.c,642 :: 		
0x0213	0x02F3      	SUBWF      R3, 1
;__Lib_MathDouble.c,643 :: 		
0x0214	0x1803      	BTFSC      STATUS, 0
;__Lib_MathDouble.c,644 :: 		
0x0215	0x2A5D      	GOTO       JPMSETFOV32
;__Lib_MathDouble.c,645 :: 		
0x0216	0x2A1A      	GOTO       MOK32
;__Lib_MathDouble.c,646 :: 		
MTUN32:
;__Lib_MathDouble.c,647 :: 		
0x0217	0x02F3      	SUBWF      R3, 1
;__Lib_MathDouble.c,648 :: 		
0x0218	0x1C03      	BTFSS      STATUS, 0
;__Lib_MathDouble.c,649 :: 		
0x0219	0x2A60      	GOTO       JPMSETFUN32
;__Lib_MathDouble.c,650 :: 		
MOK32:
;__Lib_MathDouble.c,651 :: 		
0x021A	0x0872      	MOVF       R2, 0
;__Lib_MathDouble.c,652 :: 		
0x021B	0x00F8      	MOVWF      R8
;__Lib_MathDouble.c,653 :: 		
0x021C	0x0871      	MOVF       R1, 0
;__Lib_MathDouble.c,654 :: 		
0x021D	0x00FC      	MOVWF      R12
;__Lib_MathDouble.c,655 :: 		
0x021E	0x0870      	MOVF       R0, 0
;__Lib_MathDouble.c,656 :: 		
0x021F	0x00FD      	MOVWF      R13
;__Lib_MathDouble.c,657 :: 		
0x0220	0x17F8      	BSF        R8, 7
;__Lib_MathDouble.c,658 :: 		
0x0221	0x17F6      	BSF        R6, 7
;__Lib_MathDouble.c,659 :: 		
0x0222	0x1003      	BCF        STATUS, 0
;__Lib_MathDouble.c,660 :: 		
0x0223	0x01F2      	CLRF       R2
;__Lib_MathDouble.c,661 :: 		
0x0224	0x01F1      	CLRF       R1
;__Lib_MathDouble.c,662 :: 		
0x0225	0x01F0      	CLRF       R0
;__Lib_MathDouble.c,663 :: 		
0x0226	0x3018      	MOVLW      24
;__Lib_MathDouble.c,664 :: 		
0x0227	0x00A0      	MOVWF      __math_tempbD
;__Lib_MathDouble.c,665 :: 		
MLOOP32:
;__Lib_MathDouble.c,666 :: 		
0x0228	0x1C7D      	BTFSS      R13, 0
;__Lib_MathDouble.c,667 :: 		
0x0229	0x2A34      	GOTO       MNOADD32
;__Lib_MathDouble.c,669 :: 		
0x022A	0x0874      	MOVF       R4, 0
;__Lib_MathDouble.c,670 :: 		
0x022B	0x07F0      	ADDWF      R0, 1
;__Lib_MathDouble.c,671 :: 		
0x022C	0x0875      	MOVF       R5, 0
;__Lib_MathDouble.c,672 :: 		
0x022D	0x1803      	BTFSC      STATUS, 0
;__Lib_MathDouble.c,673 :: 		
0x022E	0x0F75      	INCFSZ     R5, 0
;__Lib_MathDouble.c,674 :: 		
0x022F	0x07F1      	ADDWF      R1, 1
;__Lib_MathDouble.c,675 :: 		
0x0230	0x0876      	MOVF       R6, 0
;__Lib_MathDouble.c,676 :: 		
0x0231	0x1803      	BTFSC      STATUS, 0
;__Lib_MathDouble.c,677 :: 		
0x0232	0x0F76      	INCFSZ     R6, 0
;__Lib_MathDouble.c,678 :: 		
0x0233	0x07F2      	ADDWF      R2, 1
;__Lib_MathDouble.c,679 :: 		
MNOADD32:
;__Lib_MathDouble.c,680 :: 		
0x0234	0x0CF2      	RRF        R2, 1
;__Lib_MathDouble.c,681 :: 		
0x0235	0x0CF1      	RRF        R1, 1
;__Lib_MathDouble.c,682 :: 		
0x0236	0x0CF0      	RRF        R0, 1
;__Lib_MathDouble.c,683 :: 		
0x0237	0x0CF8      	RRF        R8, 1
;__Lib_MathDouble.c,684 :: 		
0x0238	0x0CFC      	RRF        R12, 1
;__Lib_MathDouble.c,685 :: 		
0x0239	0x0CFD      	RRF        R13, 1
;__Lib_MathDouble.c,686 :: 		
0x023A	0x1003      	BCF        STATUS, 0
;__Lib_MathDouble.c,687 :: 		
0x023B	0x0BA0      	DECFSZ     __math_tempbD, 1
;__Lib_MathDouble.c,688 :: 		
0x023C	0x2A28      	GOTO       MLOOP32
;__Lib_MathDouble.c,689 :: 		
0x023D	0x1BF2      	BTFSC      R2, 7
;__Lib_MathDouble.c,690 :: 		
0x023E	0x2A44      	GOTO       MROUND32
;__Lib_MathDouble.c,691 :: 		
0x023F	0x0DF8      	RLF        R8, 1
;__Lib_MathDouble.c,692 :: 		
0x0240	0x0DF0      	RLF        R0, 1
;__Lib_MathDouble.c,693 :: 		
0x0241	0x0DF1      	RLF        R1, 1
;__Lib_MathDouble.c,694 :: 		
0x0242	0x0DF2      	RLF        R2, 1
;__Lib_MathDouble.c,695 :: 		
0x0243	0x03F3      	DECF       R3, 1
;__Lib_MathDouble.c,696 :: 		
MROUND32:
;__Lib_MathDouble.c,697 :: 		
0x0244	0x1B7B      	BTFSC      R11, 6
;__Lib_MathDouble.c,698 :: 		
0x0245	0x1C70      	BTFSS      R0, 0
;__Lib_MathDouble.c,699 :: 		
0x0246	0x2A56      	GOTO       MUL32OK
;__Lib_MathDouble.c,700 :: 		
0x0247	0x1FF8      	BTFSS      R8, 7
;__Lib_MathDouble.c,701 :: 		
0x0248	0x2A56      	GOTO       MUL32OK
;__Lib_MathDouble.c,702 :: 		
0x0249	0x0AF0      	INCF       R0, 1
;__Lib_MathDouble.c,703 :: 		
0x024A	0x1903      	BTFSC      STATUS, 2
;__Lib_MathDouble.c,704 :: 		
0x024B	0x0AF1      	INCF       R1, 1
;__Lib_MathDouble.c,705 :: 		
0x024C	0x1903      	BTFSC      STATUS, 2
;__Lib_MathDouble.c,706 :: 		
0x024D	0x0AF2      	INCF       R2, 1
;__Lib_MathDouble.c,707 :: 		
0x024E	0x1D03      	BTFSS      STATUS, 2
;__Lib_MathDouble.c,708 :: 		
0x024F	0x2A56      	GOTO       MUL32OK
;__Lib_MathDouble.c,709 :: 		
0x0250	0x0CF2      	RRF        R2, 1
;__Lib_MathDouble.c,710 :: 		
0x0251	0x0CF1      	RRF        R1, 1
;__Lib_MathDouble.c,711 :: 		
0x0252	0x0CF0      	RRF        R0, 1
;__Lib_MathDouble.c,712 :: 		
0x0253	0x0AF3      	INCF       R3, 1
;__Lib_MathDouble.c,713 :: 		
0x0254	0x1903      	BTFSC      STATUS, 2
;__Lib_MathDouble.c,714 :: 		
0x0255	0x2A5D      	GOTO       JPMSETFOV32
;__Lib_MathDouble.c,715 :: 		
MUL32OK:
;__Lib_MathDouble.c,716 :: 		
0x0256	0x1FFA      	BTFSS      R10, 7
;__Lib_MathDouble.c,717 :: 		
0x0257	0x13F2      	BCF        R2, 7
;__Lib_MathDouble.c,718 :: 		
0x0258	0x3000      	MOVLW      0
;__Lib_MathDouble.c,720 :: 		
0x0259	0x2A62      	GOTO       MUL32EEE
;__Lib_MathDouble.c,721 :: 		
JPMRES032:
;__Lib_MathDouble.c,722 :: 		
0x025A	0x3001      	MOVLW      1
;__Lib_MathDouble.c,725 :: 		
0x025B	0x2020      	CALL       _RES032
;__Lib_MathDouble.c,727 :: 		
0x025C	0x2A62      	GOTO       MUL32EEE
;__Lib_MathDouble.c,728 :: 		
JPMSETFOV32:
;__Lib_MathDouble.c,729 :: 		
0x025D	0x3002      	MOVLW      2
;__Lib_MathDouble.c,732 :: 		
0x025E	0x200E      	CALL       _SETFOV32
;__Lib_MathDouble.c,734 :: 		
0x025F	0x2A62      	GOTO       MUL32EEE
;__Lib_MathDouble.c,735 :: 		
JPMSETFUN32:
;__Lib_MathDouble.c,736 :: 		
0x0260	0x3004      	MOVLW      4
;__Lib_MathDouble.c,739 :: 		
0x0261	0x2027      	CALL       _SETFUN32
;__Lib_MathDouble.c,741 :: 		
MUL32EEE:
;__Lib_MathDouble.c,742 :: 		
0x0262	0x0000      	NOP
;__Lib_MathDouble.c,749 :: 		
L_end_Mul_32x32_FP:
0x0263	0x0008      	RETURN
; end of _Mul_32x32_FP
_Div_32x32_FP:
;__Lib_MathDouble.c,761 :: 		
;__Lib_MathDouble.c,773 :: 		
;__Lib_MathDouble.c,776 :: 		
0x0264	0x1283      	BCF        STATUS, 5
0x0265	0x1303      	BCF        STATUS, 6
0x0266	0x0874      	MOVF       R4, 0
0x0267	0x3A00      	XORLW      0
0x0268	0x1D03      	BTFSS      STATUS, 2
0x0269	0x2A7F      	GOTO       L_Div_32x32_FP7
;__Lib_MathDouble.c,777 :: 		
0x026A	0x0875      	MOVF       R5, 0
0x026B	0x3A00      	XORLW      0
0x026C	0x1D03      	BTFSS      STATUS, 2
0x026D	0x2A7F      	GOTO       L_Div_32x32_FP8
;__Lib_MathDouble.c,778 :: 		
0x026E	0x0876      	MOVF       R6, 0
0x026F	0x3A00      	XORLW      0
0x0270	0x1D03      	BTFSS      STATUS, 2
0x0271	0x2A7F      	GOTO       L_Div_32x32_FP9
;__Lib_MathDouble.c,779 :: 		
0x0272	0x0877      	MOVF       R7, 0
0x0273	0x3A00      	XORLW      0
0x0274	0x1D03      	BTFSS      STATUS, 2
0x0275	0x2A7F      	GOTO       L_Div_32x32_FP10
;__Lib_MathDouble.c,780 :: 		
0x0276	0x30FF      	MOVLW      255
0x0277	0x00F0      	MOVWF      R0
;__Lib_MathDouble.c,781 :: 		
0x0278	0x30FF      	MOVLW      255
0x0279	0x00F1      	MOVWF      R1
;__Lib_MathDouble.c,782 :: 		
0x027A	0x307F      	MOVLW      127
0x027B	0x00F2      	MOVWF      R2
;__Lib_MathDouble.c,783 :: 		
0x027C	0x30FF      	MOVLW      255
0x027D	0x00F3      	MOVWF      R3
;__Lib_MathDouble.c,784 :: 		
0x027E	0x2B1A      	GOTO       L_end_Div_32x32_FP
;__Lib_MathDouble.c,785 :: 		
L_Div_32x32_FP10:
L_Div_32x32_FP9:
L_Div_32x32_FP8:
L_Div_32x32_FP7:
;__Lib_MathDouble.c,788 :: 		
0x027F	0x1283      	BCF        STATUS, 5
;__Lib_MathDouble.c,789 :: 		
0x0280	0x1303      	BCF        STATUS, 6
;__Lib_MathDouble.c,791 :: 		
0x0281	0x0877      	MOVF       R7, 0
;__Lib_MathDouble.c,792 :: 		
0x0282	0x1903      	BTFSC      STATUS, 2
;__Lib_MathDouble.c,793 :: 		
0x0283	0x2B0E      	GOTO       JPDSETFDZ32
;__Lib_MathDouble.c,795 :: 		
0x0284	0x0873      	MOVF       R3, 0
;__Lib_MathDouble.c,796 :: 		
0x0285	0x1903      	BTFSC      STATUS, 2
;__Lib_MathDouble.c,797 :: 		
0x0286	0x2B11      	GOTO       JPDRES032
;__Lib_MathDouble.c,799 :: 		
0x0287	0x0872      	MOVF       R2, 0
;__Lib_MathDouble.c,800 :: 		
0x0288	0x0676      	XORWF      R6, 0
;__Lib_MathDouble.c,801 :: 		
0x0289	0x3980      	ANDLW      128
;__Lib_MathDouble.c,802 :: 		
0x028A	0x00FA      	MOVWF      R10
;__Lib_MathDouble.c,803 :: 		
0x028B	0x17F2      	BSF        R2, 7
;__Lib_MathDouble.c,804 :: 		
0x028C	0x17F6      	BSF        R6, 7
;__Lib_MathDouble.c,806 :: 		
0x028D	0x01A0      	CLRF       __math_tempbD
;__Lib_MathDouble.c,807 :: 		
0x028E	0x0872      	MOVF       R2, 0
;__Lib_MathDouble.c,808 :: 		
0x028F	0x00F8      	MOVWF      R8
;__Lib_MathDouble.c,809 :: 		
0x0290	0x0871      	MOVF       R1, 0
;__Lib_MathDouble.c,810 :: 		
0x0291	0x00FC      	MOVWF      R12
;__Lib_MathDouble.c,811 :: 		
0x0292	0x0870      	MOVF       R0, 0
;__Lib_MathDouble.c,812 :: 		
0x0293	0x00FD      	MOVWF      R13
;__Lib_MathDouble.c,814 :: 		
0x0294	0x0874      	MOVF       R4, 0
;__Lib_MathDouble.c,815 :: 		
0x0295	0x02FD      	SUBWF      R13, 1
;__Lib_MathDouble.c,816 :: 		
0x0296	0x0875      	MOVF       R5, 0
;__Lib_MathDouble.c,817 :: 		
0x0297	0x1C03      	BTFSS      STATUS, 0
;__Lib_MathDouble.c,818 :: 		
0x0298	0x0F75      	INCFSZ     R5, 0
;__Lib_MathDouble.c,820 :: 		
0x0299	0x02FC      	SUBWF      R12, 1
;__Lib_MathDouble.c,821 :: 		
0x029A	0x0876      	MOVF       R6, 0
;__Lib_MathDouble.c,822 :: 		
0x029B	0x1C03      	BTFSS      STATUS, 0
;__Lib_MathDouble.c,823 :: 		
0x029C	0x0F76      	INCFSZ     R6, 0
;__Lib_MathDouble.c,825 :: 		
0x029D	0x02F8      	SUBWF      R8, 1
;__Lib_MathDouble.c,826 :: 		
0x029E	0x01F8      	CLRF       R8
;__Lib_MathDouble.c,827 :: 		
0x029F	0x01FC      	CLRF       R12
;__Lib_MathDouble.c,828 :: 		
0x02A0	0x01FD      	CLRF       R13
;__Lib_MathDouble.c,829 :: 		
0x02A1	0x1C03      	BTFSS      STATUS, 0
;__Lib_MathDouble.c,830 :: 		
0x02A2	0x2AAA      	GOTO       DALIGN32OK
;__Lib_MathDouble.c,832 :: 		
0x02A3	0x1003      	BCF        STATUS, 0
;__Lib_MathDouble.c,833 :: 		
0x02A4	0x0CF2      	RRF        R2, 1
;__Lib_MathDouble.c,834 :: 		
0x02A5	0x0CF1      	RRF        R1, 1
;__Lib_MathDouble.c,835 :: 		
0x02A6	0x0CF0      	RRF        R0, 1
;__Lib_MathDouble.c,836 :: 		
0x02A7	0x0CF8      	RRF        R8, 1
;__Lib_MathDouble.c,837 :: 		
0x02A8	0x3001      	MOVLW      1
;__Lib_MathDouble.c,838 :: 		
0x02A9	0x00A0      	MOVWF      __math_tempbD
;__Lib_MathDouble.c,839 :: 		
DALIGN32OK:
;__Lib_MathDouble.c,840 :: 		
0x02AA	0x0877      	MOVF       R7, 0
;__Lib_MathDouble.c,841 :: 		
0x02AB	0x02F3      	SUBWF      R3, 1
;__Lib_MathDouble.c,842 :: 		
0x02AC	0x1C03      	BTFSS      STATUS, 0
;__Lib_MathDouble.c,843 :: 		
0x02AD	0x2AB4      	GOTO       ALTB32
;__Lib_MathDouble.c,845 :: 		
0x02AE	0x307E      	MOVLW      126
;__Lib_MathDouble.c,846 :: 		
0x02AF	0x0720      	ADDWF      __math_tempbD, 0
;__Lib_MathDouble.c,847 :: 		
0x02B0	0x07F3      	ADDWF      R3, 1
;__Lib_MathDouble.c,848 :: 		
0x02B1	0x1803      	BTFSC      STATUS, 0
;__Lib_MathDouble.c,849 :: 		
0x02B2	0x2B14      	GOTO       JPDSETFOV32
;__Lib_MathDouble.c,850 :: 		
0x02B3	0x2AB9      	GOTO       DARGOK32
;__Lib_MathDouble.c,851 :: 		
ALTB32:
;__Lib_MathDouble.c,852 :: 		
0x02B4	0x307E      	MOVLW      126
;__Lib_MathDouble.c,853 :: 		
0x02B5	0x0720      	ADDWF      __math_tempbD, 0
;__Lib_MathDouble.c,854 :: 		
0x02B6	0x07F3      	ADDWF      R3, 1
;__Lib_MathDouble.c,855 :: 		
0x02B7	0x1C03      	BTFSS      STATUS, 0
;__Lib_MathDouble.c,856 :: 		
0x02B8	0x2B17      	GOTO       JPDSETFUN32
;__Lib_MathDouble.c,857 :: 		
DARGOK32:
;__Lib_MathDouble.c,858 :: 		
0x02B9	0x3018      	MOVLW      24
;__Lib_MathDouble.c,860 :: 		
0x02BA	0x07FA      	ADDWF      R10, 1
;__Lib_MathDouble.c,861 :: 		
DLOOP32:
;__Lib_MathDouble.c,862 :: 		
0x02BB	0x0DFD      	RLF        R13, 1
;__Lib_MathDouble.c,863 :: 		
0x02BC	0x0DFC      	RLF        R12, 1
;__Lib_MathDouble.c,864 :: 		
0x02BD	0x0DF8      	RLF        R8, 1
;__Lib_MathDouble.c,865 :: 		
0x02BE	0x0DF0      	RLF        R0, 1
;__Lib_MathDouble.c,866 :: 		
0x02BF	0x0DF1      	RLF        R1, 1
;__Lib_MathDouble.c,867 :: 		
0x02C0	0x0DF2      	RLF        R2, 1
;__Lib_MathDouble.c,868 :: 		
0x02C1	0x0DA0      	RLF        __math_tempbD, 1
;__Lib_MathDouble.c,870 :: 		
0x02C2	0x0874      	MOVF       R4, 0
;__Lib_MathDouble.c,871 :: 		
0x02C3	0x02F0      	SUBWF      R0, 1
;__Lib_MathDouble.c,872 :: 		
0x02C4	0x0875      	MOVF       R5, 0
;__Lib_MathDouble.c,873 :: 		
0x02C5	0x1C03      	BTFSS      STATUS, 0
;__Lib_MathDouble.c,874 :: 		
0x02C6	0x0F75      	INCFSZ     R5, 0
;__Lib_MathDouble.c,876 :: 		
0x02C7	0x02F1      	SUBWF      R1, 1
;__Lib_MathDouble.c,877 :: 		
0x02C8	0x0876      	MOVF       R6, 0
;__Lib_MathDouble.c,878 :: 		
0x02C9	0x1C03      	BTFSS      STATUS, 0
;__Lib_MathDouble.c,879 :: 		
0x02CA	0x0F76      	INCFSZ     R6, 0
;__Lib_MathDouble.c,881 :: 		
0x02CB	0x02F2      	SUBWF      R2, 1
;__Lib_MathDouble.c,882 :: 		
0x02CC	0x0D76      	RLF        R6, 0
;__Lib_MathDouble.c,883 :: 		
0x02CD	0x04A0      	IORWF      __math_tempbD, 1
;__Lib_MathDouble.c,884 :: 		
0x02CE	0x1C20      	BTFSS      __math_tempbD, 0
;__Lib_MathDouble.c,885 :: 		
0x02CF	0x2AD2      	GOTO       DREST32
;__Lib_MathDouble.c,886 :: 		
0x02D0	0x147D      	BSF        R13, 0
;__Lib_MathDouble.c,887 :: 		
0x02D1	0x2ADD      	GOTO       DOK32
;__Lib_MathDouble.c,888 :: 		
DREST32:
;__Lib_MathDouble.c,889 :: 		
0x02D2	0x0874      	MOVF       R4, 0
;__Lib_MathDouble.c,890 :: 		
0x02D3	0x07F0      	ADDWF      R0, 1
;__Lib_MathDouble.c,891 :: 		
0x02D4	0x0875      	MOVF       R5, 0
;__Lib_MathDouble.c,892 :: 		
0x02D5	0x1803      	BTFSC      STATUS, 0
;__Lib_MathDouble.c,893 :: 		
0x02D6	0x0F75      	INCFSZ     R5, 0
;__Lib_MathDouble.c,895 :: 		
0x02D7	0x07F1      	ADDWF      R1, 1
;__Lib_MathDouble.c,896 :: 		
0x02D8	0x0876      	MOVF       R6, 0
;__Lib_MathDouble.c,897 :: 		
0x02D9	0x1803      	BTFSC      STATUS, 0
;__Lib_MathDouble.c,898 :: 		
0x02DA	0x0A76      	INCF       R6, 0
;__Lib_MathDouble.c,899 :: 		
0x02DB	0x07F2      	ADDWF      R2, 1
;__Lib_MathDouble.c,900 :: 		
0x02DC	0x107D      	BCF        R13, 0
;__Lib_MathDouble.c,901 :: 		
DOK32:
;__Lib_MathDouble.c,903 :: 		
0x02DD	0x03FA      	DECF       R10, 1
;__Lib_MathDouble.c,904 :: 		
0x02DE	0x301F      	MOVLW      31
;__Lib_MathDouble.c,905 :: 		
0x02DF	0x057A      	ANDWF      R10, 0
;__Lib_MathDouble.c,906 :: 		
0x02E0	0x1D03      	BTFSS      STATUS, 2
;__Lib_MathDouble.c,907 :: 		
0x02E1	0x2ABB      	GOTO       DLOOP32
;__Lib_MathDouble.c,909 :: 		
0x02E2	0x1B7B      	BTFSC      R11, 6
;__Lib_MathDouble.c,910 :: 		
0x02E3	0x1C7D      	BTFSS      R13, 0
;__Lib_MathDouble.c,911 :: 		
0x02E4	0x2B04      	GOTO       DIV32OK
;__Lib_MathDouble.c,912 :: 		
0x02E5	0x1003      	BCF        STATUS, 0
;__Lib_MathDouble.c,913 :: 		
0x02E6	0x0DF0      	RLF        R0, 1
;__Lib_MathDouble.c,914 :: 		
0x02E7	0x0DF1      	RLF        R1, 1
;__Lib_MathDouble.c,915 :: 		
0x02E8	0x0DF2      	RLF        R2, 1
;__Lib_MathDouble.c,916 :: 		
0x02E9	0x0DA0      	RLF        __math_tempbD, 1
;__Lib_MathDouble.c,918 :: 		
0x02EA	0x0874      	MOVF       R4, 0
;__Lib_MathDouble.c,919 :: 		
0x02EB	0x02F0      	SUBWF      R0, 1
;__Lib_MathDouble.c,920 :: 		
0x02EC	0x0875      	MOVF       R5, 0
;__Lib_MathDouble.c,921 :: 		
0x02ED	0x1C03      	BTFSS      STATUS, 0
;__Lib_MathDouble.c,922 :: 		
0x02EE	0x0F75      	INCFSZ     R5, 0
;__Lib_MathDouble.c,923 :: 		
0x02EF	0x02F1      	SUBWF      R1, 1
;__Lib_MathDouble.c,924 :: 		
0x02F0	0x0876      	MOVF       R6, 0
;__Lib_MathDouble.c,925 :: 		
0x02F1	0x1C03      	BTFSS      STATUS, 0
;__Lib_MathDouble.c,926 :: 		
0x02F2	0x0F76      	INCFSZ     R6, 0
;__Lib_MathDouble.c,927 :: 		
0x02F3	0x02F2      	SUBWF      R2, 1
;__Lib_MathDouble.c,928 :: 		
0x02F4	0x0D76      	RLF        R6, 0
;__Lib_MathDouble.c,929 :: 		
0x02F5	0x0420      	IORWF      __math_tempbD, 0
;__Lib_MathDouble.c,930 :: 		
0x02F6	0x3901      	ANDLW      1
;__Lib_MathDouble.c,931 :: 		
0x02F7	0x07FD      	ADDWF      R13, 1
;__Lib_MathDouble.c,932 :: 		
0x02F8	0x1803      	BTFSC      STATUS, 0
;__Lib_MathDouble.c,933 :: 		
0x02F9	0x0AFC      	INCF       R12, 1
;__Lib_MathDouble.c,934 :: 		
0x02FA	0x1903      	BTFSC      STATUS, 2
;__Lib_MathDouble.c,935 :: 		
0x02FB	0x0AF8      	INCF       R8, 1
;__Lib_MathDouble.c,936 :: 		
0x02FC	0x1D03      	BTFSS      STATUS, 2
;__Lib_MathDouble.c,937 :: 		
0x02FD	0x2B04      	GOTO       DIV32OK
;__Lib_MathDouble.c,938 :: 		
0x02FE	0x0CF8      	RRF        R8, 1
;__Lib_MathDouble.c,939 :: 		
0x02FF	0x0CFC      	RRF        R12, 1
;__Lib_MathDouble.c,940 :: 		
0x0300	0x0CFD      	RRF        R13, 1
;__Lib_MathDouble.c,941 :: 		
0x0301	0x0AF3      	INCF       R3, 1
;__Lib_MathDouble.c,942 :: 		
0x0302	0x1903      	BTFSC      STATUS, 2
;__Lib_MathDouble.c,943 :: 		
0x0303	0x2B14      	GOTO       JPDSETFOV32
;__Lib_MathDouble.c,944 :: 		
DIV32OK:
;__Lib_MathDouble.c,945 :: 		
0x0304	0x1FFA      	BTFSS      R10, 7
;__Lib_MathDouble.c,946 :: 		
0x0305	0x13F8      	BCF        R8, 7
;__Lib_MathDouble.c,947 :: 		
0x0306	0x0878      	MOVF       R8, 0
;__Lib_MathDouble.c,948 :: 		
0x0307	0x00F2      	MOVWF      R2
;__Lib_MathDouble.c,949 :: 		
0x0308	0x087C      	MOVF       R12, 0
;__Lib_MathDouble.c,950 :: 		
0x0309	0x00F1      	MOVWF      R1
;__Lib_MathDouble.c,951 :: 		
0x030A	0x087D      	MOVF       R13, 0
;__Lib_MathDouble.c,952 :: 		
0x030B	0x00F0      	MOVWF      R0
;__Lib_MathDouble.c,954 :: 		
0x030C	0x3000      	MOVLW      0
;__Lib_MathDouble.c,956 :: 		
0x030D	0x2B19      	GOTO       DIV32EEE
;__Lib_MathDouble.c,957 :: 		
JPDSETFDZ32:
;__Lib_MathDouble.c,958 :: 		
0x030E	0x3001      	MOVLW      1
;__Lib_MathDouble.c,961 :: 		
0x030F	0x2112      	CALL       _SETFDZ32
;__Lib_MathDouble.c,963 :: 		
0x0310	0x2B19      	GOTO       DIV32EEE
;__Lib_MathDouble.c,964 :: 		
JPDRES032:
;__Lib_MathDouble.c,965 :: 		
0x0311	0x3002      	MOVLW      2
;__Lib_MathDouble.c,968 :: 		
0x0312	0x2020      	CALL       _RES032
;__Lib_MathDouble.c,970 :: 		
0x0313	0x2B19      	GOTO       DIV32EEE
;__Lib_MathDouble.c,971 :: 		
JPDSETFOV32:
;__Lib_MathDouble.c,972 :: 		
0x0314	0x3004      	MOVLW      4
;__Lib_MathDouble.c,975 :: 		
0x0315	0x200E      	CALL       _SETFOV32
;__Lib_MathDouble.c,977 :: 		
0x0316	0x2B19      	GOTO       DIV32EEE
;__Lib_MathDouble.c,978 :: 		
JPDSETFUN32:
;__Lib_MathDouble.c,979 :: 		
0x0317	0x3008      	MOVLW      8
;__Lib_MathDouble.c,982 :: 		
0x0318	0x2027      	CALL       _SETFUN32
;__Lib_MathDouble.c,984 :: 		
DIV32EEE:
;__Lib_MathDouble.c,985 :: 		
0x0319	0x0000      	NOP
;__Lib_MathDouble.c,994 :: 		
L_end_Div_32x32_FP:
0x031A	0x0008      	RETURN
; end of _Div_32x32_FP
_ADC_Get_Sample:
;__Lib_ADC_A_C.c,45 :: 		
;__Lib_ADC_A_C.c,47 :: 		
0x031B	0x30C7      	MOVLW      199
0x031C	0x1283      	BCF        STATUS, 5
0x031D	0x1303      	BCF        STATUS, 6
0x031E	0x059F      	ANDWF      ADCON0, 1
;__Lib_ADC_A_C.c,48 :: 		
0x031F	0x0821      	MOVF       FARG_ADC_Get_Sample_channel, 0
0x0320	0x00F0      	MOVWF      R0
0x0321	0x0DF0      	RLF        R0, 1
0x0322	0x1070      	BCF        R0, 0
0x0323	0x0DF0      	RLF        R0, 1
0x0324	0x1070      	BCF        R0, 0
0x0325	0x0DF0      	RLF        R0, 1
0x0326	0x1070      	BCF        R0, 0
0x0327	0x0870      	MOVF       R0, 0
0x0328	0x049F      	IORWF      ADCON0, 1
;__Lib_ADC_A_C.c,51 :: 		
0x0329	0x210B      	CALL       _Delay_22us
;__Lib_ADC_A_C.c,54 :: 		
0x032A	0x151F      	BSF        ADCON0, 2
;__Lib_ADC_A_C.c,57 :: 		
L_ADC_Get_Sample0:
0x032B	0x1D1F      	BTFSS      ADCON0, 2
0x032C	0x2B2F      	GOTO       L_ADC_Get_Sample1
;__Lib_ADC_A_C.c,58 :: 		
0x032D	0x0000      	NOP
0x032E	0x2B2B      	GOTO       L_ADC_Get_Sample0
L_ADC_Get_Sample1:
;__Lib_ADC_A_C.c,64 :: 		
0x032F	0x081E      	MOVF       ADRESH, 0
0x0330	0x00F1      	MOVWF      R0+1
0x0331	0x01F0      	CLRF       R0
0x0332	0x1683      	BSF        STATUS, 5
0x0333	0x081E      	MOVF       ADRESL, 0
0x0334	0x04F0      	IORWF      R0, 1
0x0335	0x3000      	MOVLW      0
0x0336	0x04F1      	IORWF      R0+1, 1
;__Lib_ADC_A_C.c,65 :: 		
L_end_ADC_Get_Sample:
0x0337	0x0008      	RETURN
; end of _ADC_Get_Sample
_Lcd_Init:
;__Lib_Lcd.c,84 :: 		
;__Lib_Lcd.c,86 :: 		
0x0338	0x1683      	BSF        STATUS, 5
0x0339	0x1303      	BCF        STATUS, 6
0x033A	0x1286      	BCF        LCD_EN_Direction, BitPos(LCD_EN_Direction+0)
;__Lib_Lcd.c,87 :: 		
0x033B	0x1206      	BCF        LCD_RS_Direction, BitPos(LCD_RS_Direction+0)
;__Lib_Lcd.c,88 :: 		
0x033C	0x1006      	BCF        LCD_D4_Direction, BitPos(LCD_D4_Direction+0)
;__Lib_Lcd.c,89 :: 		
0x033D	0x1086      	BCF        LCD_D5_Direction, BitPos(LCD_D5_Direction+0)
;__Lib_Lcd.c,90 :: 		
0x033E	0x1106      	BCF        LCD_D6_Direction, BitPos(LCD_D6_Direction+0)
;__Lib_Lcd.c,91 :: 		
0x033F	0x1186      	BCF        LCD_D7_Direction, BitPos(LCD_D7_Direction+0)
;__Lib_Lcd.c,93 :: 		
0x0340	0x1283      	BCF        STATUS, 5
0x0341	0x1286      	BCF        LCD_EN, BitPos(LCD_EN+0)
;__Lib_Lcd.c,94 :: 		
0x0342	0x1206      	BCF        LCD_RS, BitPos(LCD_RS+0)
;__Lib_Lcd.c,95 :: 		
0x0343	0x1186      	BCF        LCD_D7, BitPos(LCD_D7+0)
;__Lib_Lcd.c,96 :: 		
0x0344	0x1106      	BCF        LCD_D6, BitPos(LCD_D6+0)
;__Lib_Lcd.c,97 :: 		
0x0345	0x1086      	BCF        LCD_D5, BitPos(LCD_D5+0)
;__Lib_Lcd.c,98 :: 		
0x0346	0x1006      	BCF        LCD_D4, BitPos(LCD_D4+0)
;__Lib_Lcd.c,100 :: 		
0x0347	0x2003      	CALL       _Delay_5500us
;__Lib_Lcd.c,101 :: 		
0x0348	0x2003      	CALL       _Delay_5500us
;__Lib_Lcd.c,102 :: 		
0x0349	0x2003      	CALL       _Delay_5500us
;__Lib_Lcd.c,105 :: 		
0x034A	0x1486      	BSF        LCD_D5, BitPos(LCD_D5+0)
;__Lib_Lcd.c,106 :: 		
0x034B	0x1406      	BSF        LCD_D4, BitPos(LCD_D4+0)
;__Lib_Lcd.c,107 :: 		
0x034C	0x1686      	BSF        LCD_EN, BitPos(LCD_EN+0)
;__Lib_Lcd.c,108 :: 		
0x034D	0x201E      	CALL       _Delay_1us
;__Lib_Lcd.c,109 :: 		
0x034E	0x1286      	BCF        LCD_EN, BitPos(LCD_EN+0)
;__Lib_Lcd.c,110 :: 		
0x034F	0x2003      	CALL       _Delay_5500us
;__Lib_Lcd.c,112 :: 		
0x0350	0x1686      	BSF        LCD_EN, BitPos(LCD_EN+0)
;__Lib_Lcd.c,113 :: 		
0x0351	0x201E      	CALL       _Delay_1us
;__Lib_Lcd.c,114 :: 		
0x0352	0x1286      	BCF        LCD_EN, BitPos(LCD_EN+0)
;__Lib_Lcd.c,115 :: 		
0x0353	0x2003      	CALL       _Delay_5500us
;__Lib_Lcd.c,117 :: 		
0x0354	0x1686      	BSF        LCD_EN, BitPos(LCD_EN+0)
;__Lib_Lcd.c,118 :: 		
0x0355	0x201E      	CALL       _Delay_1us
;__Lib_Lcd.c,119 :: 		
0x0356	0x1286      	BCF        LCD_EN, BitPos(LCD_EN+0)
;__Lib_Lcd.c,120 :: 		
0x0357	0x2003      	CALL       _Delay_5500us
;__Lib_Lcd.c,123 :: 		
0x0358	0x1006      	BCF        LCD_D4, BitPos(LCD_D4+0)
;__Lib_Lcd.c,124 :: 		
0x0359	0x1686      	BSF        LCD_EN, BitPos(LCD_EN+0)
;__Lib_Lcd.c,125 :: 		
0x035A	0x201E      	CALL       _Delay_1us
;__Lib_Lcd.c,126 :: 		
0x035B	0x1286      	BCF        LCD_EN, BitPos(LCD_EN+0)
;__Lib_Lcd.c,127 :: 		
0x035C	0x2003      	CALL       _Delay_5500us
;__Lib_Lcd.c,130 :: 		
0x035D	0x1686      	BSF        LCD_EN, BitPos(LCD_EN+0)
;__Lib_Lcd.c,131 :: 		
0x035E	0x201E      	CALL       _Delay_1us
;__Lib_Lcd.c,132 :: 		
0x035F	0x1286      	BCF        LCD_EN, BitPos(LCD_EN+0)
;__Lib_Lcd.c,134 :: 		
0x0360	0x1086      	BCF        LCD_D5, BitPos(LCD_D5+0)
;__Lib_Lcd.c,135 :: 		
0x0361	0x1586      	BSF        LCD_D7, BitPos(LCD_D7+0)
;__Lib_Lcd.c,136 :: 		
0x0362	0x1686      	BSF        LCD_EN, BitPos(LCD_EN+0)
;__Lib_Lcd.c,137 :: 		
0x0363	0x201E      	CALL       _Delay_1us
;__Lib_Lcd.c,138 :: 		
0x0364	0x1286      	BCF        LCD_EN, BitPos(LCD_EN+0)
;__Lib_Lcd.c,139 :: 		
0x0365	0x2003      	CALL       _Delay_5500us
;__Lib_Lcd.c,142 :: 		
0x0366	0x1186      	BCF        LCD_D7, BitPos(LCD_D7+0)
;__Lib_Lcd.c,143 :: 		
0x0367	0x1406      	BSF        LCD_D4, BitPos(LCD_D4+0)
;__Lib_Lcd.c,144 :: 		
0x0368	0x1686      	BSF        LCD_EN, BitPos(LCD_EN+0)
;__Lib_Lcd.c,145 :: 		
0x0369	0x201E      	CALL       _Delay_1us
;__Lib_Lcd.c,146 :: 		
0x036A	0x1286      	BCF        LCD_EN, BitPos(LCD_EN+0)
;__Lib_Lcd.c,148 :: 		
0x036B	0x1006      	BCF        LCD_D4, BitPos(LCD_D4+0)
;__Lib_Lcd.c,149 :: 		
0x036C	0x1686      	BSF        LCD_EN, BitPos(LCD_EN+0)
;__Lib_Lcd.c,150 :: 		
0x036D	0x201E      	CALL       _Delay_1us
;__Lib_Lcd.c,151 :: 		
0x036E	0x1286      	BCF        LCD_EN, BitPos(LCD_EN+0)
;__Lib_Lcd.c,152 :: 		
0x036F	0x2003      	CALL       _Delay_5500us
;__Lib_Lcd.c,155 :: 		
0x0370	0x1686      	BSF        LCD_EN, BitPos(LCD_EN+0)
;__Lib_Lcd.c,156 :: 		
0x0371	0x201E      	CALL       _Delay_1us
;__Lib_Lcd.c,157 :: 		
0x0372	0x1286      	BCF        LCD_EN, BitPos(LCD_EN+0)
;__Lib_Lcd.c,159 :: 		
0x0373	0x1406      	BSF        LCD_D4, BitPos(LCD_D4+0)
;__Lib_Lcd.c,160 :: 		
0x0374	0x1686      	BSF        LCD_EN, BitPos(LCD_EN+0)
;__Lib_Lcd.c,161 :: 		
0x0375	0x201E      	CALL       _Delay_1us
;__Lib_Lcd.c,162 :: 		
0x0376	0x1286      	BCF        LCD_EN, BitPos(LCD_EN+0)
;__Lib_Lcd.c,163 :: 		
0x0377	0x2003      	CALL       _Delay_5500us
;__Lib_Lcd.c,166 :: 		
0x0378	0x1006      	BCF        LCD_D4, BitPos(LCD_D4+0)
;__Lib_Lcd.c,167 :: 		
0x0379	0x1686      	BSF        LCD_EN, BitPos(LCD_EN+0)
;__Lib_Lcd.c,168 :: 		
0x037A	0x201E      	CALL       _Delay_1us
;__Lib_Lcd.c,169 :: 		
0x037B	0x1286      	BCF        LCD_EN, BitPos(LCD_EN+0)
;__Lib_Lcd.c,171 :: 		
0x037C	0x1586      	BSF        LCD_D7, BitPos(LCD_D7+0)
;__Lib_Lcd.c,172 :: 		
0x037D	0x1506      	BSF        LCD_D6, BitPos(LCD_D6+0)
;__Lib_Lcd.c,173 :: 		
0x037E	0x1486      	BSF        LCD_D5, BitPos(LCD_D5+0)
;__Lib_Lcd.c,174 :: 		
0x037F	0x1406      	BSF        LCD_D4, BitPos(LCD_D4+0)
;__Lib_Lcd.c,175 :: 		
0x0380	0x1686      	BSF        LCD_EN, BitPos(LCD_EN+0)
;__Lib_Lcd.c,176 :: 		
0x0381	0x201E      	CALL       _Delay_1us
;__Lib_Lcd.c,177 :: 		
0x0382	0x1286      	BCF        LCD_EN, BitPos(LCD_EN+0)
;__Lib_Lcd.c,179 :: 		
0x0383	0x2003      	CALL       _Delay_5500us
;__Lib_Lcd.c,181 :: 		
0x0384	0x1435      	BSF        __Lib_Lcd_cmd_status, BitPos(__Lib_Lcd_cmd_status+0)
;__Lib_Lcd.c,182 :: 		
L_end_Lcd_Init:
0x0385	0x0008      	RETURN
; end of _Lcd_Init
_Lcd_Out:
;__Lib_Lcd.c,184 :: 		
;__Lib_Lcd.c,187 :: 		
0x0386	0x2B98      	GOTO       L_Lcd_Out11
;__Lib_Lcd.c,188 :: 		
L_Lcd_Out13:
0x0387	0x3080      	MOVLW      128
0x0388	0x1283      	BCF        STATUS, 5
0x0389	0x1303      	BCF        STATUS, 6
0x038A	0x00C8      	MOVWF      FARG_Lcd_Out_row
0x038B	0x2BAB      	GOTO       L_Lcd_Out12
;__Lib_Lcd.c,189 :: 		
L_Lcd_Out14:
0x038C	0x30C0      	MOVLW      192
0x038D	0x00C8      	MOVWF      FARG_Lcd_Out_row
0x038E	0x2BAB      	GOTO       L_Lcd_Out12
;__Lib_Lcd.c,190 :: 		
L_Lcd_Out15:
0x038F	0x3094      	MOVLW      148
0x0390	0x00C8      	MOVWF      FARG_Lcd_Out_row
0x0391	0x2BAB      	GOTO       L_Lcd_Out12
;__Lib_Lcd.c,191 :: 		
L_Lcd_Out16:
0x0392	0x30D4      	MOVLW      212
0x0393	0x00C8      	MOVWF      FARG_Lcd_Out_row
0x0394	0x2BAB      	GOTO       L_Lcd_Out12
;__Lib_Lcd.c,192 :: 		
L_Lcd_Out17:
0x0395	0x3080      	MOVLW      128
0x0396	0x00C8      	MOVWF      FARG_Lcd_Out_row
;__Lib_Lcd.c,193 :: 		
0x0397	0x2BAB      	GOTO       L_Lcd_Out12
L_Lcd_Out11:
0x0398	0x1283      	BCF        STATUS, 5
0x0399	0x1303      	BCF        STATUS, 6
0x039A	0x0848      	MOVF       FARG_Lcd_Out_row, 0
0x039B	0x3A01      	XORLW      1
0x039C	0x1903      	BTFSC      STATUS, 2
0x039D	0x2B87      	GOTO       L_Lcd_Out13
0x039E	0x0848      	MOVF       FARG_Lcd_Out_row, 0
0x039F	0x3A02      	XORLW      2
0x03A0	0x1903      	BTFSC      STATUS, 2
0x03A1	0x2B8C      	GOTO       L_Lcd_Out14
0x03A2	0x0848      	MOVF       FARG_Lcd_Out_row, 0
0x03A3	0x3A03      	XORLW      3
0x03A4	0x1903      	BTFSC      STATUS, 2
0x03A5	0x2B8F      	GOTO       L_Lcd_Out15
0x03A6	0x0848      	MOVF       FARG_Lcd_Out_row, 0
0x03A7	0x3A04      	XORLW      4
0x03A8	0x1903      	BTFSC      STATUS, 2
0x03A9	0x2B92      	GOTO       L_Lcd_Out16
0x03AA	0x2B95      	GOTO       L_Lcd_Out17
L_Lcd_Out12:
;__Lib_Lcd.c,194 :: 		
0x03AB	0x0349      	DECF       FARG_Lcd_Out_column, 0
0x03AC	0x00F0      	MOVWF      R0
0x03AD	0x0848      	MOVF       FARG_Lcd_Out_row, 0
0x03AE	0x07F0      	ADDWF      R0, 1
0x03AF	0x0870      	MOVF       R0, 0
0x03B0	0x00C8      	MOVWF      FARG_Lcd_Out_row
;__Lib_Lcd.c,196 :: 		
0x03B1	0x0870      	MOVF       R0, 0
0x03B2	0x00CD      	MOVWF      FARG_Lcd_Cmd_out_char
0x03B3	0x20C4      	CALL       _Lcd_Cmd
;__Lib_Lcd.c,197 :: 		
0x03B4	0x1035      	BCF        __Lib_Lcd_cmd_status, BitPos(__Lib_Lcd_cmd_status+0)
;__Lib_Lcd.c,198 :: 		
0x03B5	0x01CB      	CLRF       Lcd_Out_i_L0
;__Lib_Lcd.c,199 :: 		
L_Lcd_Out18:
0x03B6	0x084B      	MOVF       Lcd_Out_i_L0, 0
0x03B7	0x074A      	ADDWF      FARG_Lcd_Out_text, 0
0x03B8	0x0084      	MOVWF      FSR
0x03B9	0x0800      	MOVF       INDF, 0
0x03BA	0x1903      	BTFSC      STATUS, 2
0x03BB	0x2BC4      	GOTO       L_Lcd_Out19
;__Lib_Lcd.c,200 :: 		
0x03BC	0x084B      	MOVF       Lcd_Out_i_L0, 0
0x03BD	0x074A      	ADDWF      FARG_Lcd_Out_text, 0
0x03BE	0x0084      	MOVWF      FSR
0x03BF	0x0800      	MOVF       INDF, 0
0x03C0	0x00CC      	MOVWF      FARG_Lcd_Chr_CP_out_char
0x03C1	0x21B5      	CALL       _Lcd_Chr_CP
0x03C2	0x0ACB      	INCF       Lcd_Out_i_L0, 1
0x03C3	0x2BB6      	GOTO       L_Lcd_Out18
L_Lcd_Out19:
;__Lib_Lcd.c,201 :: 		
0x03C4	0x1435      	BSF        __Lib_Lcd_cmd_status, BitPos(__Lib_Lcd_cmd_status+0)
;__Lib_Lcd.c,202 :: 		
L_end_Lcd_Out:
0x03C5	0x0008      	RETURN
; end of _Lcd_Out
___CC2DW:
;__Lib_System.c,134 :: 		
;__Lib_System.c,137 :: 		
_CC2D_Loop1:
;__Lib_System.c,139 :: 		
0x03C6	0x2104      	CALL       _____DoICP
0x03C7	0x118A      	BCF        PCLATH, 3
0x03C8	0x120A      	BCF        PCLATH, 4
;__Lib_System.c,141 :: 		
0x03C9	0x0080      	MOVWF      INDF
;__Lib_System.c,142 :: 		
0x03CA	0x0A84      	INCF       FSR, 1
;__Lib_System.c,143 :: 		
0x03CB	0x0AAC      	INCF       ___DoICPAddr, 1
;__Lib_System.c,145 :: 		
0x03CC	0x1903      	BTFSC      STATUS, 2
;__Lib_System.c,146 :: 		
0x03CD	0x0AAD      	INCF       ___DoICPAddr+1, 1
;__Lib_System.c,147 :: 		
0x03CE	0x03F0      	DECF       R0, 1
;__Lib_System.c,149 :: 		
0x03CF	0x1D03      	BTFSS      STATUS, 2
;__Lib_System.c,150 :: 		
0x03D0	0x2BC6      	GOTO       _CC2D_Loop1
;__Lib_System.c,152 :: 		
L_end___CC2DW:
0x03D1	0x0008      	RETURN
; end of ___CC2DW
_double2word:
;__Lib_MathDouble.c,1529 :: 		
;__Lib_MathDouble.c,1536 :: 		
0x03D2	0x1283      	BCF        STATUS, 5
;__Lib_MathDouble.c,1537 :: 		
0x03D3	0x1303      	BCF        STATUS, 6
;__Lib_MathDouble.c,1539 :: 		
0x03D4	0x01FB      	CLRF       R11
;__Lib_MathDouble.c,1540 :: 		
0x03D5	0x01FC      	CLRF       R12
;__Lib_MathDouble.c,1541 :: 		
0x03D6	0x01FA      	CLRF       R10
;__Lib_MathDouble.c,1543 :: 		
0x03D7	0x0873      	MOVF       R3, 0
;__Lib_MathDouble.c,1544 :: 		
0x03D8	0x1903      	BTFSC      STATUS, 2
;__Lib_MathDouble.c,1545 :: 		
0x03D9	0x2C11      	GOTO       IRES016U
;__Lib_MathDouble.c,1547 :: 		
0x03DA	0x17F2      	BSF        R2, 7
;__Lib_MathDouble.c,1549 :: 		
0x03DB	0x308E      	MOVLW      142
;__Lib_MathDouble.c,1550 :: 		
0x03DC	0x02F3      	SUBWF      R3, 1
;__Lib_MathDouble.c,1551 :: 		
0x03DD	0x1BF3      	BTFSC      R3, 7
;__Lib_MathDouble.c,1552 :: 		
0x03DE	0x2BE2      	GOTO       SETEXP16U
;__Lib_MathDouble.c,1553 :: 		
0x03DF	0x1903      	BTFSC      STATUS, 2
;__Lib_MathDouble.c,1554 :: 		
0x03E0	0x2BE2      	GOTO       SETEXP16U
;__Lib_MathDouble.c,1555 :: 		
0x03E1	0x2C14      	GOTO       SETIOV16U
;__Lib_MathDouble.c,1556 :: 		
SETEXP16U:
;__Lib_MathDouble.c,1557 :: 		
0x03E2	0x09F3      	COMF       R3, 1
;__Lib_MathDouble.c,1558 :: 		
0x03E3	0x0AF3      	INCF       R3, 1
;__Lib_MathDouble.c,1560 :: 		
0x03E4	0x3008      	MOVLW      8
;__Lib_MathDouble.c,1561 :: 		
0x03E5	0x0273      	SUBWF      R3, 0
;__Lib_MathDouble.c,1562 :: 		
0x03E6	0x1C03      	BTFSS      STATUS, 0
;__Lib_MathDouble.c,1563 :: 		
0x03E7	0x2BF7      	GOTO       TSHIFT3216U
;__Lib_MathDouble.c,1564 :: 		
0x03E8	0x00F3      	MOVWF      R3
;__Lib_MathDouble.c,1565 :: 		
0x03E9	0x0DF1      	RLF        R1, 1
;__Lib_MathDouble.c,1566 :: 		
0x03EA	0x0872      	MOVF       R2, 0
;__Lib_MathDouble.c,1567 :: 		
0x03EB	0x00F1      	MOVWF      R1
;__Lib_MathDouble.c,1568 :: 		
0x03EC	0x01F2      	CLRF       R2
;__Lib_MathDouble.c,1570 :: 		
0x03ED	0x3008      	MOVLW      8
;__Lib_MathDouble.c,1571 :: 		
0x03EE	0x0273      	SUBWF      R3, 0
;__Lib_MathDouble.c,1572 :: 		
0x03EF	0x1C03      	BTFSS      STATUS, 0
;__Lib_MathDouble.c,1573 :: 		
0x03F0	0x2BF7      	GOTO       TSHIFT3216U
;__Lib_MathDouble.c,1574 :: 		
0x03F1	0x0DF1      	RLF        R1, 1
;__Lib_MathDouble.c,1575 :: 		
0x03F2	0x01F1      	CLRF       R1
;__Lib_MathDouble.c,1577 :: 		
0x03F3	0x0873      	MOVF       R3, 0
;__Lib_MathDouble.c,1578 :: 		
0x03F4	0x1D03      	BTFSS      STATUS, 2
;__Lib_MathDouble.c,1579 :: 		
0x03F5	0x1003      	BCF        STATUS, 0
;__Lib_MathDouble.c,1580 :: 		
0x03F6	0x2BFF      	GOTO       SHIFT3216UOK
;__Lib_MathDouble.c,1581 :: 		
TSHIFT3216U:
;__Lib_MathDouble.c,1582 :: 		
0x03F7	0x0873      	MOVF       R3, 0
;__Lib_MathDouble.c,1583 :: 		
0x03F8	0x1903      	BTFSC      STATUS, 2
;__Lib_MathDouble.c,1584 :: 		
0x03F9	0x2BFF      	GOTO       SHIFT3216UOK
;__Lib_MathDouble.c,1585 :: 		
SHIFT3216U:
;__Lib_MathDouble.c,1586 :: 		
0x03FA	0x1003      	BCF        STATUS, 0
;__Lib_MathDouble.c,1587 :: 		
0x03FB	0x0CF2      	RRF        R2, 1
;__Lib_MathDouble.c,1588 :: 		
0x03FC	0x0CF1      	RRF        R1, 1
;__Lib_MathDouble.c,1589 :: 		
0x03FD	0x0BF3      	DECFSZ     R3, 1
;__Lib_MathDouble.c,1590 :: 		
0x03FE	0x2BFA      	GOTO       SHIFT3216U
;__Lib_MathDouble.c,1591 :: 		
SHIFT3216UOK:
;__Lib_MathDouble.c,1592 :: 		
0x03FF	0x1B7B      	BTFSC      R11, 6
;__Lib_MathDouble.c,1593 :: 		
0x0400	0x1C71      	BTFSS      R1, 0
;__Lib_MathDouble.c,1594 :: 		
0x0401	0x2C09      	GOTO       INT3216UOK
;__Lib_MathDouble.c,1595 :: 		
0x0402	0x1C03      	BTFSS      STATUS, 0
;__Lib_MathDouble.c,1596 :: 		
0x0403	0x2C09      	GOTO       INT3216UOK
;__Lib_MathDouble.c,1597 :: 		
0x0404	0x0AF1      	INCF       R1, 1
;__Lib_MathDouble.c,1598 :: 		
0x0405	0x1903      	BTFSC      STATUS, 2
;__Lib_MathDouble.c,1599 :: 		
0x0406	0x0AF2      	INCF       R2, 1
;__Lib_MathDouble.c,1600 :: 		
0x0407	0x1BF2      	BTFSC      R2, 7
;__Lib_MathDouble.c,1601 :: 		
0x0408	0x2C20      	GOTO       JPKSETIOV3224
;__Lib_MathDouble.c,1602 :: 		
INT3216UOK:
;__Lib_MathDouble.c,1603 :: 		
0x0409	0x1FFA      	BTFSS      R10, 7
;__Lib_MathDouble.c,1604 :: 		
0x040A	0x2C23      	GOTO       INT3216UEOK
;__Lib_MathDouble.c,1606 :: 		
0x040B	0x09F2      	COMF       R2, 1
;__Lib_MathDouble.c,1607 :: 		
0x040C	0x09F1      	COMF       R1, 1
;__Lib_MathDouble.c,1608 :: 		
0x040D	0x0AF1      	INCF       R1, 1
;__Lib_MathDouble.c,1609 :: 		
0x040E	0x1903      	BTFSC      STATUS, 2
;__Lib_MathDouble.c,1610 :: 		
0x040F	0x0AF2      	INCF       R2, 1
;__Lib_MathDouble.c,1611 :: 		
0x0410	0x2C23      	GOTO       INT3216UEOK
;__Lib_MathDouble.c,1613 :: 		
IRES016U:
;__Lib_MathDouble.c,1614 :: 		
0x0411	0x01F2      	CLRF       R2
;__Lib_MathDouble.c,1615 :: 		
0x0412	0x01F1      	CLRF       R1
;__Lib_MathDouble.c,1616 :: 		
0x0413	0x2C23      	GOTO       INT3216UEOK
;__Lib_MathDouble.c,1617 :: 		
SETIOV16U:
;__Lib_MathDouble.c,1618 :: 		
0x0414	0x147B      	BSF        R11, 0
;__Lib_MathDouble.c,1619 :: 		
0x0415	0x1FFB      	BTFSS      R11, 7
;__Lib_MathDouble.c,1620 :: 		
0x0416	0x2C26      	GOTO       INT3216UEER
;__Lib_MathDouble.c,1622 :: 		
0x0417	0x01F2      	CLRF       R2
;__Lib_MathDouble.c,1623 :: 		
0x0418	0x1FFA      	BTFSS      R10, 7
;__Lib_MathDouble.c,1624 :: 		
0x0419	0x2C26      	GOTO       INT3216UEER
;__Lib_MathDouble.c,1625 :: 		
0x041A	0x30FF      	MOVLW      255
;__Lib_MathDouble.c,1626 :: 		
0x041B	0x00F2      	MOVWF      R2
;__Lib_MathDouble.c,1627 :: 		
0x041C	0x00F1      	MOVWF      R1
;__Lib_MathDouble.c,1628 :: 		
0x041D	0x0DFA      	RLF        R10, 1
;__Lib_MathDouble.c,1629 :: 		
0x041E	0x0CF2      	RRF        R2, 1
;__Lib_MathDouble.c,1630 :: 		
0x041F	0x2C26      	GOTO       INT3216UEER
;__Lib_MathDouble.c,1632 :: 		
JPKSETIOV3224:
;__Lib_MathDouble.c,1633 :: 		
0x0420	0x3001      	MOVLW      1
;__Lib_MathDouble.c,1634 :: 		
0x0421	0x00FC      	MOVWF      R12
;__Lib_MathDouble.c,1635 :: 		
0x0422	0x2C28      	GOTO       INT3216UEEE
;__Lib_MathDouble.c,1636 :: 		
INT3216UEOK:
;__Lib_MathDouble.c,1637 :: 		
0x0423	0x3000      	MOVLW      0
;__Lib_MathDouble.c,1638 :: 		
0x0424	0x00FC      	MOVWF      R12
;__Lib_MathDouble.c,1639 :: 		
0x0425	0x2C28      	GOTO       INT3216UEEE
;__Lib_MathDouble.c,1640 :: 		
INT3216UEER:
;__Lib_MathDouble.c,1641 :: 		
0x0426	0x30FF      	MOVLW      255
;__Lib_MathDouble.c,1642 :: 		
0x0427	0x00FC      	MOVWF      R12
;__Lib_MathDouble.c,1643 :: 		
INT3216UEEE:
;__Lib_MathDouble.c,1646 :: 		
0x0428	0x08FC      	MOVF       R12, 1
;__Lib_MathDouble.c,1648 :: 		
0x0429	0x1903      	BTFSC      STATUS, 2
;__Lib_MathDouble.c,1649 :: 		
0x042A	0x2C2C      	GOTO       L_Double2Word_0
;__Lib_MathDouble.c,1651 :: 		
0x042B	0x21BD      	CALL       _SETIOV3224
;__Lib_MathDouble.c,1653 :: 		
L_Double2Word_0:
;__Lib_MathDouble.c,1654 :: 		
0x042C	0x0871      	MOVF       R1, 0
;__Lib_MathDouble.c,1655 :: 		
0x042D	0x00F0      	MOVWF      R0
;__Lib_MathDouble.c,1656 :: 		
0x042E	0x0872      	MOVF       R2, 0
;__Lib_MathDouble.c,1657 :: 		
0x042F	0x00F1      	MOVWF      R1
;__Lib_MathDouble.c,1660 :: 		
L_end_double2word:
0x0430	0x0008      	RETURN
; end of _double2word
_Mul_16X16_U:
;__Lib_Math.c,136 :: 		
;__Lib_Math.c,143 :: 		
0x0431	0x1283      	BCF        STATUS, 5
;__Lib_Math.c,144 :: 		
0x0432	0x1303      	BCF        STATUS, 6
;__Lib_Math.c,145 :: 		
0x0433	0x01FB      	CLRF       R11
;__Lib_Math.c,146 :: 		
0x0434	0x01FA      	CLRF       R10
;__Lib_Math.c,147 :: 		
0x0435	0x01F9      	CLRF       R9
;__Lib_Math.c,148 :: 		
0x0436	0x3080      	MOVLW      128
;__Lib_Math.c,149 :: 		
0x0437	0x00F8      	MOVWF      R8
;__Lib_Math.c,150 :: 		
0x0438	0x0CF1      	RRF        R1, 1
;__Lib_Math.c,151 :: 		
0x0439	0x0CF0      	RRF        R0, 1
;__Lib_Math.c,152 :: 		
0x043A	0x1C03      	BTFSS      STATUS, 0
;__Lib_Math.c,153 :: 		
0x043B	0x2C45      	GOTO       $+10
;__Lib_Math.c,154 :: 		
0x043C	0x0874      	MOVF       R4, 0
;__Lib_Math.c,155 :: 		
0x043D	0x07F9      	ADDWF      R9, 1
;__Lib_Math.c,156 :: 		
0x043E	0x0875      	MOVF       R5, 0
;__Lib_Math.c,157 :: 		
0x043F	0x1803      	BTFSC      STATUS, 0
;__Lib_Math.c,158 :: 		
0x0440	0x0F75      	INCFSZ     R5, 0
;__Lib_Math.c,159 :: 		
0x0441	0x07FA      	ADDWF      R10, 1
;__Lib_Math.c,160 :: 		
0x0442	0x1803      	BTFSC      STATUS, 0
;__Lib_Math.c,161 :: 		
0x0443	0x0AFB      	INCF       R11, 1
;__Lib_Math.c,162 :: 		
0x0444	0x1003      	BCF        STATUS, 0
;__Lib_Math.c,163 :: 		
0x0445	0x1FF0      	BTFSS      R0, 7
;__Lib_Math.c,164 :: 		
0x0446	0x2C4D      	GOTO       $+7
;__Lib_Math.c,165 :: 		
0x0447	0x0874      	MOVF       R4, 0
;__Lib_Math.c,166 :: 		
0x0448	0x07FA      	ADDWF      R10, 1
;__Lib_Math.c,167 :: 		
0x0449	0x0875      	MOVF       R5, 0
;__Lib_Math.c,168 :: 		
0x044A	0x1803      	BTFSC      STATUS, 0
;__Lib_Math.c,169 :: 		
0x044B	0x0F75      	INCFSZ     R5, 0
;__Lib_Math.c,170 :: 		
0x044C	0x07FB      	ADDWF      R11, 1
;__Lib_Math.c,171 :: 		
0x044D	0x0CFB      	RRF        R11, 1
;__Lib_Math.c,172 :: 		
0x044E	0x0CFA      	RRF        R10, 1
;__Lib_Math.c,173 :: 		
0x044F	0x0CF9      	RRF        R9, 1
;__Lib_Math.c,174 :: 		
0x0450	0x0CF8      	RRF        R8, 1
;__Lib_Math.c,175 :: 		
0x0451	0x1C03      	BTFSS      STATUS, 0
;__Lib_Math.c,176 :: 		
0x0452	0x2C38      	GOTO       $-26
;__Lib_Math.c,177 :: 		
0x0453	0x087B      	MOVF       R11, 0
;__Lib_Math.c,178 :: 		
0x0454	0x00F3      	MOVWF      R3
;__Lib_Math.c,179 :: 		
0x0455	0x087A      	MOVF       R10, 0
;__Lib_Math.c,180 :: 		
0x0456	0x00F2      	MOVWF      R2
;__Lib_Math.c,181 :: 		
0x0457	0x0879      	MOVF       R9, 0
;__Lib_Math.c,182 :: 		
0x0458	0x00F1      	MOVWF      R1
;__Lib_Math.c,183 :: 		
0x0459	0x0878      	MOVF       R8, 0
;__Lib_Math.c,184 :: 		
0x045A	0x00F0      	MOVWF      R0
;__Lib_Math.c,187 :: 		
L_end_Mul_16X16_U:
0x045B	0x0008      	RETURN
; end of _Mul_16X16_U
_ADC_Init:
;__Lib_ADC_A_C.c,19 :: 		
;__Lib_ADC_A_C.c,20 :: 		
0x045C	0x301B      	MOVLW      _ADC_Get_Sample
0x045D	0x1283      	BCF        STATUS, 5
0x045E	0x1303      	BCF        STATUS, 6
0x045F	0x00B2      	MOVWF      _ADC_Get_Sample_Ptr
0x0460	0x3003      	MOVLW      hi_addr(_ADC_Get_Sample)
0x0461	0x00B3      	MOVWF      _ADC_Get_Sample_Ptr+1
0x0462	0x3021      	MOVLW      FARG_ADC_Get_Sample_channel
0x0463	0x00B4      	MOVWF      _ADC_Get_Sample_Ptr+2
0x0464	0x3000      	MOVLW      hi_addr(FARG_ADC_Get_Sample_channel)
;__Lib_ADC_A_C.c,22 :: 		
0x0465	0x019F      	CLRF       ADCON0
;__Lib_ADC_A_C.c,23 :: 		
0x0466	0x30C0      	MOVLW      192
0x0467	0x049F      	IORWF      ADCON0, 1
;__Lib_ADC_A_C.c,24 :: 		
0x0468	0x092B      	COMF       _vref_mask, 0
0x0469	0x00F0      	MOVWF      R0
0x046A	0x0870      	MOVF       R0, 0
0x046B	0x1683      	BSF        STATUS, 5
0x046C	0x059F      	ANDWF      ADCON1, 1
;__Lib_ADC_A_C.c,25 :: 		
0x046D	0x171F      	BSF        ADCON1, 6
;__Lib_ADC_A_C.c,26 :: 		
0x046E	0x179F      	BSF        ADCON1, 7
;__Lib_ADC_A_C.c,29 :: 		
0x046F	0x1283      	BCF        STATUS, 5
0x0470	0x141F      	BSF        ADCON0, 0
;__Lib_ADC_A_C.c,30 :: 		
L_end_ADC_Init:
0x0471	0x0008      	RETURN
; end of _ADC_Init
_main:
0x0472	0x256A      	CALL       1386
;LCD02.c,21 :: 		void main() {
;LCD02.c,22 :: 		ADC_Init();
0x0473	0x245C      	CALL       _ADC_Init
;LCD02.c,23 :: 		Lcd_Init();
0x0474	0x2338      	CALL       _Lcd_Init
;LCD02.c,24 :: 		Lcd_Cmd(_LCD_CLEAR);
0x0475	0x3001      	MOVLW      1
0x0476	0x00CD      	MOVWF      FARG_Lcd_Cmd_out_char
0x0477	0x20C4      	CALL       _Lcd_Cmd
;LCD02.c,25 :: 		Lcd_Cmd(_LCD_CURSOR_OFF);
0x0478	0x300C      	MOVLW      12
0x0479	0x00CD      	MOVWF      FARG_Lcd_Cmd_out_char
0x047A	0x20C4      	CALL       _Lcd_Cmd
;LCD02.c,26 :: 		Lcd_Out(1,1,"Voltaje:");
0x047B	0x3001      	MOVLW      1
0x047C	0x00C8      	MOVWF      FARG_Lcd_Out_row
0x047D	0x3001      	MOVLW      1
0x047E	0x00C9      	MOVWF      FARG_Lcd_Out_column
0x047F	0x3022      	MOVLW      ?lstr1_LCD02
0x0480	0x00CA      	MOVWF      FARG_Lcd_Out_text
0x0481	0x2386      	CALL       _Lcd_Out
;LCD02.c,28 :: 		while(1){
L_main0:
;LCD02.c,29 :: 		voltaje = (ADC_Get_Sample(0)*5.0/1024.0); //2.123
0x0482	0x01A1      	CLRF       FARG_ADC_Get_Sample_channel
0x0483	0x231B      	CALL       _ADC_Get_Sample
0x0484	0x21CA      	CALL       _word2double
0x0485	0x3000      	MOVLW      0
0x0486	0x00F4      	MOVWF      R4
0x0487	0x3000      	MOVLW      0
0x0488	0x00F5      	MOVWF      R4+1
0x0489	0x3020      	MOVLW      32
0x048A	0x00F6      	MOVWF      R4+2
0x048B	0x3081      	MOVLW      129
0x048C	0x00F7      	MOVWF      R4+3
0x048D	0x2203      	CALL       _Mul_32x32_FP
0x048E	0x3000      	MOVLW      0
0x048F	0x00F4      	MOVWF      R4
0x0490	0x3000      	MOVLW      0
0x0491	0x00F5      	MOVWF      R4+1
0x0492	0x3000      	MOVLW      0
0x0493	0x00F6      	MOVWF      R4+2
0x0494	0x3089      	MOVLW      137
0x0495	0x00F7      	MOVWF      R4+3
0x0496	0x2264      	CALL       _Div_32x32_FP
0x0497	0x0870      	MOVF       R0, 0
0x0498	0x00C2      	MOVWF      FLOC__main
0x0499	0x0871      	MOVF       R0+1, 0
0x049A	0x00C3      	MOVWF      FLOC__main+1
0x049B	0x0872      	MOVF       R0+2, 0
0x049C	0x00C4      	MOVWF      FLOC__main+2
0x049D	0x0873      	MOVF       R0+3, 0
0x049E	0x00C5      	MOVWF      FLOC__main+3
0x049F	0x0842      	MOVF       FLOC__main, 0
0x04A0	0x00AE      	MOVWF      _voltaje
0x04A1	0x0843      	MOVF       FLOC__main+1, 0
0x04A2	0x00AF      	MOVWF      _voltaje+1
0x04A3	0x0844      	MOVF       FLOC__main+2, 0
0x04A4	0x00B0      	MOVWF      _voltaje+2
0x04A5	0x0845      	MOVF       FLOC__main+3, 0
0x04A6	0x00B1      	MOVWF      _voltaje+3
;LCD02.c,30 :: 		entero = voltaje; //2
0x04A7	0x0842      	MOVF       FLOC__main, 0
0x04A8	0x00F0      	MOVWF      R0
0x04A9	0x0843      	MOVF       FLOC__main+1, 0
0x04AA	0x00F1      	MOVWF      R0+1
0x04AB	0x0844      	MOVF       FLOC__main+2, 0
0x04AC	0x00F2      	MOVWF      R0+2
0x04AD	0x0845      	MOVF       FLOC__main+3, 0
0x04AE	0x00F3      	MOVWF      R0+3
0x04AF	0x23D2      	CALL       _double2word
0x04B0	0x0870      	MOVF       R0, 0
0x04B1	0x00C6      	MOVWF      FLOC__main+4
0x04B2	0x0871      	MOVF       R0+1, 0
0x04B3	0x00C7      	MOVWF      FLOC__main+5
0x04B4	0x0846      	MOVF       FLOC__main+4, 0
0x04B5	0x00BA      	MOVWF      _entero
0x04B6	0x0847      	MOVF       FLOC__main+5, 0
0x04B7	0x00BB      	MOVWF      _entero+1
;LCD02.c,31 :: 		temp =  voltaje * 1000 - entero * 1000; //2123 - 2000 = 123.00;
0x04B8	0x0842      	MOVF       FLOC__main, 0
0x04B9	0x00F0      	MOVWF      R0
0x04BA	0x0843      	MOVF       FLOC__main+1, 0
0x04BB	0x00F1      	MOVWF      R0+1
0x04BC	0x0844      	MOVF       FLOC__main+2, 0
0x04BD	0x00F2      	MOVWF      R0+2
0x04BE	0x0845      	MOVF       FLOC__main+3, 0
0x04BF	0x00F3      	MOVWF      R0+3
0x04C0	0x3000      	MOVLW      0
0x04C1	0x00F4      	MOVWF      R4
0x04C2	0x3000      	MOVLW      0
0x04C3	0x00F5      	MOVWF      R4+1
0x04C4	0x307A      	MOVLW      122
0x04C5	0x00F6      	MOVWF      R4+2
0x04C6	0x3088      	MOVLW      136
0x04C7	0x00F7      	MOVWF      R4+3
0x04C8	0x2203      	CALL       _Mul_32x32_FP
0x04C9	0x0870      	MOVF       R0, 0
0x04CA	0x00C2      	MOVWF      FLOC__main
0x04CB	0x0871      	MOVF       R0+1, 0
0x04CC	0x00C3      	MOVWF      FLOC__main+1
0x04CD	0x0872      	MOVF       R0+2, 0
0x04CE	0x00C4      	MOVWF      FLOC__main+2
0x04CF	0x0873      	MOVF       R0+3, 0
0x04D0	0x00C5      	MOVWF      FLOC__main+3
0x04D1	0x0846      	MOVF       FLOC__main+4, 0
0x04D2	0x00F0      	MOVWF      R0
0x04D3	0x0847      	MOVF       FLOC__main+5, 0
0x04D4	0x00F1      	MOVWF      R0+1
0x04D5	0x30E8      	MOVLW      232
0x04D6	0x00F4      	MOVWF      R4
0x04D7	0x3003      	MOVLW      3
0x04D8	0x00F5      	MOVWF      R4+1
0x04D9	0x2431      	CALL       _Mul_16X16_U
0x04DA	0x21CA      	CALL       _word2double
0x04DB	0x0870      	MOVF       R0, 0
0x04DC	0x00F4      	MOVWF      R4
0x04DD	0x0871      	MOVF       R0+1, 0
0x04DE	0x00F5      	MOVWF      R4+1
0x04DF	0x0872      	MOVF       R0+2, 0
0x04E0	0x00F6      	MOVWF      R4+2
0x04E1	0x0873      	MOVF       R0+3, 0
0x04E2	0x00F7      	MOVWF      R4+3
0x04E3	0x0842      	MOVF       FLOC__main, 0
0x04E4	0x00F0      	MOVWF      R0
0x04E5	0x0843      	MOVF       FLOC__main+1, 0
0x04E6	0x00F1      	MOVWF      R0+1
0x04E7	0x0844      	MOVF       FLOC__main+2, 0
0x04E8	0x00F2      	MOVWF      R0+2
0x04E9	0x0845      	MOVF       FLOC__main+3, 0
0x04EA	0x00F3      	MOVWF      R0+3
0x04EB	0x21E0      	CALL       _Sub_32x32_FP
0x04EC	0x0870      	MOVF       R0, 0
0x04ED	0x00B6      	MOVWF      _temp
0x04EE	0x0871      	MOVF       R0+1, 0
0x04EF	0x00B7      	MOVWF      _temp+1
0x04F0	0x0872      	MOVF       R0+2, 0
0x04F1	0x00B8      	MOVWF      _temp+2
0x04F2	0x0873      	MOVF       R0+3, 0
0x04F3	0x00B9      	MOVWF      _temp+3
;LCD02.c,32 :: 		decimal =  temp; //123
0x04F4	0x23D2      	CALL       _double2word
0x04F5	0x0870      	MOVF       R0, 0
0x04F6	0x00C2      	MOVWF      FLOC__main
0x04F7	0x0871      	MOVF       R0+1, 0
0x04F8	0x00C3      	MOVWF      FLOC__main+1
0x04F9	0x0842      	MOVF       FLOC__main, 0
0x04FA	0x00BC      	MOVWF      _decimal
0x04FB	0x0843      	MOVF       FLOC__main+1, 0
0x04FC	0x00BD      	MOVWF      _decimal+1
;LCD02.c,33 :: 		texto[0] = entero + 48; //2
0x04FD	0x3030      	MOVLW      48
0x04FE	0x0746      	ADDWF      FLOC__main+4, 0
0x04FF	0x00BE      	MOVWF      _texto
;LCD02.c,34 :: 		texto[1] = ((decimal/100)%10) + 48; //2
0x0500	0x3064      	MOVLW      100
0x0501	0x00F4      	MOVWF      R4
0x0502	0x3000      	MOVLW      0
0x0503	0x00F5      	MOVWF      R4+1
0x0504	0x0842      	MOVF       FLOC__main, 0
0x0505	0x00F0      	MOVWF      R0
0x0506	0x0843      	MOVF       FLOC__main+1, 0
0x0507	0x00F1      	MOVWF      R0+1
0x0508	0x21E6      	CALL       _Div_16X16_U
0x0509	0x300A      	MOVLW      10
0x050A	0x00F4      	MOVWF      R4
0x050B	0x3000      	MOVLW      0
0x050C	0x00F5      	MOVWF      R4+1
0x050D	0x21E6      	CALL       _Div_16X16_U
0x050E	0x0878      	MOVF       R8, 0
0x050F	0x00F0      	MOVWF      R0
0x0510	0x0879      	MOVF       R8+1, 0
0x0511	0x00F1      	MOVWF      R0+1
0x0512	0x3030      	MOVLW      48
0x0513	0x0770      	ADDWF      R0, 0
0x0514	0x00BF      	MOVWF      _texto+1
;LCD02.c,35 :: 		texto[2] = ((decimal/10)%10) + 48; //2
0x0515	0x300A      	MOVLW      10
0x0516	0x00F4      	MOVWF      R4
0x0517	0x3000      	MOVLW      0
0x0518	0x00F5      	MOVWF      R4+1
0x0519	0x0842      	MOVF       FLOC__main, 0
0x051A	0x00F0      	MOVWF      R0
0x051B	0x0843      	MOVF       FLOC__main+1, 0
0x051C	0x00F1      	MOVWF      R0+1
0x051D	0x21E6      	CALL       _Div_16X16_U
0x051E	0x300A      	MOVLW      10
0x051F	0x00F4      	MOVWF      R4
0x0520	0x3000      	MOVLW      0
0x0521	0x00F5      	MOVWF      R4+1
0x0522	0x21E6      	CALL       _Div_16X16_U
0x0523	0x0878      	MOVF       R8, 0
0x0524	0x00F0      	MOVWF      R0
0x0525	0x0879      	MOVF       R8+1, 0
0x0526	0x00F1      	MOVWF      R0+1
0x0527	0x3030      	MOVLW      48
0x0528	0x0770      	ADDWF      R0, 0
0x0529	0x00C0      	MOVWF      _texto+2
;LCD02.c,36 :: 		texto[3] = (decimal%10) + 48; //2
0x052A	0x300A      	MOVLW      10
0x052B	0x00F4      	MOVWF      R4
0x052C	0x3000      	MOVLW      0
0x052D	0x00F5      	MOVWF      R4+1
0x052E	0x0842      	MOVF       FLOC__main, 0
0x052F	0x00F0      	MOVWF      R0
0x0530	0x0843      	MOVF       FLOC__main+1, 0
0x0531	0x00F1      	MOVWF      R0+1
0x0532	0x21E6      	CALL       _Div_16X16_U
0x0533	0x0878      	MOVF       R8, 0
0x0534	0x00F0      	MOVWF      R0
0x0535	0x0879      	MOVF       R8+1, 0
0x0536	0x00F1      	MOVWF      R0+1
0x0537	0x3030      	MOVLW      48
0x0538	0x0770      	ADDWF      R0, 0
0x0539	0x00C1      	MOVWF      _texto+3
;LCD02.c,37 :: 		Lcd_Cmd(_LCD_SECOND_ROW);
0x053A	0x30C0      	MOVLW      192
0x053B	0x00CD      	MOVWF      FARG_Lcd_Cmd_out_char
0x053C	0x20C4      	CALL       _Lcd_Cmd
;LCD02.c,38 :: 		Lcd_Chr_Cp(texto[0]);
0x053D	0x083E      	MOVF       _texto, 0
0x053E	0x00CC      	MOVWF      FARG_Lcd_Chr_CP_out_char
0x053F	0x21B5      	CALL       _Lcd_Chr_CP
;LCD02.c,39 :: 		Lcd_Chr_Cp('.');
0x0540	0x302E      	MOVLW      46
0x0541	0x00CC      	MOVWF      FARG_Lcd_Chr_CP_out_char
0x0542	0x21B5      	CALL       _Lcd_Chr_CP
;LCD02.c,40 :: 		Lcd_Chr_Cp(texto[1]);
0x0543	0x083F      	MOVF       _texto+1, 0
0x0544	0x00CC      	MOVWF      FARG_Lcd_Chr_CP_out_char
0x0545	0x21B5      	CALL       _Lcd_Chr_CP
;LCD02.c,41 :: 		Lcd_Chr_Cp(texto[2]);
0x0546	0x0840      	MOVF       _texto+2, 0
0x0547	0x00CC      	MOVWF      FARG_Lcd_Chr_CP_out_char
0x0548	0x21B5      	CALL       _Lcd_Chr_CP
;LCD02.c,42 :: 		Lcd_Chr_Cp(texto[3]);
0x0549	0x0841      	MOVF       _texto+3, 0
0x054A	0x00CC      	MOVWF      FARG_Lcd_Chr_CP_out_char
0x054B	0x21B5      	CALL       _Lcd_Chr_CP
;LCD02.c,43 :: 		delay_ms(200);
0x054C	0x3002      	MOVLW      2
0x054D	0x00FB      	MOVWF      R11
0x054E	0x3004      	MOVLW      4
0x054F	0x00FC      	MOVWF      R12
0x0550	0x30BA      	MOVLW      186
0x0551	0x00FD      	MOVWF      R13
L_main2:
0x0552	0x0BFD      	DECFSZ     R13, 1
0x0553	0x2D52      	GOTO       L_main2
0x0554	0x0BFC      	DECFSZ     R12, 1
0x0555	0x2D52      	GOTO       L_main2
0x0556	0x0BFB      	DECFSZ     R11, 1
0x0557	0x2D52      	GOTO       L_main2
0x0558	0x0000      	NOP
;LCD02.c,44 :: 		}
0x0559	0x2C82      	GOTO       L_main0
;LCD02.c,45 :: 		}
L_end_main:
0x055A	0x2D5A      	GOTO       $+0
; end of _main
0x056A	0x3022      	MOVLW      34
0x056B	0x0084      	MOVWF      FSR
0x056C	0x300A      	MOVLW      10
0x056D	0x1283      	BCF        STATUS, 5
0x056E	0x1303      	BCF        STATUS, 6
0x056F	0x00F0      	MOVWF      R0
0x0570	0x3060      	MOVLW      96
0x0571	0x00AC      	MOVWF      ___DoICPAddr
0x0572	0x3005      	MOVLW      5
0x0573	0x00AD      	MOVWF      45
0x0574	0x23C6      	CALL       966
0x0575	0x0008      	RETURN
;LCD02.c,0 :: ?ICS?lstr1_LCD02
0x0560	0x3456 ;?ICS?lstr1_LCD02+0
0x0561	0x346F ;?ICS?lstr1_LCD02+1
0x0562	0x346C ;?ICS?lstr1_LCD02+2
0x0563	0x3474 ;?ICS?lstr1_LCD02+3
0x0564	0x3461 ;?ICS?lstr1_LCD02+4
0x0565	0x346A ;?ICS?lstr1_LCD02+5
0x0566	0x3465 ;?ICS?lstr1_LCD02+6
0x0567	0x343A ;?ICS?lstr1_LCD02+7
0x0568	0x3400 ;?ICS?lstr1_LCD02+8
; end of ?ICS?lstr1_LCD02
;__Lib_ADC_A_C.c,0 :: ?ICS_vref_mask
0x0569	0x340F ;?ICS_vref_mask+0
; end of ?ICS_vref_mask
Symbol List:
//** Routines locations **
//ADDRESS    SIZE    PROCEDURE
//----------------------------------------------
0x0003      [11]    _Delay_5500us
0x000E      [12]    _SETFOV32
0x001A       [4]    _FIXSIGN32
0x001E       [2]    _Delay_1us
0x0020       [7]    _RES032
0x0027      [12]    _SETFUN32
0x0033       [8]    _Delay_50us
0x003B      [90]    _NRM4032
0x0095      [47]    _NRM3232
0x00C4      [64]    _Lcd_Cmd
0x0104       [7]    _____DoICP
0x010B       [7]    _Delay_22us
0x0112       [3]    _SETFDZ32
0x0115     [160]    _Add_32x32_FP
0x01B5       [8]    _Lcd_Chr_CP
0x01BD      [13]    _SETIOV3224
0x01CA      [22]    _word2double
0x01E0       [6]    _Sub_32x32_FP
0x01E6      [29]    _Div_16X16_U
0x0203      [97]    _Mul_32x32_FP
0x0264     [183]    _Div_32x32_FP
0x031B      [29]    _ADC_Get_Sample
0x0338      [78]    _Lcd_Init
0x0386      [64]    _Lcd_Out
0x03C6      [12]    ___CC2DW
0x03D2      [95]    _double2word
0x0431      [43]    _Mul_16X16_U
0x045C      [22]    _ADC_Init
0x0472     [232]    _main
//** Variables locations ** 
//ADDRESS    SIZE    VARIABLE
//----------------------------------------------
0x0000       [1]    INDF
0x0002       [1]    PCL
0x0003       [1]    STATUS
0x0004       [1]    FSR
0x0006       [0]    RB1_bit
0x0006       [0]    RB4_bit
0x0006       [0]    RB2_bit
0x0006       [0]    RB0_bit
0x0006       [0]    RB3_bit
0x0006       [0]    RB5_bit
0x0006       [0]    LCD_RS
0x0006       [0]    LCD_D6
0x0006       [0]    LCD_EN
0x0006       [0]    LCD_D7
0x0006       [0]    LCD_D5
0x0006       [0]    LCD_D4
0x000A       [1]    PCLATH
0x001E       [1]    ADRESH
0x001F       [1]    ADCON0
0x0020       [1]    __math_tempbD
0x0021       [1]    FARG_ADC_Get_Sample_channel
0x0022       [9]    ?lstr1_LCD02
0x002B       [1]    _vref_mask
0x002C       [2]    ___DoICPAddr
0x002E       [4]    _voltaje
0x0032       [3]    _ADC_Get_Sample_Ptr
0x0035       [0]    __Lib_Lcd_cmd_status
0x0036       [4]    _temp
0x003A       [2]    _entero
0x003C       [2]    _decimal
0x003E       [4]    _texto
0x0042       [6]    FLOC__main
0x0048       [1]    FARG_Lcd_Out_row
0x0049       [1]    FARG_Lcd_Out_column
0x004A       [1]    FARG_Lcd_Out_text
0x004B       [1]    Lcd_Out_i_L0
0x004C       [1]    FARG_Lcd_Chr_CP_out_char
0x004D       [1]    FARG_Lcd_Cmd_out_char
0x0070       [1]    R0
0x0071       [1]    R1
0x0072       [1]    R2
0x0073       [1]    R3
0x0074       [1]    R4
0x0075       [1]    R5
0x0076       [1]    R6
0x0077       [1]    R7
0x0078       [1]    R8
0x0079       [1]    R9
0x007A       [1]    R10
0x007B       [1]    R11
0x007C       [1]    R12
0x007D       [1]    R13
0x007E       [1]    R14
0x007F       [1]    R15
0x0086       [0]    LCD_D4_Direction
0x0086       [0]    TRISB5_bit
0x0086       [0]    LCD_EN_Direction
0x0086       [0]    LCD_RS_Direction
0x0086       [0]    LCD_D7_Direction
0x0086       [0]    LCD_D5_Direction
0x0086       [0]    LCD_D6_Direction
0x0086       [0]    TRISB2_bit
0x0086       [0]    TRISB1_bit
0x0086       [0]    TRISB0_bit
0x0086       [0]    TRISB4_bit
0x0086       [0]    TRISB3_bit
0x009E       [1]    ADRESL
0x009F       [1]    ADCON1
//** Constants locations ** 
//ADDRESS    SIZE    CONSTANT
//----------------------------------------------
0x0560       [9]    ?ICS?lstr1_LCD02
0x0569       [1]    ?ICS_vref_mask
