;  LST file generated by mikroListExporter - v.2.0 
; Date/Time: 4/11/2023 21:28:50
;----------------------------------------------

;Address Opcode 	ASM
0x0000	0x28AE      	GOTO       174
_Delay_50us:
;__Lib_Delays.c,19 :: 		void Delay_50us() {
;__Lib_Delays.c,20 :: 		Delay_us(50);
0x0003	0x3010      	MOVLW      16
0x0004	0x1283      	BCF        STATUS, 5
0x0005	0x1303      	BCF        STATUS, 6
0x0006	0x00FD      	MOVWF      R13
L_Delay_50us2:
0x0007	0x0BFD      	DECFSZ     R13, 1
0x0008	0x2807      	GOTO       L_Delay_50us2
0x0009	0x0000      	NOP
;__Lib_Delays.c,21 :: 		}
L_end_Delay_50us:
0x000A	0x0008      	RETURN
; end of _Delay_50us
_Delay_5500us:
;__Lib_Delays.c,31 :: 		void Delay_5500us() {
;__Lib_Delays.c,32 :: 		Delay_us(5500);
0x000B	0x3008      	MOVLW      8
0x000C	0x1283      	BCF        STATUS, 5
0x000D	0x1303      	BCF        STATUS, 6
0x000E	0x00FC      	MOVWF      R12
0x000F	0x3023      	MOVLW      35
0x0010	0x00FD      	MOVWF      R13
L_Delay_5500us5:
0x0011	0x0BFD      	DECFSZ     R13, 1
0x0012	0x2811      	GOTO       L_Delay_5500us5
0x0013	0x0BFC      	DECFSZ     R12, 1
0x0014	0x2811      	GOTO       L_Delay_5500us5
;__Lib_Delays.c,33 :: 		}
L_end_Delay_5500us:
0x0015	0x0008      	RETURN
; end of _Delay_5500us
_Delay_1us:
;__Lib_Delays.c,7 :: 		void Delay_1us() {
;__Lib_Delays.c,8 :: 		Delay_us(1);
0x0016	0x0000      	NOP
;__Lib_Delays.c,9 :: 		}
L_end_Delay_1us:
0x0017	0x0008      	RETURN
; end of _Delay_1us
_Lcd_Cmd:
;__Lib_Lcd.c,18 :: 		
;__Lib_Lcd.c,20 :: 		
0x0018	0x1283      	BCF        STATUS, 5
0x0019	0x1303      	BCF        STATUS, 6
0x001A	0x1BA6      	BTFSC      FARG_Lcd_Cmd_out_char, 7
0x001B	0x281E      	GOTO       L__Lcd_Cmd21
0x001C	0x1186      	BCF        LCD_D7, BitPos(LCD_D7+0)
0x001D	0x281F      	GOTO       L__Lcd_Cmd22
L__Lcd_Cmd21:
0x001E	0x1586      	BSF        LCD_D7, BitPos(LCD_D7+0)
L__Lcd_Cmd22:
;__Lib_Lcd.c,21 :: 		
0x001F	0x1B26      	BTFSC      FARG_Lcd_Cmd_out_char, 6
0x0020	0x2823      	GOTO       L__Lcd_Cmd23
0x0021	0x1106      	BCF        LCD_D6, BitPos(LCD_D6+0)
0x0022	0x2824      	GOTO       L__Lcd_Cmd24
L__Lcd_Cmd23:
0x0023	0x1506      	BSF        LCD_D6, BitPos(LCD_D6+0)
L__Lcd_Cmd24:
;__Lib_Lcd.c,22 :: 		
0x0024	0x1AA6      	BTFSC      FARG_Lcd_Cmd_out_char, 5
0x0025	0x2828      	GOTO       L__Lcd_Cmd25
0x0026	0x1086      	BCF        LCD_D5, BitPos(LCD_D5+0)
0x0027	0x2829      	GOTO       L__Lcd_Cmd26
L__Lcd_Cmd25:
0x0028	0x1486      	BSF        LCD_D5, BitPos(LCD_D5+0)
L__Lcd_Cmd26:
;__Lib_Lcd.c,23 :: 		
0x0029	0x1A26      	BTFSC      FARG_Lcd_Cmd_out_char, 4
0x002A	0x282D      	GOTO       L__Lcd_Cmd27
0x002B	0x1006      	BCF        LCD_D4, BitPos(LCD_D4+0)
0x002C	0x282E      	GOTO       L__Lcd_Cmd28
L__Lcd_Cmd27:
0x002D	0x1406      	BSF        LCD_D4, BitPos(LCD_D4+0)
L__Lcd_Cmd28:
;__Lib_Lcd.c,25 :: 		
0x002E	0x1820      	BTFSC      __Lib_Lcd_cmd_status, BitPos(__Lib_Lcd_cmd_status+0)
0x002F	0x2832      	GOTO       L__Lcd_Cmd29
0x0030	0x1606      	BSF        LCD_RS, BitPos(LCD_RS+0)
0x0031	0x2833      	GOTO       L__Lcd_Cmd30
L__Lcd_Cmd29:
0x0032	0x1206      	BCF        LCD_RS, BitPos(LCD_RS+0)
L__Lcd_Cmd30:
;__Lib_Lcd.c,28 :: 		
0x0033	0x1686      	BSF        LCD_EN, BitPos(LCD_EN+0)
;__Lib_Lcd.c,29 :: 		
0x0034	0x2016      	CALL       _Delay_1us
;__Lib_Lcd.c,30 :: 		
0x0035	0x1286      	BCF        LCD_EN, BitPos(LCD_EN+0)
;__Lib_Lcd.c,33 :: 		
0x0036	0x19A6      	BTFSC      FARG_Lcd_Cmd_out_char, 3
0x0037	0x283A      	GOTO       L__Lcd_Cmd31
0x0038	0x1186      	BCF        LCD_D7, BitPos(LCD_D7+0)
0x0039	0x283B      	GOTO       L__Lcd_Cmd32
L__Lcd_Cmd31:
0x003A	0x1586      	BSF        LCD_D7, BitPos(LCD_D7+0)
L__Lcd_Cmd32:
;__Lib_Lcd.c,34 :: 		
0x003B	0x1926      	BTFSC      FARG_Lcd_Cmd_out_char, 2
0x003C	0x283F      	GOTO       L__Lcd_Cmd33
0x003D	0x1106      	BCF        LCD_D6, BitPos(LCD_D6+0)
0x003E	0x2840      	GOTO       L__Lcd_Cmd34
L__Lcd_Cmd33:
0x003F	0x1506      	BSF        LCD_D6, BitPos(LCD_D6+0)
L__Lcd_Cmd34:
;__Lib_Lcd.c,35 :: 		
0x0040	0x18A6      	BTFSC      FARG_Lcd_Cmd_out_char, 1
0x0041	0x2844      	GOTO       L__Lcd_Cmd35
0x0042	0x1086      	BCF        LCD_D5, BitPos(LCD_D5+0)
0x0043	0x2845      	GOTO       L__Lcd_Cmd36
L__Lcd_Cmd35:
0x0044	0x1486      	BSF        LCD_D5, BitPos(LCD_D5+0)
L__Lcd_Cmd36:
;__Lib_Lcd.c,36 :: 		
0x0045	0x1826      	BTFSC      FARG_Lcd_Cmd_out_char, 0
0x0046	0x2849      	GOTO       L__Lcd_Cmd37
0x0047	0x1006      	BCF        LCD_D4, BitPos(LCD_D4+0)
0x0048	0x284A      	GOTO       L__Lcd_Cmd38
L__Lcd_Cmd37:
0x0049	0x1406      	BSF        LCD_D4, BitPos(LCD_D4+0)
L__Lcd_Cmd38:
;__Lib_Lcd.c,38 :: 		
0x004A	0x1820      	BTFSC      __Lib_Lcd_cmd_status, BitPos(__Lib_Lcd_cmd_status+0)
0x004B	0x284E      	GOTO       L__Lcd_Cmd39
0x004C	0x1606      	BSF        LCD_RS, BitPos(LCD_RS+0)
0x004D	0x284F      	GOTO       L__Lcd_Cmd40
L__Lcd_Cmd39:
0x004E	0x1206      	BCF        LCD_RS, BitPos(LCD_RS+0)
L__Lcd_Cmd40:
;__Lib_Lcd.c,40 :: 		
0x004F	0x1686      	BSF        LCD_EN, BitPos(LCD_EN+0)
;__Lib_Lcd.c,41 :: 		
0x0050	0x2016      	CALL       _Delay_1us
;__Lib_Lcd.c,42 :: 		
0x0051	0x1286      	BCF        LCD_EN, BitPos(LCD_EN+0)
;__Lib_Lcd.c,44 :: 		
0x0052	0x1C20      	BTFSS      __Lib_Lcd_cmd_status, BitPos(__Lib_Lcd_cmd_status+0)
0x0053	0x2856      	GOTO       L_Lcd_Cmd0
;__Lib_Lcd.c,45 :: 		
0x0054	0x200B      	CALL       _Delay_5500us
0x0055	0x2857      	GOTO       L_Lcd_Cmd1
L_Lcd_Cmd0:
;__Lib_Lcd.c,47 :: 		
0x0056	0x2003      	CALL       _Delay_50us
L_Lcd_Cmd1:
;__Lib_Lcd.c,48 :: 		
L_end_Lcd_Cmd:
0x0057	0x0008      	RETURN
; end of _Lcd_Cmd
_Lcd_Chr_CP:
;__Lib_Lcd.c,50 :: 		
;__Lib_Lcd.c,52 :: 		
0x0058	0x1283      	BCF        STATUS, 5
0x0059	0x1303      	BCF        STATUS, 6
0x005A	0x1020      	BCF        __Lib_Lcd_cmd_status, BitPos(__Lib_Lcd_cmd_status+0)
;__Lib_Lcd.c,53 :: 		
0x005B	0x0825      	MOVF       FARG_Lcd_Chr_CP_out_char, 0
0x005C	0x00A6      	MOVWF      FARG_Lcd_Cmd_out_char
0x005D	0x2018      	CALL       _Lcd_Cmd
;__Lib_Lcd.c,54 :: 		
0x005E	0x1420      	BSF        __Lib_Lcd_cmd_status, BitPos(__Lib_Lcd_cmd_status+0)
;__Lib_Lcd.c,55 :: 		
L_end_Lcd_Chr_CP:
0x005F	0x0008      	RETURN
; end of _Lcd_Chr_CP
_Lcd_Init:
;__Lib_Lcd.c,84 :: 		
;__Lib_Lcd.c,86 :: 		
0x0060	0x1683      	BSF        STATUS, 5
0x0061	0x1303      	BCF        STATUS, 6
0x0062	0x1286      	BCF        LCD_EN_Direction, BitPos(LCD_EN_Direction+0)
;__Lib_Lcd.c,87 :: 		
0x0063	0x1206      	BCF        LCD_RS_Direction, BitPos(LCD_RS_Direction+0)
;__Lib_Lcd.c,88 :: 		
0x0064	0x1006      	BCF        LCD_D4_Direction, BitPos(LCD_D4_Direction+0)
;__Lib_Lcd.c,89 :: 		
0x0065	0x1086      	BCF        LCD_D5_Direction, BitPos(LCD_D5_Direction+0)
;__Lib_Lcd.c,90 :: 		
0x0066	0x1106      	BCF        LCD_D6_Direction, BitPos(LCD_D6_Direction+0)
;__Lib_Lcd.c,91 :: 		
0x0067	0x1186      	BCF        LCD_D7_Direction, BitPos(LCD_D7_Direction+0)
;__Lib_Lcd.c,93 :: 		
0x0068	0x1283      	BCF        STATUS, 5
0x0069	0x1286      	BCF        LCD_EN, BitPos(LCD_EN+0)
;__Lib_Lcd.c,94 :: 		
0x006A	0x1206      	BCF        LCD_RS, BitPos(LCD_RS+0)
;__Lib_Lcd.c,95 :: 		
0x006B	0x1186      	BCF        LCD_D7, BitPos(LCD_D7+0)
;__Lib_Lcd.c,96 :: 		
0x006C	0x1106      	BCF        LCD_D6, BitPos(LCD_D6+0)
;__Lib_Lcd.c,97 :: 		
0x006D	0x1086      	BCF        LCD_D5, BitPos(LCD_D5+0)
;__Lib_Lcd.c,98 :: 		
0x006E	0x1006      	BCF        LCD_D4, BitPos(LCD_D4+0)
;__Lib_Lcd.c,100 :: 		
0x006F	0x200B      	CALL       _Delay_5500us
;__Lib_Lcd.c,101 :: 		
0x0070	0x200B      	CALL       _Delay_5500us
;__Lib_Lcd.c,102 :: 		
0x0071	0x200B      	CALL       _Delay_5500us
;__Lib_Lcd.c,105 :: 		
0x0072	0x1486      	BSF        LCD_D5, BitPos(LCD_D5+0)
;__Lib_Lcd.c,106 :: 		
0x0073	0x1406      	BSF        LCD_D4, BitPos(LCD_D4+0)
;__Lib_Lcd.c,107 :: 		
0x0074	0x1686      	BSF        LCD_EN, BitPos(LCD_EN+0)
;__Lib_Lcd.c,108 :: 		
0x0075	0x2016      	CALL       _Delay_1us
;__Lib_Lcd.c,109 :: 		
0x0076	0x1286      	BCF        LCD_EN, BitPos(LCD_EN+0)
;__Lib_Lcd.c,110 :: 		
0x0077	0x200B      	CALL       _Delay_5500us
;__Lib_Lcd.c,112 :: 		
0x0078	0x1686      	BSF        LCD_EN, BitPos(LCD_EN+0)
;__Lib_Lcd.c,113 :: 		
0x0079	0x2016      	CALL       _Delay_1us
;__Lib_Lcd.c,114 :: 		
0x007A	0x1286      	BCF        LCD_EN, BitPos(LCD_EN+0)
;__Lib_Lcd.c,115 :: 		
0x007B	0x200B      	CALL       _Delay_5500us
;__Lib_Lcd.c,117 :: 		
0x007C	0x1686      	BSF        LCD_EN, BitPos(LCD_EN+0)
;__Lib_Lcd.c,118 :: 		
0x007D	0x2016      	CALL       _Delay_1us
;__Lib_Lcd.c,119 :: 		
0x007E	0x1286      	BCF        LCD_EN, BitPos(LCD_EN+0)
;__Lib_Lcd.c,120 :: 		
0x007F	0x200B      	CALL       _Delay_5500us
;__Lib_Lcd.c,123 :: 		
0x0080	0x1006      	BCF        LCD_D4, BitPos(LCD_D4+0)
;__Lib_Lcd.c,124 :: 		
0x0081	0x1686      	BSF        LCD_EN, BitPos(LCD_EN+0)
;__Lib_Lcd.c,125 :: 		
0x0082	0x2016      	CALL       _Delay_1us
;__Lib_Lcd.c,126 :: 		
0x0083	0x1286      	BCF        LCD_EN, BitPos(LCD_EN+0)
;__Lib_Lcd.c,127 :: 		
0x0084	0x200B      	CALL       _Delay_5500us
;__Lib_Lcd.c,130 :: 		
0x0085	0x1686      	BSF        LCD_EN, BitPos(LCD_EN+0)
;__Lib_Lcd.c,131 :: 		
0x0086	0x2016      	CALL       _Delay_1us
;__Lib_Lcd.c,132 :: 		
0x0087	0x1286      	BCF        LCD_EN, BitPos(LCD_EN+0)
;__Lib_Lcd.c,134 :: 		
0x0088	0x1086      	BCF        LCD_D5, BitPos(LCD_D5+0)
;__Lib_Lcd.c,135 :: 		
0x0089	0x1586      	BSF        LCD_D7, BitPos(LCD_D7+0)
;__Lib_Lcd.c,136 :: 		
0x008A	0x1686      	BSF        LCD_EN, BitPos(LCD_EN+0)
;__Lib_Lcd.c,137 :: 		
0x008B	0x2016      	CALL       _Delay_1us
;__Lib_Lcd.c,138 :: 		
0x008C	0x1286      	BCF        LCD_EN, BitPos(LCD_EN+0)
;__Lib_Lcd.c,139 :: 		
0x008D	0x200B      	CALL       _Delay_5500us
;__Lib_Lcd.c,142 :: 		
0x008E	0x1186      	BCF        LCD_D7, BitPos(LCD_D7+0)
;__Lib_Lcd.c,143 :: 		
0x008F	0x1406      	BSF        LCD_D4, BitPos(LCD_D4+0)
;__Lib_Lcd.c,144 :: 		
0x0090	0x1686      	BSF        LCD_EN, BitPos(LCD_EN+0)
;__Lib_Lcd.c,145 :: 		
0x0091	0x2016      	CALL       _Delay_1us
;__Lib_Lcd.c,146 :: 		
0x0092	0x1286      	BCF        LCD_EN, BitPos(LCD_EN+0)
;__Lib_Lcd.c,148 :: 		
0x0093	0x1006      	BCF        LCD_D4, BitPos(LCD_D4+0)
;__Lib_Lcd.c,149 :: 		
0x0094	0x1686      	BSF        LCD_EN, BitPos(LCD_EN+0)
;__Lib_Lcd.c,150 :: 		
0x0095	0x2016      	CALL       _Delay_1us
;__Lib_Lcd.c,151 :: 		
0x0096	0x1286      	BCF        LCD_EN, BitPos(LCD_EN+0)
;__Lib_Lcd.c,152 :: 		
0x0097	0x200B      	CALL       _Delay_5500us
;__Lib_Lcd.c,155 :: 		
0x0098	0x1686      	BSF        LCD_EN, BitPos(LCD_EN+0)
;__Lib_Lcd.c,156 :: 		
0x0099	0x2016      	CALL       _Delay_1us
;__Lib_Lcd.c,157 :: 		
0x009A	0x1286      	BCF        LCD_EN, BitPos(LCD_EN+0)
;__Lib_Lcd.c,159 :: 		
0x009B	0x1406      	BSF        LCD_D4, BitPos(LCD_D4+0)
;__Lib_Lcd.c,160 :: 		
0x009C	0x1686      	BSF        LCD_EN, BitPos(LCD_EN+0)
;__Lib_Lcd.c,161 :: 		
0x009D	0x2016      	CALL       _Delay_1us
;__Lib_Lcd.c,162 :: 		
0x009E	0x1286      	BCF        LCD_EN, BitPos(LCD_EN+0)
;__Lib_Lcd.c,163 :: 		
0x009F	0x200B      	CALL       _Delay_5500us
;__Lib_Lcd.c,166 :: 		
0x00A0	0x1006      	BCF        LCD_D4, BitPos(LCD_D4+0)
;__Lib_Lcd.c,167 :: 		
0x00A1	0x1686      	BSF        LCD_EN, BitPos(LCD_EN+0)
;__Lib_Lcd.c,168 :: 		
0x00A2	0x2016      	CALL       _Delay_1us
;__Lib_Lcd.c,169 :: 		
0x00A3	0x1286      	BCF        LCD_EN, BitPos(LCD_EN+0)
;__Lib_Lcd.c,171 :: 		
0x00A4	0x1586      	BSF        LCD_D7, BitPos(LCD_D7+0)
;__Lib_Lcd.c,172 :: 		
0x00A5	0x1506      	BSF        LCD_D6, BitPos(LCD_D6+0)
;__Lib_Lcd.c,173 :: 		
0x00A6	0x1486      	BSF        LCD_D5, BitPos(LCD_D5+0)
;__Lib_Lcd.c,174 :: 		
0x00A7	0x1406      	BSF        LCD_D4, BitPos(LCD_D4+0)
;__Lib_Lcd.c,175 :: 		
0x00A8	0x1686      	BSF        LCD_EN, BitPos(LCD_EN+0)
;__Lib_Lcd.c,176 :: 		
0x00A9	0x2016      	CALL       _Delay_1us
;__Lib_Lcd.c,177 :: 		
0x00AA	0x1286      	BCF        LCD_EN, BitPos(LCD_EN+0)
;__Lib_Lcd.c,179 :: 		
0x00AB	0x200B      	CALL       _Delay_5500us
;__Lib_Lcd.c,181 :: 		
0x00AC	0x1420      	BSF        __Lib_Lcd_cmd_status, BitPos(__Lib_Lcd_cmd_status+0)
;__Lib_Lcd.c,182 :: 		
L_end_Lcd_Init:
0x00AD	0x0008      	RETURN
; end of _Lcd_Init
_main:
;LCD_AV.c,20 :: 		void main() {
;LCD_AV.c,21 :: 		Lcd_Init();
0x00AE	0x2060      	CALL       _Lcd_Init
;LCD_AV.c,22 :: 		Lcd_Cmd(_LCD_CLEAR);
0x00AF	0x3001      	MOVLW      1
0x00B0	0x00A6      	MOVWF      FARG_Lcd_Cmd_out_char
0x00B1	0x2018      	CALL       _Lcd_Cmd
;LCD_AV.c,23 :: 		Lcd_Cmd(_LCD_CURSOR_OFF);
0x00B2	0x300C      	MOVLW      12
0x00B3	0x00A6      	MOVWF      FARG_Lcd_Cmd_out_char
0x00B4	0x2018      	CALL       _Lcd_Cmd
;LCD_AV.c,25 :: 		while(1){
L_main0:
;LCD_AV.c,26 :: 		Lcd_Cmd(_LCD_SECOND_ROW);
0x00B5	0x30C0      	MOVLW      192
0x00B6	0x00A6      	MOVWF      FARG_Lcd_Cmd_out_char
0x00B7	0x2018      	CALL       _Lcd_Cmd
;LCD_AV.c,27 :: 		for(cont=0; cont<10; cont++){
0x00B8	0x01A1      	CLRF       _cont
0x00B9	0x01A2      	CLRF       _cont+1
L_main2:
0x00BA	0x3000      	MOVLW      0
0x00BB	0x0222      	SUBWF      _cont+1, 0
0x00BC	0x1D03      	BTFSS      STATUS, 2
0x00BD	0x28C0      	GOTO       L__main7
0x00BE	0x300A      	MOVLW      10
0x00BF	0x0221      	SUBWF      _cont, 0
L__main7:
0x00C0	0x1803      	BTFSC      STATUS, 0
0x00C1	0x28DA      	GOTO       L_main3
;LCD_AV.c,28 :: 		Lcd_Chr_Cp(cont+48);
0x00C2	0x3030      	MOVLW      48
0x00C3	0x0721      	ADDWF      _cont, 0
0x00C4	0x00A5      	MOVWF      FARG_Lcd_Chr_CP_out_char
0x00C5	0x2058      	CALL       _Lcd_Chr_CP
;LCD_AV.c,29 :: 		Lcd_Cmd(_LCD_MOVE_CURSOR_LEFT);
0x00C6	0x3010      	MOVLW      16
0x00C7	0x00A6      	MOVWF      FARG_Lcd_Cmd_out_char
0x00C8	0x2018      	CALL       _Lcd_Cmd
;LCD_AV.c,30 :: 		delay_ms(200);
0x00C9	0x3002      	MOVLW      2
0x00CA	0x00FB      	MOVWF      R11
0x00CB	0x3004      	MOVLW      4
0x00CC	0x00FC      	MOVWF      R12
0x00CD	0x30BA      	MOVLW      186
0x00CE	0x00FD      	MOVWF      R13
L_main5:
0x00CF	0x0BFD      	DECFSZ     R13, 1
0x00D0	0x28CF      	GOTO       L_main5
0x00D1	0x0BFC      	DECFSZ     R12, 1
0x00D2	0x28CF      	GOTO       L_main5
0x00D3	0x0BFB      	DECFSZ     R11, 1
0x00D4	0x28CF      	GOTO       L_main5
0x00D5	0x0000      	NOP
;LCD_AV.c,27 :: 		for(cont=0; cont<10; cont++){
0x00D6	0x0AA1      	INCF       _cont, 1
0x00D7	0x1903      	BTFSC      STATUS, 2
0x00D8	0x0AA2      	INCF       _cont+1, 1
;LCD_AV.c,31 :: 		}
0x00D9	0x28BA      	GOTO       L_main2
L_main3:
;LCD_AV.c,32 :: 		}
0x00DA	0x28B5      	GOTO       L_main0
;LCD_AV.c,33 :: 		}
L_end_main:
0x00DB	0x28DB      	GOTO       $+0
; end of _main
Symbol List:
//** Routines locations **
//ADDRESS    SIZE    PROCEDURE
//----------------------------------------------
0x0003       [8]    _Delay_50us
0x000B      [11]    _Delay_5500us
0x0016       [2]    _Delay_1us
0x0018      [64]    _Lcd_Cmd
0x0058       [8]    _Lcd_Chr_CP
0x0060      [78]    _Lcd_Init
0x00AE      [46]    _main
//** Variables locations ** 
//ADDRESS    SIZE    VARIABLE
//----------------------------------------------
0x0000       [1]    INDF
0x0003       [1]    STATUS
0x0004       [1]    FSR
0x0006       [0]    RB3_bit
0x0006       [0]    RB2_bit
0x0006       [0]    RB1_bit
0x0006       [0]    RB4_bit
0x0006       [0]    RB5_bit
0x0006       [0]    RB0_bit
0x0006       [0]    LCD_D7
0x0006       [0]    LCD_EN
0x0006       [0]    LCD_RS
0x0006       [0]    LCD_D6
0x0006       [0]    LCD_D4
0x0006       [0]    LCD_D5
0x000A       [1]    PCLATH
0x0020       [0]    __Lib_Lcd_cmd_status
0x0021       [2]    _cont
0x0023       [2]    ___DoICPAddr
0x0025       [1]    FARG_Lcd_Chr_CP_out_char
0x0026       [1]    FARG_Lcd_Cmd_out_char
0x0070       [1]    R0
0x0071       [1]    R1
0x0072       [1]    R2
0x0073       [1]    R3
0x0074       [1]    R4
0x0075       [1]    R5
0x0076       [1]    R6
0x0077       [1]    R7
0x0078       [1]    R8
0x0079       [1]    R9
0x007A       [1]    R10
0x007B       [1]    R11
0x007C       [1]    R12
0x007D       [1]    R13
0x007E       [1]    R14
0x007F       [1]    R15
0x0086       [0]    LCD_D5_Direction
0x0086       [0]    LCD_D4_Direction
0x0086       [0]    TRISB0_bit
0x0086       [0]    LCD_D6_Direction
0x0086       [0]    LCD_RS_Direction
0x0086       [0]    LCD_EN_Direction
0x0086       [0]    LCD_D7_Direction
0x0086       [0]    TRISB1_bit
0x0086       [0]    TRISB5_bit
0x0086       [0]    TRISB2_bit
0x0086       [0]    TRISB3_bit
0x0086       [0]    TRISB4_bit
