;  LST file generated by mikroListExporter - v.2.0 
; Date/Time: 4/11/2023 23:57:43
;----------------------------------------------

;Address Opcode 	ASM
0x0000	0x2A96      	GOTO       662
_RES032:
;__Lib_MathDouble.c,123 :: 		
;__Lib_MathDouble.c,128 :: 		
0x0003	0x01F2      	CLRF       R2
;__Lib_MathDouble.c,129 :: 		
0x0004	0x01F1      	CLRF       R1
;__Lib_MathDouble.c,130 :: 		
0x0005	0x01F0      	CLRF       R0
;__Lib_MathDouble.c,131 :: 		
0x0006	0x01F8      	CLRF       R8
;__Lib_MathDouble.c,132 :: 		
0x0007	0x01F3      	CLRF       R3
;__Lib_MathDouble.c,133 :: 		
0x0008	0x3000      	MOVLW      0
;__Lib_MathDouble.c,135 :: 		
L_end_RES032:
0x0009	0x0008      	RETURN
; end of _RES032
_SETFUN32:
;__Lib_MathDouble.c,138 :: 		
;__Lib_MathDouble.c,145 :: 		
0x000A	0x157B      	BSF        R11, 2
;__Lib_MathDouble.c,146 :: 		
0x000B	0x1FFB      	BTFSS      R11, 7
;__Lib_MathDouble.c,147 :: 		
0x000C	0x2814      	GOTO       SETFUN32EEE
;__Lib_MathDouble.c,148 :: 		
0x000D	0x3001      	MOVLW      1
;__Lib_MathDouble.c,149 :: 		
0x000E	0x00F3      	MOVWF      R3
;__Lib_MathDouble.c,150 :: 		
0x000F	0x01F2      	CLRF       R2
;__Lib_MathDouble.c,151 :: 		
0x0010	0x01F1      	CLRF       R1
;__Lib_MathDouble.c,152 :: 		
0x0011	0x01F0      	CLRF       R0
;__Lib_MathDouble.c,153 :: 		
0x0012	0x0DFA      	RLF        R10, 1
;__Lib_MathDouble.c,154 :: 		
0x0013	0x0CF2      	RRF        R2, 1
;__Lib_MathDouble.c,155 :: 		
SETFUN32EEE:
;__Lib_MathDouble.c,156 :: 		
0x0014	0x30FF      	MOVLW      255
;__Lib_MathDouble.c,158 :: 		
L_end_SETFUN32:
0x0015	0x0008      	RETURN
; end of _SETFUN32
_FIXSIGN32:
;__Lib_MathDouble.c,112 :: 		
;__Lib_MathDouble.c,116 :: 		
0x0016	0x1FFA      	BTFSS      R10, 7
;__Lib_MathDouble.c,117 :: 		
0x0017	0x13F2      	BCF        R2, 7
;__Lib_MathDouble.c,118 :: 		
0x0018	0x3000      	MOVLW      0
;__Lib_MathDouble.c,120 :: 		
L_end_FIXSIGN32:
0x0019	0x0008      	RETURN
; end of _FIXSIGN32
_NRM3232:
;__Lib_MathDouble.c,167 :: 		
;__Lib_MathDouble.c,173 :: 		
;__Lib_MathDouble.c,175 :: 		
0x001A	0x01A0      	CLRF       __math_tempbD
;__Lib_MathDouble.c,176 :: 		
0x001B	0x0872      	MOVF       R2, 0
;__Lib_MathDouble.c,177 :: 		
0x001C	0x1D03      	BTFSS      STATUS, 2
;__Lib_MathDouble.c,178 :: 		
0x001D	0x282F      	GOTO       NORM3232
;__Lib_MathDouble.c,179 :: 		
0x001E	0x0871      	MOVF       R1, 0
;__Lib_MathDouble.c,180 :: 		
0x001F	0x00F2      	MOVWF      R2
;__Lib_MathDouble.c,181 :: 		
0x0020	0x0870      	MOVF       R0, 0
;__Lib_MathDouble.c,182 :: 		
0x0021	0x00F1      	MOVWF      R1
;__Lib_MathDouble.c,183 :: 		
0x0022	0x01F0      	CLRF       R0
;__Lib_MathDouble.c,184 :: 		
0x0023	0x15A0      	BSF        __math_tempbD, 3
;__Lib_MathDouble.c,186 :: 		
0x0024	0x0872      	MOVF       R2, 0
;__Lib_MathDouble.c,187 :: 		
0x0025	0x1D03      	BTFSS      STATUS, 2
;__Lib_MathDouble.c,188 :: 		
0x0026	0x282F      	GOTO       NORM3232
;__Lib_MathDouble.c,189 :: 		
0x0027	0x0871      	MOVF       R1, 0
;__Lib_MathDouble.c,190 :: 		
0x0028	0x00F2      	MOVWF      R2
;__Lib_MathDouble.c,191 :: 		
0x0029	0x01F1      	CLRF       R1
;__Lib_MathDouble.c,192 :: 		
0x002A	0x11A0      	BCF        __math_tempbD, 3
;__Lib_MathDouble.c,193 :: 		
0x002B	0x1620      	BSF        __math_tempbD, 4
;__Lib_MathDouble.c,195 :: 		
0x002C	0x0872      	MOVF       R2, 0
;__Lib_MathDouble.c,196 :: 		
0x002D	0x1903      	BTFSC      STATUS, 2
;__Lib_MathDouble.c,197 :: 		
0x002E	0x283D      	GOTO       JPNRES032
;__Lib_MathDouble.c,198 :: 		
NORM3232:
;__Lib_MathDouble.c,199 :: 		
0x002F	0x0820      	MOVF       __math_tempbD, 0
;__Lib_MathDouble.c,200 :: 		
0x0030	0x02F3      	SUBWF      R3, 1
;__Lib_MathDouble.c,201 :: 		
0x0031	0x1D03      	BTFSS      STATUS, 2
;__Lib_MathDouble.c,202 :: 		
0x0032	0x1C03      	BTFSS      STATUS, 0
;__Lib_MathDouble.c,203 :: 		
0x0033	0x2841      	GOTO       JPNSETFUN32
;__Lib_MathDouble.c,204 :: 		
0x0034	0x1003      	BCF        STATUS, 0
;__Lib_MathDouble.c,205 :: 		
NORM3232A:
;__Lib_MathDouble.c,206 :: 		
0x0035	0x1BF2      	BTFSC      R2, 7
;__Lib_MathDouble.c,207 :: 		
0x0036	0x2845      	GOTO       JMPNFIXSIGN32
;__Lib_MathDouble.c,208 :: 		
0x0037	0x0DF0      	RLF        R0, 1
;__Lib_MathDouble.c,209 :: 		
0x0038	0x0DF1      	RLF        R1, 1
;__Lib_MathDouble.c,210 :: 		
0x0039	0x0DF2      	RLF        R2, 1
;__Lib_MathDouble.c,211 :: 		
0x003A	0x0BF3      	DECFSZ     R3, 1
;__Lib_MathDouble.c,212 :: 		
0x003B	0x2835      	GOTO       NORM3232A
;__Lib_MathDouble.c,213 :: 		
0x003C	0x2841      	GOTO       JPNSETFUN32
;__Lib_MathDouble.c,214 :: 		
JPNRES032:
;__Lib_MathDouble.c,215 :: 		
0x003D	0x3001      	MOVLW      1
;__Lib_MathDouble.c,216 :: 		
0x003E	0x00FC      	MOVWF      R12
;__Lib_MathDouble.c,218 :: 		
0x003F	0x2003      	CALL       _RES032
;__Lib_MathDouble.c,220 :: 		
0x0040	0x2848      	GOTO       NORM32EEE
;__Lib_MathDouble.c,221 :: 		
JPNSETFUN32:
;__Lib_MathDouble.c,222 :: 		
0x0041	0x3002      	MOVLW      2
;__Lib_MathDouble.c,223 :: 		
0x0042	0x00FC      	MOVWF      R12
;__Lib_MathDouble.c,225 :: 		
0x0043	0x200A      	CALL       _SETFUN32
;__Lib_MathDouble.c,227 :: 		
0x0044	0x2848      	GOTO       NORM32EEE
;__Lib_MathDouble.c,228 :: 		
JMPNFIXSIGN32:
;__Lib_MathDouble.c,229 :: 		
0x0045	0x3004      	MOVLW      4
;__Lib_MathDouble.c,230 :: 		
0x0046	0x00FC      	MOVWF      R12
;__Lib_MathDouble.c,232 :: 		
0x0047	0x2016      	CALL       _FIXSIGN32
;__Lib_MathDouble.c,234 :: 		
NORM32EEE:
;__Lib_MathDouble.c,236 :: 		
L_end_NRM3232:
0x0048	0x0008      	RETURN
; end of _NRM3232
_SETIOV3224:
;__Lib_MathDouble.c,1000 :: 		
;__Lib_MathDouble.c,1006 :: 		
0x0049	0x147B      	BSF        R11, 0
;__Lib_MathDouble.c,1007 :: 		
0x004A	0x1FFB      	BTFSS      R11, 7
;__Lib_MathDouble.c,1008 :: 		
0x004B	0x2854      	GOTO       SETIOV3224EEE
;__Lib_MathDouble.c,1010 :: 		
0x004C	0x01F2      	CLRF       R2
;__Lib_MathDouble.c,1011 :: 		
0x004D	0x1FFA      	BTFSS      R10, 7
;__Lib_MathDouble.c,1012 :: 		
0x004E	0x30FF      	MOVLW      255
;__Lib_MathDouble.c,1013 :: 		
0x004F	0x00F2      	MOVWF      R2
;__Lib_MathDouble.c,1014 :: 		
0x0050	0x00F1      	MOVWF      R1
;__Lib_MathDouble.c,1015 :: 		
0x0051	0x00F0      	MOVWF      R0
;__Lib_MathDouble.c,1016 :: 		
0x0052	0x0DFA      	RLF        R10, 1
;__Lib_MathDouble.c,1017 :: 		
0x0053	0x0CF2      	RRF        R2, 1
;__Lib_MathDouble.c,1018 :: 		
SETIOV3224EEE:
;__Lib_MathDouble.c,1019 :: 		
0x0054	0x30FF      	MOVLW      255
;__Lib_MathDouble.c,1021 :: 		
L_end_SETIOV3224:
0x0055	0x0008      	RETURN
; end of _SETIOV3224
_SETFOV32:
;__Lib_MathDouble.c,79 :: 		
;__Lib_MathDouble.c,86 :: 		
0x0056	0x14FB      	BSF        R11, 1
;__Lib_MathDouble.c,87 :: 		
0x0057	0x1FFB      	BTFSS      R11, 7
;__Lib_MathDouble.c,88 :: 		
0x0058	0x2860      	GOTO       SETFOV32EEE
;__Lib_MathDouble.c,89 :: 		
0x0059	0x30FF      	MOVLW      255
;__Lib_MathDouble.c,90 :: 		
0x005A	0x00F3      	MOVWF      R3
;__Lib_MathDouble.c,91 :: 		
0x005B	0x00F2      	MOVWF      R2
;__Lib_MathDouble.c,92 :: 		
0x005C	0x00F1      	MOVWF      R1
;__Lib_MathDouble.c,93 :: 		
0x005D	0x00F0      	MOVWF      R0
;__Lib_MathDouble.c,94 :: 		
0x005E	0x0DFA      	RLF        R10, 1
;__Lib_MathDouble.c,95 :: 		
0x005F	0x0CF2      	RRF        R2, 1
;__Lib_MathDouble.c,96 :: 		
SETFOV32EEE:
;__Lib_MathDouble.c,97 :: 		
0x0060	0x30FF      	MOVLW      255
;__Lib_MathDouble.c,99 :: 		
L_end_SETFOV32:
0x0061	0x0008      	RETURN
; end of _SETFOV32
_Delay_22us:
;__Lib_Delays.c,15 :: 		void Delay_22us() {
;__Lib_Delays.c,16 :: 		Delay_us(22);
0x0062	0x3007      	MOVLW      7
0x0063	0x1283      	BCF        STATUS, 5
0x0064	0x1303      	BCF        STATUS, 6
0x0065	0x00FD      	MOVWF      R13
L_Delay_22us1:
0x0066	0x0BFD      	DECFSZ     R13, 1
0x0067	0x2866      	GOTO       L_Delay_22us1
;__Lib_Delays.c,17 :: 		}
L_end_Delay_22us:
0x0068	0x0008      	RETURN
; end of _Delay_22us
_Mul_16X16_U:
;__Lib_Math.c,136 :: 		
;__Lib_Math.c,143 :: 		
0x0069	0x1283      	BCF        STATUS, 5
;__Lib_Math.c,144 :: 		
0x006A	0x1303      	BCF        STATUS, 6
;__Lib_Math.c,145 :: 		
0x006B	0x01FB      	CLRF       R11
;__Lib_Math.c,146 :: 		
0x006C	0x01FA      	CLRF       R10
;__Lib_Math.c,147 :: 		
0x006D	0x01F9      	CLRF       R9
;__Lib_Math.c,148 :: 		
0x006E	0x3080      	MOVLW      128
;__Lib_Math.c,149 :: 		
0x006F	0x00F8      	MOVWF      R8
;__Lib_Math.c,150 :: 		
0x0070	0x0CF1      	RRF        R1, 1
;__Lib_Math.c,151 :: 		
0x0071	0x0CF0      	RRF        R0, 1
;__Lib_Math.c,152 :: 		
0x0072	0x1C03      	BTFSS      STATUS, 0
;__Lib_Math.c,153 :: 		
0x0073	0x287D      	GOTO       $+10
;__Lib_Math.c,154 :: 		
0x0074	0x0874      	MOVF       R4, 0
;__Lib_Math.c,155 :: 		
0x0075	0x07F9      	ADDWF      R9, 1
;__Lib_Math.c,156 :: 		
0x0076	0x0875      	MOVF       R5, 0
;__Lib_Math.c,157 :: 		
0x0077	0x1803      	BTFSC      STATUS, 0
;__Lib_Math.c,158 :: 		
0x0078	0x0F75      	INCFSZ     R5, 0
;__Lib_Math.c,159 :: 		
0x0079	0x07FA      	ADDWF      R10, 1
;__Lib_Math.c,160 :: 		
0x007A	0x1803      	BTFSC      STATUS, 0
;__Lib_Math.c,161 :: 		
0x007B	0x0AFB      	INCF       R11, 1
;__Lib_Math.c,162 :: 		
0x007C	0x1003      	BCF        STATUS, 0
;__Lib_Math.c,163 :: 		
0x007D	0x1FF0      	BTFSS      R0, 7
;__Lib_Math.c,164 :: 		
0x007E	0x2885      	GOTO       $+7
;__Lib_Math.c,165 :: 		
0x007F	0x0874      	MOVF       R4, 0
;__Lib_Math.c,166 :: 		
0x0080	0x07FA      	ADDWF      R10, 1
;__Lib_Math.c,167 :: 		
0x0081	0x0875      	MOVF       R5, 0
;__Lib_Math.c,168 :: 		
0x0082	0x1803      	BTFSC      STATUS, 0
;__Lib_Math.c,169 :: 		
0x0083	0x0F75      	INCFSZ     R5, 0
;__Lib_Math.c,170 :: 		
0x0084	0x07FB      	ADDWF      R11, 1
;__Lib_Math.c,171 :: 		
0x0085	0x0CFB      	RRF        R11, 1
;__Lib_Math.c,172 :: 		
0x0086	0x0CFA      	RRF        R10, 1
;__Lib_Math.c,173 :: 		
0x0087	0x0CF9      	RRF        R9, 1
;__Lib_Math.c,174 :: 		
0x0088	0x0CF8      	RRF        R8, 1
;__Lib_Math.c,175 :: 		
0x0089	0x1C03      	BTFSS      STATUS, 0
;__Lib_Math.c,176 :: 		
0x008A	0x2870      	GOTO       $-26
;__Lib_Math.c,177 :: 		
0x008B	0x087B      	MOVF       R11, 0
;__Lib_Math.c,178 :: 		
0x008C	0x00F3      	MOVWF      R3
;__Lib_Math.c,179 :: 		
0x008D	0x087A      	MOVF       R10, 0
;__Lib_Math.c,180 :: 		
0x008E	0x00F2      	MOVWF      R2
;__Lib_Math.c,181 :: 		
0x008F	0x0879      	MOVF       R9, 0
;__Lib_Math.c,182 :: 		
0x0090	0x00F1      	MOVWF      R1
;__Lib_Math.c,183 :: 		
0x0091	0x0878      	MOVF       R8, 0
;__Lib_Math.c,184 :: 		
0x0092	0x00F0      	MOVWF      R0
;__Lib_Math.c,187 :: 		
L_end_Mul_16X16_U:
0x0093	0x0008      	RETURN
; end of _Mul_16X16_U
_SETFDZ32:
;__Lib_MathDouble.c,102 :: 		
;__Lib_MathDouble.c,105 :: 		
0x0094	0x15FB      	BSF        R11, 3
;__Lib_MathDouble.c,106 :: 		
0x0095	0x30FF      	MOVLW      255
;__Lib_MathDouble.c,108 :: 		
L_end_SETFDZ32:
0x0096	0x0008      	RETURN
; end of _SETFDZ32
_____DoICP:
;__Lib_System.c,6 :: 		
;__Lib_System.c,9 :: 		
0x0097	0x1283      	BCF        STATUS, 5
0x0098	0x1303      	BCF        STATUS, 6
0x0099	0x082E      	MOVF       ___DoICPAddr+1, 0
0x009A	0x008A      	MOVWF      PCLATH
;__Lib_System.c,10 :: 		
0x009B	0x082D      	MOVF       ___DoICPAddr, 0
0x009C	0x0082      	MOVWF      PCL
;__Lib_System.c,12 :: 		
L_end_____DoICP:
0x009D	0x0008      	RETURN
; end of _____DoICP
___CC2DW:
;__Lib_System.c,134 :: 		
;__Lib_System.c,137 :: 		
_CC2D_Loop1:
;__Lib_System.c,139 :: 		
0x009E	0x2097      	CALL       _____DoICP
0x009F	0x118A      	BCF        PCLATH, 3
0x00A0	0x120A      	BCF        PCLATH, 4
;__Lib_System.c,141 :: 		
0x00A1	0x0080      	MOVWF      INDF
;__Lib_System.c,142 :: 		
0x00A2	0x0A84      	INCF       FSR, 1
;__Lib_System.c,143 :: 		
0x00A3	0x0AAD      	INCF       ___DoICPAddr, 1
;__Lib_System.c,145 :: 		
0x00A4	0x1903      	BTFSC      STATUS, 2
;__Lib_System.c,146 :: 		
0x00A5	0x0AAE      	INCF       ___DoICPAddr+1, 1
;__Lib_System.c,147 :: 		
0x00A6	0x03F0      	DECF       R0, 1
;__Lib_System.c,149 :: 		
0x00A7	0x1D03      	BTFSS      STATUS, 2
;__Lib_System.c,150 :: 		
0x00A8	0x289E      	GOTO       _CC2D_Loop1
;__Lib_System.c,152 :: 		
L_end___CC2DW:
0x00A9	0x0008      	RETURN
; end of ___CC2DW
_PWM1_Set_Duty:
;__Lib_PWM_c21.c,39 :: 		
;__Lib_PWM_c21.c,43 :: 		
0x00AA	0x1683      	BSF        STATUS, 5
0x00AB	0x1303      	BCF        STATUS, 6
0x00AC	0x0812      	MOVF       PR2, 0
0x00AD	0x3E01      	ADDLW      1
0x00AE	0x00F0      	MOVWF      R0
0x00AF	0x01F1      	CLRF       R0+1
0x00B0	0x1803      	BTFSC      STATUS, 0
0x00B1	0x0AF1      	INCF       R0+1, 1
0x00B2	0x1283      	BCF        STATUS, 5
0x00B3	0x0832      	MOVF       FARG_PWM1_Set_Duty_new_duty, 0
0x00B4	0x00F4      	MOVWF      R4
0x00B5	0x01F5      	CLRF       R4+1
0x00B6	0x2069      	CALL       _Mul_16X16_U
0x00B7	0x3006      	MOVLW      6
0x00B8	0x00F2      	MOVWF      R2
0x00B9	0x0870      	MOVF       R0, 0
0x00BA	0x00F4      	MOVWF      R4
0x00BB	0x0871      	MOVF       R0+1, 0
0x00BC	0x00F5      	MOVWF      R4+1
0x00BD	0x0872      	MOVF       R2, 0
L__PWM1_Set_Duty10:
0x00BE	0x1903      	BTFSC      STATUS, 2
0x00BF	0x28C5      	GOTO       L__PWM1_Set_Duty11
0x00C0	0x0CF5      	RRF        R4+1, 1
0x00C1	0x0CF4      	RRF        R4, 1
0x00C2	0x13F5      	BCF        R4+1, 7
0x00C3	0x3EFF      	ADDLW      255
0x00C4	0x28BE      	GOTO       L__PWM1_Set_Duty10
L__PWM1_Set_Duty11:
;__Lib_PWM_c21.c,44 :: 		
0x00C5	0x3004      	MOVLW      4
0x00C6	0x00F1      	MOVWF      R1
0x00C7	0x0874      	MOVF       R4, 0
0x00C8	0x00F0      	MOVWF      R0
0x00C9	0x0871      	MOVF       R1, 0
L__PWM1_Set_Duty12:
0x00CA	0x1903      	BTFSC      STATUS, 2
0x00CB	0x28D0      	GOTO       L__PWM1_Set_Duty13
0x00CC	0x0DF0      	RLF        R0, 1
0x00CD	0x1070      	BCF        R0, 0
0x00CE	0x3EFF      	ADDLW      255
0x00CF	0x28CA      	GOTO       L__PWM1_Set_Duty12
L__PWM1_Set_Duty13:
0x00D0	0x3030      	MOVLW      48
0x00D1	0x0570      	ANDWF      R0, 0
0x00D2	0x00F3      	MOVWF      R3
;__Lib_PWM_c21.c,45 :: 		
0x00D3	0x0874      	MOVF       R4, 0
0x00D4	0x00F0      	MOVWF      R0
0x00D5	0x0875      	MOVF       R4+1, 0
0x00D6	0x00F1      	MOVWF      R0+1
0x00D7	0x0CF1      	RRF        R0+1, 1
0x00D8	0x0CF0      	RRF        R0, 1
0x00D9	0x13F1      	BCF        R0+1, 7
0x00DA	0x0CF1      	RRF        R0+1, 1
0x00DB	0x0CF0      	RRF        R0, 1
0x00DC	0x13F1      	BCF        R0+1, 7
0x00DD	0x0870      	MOVF       R0, 0
0x00DE	0x0095      	MOVWF      CCPR1L
;__Lib_PWM_c21.c,46 :: 		
0x00DF	0x300F      	MOVLW      15
0x00E0	0x0597      	ANDWF      CCP1CON, 1
;__Lib_PWM_c21.c,47 :: 		
0x00E1	0x0873      	MOVF       R3, 0
0x00E2	0x0497      	IORWF      CCP1CON, 1
;__Lib_PWM_c21.c,48 :: 		
L_end_PWM1_Set_Duty:
0x00E3	0x0008      	RETURN
; end of _PWM1_Set_Duty
_Mul_32x32_FP:
;__Lib_MathDouble.c,610 :: 		
;__Lib_MathDouble.c,622 :: 		
;__Lib_MathDouble.c,624 :: 		
0x00E4	0x1283      	BCF        STATUS, 5
;__Lib_MathDouble.c,625 :: 		
0x00E5	0x1303      	BCF        STATUS, 6
;__Lib_MathDouble.c,627 :: 		
0x00E6	0x01FB      	CLRF       R11
;__Lib_MathDouble.c,628 :: 		
0x00E7	0x0873      	MOVF       R3, 0
;__Lib_MathDouble.c,629 :: 		
0x00E8	0x1D03      	BTFSS      STATUS, 2
;__Lib_MathDouble.c,630 :: 		
0x00E9	0x0877      	MOVF       R7, 0
;__Lib_MathDouble.c,631 :: 		
0x00EA	0x1903      	BTFSC      STATUS, 2
;__Lib_MathDouble.c,632 :: 		
0x00EB	0x293B      	GOTO       JPMRES032
;__Lib_MathDouble.c,634 :: 		
0x00EC	0x0872      	MOVF       R2, 0
;__Lib_MathDouble.c,635 :: 		
0x00ED	0x0676      	XORWF      R6, 0
;__Lib_MathDouble.c,636 :: 		
0x00EE	0x00FA      	MOVWF      R10
;__Lib_MathDouble.c,637 :: 		
0x00EF	0x0877      	MOVF       R7, 0
;__Lib_MathDouble.c,638 :: 		
0x00F0	0x07F3      	ADDWF      R3, 1
;__Lib_MathDouble.c,639 :: 		
0x00F1	0x307E      	MOVLW      126
;__Lib_MathDouble.c,640 :: 		
0x00F2	0x1C03      	BTFSS      STATUS, 0
;__Lib_MathDouble.c,641 :: 		
0x00F3	0x28F8      	GOTO       MTUN32
;__Lib_MathDouble.c,642 :: 		
0x00F4	0x02F3      	SUBWF      R3, 1
;__Lib_MathDouble.c,643 :: 		
0x00F5	0x1803      	BTFSC      STATUS, 0
;__Lib_MathDouble.c,644 :: 		
0x00F6	0x293E      	GOTO       JPMSETFOV32
;__Lib_MathDouble.c,645 :: 		
0x00F7	0x28FB      	GOTO       MOK32
;__Lib_MathDouble.c,646 :: 		
MTUN32:
;__Lib_MathDouble.c,647 :: 		
0x00F8	0x02F3      	SUBWF      R3, 1
;__Lib_MathDouble.c,648 :: 		
0x00F9	0x1C03      	BTFSS      STATUS, 0
;__Lib_MathDouble.c,649 :: 		
0x00FA	0x2941      	GOTO       JPMSETFUN32
;__Lib_MathDouble.c,650 :: 		
MOK32:
;__Lib_MathDouble.c,651 :: 		
0x00FB	0x0872      	MOVF       R2, 0
;__Lib_MathDouble.c,652 :: 		
0x00FC	0x00F8      	MOVWF      R8
;__Lib_MathDouble.c,653 :: 		
0x00FD	0x0871      	MOVF       R1, 0
;__Lib_MathDouble.c,654 :: 		
0x00FE	0x00FC      	MOVWF      R12
;__Lib_MathDouble.c,655 :: 		
0x00FF	0x0870      	MOVF       R0, 0
;__Lib_MathDouble.c,656 :: 		
0x0100	0x00FD      	MOVWF      R13
;__Lib_MathDouble.c,657 :: 		
0x0101	0x17F8      	BSF        R8, 7
;__Lib_MathDouble.c,658 :: 		
0x0102	0x17F6      	BSF        R6, 7
;__Lib_MathDouble.c,659 :: 		
0x0103	0x1003      	BCF        STATUS, 0
;__Lib_MathDouble.c,660 :: 		
0x0104	0x01F2      	CLRF       R2
;__Lib_MathDouble.c,661 :: 		
0x0105	0x01F1      	CLRF       R1
;__Lib_MathDouble.c,662 :: 		
0x0106	0x01F0      	CLRF       R0
;__Lib_MathDouble.c,663 :: 		
0x0107	0x3018      	MOVLW      24
;__Lib_MathDouble.c,664 :: 		
0x0108	0x00A0      	MOVWF      __math_tempbD
;__Lib_MathDouble.c,665 :: 		
MLOOP32:
;__Lib_MathDouble.c,666 :: 		
0x0109	0x1C7D      	BTFSS      R13, 0
;__Lib_MathDouble.c,667 :: 		
0x010A	0x2915      	GOTO       MNOADD32
;__Lib_MathDouble.c,669 :: 		
0x010B	0x0874      	MOVF       R4, 0
;__Lib_MathDouble.c,670 :: 		
0x010C	0x07F0      	ADDWF      R0, 1
;__Lib_MathDouble.c,671 :: 		
0x010D	0x0875      	MOVF       R5, 0
;__Lib_MathDouble.c,672 :: 		
0x010E	0x1803      	BTFSC      STATUS, 0
;__Lib_MathDouble.c,673 :: 		
0x010F	0x0F75      	INCFSZ     R5, 0
;__Lib_MathDouble.c,674 :: 		
0x0110	0x07F1      	ADDWF      R1, 1
;__Lib_MathDouble.c,675 :: 		
0x0111	0x0876      	MOVF       R6, 0
;__Lib_MathDouble.c,676 :: 		
0x0112	0x1803      	BTFSC      STATUS, 0
;__Lib_MathDouble.c,677 :: 		
0x0113	0x0F76      	INCFSZ     R6, 0
;__Lib_MathDouble.c,678 :: 		
0x0114	0x07F2      	ADDWF      R2, 1
;__Lib_MathDouble.c,679 :: 		
MNOADD32:
;__Lib_MathDouble.c,680 :: 		
0x0115	0x0CF2      	RRF        R2, 1
;__Lib_MathDouble.c,681 :: 		
0x0116	0x0CF1      	RRF        R1, 1
;__Lib_MathDouble.c,682 :: 		
0x0117	0x0CF0      	RRF        R0, 1
;__Lib_MathDouble.c,683 :: 		
0x0118	0x0CF8      	RRF        R8, 1
;__Lib_MathDouble.c,684 :: 		
0x0119	0x0CFC      	RRF        R12, 1
;__Lib_MathDouble.c,685 :: 		
0x011A	0x0CFD      	RRF        R13, 1
;__Lib_MathDouble.c,686 :: 		
0x011B	0x1003      	BCF        STATUS, 0
;__Lib_MathDouble.c,687 :: 		
0x011C	0x0BA0      	DECFSZ     __math_tempbD, 1
;__Lib_MathDouble.c,688 :: 		
0x011D	0x2909      	GOTO       MLOOP32
;__Lib_MathDouble.c,689 :: 		
0x011E	0x1BF2      	BTFSC      R2, 7
;__Lib_MathDouble.c,690 :: 		
0x011F	0x2925      	GOTO       MROUND32
;__Lib_MathDouble.c,691 :: 		
0x0120	0x0DF8      	RLF        R8, 1
;__Lib_MathDouble.c,692 :: 		
0x0121	0x0DF0      	RLF        R0, 1
;__Lib_MathDouble.c,693 :: 		
0x0122	0x0DF1      	RLF        R1, 1
;__Lib_MathDouble.c,694 :: 		
0x0123	0x0DF2      	RLF        R2, 1
;__Lib_MathDouble.c,695 :: 		
0x0124	0x03F3      	DECF       R3, 1
;__Lib_MathDouble.c,696 :: 		
MROUND32:
;__Lib_MathDouble.c,697 :: 		
0x0125	0x1B7B      	BTFSC      R11, 6
;__Lib_MathDouble.c,698 :: 		
0x0126	0x1C70      	BTFSS      R0, 0
;__Lib_MathDouble.c,699 :: 		
0x0127	0x2937      	GOTO       MUL32OK
;__Lib_MathDouble.c,700 :: 		
0x0128	0x1FF8      	BTFSS      R8, 7
;__Lib_MathDouble.c,701 :: 		
0x0129	0x2937      	GOTO       MUL32OK
;__Lib_MathDouble.c,702 :: 		
0x012A	0x0AF0      	INCF       R0, 1
;__Lib_MathDouble.c,703 :: 		
0x012B	0x1903      	BTFSC      STATUS, 2
;__Lib_MathDouble.c,704 :: 		
0x012C	0x0AF1      	INCF       R1, 1
;__Lib_MathDouble.c,705 :: 		
0x012D	0x1903      	BTFSC      STATUS, 2
;__Lib_MathDouble.c,706 :: 		
0x012E	0x0AF2      	INCF       R2, 1
;__Lib_MathDouble.c,707 :: 		
0x012F	0x1D03      	BTFSS      STATUS, 2
;__Lib_MathDouble.c,708 :: 		
0x0130	0x2937      	GOTO       MUL32OK
;__Lib_MathDouble.c,709 :: 		
0x0131	0x0CF2      	RRF        R2, 1
;__Lib_MathDouble.c,710 :: 		
0x0132	0x0CF1      	RRF        R1, 1
;__Lib_MathDouble.c,711 :: 		
0x0133	0x0CF0      	RRF        R0, 1
;__Lib_MathDouble.c,712 :: 		
0x0134	0x0AF3      	INCF       R3, 1
;__Lib_MathDouble.c,713 :: 		
0x0135	0x1903      	BTFSC      STATUS, 2
;__Lib_MathDouble.c,714 :: 		
0x0136	0x293E      	GOTO       JPMSETFOV32
;__Lib_MathDouble.c,715 :: 		
MUL32OK:
;__Lib_MathDouble.c,716 :: 		
0x0137	0x1FFA      	BTFSS      R10, 7
;__Lib_MathDouble.c,717 :: 		
0x0138	0x13F2      	BCF        R2, 7
;__Lib_MathDouble.c,718 :: 		
0x0139	0x3000      	MOVLW      0
;__Lib_MathDouble.c,720 :: 		
0x013A	0x2943      	GOTO       MUL32EEE
;__Lib_MathDouble.c,721 :: 		
JPMRES032:
;__Lib_MathDouble.c,722 :: 		
0x013B	0x3001      	MOVLW      1
;__Lib_MathDouble.c,725 :: 		
0x013C	0x2003      	CALL       _RES032
;__Lib_MathDouble.c,727 :: 		
0x013D	0x2943      	GOTO       MUL32EEE
;__Lib_MathDouble.c,728 :: 		
JPMSETFOV32:
;__Lib_MathDouble.c,729 :: 		
0x013E	0x3002      	MOVLW      2
;__Lib_MathDouble.c,732 :: 		
0x013F	0x2056      	CALL       _SETFOV32
;__Lib_MathDouble.c,734 :: 		
0x0140	0x2943      	GOTO       MUL32EEE
;__Lib_MathDouble.c,735 :: 		
JPMSETFUN32:
;__Lib_MathDouble.c,736 :: 		
0x0141	0x3004      	MOVLW      4
;__Lib_MathDouble.c,739 :: 		
0x0142	0x200A      	CALL       _SETFUN32
;__Lib_MathDouble.c,741 :: 		
MUL32EEE:
;__Lib_MathDouble.c,742 :: 		
0x0143	0x0000      	NOP
;__Lib_MathDouble.c,749 :: 		
L_end_Mul_32x32_FP:
0x0144	0x0008      	RETURN
; end of _Mul_32x32_FP
_double2byte:
;__Lib_MathDouble.c,1670 :: 		
;__Lib_MathDouble.c,1677 :: 		
0x0145	0x1283      	BCF        STATUS, 5
;__Lib_MathDouble.c,1678 :: 		
0x0146	0x1303      	BCF        STATUS, 6
;__Lib_MathDouble.c,1680 :: 		
0x0147	0x01FB      	CLRF       R11
;__Lib_MathDouble.c,1681 :: 		
0x0148	0x01FC      	CLRF       R12
;__Lib_MathDouble.c,1682 :: 		
0x0149	0x01FA      	CLRF       R10
;__Lib_MathDouble.c,1684 :: 		
0x014A	0x0873      	MOVF       R3, 0
;__Lib_MathDouble.c,1685 :: 		
0x014B	0x1903      	BTFSC      STATUS, 2
;__Lib_MathDouble.c,1686 :: 		
0x014C	0x2972      	GOTO       IRES008
;__Lib_MathDouble.c,1688 :: 		
0x014D	0x13FA      	BCF        R10, 7
;__Lib_MathDouble.c,1689 :: 		
0x014E	0x17F2      	BSF        R2, 7
;__Lib_MathDouble.c,1691 :: 		
0x014F	0x3086      	MOVLW      134
;__Lib_MathDouble.c,1692 :: 		
0x0150	0x02F3      	SUBWF      R3, 1
;__Lib_MathDouble.c,1693 :: 		
0x0151	0x1BF3      	BTFSC      R3, 7
;__Lib_MathDouble.c,1694 :: 		
0x0152	0x2956      	GOTO       SETEXP08
;__Lib_MathDouble.c,1695 :: 		
0x0153	0x1903      	BTFSC      STATUS, 2
;__Lib_MathDouble.c,1696 :: 		
0x0154	0x2956      	GOTO       SETEXP08
;__Lib_MathDouble.c,1697 :: 		
0x0155	0x2974      	GOTO       SETIOV08
;__Lib_MathDouble.c,1698 :: 		
SETEXP08:
;__Lib_MathDouble.c,1699 :: 		
0x0156	0x09F3      	COMF       R3, 1
;__Lib_MathDouble.c,1700 :: 		
0x0157	0x0AF3      	INCF       R3, 1
;__Lib_MathDouble.c,1702 :: 		
0x0158	0x3008      	MOVLW      8
;__Lib_MathDouble.c,1703 :: 		
0x0159	0x0273      	SUBWF      R3, 0
;__Lib_MathDouble.c,1704 :: 		
0x015A	0x1C03      	BTFSS      STATUS, 0
;__Lib_MathDouble.c,1705 :: 		
0x015B	0x2963      	GOTO       TSHIFT3208
;__Lib_MathDouble.c,1706 :: 		
0x015C	0x00F3      	MOVWF      R3
;__Lib_MathDouble.c,1707 :: 		
0x015D	0x0DF2      	RLF        R2, 1
;__Lib_MathDouble.c,1708 :: 		
0x015E	0x01F2      	CLRF       R2
;__Lib_MathDouble.c,1710 :: 		
0x015F	0x0873      	MOVF       R3, 0
;__Lib_MathDouble.c,1711 :: 		
0x0160	0x1D03      	BTFSS      STATUS, 2
;__Lib_MathDouble.c,1712 :: 		
0x0161	0x1003      	BCF        STATUS, 0
;__Lib_MathDouble.c,1713 :: 		
0x0162	0x296A      	GOTO       SHIFT3208OK
;__Lib_MathDouble.c,1714 :: 		
TSHIFT3208:
;__Lib_MathDouble.c,1715 :: 		
0x0163	0x0873      	MOVF       R3, 0
;__Lib_MathDouble.c,1716 :: 		
0x0164	0x1903      	BTFSC      STATUS, 2
;__Lib_MathDouble.c,1717 :: 		
0x0165	0x296A      	GOTO       SHIFT3208OK
;__Lib_MathDouble.c,1718 :: 		
SHIFT3208:
;__Lib_MathDouble.c,1719 :: 		
0x0166	0x1003      	BCF        STATUS, 0
;__Lib_MathDouble.c,1720 :: 		
0x0167	0x0CF2      	RRF        R2, 1
;__Lib_MathDouble.c,1721 :: 		
0x0168	0x0BF3      	DECFSZ     R3, 1
;__Lib_MathDouble.c,1722 :: 		
0x0169	0x2966      	GOTO       SHIFT3208
;__Lib_MathDouble.c,1723 :: 		
SHIFT3208OK:
;__Lib_MathDouble.c,1724 :: 		
0x016A	0x1B7B      	BTFSC      R11, 6
;__Lib_MathDouble.c,1725 :: 		
0x016B	0x1C72      	BTFSS      R2, 0
;__Lib_MathDouble.c,1726 :: 		
0x016C	0x2972      	GOTO       INT3208OK
;__Lib_MathDouble.c,1727 :: 		
0x016D	0x1C03      	BTFSS      STATUS, 0
;__Lib_MathDouble.c,1728 :: 		
0x016E	0x2972      	GOTO       INT3208OK
;__Lib_MathDouble.c,1729 :: 		
0x016F	0x0AF2      	INCF       R2, 1
;__Lib_MathDouble.c,1730 :: 		
0x0170	0x1903      	BTFSC      STATUS, 2
;__Lib_MathDouble.c,1731 :: 		
0x0171	0x2979      	GOTO       D2B_JPKSETIOV3224
;__Lib_MathDouble.c,1732 :: 		
INT3208OK:
;__Lib_MathDouble.c,1733 :: 		
IRES008:
;__Lib_MathDouble.c,1734 :: 		
0x0172	0x01F1      	CLRF       R1
;__Lib_MathDouble.c,1735 :: 		
0x0173	0x297C      	GOTO       INT3208EOK
;__Lib_MathDouble.c,1736 :: 		
SETIOV08:
;__Lib_MathDouble.c,1737 :: 		
0x0174	0x147B      	BSF        R11, 0
;__Lib_MathDouble.c,1738 :: 		
0x0175	0x1FFB      	BTFSS      R11, 7
;__Lib_MathDouble.c,1739 :: 		
0x0176	0x297F      	GOTO       INT3208EER
;__Lib_MathDouble.c,1741 :: 		
0x0177	0x01F1      	CLRF       R1
;__Lib_MathDouble.c,1742 :: 		
0x0178	0x297F      	GOTO       INT3208EER
;__Lib_MathDouble.c,1743 :: 		
D2B_JPKSETIOV3224:
;__Lib_MathDouble.c,1744 :: 		
0x0179	0x3001      	MOVLW      1
;__Lib_MathDouble.c,1745 :: 		
0x017A	0x00FC      	MOVWF      R12
;__Lib_MathDouble.c,1746 :: 		
0x017B	0x2981      	GOTO       INT3208EEE
;__Lib_MathDouble.c,1747 :: 		
INT3208EOK:
;__Lib_MathDouble.c,1748 :: 		
0x017C	0x3000      	MOVLW      0
;__Lib_MathDouble.c,1749 :: 		
0x017D	0x00FC      	MOVWF      R12
;__Lib_MathDouble.c,1750 :: 		
0x017E	0x2981      	GOTO       INT3208EEE
;__Lib_MathDouble.c,1751 :: 		
INT3208EER:
;__Lib_MathDouble.c,1752 :: 		
0x017F	0x30FF      	MOVLW      255
;__Lib_MathDouble.c,1753 :: 		
0x0180	0x00FC      	MOVWF      R12
;__Lib_MathDouble.c,1754 :: 		
INT3208EEE:
;__Lib_MathDouble.c,1757 :: 		
0x0181	0x08FC      	MOVF       R12, 1
;__Lib_MathDouble.c,1759 :: 		
0x0182	0x1903      	BTFSC      STATUS, 2
;__Lib_MathDouble.c,1760 :: 		
0x0183	0x2985      	GOTO       L_Double2Byte_0
;__Lib_MathDouble.c,1762 :: 		
0x0184	0x2049      	CALL       _SETIOV3224
;__Lib_MathDouble.c,1764 :: 		
L_Double2Byte_0:
;__Lib_MathDouble.c,1765 :: 		
0x0185	0x0872      	MOVF       R2, 0
;__Lib_MathDouble.c,1766 :: 		
0x0186	0x00F0      	MOVWF      R0
;__Lib_MathDouble.c,1770 :: 		
L_end_double2byte:
0x0187	0x0008      	RETURN
; end of _double2byte
_word2double:
;__Lib_MathDouble.c,1862 :: 		
;__Lib_MathDouble.c,1868 :: 		
0x0188	0x1283      	BCF        STATUS, 5
;__Lib_MathDouble.c,1869 :: 		
0x0189	0x1303      	BCF        STATUS, 6
;__Lib_MathDouble.c,1870 :: 		
0x018A	0x0870      	MOVF       R0, 0
;__Lib_MathDouble.c,1871 :: 		
0x018B	0x00F8      	MOVWF      R8
;__Lib_MathDouble.c,1872 :: 		
0x018C	0x0871      	MOVF       R1, 0
;__Lib_MathDouble.c,1873 :: 		
0x018D	0x00F0      	MOVWF      R0
;__Lib_MathDouble.c,1874 :: 		
0x018E	0x01F1      	CLRF       R1
;__Lib_MathDouble.c,1875 :: 		
0x018F	0x01F2      	CLRF       R2
;__Lib_MathDouble.c,1876 :: 		
0x0190	0x01F3      	CLRF       R3
;__Lib_MathDouble.c,1879 :: 		
0x0191	0x01FB      	CLRF       R11
;__Lib_MathDouble.c,1880 :: 		
0x0192	0x01FC      	CLRF       R12
;__Lib_MathDouble.c,1882 :: 		
0x0193	0x3096      	MOVLW      150
;__Lib_MathDouble.c,1883 :: 		
0x0194	0x00F3      	MOVWF      R3
;__Lib_MathDouble.c,1884 :: 		
0x0195	0x01FA      	CLRF       R10
;__Lib_MathDouble.c,1886 :: 		
0x0196	0x0870      	MOVF       R0, 0
;__Lib_MathDouble.c,1887 :: 		
0x0197	0x00F1      	MOVWF      R1
;__Lib_MathDouble.c,1888 :: 		
0x0198	0x0878      	MOVF       R8, 0
;__Lib_MathDouble.c,1889 :: 		
0x0199	0x00F0      	MOVWF      R0
;__Lib_MathDouble.c,1890 :: 		
0x019A	0x01F8      	CLRF       R8
;__Lib_MathDouble.c,1891 :: 		
0x019B	0x01F2      	CLRF       R2
;__Lib_MathDouble.c,1893 :: 		
0x019C	0x201A      	CALL       _NRM3232
;__Lib_MathDouble.c,1894 :: 		
L_end_word2double:
0x019D	0x0008      	RETURN
; end of _word2double
_ADC_Init:
;__Lib_ADC_A_C.c,19 :: 		
;__Lib_ADC_A_C.c,20 :: 		
0x019E	0x306B      	MOVLW      _ADC_Get_Sample
0x019F	0x1283      	BCF        STATUS, 5
0x01A0	0x1303      	BCF        STATUS, 6
0x01A1	0x00AF      	MOVWF      _ADC_Get_Sample_Ptr
0x01A2	0x3002      	MOVLW      hi_addr(_ADC_Get_Sample)
0x01A3	0x00B0      	MOVWF      _ADC_Get_Sample_Ptr+1
0x01A4	0x3021      	MOVLW      FARG_ADC_Get_Sample_channel
0x01A5	0x00B1      	MOVWF      _ADC_Get_Sample_Ptr+2
0x01A6	0x3000      	MOVLW      hi_addr(FARG_ADC_Get_Sample_channel)
;__Lib_ADC_A_C.c,22 :: 		
0x01A7	0x019F      	CLRF       ADCON0
;__Lib_ADC_A_C.c,23 :: 		
0x01A8	0x30C0      	MOVLW      192
0x01A9	0x049F      	IORWF      ADCON0, 1
;__Lib_ADC_A_C.c,24 :: 		
0x01AA	0x0922      	COMF       _vref_mask, 0
0x01AB	0x00F0      	MOVWF      R0
0x01AC	0x0870      	MOVF       R0, 0
0x01AD	0x1683      	BSF        STATUS, 5
0x01AE	0x059F      	ANDWF      ADCON1, 1
;__Lib_ADC_A_C.c,25 :: 		
0x01AF	0x171F      	BSF        ADCON1, 6
;__Lib_ADC_A_C.c,26 :: 		
0x01B0	0x179F      	BSF        ADCON1, 7
;__Lib_ADC_A_C.c,29 :: 		
0x01B1	0x1283      	BCF        STATUS, 5
0x01B2	0x141F      	BSF        ADCON0, 0
;__Lib_ADC_A_C.c,30 :: 		
L_end_ADC_Init:
0x01B3	0x0008      	RETURN
; end of _ADC_Init
_Div_32x32_FP:
;__Lib_MathDouble.c,761 :: 		
;__Lib_MathDouble.c,773 :: 		
;__Lib_MathDouble.c,776 :: 		
0x01B4	0x1283      	BCF        STATUS, 5
0x01B5	0x1303      	BCF        STATUS, 6
0x01B6	0x0874      	MOVF       R4, 0
0x01B7	0x3A00      	XORLW      0
0x01B8	0x1D03      	BTFSS      STATUS, 2
0x01B9	0x29CF      	GOTO       L_Div_32x32_FP7
;__Lib_MathDouble.c,777 :: 		
0x01BA	0x0875      	MOVF       R5, 0
0x01BB	0x3A00      	XORLW      0
0x01BC	0x1D03      	BTFSS      STATUS, 2
0x01BD	0x29CF      	GOTO       L_Div_32x32_FP8
;__Lib_MathDouble.c,778 :: 		
0x01BE	0x0876      	MOVF       R6, 0
0x01BF	0x3A00      	XORLW      0
0x01C0	0x1D03      	BTFSS      STATUS, 2
0x01C1	0x29CF      	GOTO       L_Div_32x32_FP9
;__Lib_MathDouble.c,779 :: 		
0x01C2	0x0877      	MOVF       R7, 0
0x01C3	0x3A00      	XORLW      0
0x01C4	0x1D03      	BTFSS      STATUS, 2
0x01C5	0x29CF      	GOTO       L_Div_32x32_FP10
;__Lib_MathDouble.c,780 :: 		
0x01C6	0x30FF      	MOVLW      255
0x01C7	0x00F0      	MOVWF      R0
;__Lib_MathDouble.c,781 :: 		
0x01C8	0x30FF      	MOVLW      255
0x01C9	0x00F1      	MOVWF      R1
;__Lib_MathDouble.c,782 :: 		
0x01CA	0x307F      	MOVLW      127
0x01CB	0x00F2      	MOVWF      R2
;__Lib_MathDouble.c,783 :: 		
0x01CC	0x30FF      	MOVLW      255
0x01CD	0x00F3      	MOVWF      R3
;__Lib_MathDouble.c,784 :: 		
0x01CE	0x2A6A      	GOTO       L_end_Div_32x32_FP
;__Lib_MathDouble.c,785 :: 		
L_Div_32x32_FP10:
L_Div_32x32_FP9:
L_Div_32x32_FP8:
L_Div_32x32_FP7:
;__Lib_MathDouble.c,788 :: 		
0x01CF	0x1283      	BCF        STATUS, 5
;__Lib_MathDouble.c,789 :: 		
0x01D0	0x1303      	BCF        STATUS, 6
;__Lib_MathDouble.c,791 :: 		
0x01D1	0x0877      	MOVF       R7, 0
;__Lib_MathDouble.c,792 :: 		
0x01D2	0x1903      	BTFSC      STATUS, 2
;__Lib_MathDouble.c,793 :: 		
0x01D3	0x2A5E      	GOTO       JPDSETFDZ32
;__Lib_MathDouble.c,795 :: 		
0x01D4	0x0873      	MOVF       R3, 0
;__Lib_MathDouble.c,796 :: 		
0x01D5	0x1903      	BTFSC      STATUS, 2
;__Lib_MathDouble.c,797 :: 		
0x01D6	0x2A61      	GOTO       JPDRES032
;__Lib_MathDouble.c,799 :: 		
0x01D7	0x0872      	MOVF       R2, 0
;__Lib_MathDouble.c,800 :: 		
0x01D8	0x0676      	XORWF      R6, 0
;__Lib_MathDouble.c,801 :: 		
0x01D9	0x3980      	ANDLW      128
;__Lib_MathDouble.c,802 :: 		
0x01DA	0x00FA      	MOVWF      R10
;__Lib_MathDouble.c,803 :: 		
0x01DB	0x17F2      	BSF        R2, 7
;__Lib_MathDouble.c,804 :: 		
0x01DC	0x17F6      	BSF        R6, 7
;__Lib_MathDouble.c,806 :: 		
0x01DD	0x01A0      	CLRF       __math_tempbD
;__Lib_MathDouble.c,807 :: 		
0x01DE	0x0872      	MOVF       R2, 0
;__Lib_MathDouble.c,808 :: 		
0x01DF	0x00F8      	MOVWF      R8
;__Lib_MathDouble.c,809 :: 		
0x01E0	0x0871      	MOVF       R1, 0
;__Lib_MathDouble.c,810 :: 		
0x01E1	0x00FC      	MOVWF      R12
;__Lib_MathDouble.c,811 :: 		
0x01E2	0x0870      	MOVF       R0, 0
;__Lib_MathDouble.c,812 :: 		
0x01E3	0x00FD      	MOVWF      R13
;__Lib_MathDouble.c,814 :: 		
0x01E4	0x0874      	MOVF       R4, 0
;__Lib_MathDouble.c,815 :: 		
0x01E5	0x02FD      	SUBWF      R13, 1
;__Lib_MathDouble.c,816 :: 		
0x01E6	0x0875      	MOVF       R5, 0
;__Lib_MathDouble.c,817 :: 		
0x01E7	0x1C03      	BTFSS      STATUS, 0
;__Lib_MathDouble.c,818 :: 		
0x01E8	0x0F75      	INCFSZ     R5, 0
;__Lib_MathDouble.c,820 :: 		
0x01E9	0x02FC      	SUBWF      R12, 1
;__Lib_MathDouble.c,821 :: 		
0x01EA	0x0876      	MOVF       R6, 0
;__Lib_MathDouble.c,822 :: 		
0x01EB	0x1C03      	BTFSS      STATUS, 0
;__Lib_MathDouble.c,823 :: 		
0x01EC	0x0F76      	INCFSZ     R6, 0
;__Lib_MathDouble.c,825 :: 		
0x01ED	0x02F8      	SUBWF      R8, 1
;__Lib_MathDouble.c,826 :: 		
0x01EE	0x01F8      	CLRF       R8
;__Lib_MathDouble.c,827 :: 		
0x01EF	0x01FC      	CLRF       R12
;__Lib_MathDouble.c,828 :: 		
0x01F0	0x01FD      	CLRF       R13
;__Lib_MathDouble.c,829 :: 		
0x01F1	0x1C03      	BTFSS      STATUS, 0
;__Lib_MathDouble.c,830 :: 		
0x01F2	0x29FA      	GOTO       DALIGN32OK
;__Lib_MathDouble.c,832 :: 		
0x01F3	0x1003      	BCF        STATUS, 0
;__Lib_MathDouble.c,833 :: 		
0x01F4	0x0CF2      	RRF        R2, 1
;__Lib_MathDouble.c,834 :: 		
0x01F5	0x0CF1      	RRF        R1, 1
;__Lib_MathDouble.c,835 :: 		
0x01F6	0x0CF0      	RRF        R0, 1
;__Lib_MathDouble.c,836 :: 		
0x01F7	0x0CF8      	RRF        R8, 1
;__Lib_MathDouble.c,837 :: 		
0x01F8	0x3001      	MOVLW      1
;__Lib_MathDouble.c,838 :: 		
0x01F9	0x00A0      	MOVWF      __math_tempbD
;__Lib_MathDouble.c,839 :: 		
DALIGN32OK:
;__Lib_MathDouble.c,840 :: 		
0x01FA	0x0877      	MOVF       R7, 0
;__Lib_MathDouble.c,841 :: 		
0x01FB	0x02F3      	SUBWF      R3, 1
;__Lib_MathDouble.c,842 :: 		
0x01FC	0x1C03      	BTFSS      STATUS, 0
;__Lib_MathDouble.c,843 :: 		
0x01FD	0x2A04      	GOTO       ALTB32
;__Lib_MathDouble.c,845 :: 		
0x01FE	0x307E      	MOVLW      126
;__Lib_MathDouble.c,846 :: 		
0x01FF	0x0720      	ADDWF      __math_tempbD, 0
;__Lib_MathDouble.c,847 :: 		
0x0200	0x07F3      	ADDWF      R3, 1
;__Lib_MathDouble.c,848 :: 		
0x0201	0x1803      	BTFSC      STATUS, 0
;__Lib_MathDouble.c,849 :: 		
0x0202	0x2A64      	GOTO       JPDSETFOV32
;__Lib_MathDouble.c,850 :: 		
0x0203	0x2A09      	GOTO       DARGOK32
;__Lib_MathDouble.c,851 :: 		
ALTB32:
;__Lib_MathDouble.c,852 :: 		
0x0204	0x307E      	MOVLW      126
;__Lib_MathDouble.c,853 :: 		
0x0205	0x0720      	ADDWF      __math_tempbD, 0
;__Lib_MathDouble.c,854 :: 		
0x0206	0x07F3      	ADDWF      R3, 1
;__Lib_MathDouble.c,855 :: 		
0x0207	0x1C03      	BTFSS      STATUS, 0
;__Lib_MathDouble.c,856 :: 		
0x0208	0x2A67      	GOTO       JPDSETFUN32
;__Lib_MathDouble.c,857 :: 		
DARGOK32:
;__Lib_MathDouble.c,858 :: 		
0x0209	0x3018      	MOVLW      24
;__Lib_MathDouble.c,860 :: 		
0x020A	0x07FA      	ADDWF      R10, 1
;__Lib_MathDouble.c,861 :: 		
DLOOP32:
;__Lib_MathDouble.c,862 :: 		
0x020B	0x0DFD      	RLF        R13, 1
;__Lib_MathDouble.c,863 :: 		
0x020C	0x0DFC      	RLF        R12, 1
;__Lib_MathDouble.c,864 :: 		
0x020D	0x0DF8      	RLF        R8, 1
;__Lib_MathDouble.c,865 :: 		
0x020E	0x0DF0      	RLF        R0, 1
;__Lib_MathDouble.c,866 :: 		
0x020F	0x0DF1      	RLF        R1, 1
;__Lib_MathDouble.c,867 :: 		
0x0210	0x0DF2      	RLF        R2, 1
;__Lib_MathDouble.c,868 :: 		
0x0211	0x0DA0      	RLF        __math_tempbD, 1
;__Lib_MathDouble.c,870 :: 		
0x0212	0x0874      	MOVF       R4, 0
;__Lib_MathDouble.c,871 :: 		
0x0213	0x02F0      	SUBWF      R0, 1
;__Lib_MathDouble.c,872 :: 		
0x0214	0x0875      	MOVF       R5, 0
;__Lib_MathDouble.c,873 :: 		
0x0215	0x1C03      	BTFSS      STATUS, 0
;__Lib_MathDouble.c,874 :: 		
0x0216	0x0F75      	INCFSZ     R5, 0
;__Lib_MathDouble.c,876 :: 		
0x0217	0x02F1      	SUBWF      R1, 1
;__Lib_MathDouble.c,877 :: 		
0x0218	0x0876      	MOVF       R6, 0
;__Lib_MathDouble.c,878 :: 		
0x0219	0x1C03      	BTFSS      STATUS, 0
;__Lib_MathDouble.c,879 :: 		
0x021A	0x0F76      	INCFSZ     R6, 0
;__Lib_MathDouble.c,881 :: 		
0x021B	0x02F2      	SUBWF      R2, 1
;__Lib_MathDouble.c,882 :: 		
0x021C	0x0D76      	RLF        R6, 0
;__Lib_MathDouble.c,883 :: 		
0x021D	0x04A0      	IORWF      __math_tempbD, 1
;__Lib_MathDouble.c,884 :: 		
0x021E	0x1C20      	BTFSS      __math_tempbD, 0
;__Lib_MathDouble.c,885 :: 		
0x021F	0x2A22      	GOTO       DREST32
;__Lib_MathDouble.c,886 :: 		
0x0220	0x147D      	BSF        R13, 0
;__Lib_MathDouble.c,887 :: 		
0x0221	0x2A2D      	GOTO       DOK32
;__Lib_MathDouble.c,888 :: 		
DREST32:
;__Lib_MathDouble.c,889 :: 		
0x0222	0x0874      	MOVF       R4, 0
;__Lib_MathDouble.c,890 :: 		
0x0223	0x07F0      	ADDWF      R0, 1
;__Lib_MathDouble.c,891 :: 		
0x0224	0x0875      	MOVF       R5, 0
;__Lib_MathDouble.c,892 :: 		
0x0225	0x1803      	BTFSC      STATUS, 0
;__Lib_MathDouble.c,893 :: 		
0x0226	0x0F75      	INCFSZ     R5, 0
;__Lib_MathDouble.c,895 :: 		
0x0227	0x07F1      	ADDWF      R1, 1
;__Lib_MathDouble.c,896 :: 		
0x0228	0x0876      	MOVF       R6, 0
;__Lib_MathDouble.c,897 :: 		
0x0229	0x1803      	BTFSC      STATUS, 0
;__Lib_MathDouble.c,898 :: 		
0x022A	0x0A76      	INCF       R6, 0
;__Lib_MathDouble.c,899 :: 		
0x022B	0x07F2      	ADDWF      R2, 1
;__Lib_MathDouble.c,900 :: 		
0x022C	0x107D      	BCF        R13, 0
;__Lib_MathDouble.c,901 :: 		
DOK32:
;__Lib_MathDouble.c,903 :: 		
0x022D	0x03FA      	DECF       R10, 1
;__Lib_MathDouble.c,904 :: 		
0x022E	0x301F      	MOVLW      31
;__Lib_MathDouble.c,905 :: 		
0x022F	0x057A      	ANDWF      R10, 0
;__Lib_MathDouble.c,906 :: 		
0x0230	0x1D03      	BTFSS      STATUS, 2
;__Lib_MathDouble.c,907 :: 		
0x0231	0x2A0B      	GOTO       DLOOP32
;__Lib_MathDouble.c,909 :: 		
0x0232	0x1B7B      	BTFSC      R11, 6
;__Lib_MathDouble.c,910 :: 		
0x0233	0x1C7D      	BTFSS      R13, 0
;__Lib_MathDouble.c,911 :: 		
0x0234	0x2A54      	GOTO       DIV32OK
;__Lib_MathDouble.c,912 :: 		
0x0235	0x1003      	BCF        STATUS, 0
;__Lib_MathDouble.c,913 :: 		
0x0236	0x0DF0      	RLF        R0, 1
;__Lib_MathDouble.c,914 :: 		
0x0237	0x0DF1      	RLF        R1, 1
;__Lib_MathDouble.c,915 :: 		
0x0238	0x0DF2      	RLF        R2, 1
;__Lib_MathDouble.c,916 :: 		
0x0239	0x0DA0      	RLF        __math_tempbD, 1
;__Lib_MathDouble.c,918 :: 		
0x023A	0x0874      	MOVF       R4, 0
;__Lib_MathDouble.c,919 :: 		
0x023B	0x02F0      	SUBWF      R0, 1
;__Lib_MathDouble.c,920 :: 		
0x023C	0x0875      	MOVF       R5, 0
;__Lib_MathDouble.c,921 :: 		
0x023D	0x1C03      	BTFSS      STATUS, 0
;__Lib_MathDouble.c,922 :: 		
0x023E	0x0F75      	INCFSZ     R5, 0
;__Lib_MathDouble.c,923 :: 		
0x023F	0x02F1      	SUBWF      R1, 1
;__Lib_MathDouble.c,924 :: 		
0x0240	0x0876      	MOVF       R6, 0
;__Lib_MathDouble.c,925 :: 		
0x0241	0x1C03      	BTFSS      STATUS, 0
;__Lib_MathDouble.c,926 :: 		
0x0242	0x0F76      	INCFSZ     R6, 0
;__Lib_MathDouble.c,927 :: 		
0x0243	0x02F2      	SUBWF      R2, 1
;__Lib_MathDouble.c,928 :: 		
0x0244	0x0D76      	RLF        R6, 0
;__Lib_MathDouble.c,929 :: 		
0x0245	0x0420      	IORWF      __math_tempbD, 0
;__Lib_MathDouble.c,930 :: 		
0x0246	0x3901      	ANDLW      1
;__Lib_MathDouble.c,931 :: 		
0x0247	0x07FD      	ADDWF      R13, 1
;__Lib_MathDouble.c,932 :: 		
0x0248	0x1803      	BTFSC      STATUS, 0
;__Lib_MathDouble.c,933 :: 		
0x0249	0x0AFC      	INCF       R12, 1
;__Lib_MathDouble.c,934 :: 		
0x024A	0x1903      	BTFSC      STATUS, 2
;__Lib_MathDouble.c,935 :: 		
0x024B	0x0AF8      	INCF       R8, 1
;__Lib_MathDouble.c,936 :: 		
0x024C	0x1D03      	BTFSS      STATUS, 2
;__Lib_MathDouble.c,937 :: 		
0x024D	0x2A54      	GOTO       DIV32OK
;__Lib_MathDouble.c,938 :: 		
0x024E	0x0CF8      	RRF        R8, 1
;__Lib_MathDouble.c,939 :: 		
0x024F	0x0CFC      	RRF        R12, 1
;__Lib_MathDouble.c,940 :: 		
0x0250	0x0CFD      	RRF        R13, 1
;__Lib_MathDouble.c,941 :: 		
0x0251	0x0AF3      	INCF       R3, 1
;__Lib_MathDouble.c,942 :: 		
0x0252	0x1903      	BTFSC      STATUS, 2
;__Lib_MathDouble.c,943 :: 		
0x0253	0x2A64      	GOTO       JPDSETFOV32
;__Lib_MathDouble.c,944 :: 		
DIV32OK:
;__Lib_MathDouble.c,945 :: 		
0x0254	0x1FFA      	BTFSS      R10, 7
;__Lib_MathDouble.c,946 :: 		
0x0255	0x13F8      	BCF        R8, 7
;__Lib_MathDouble.c,947 :: 		
0x0256	0x0878      	MOVF       R8, 0
;__Lib_MathDouble.c,948 :: 		
0x0257	0x00F2      	MOVWF      R2
;__Lib_MathDouble.c,949 :: 		
0x0258	0x087C      	MOVF       R12, 0
;__Lib_MathDouble.c,950 :: 		
0x0259	0x00F1      	MOVWF      R1
;__Lib_MathDouble.c,951 :: 		
0x025A	0x087D      	MOVF       R13, 0
;__Lib_MathDouble.c,952 :: 		
0x025B	0x00F0      	MOVWF      R0
;__Lib_MathDouble.c,954 :: 		
0x025C	0x3000      	MOVLW      0
;__Lib_MathDouble.c,956 :: 		
0x025D	0x2A69      	GOTO       DIV32EEE
;__Lib_MathDouble.c,957 :: 		
JPDSETFDZ32:
;__Lib_MathDouble.c,958 :: 		
0x025E	0x3001      	MOVLW      1
;__Lib_MathDouble.c,961 :: 		
0x025F	0x2094      	CALL       _SETFDZ32
;__Lib_MathDouble.c,963 :: 		
0x0260	0x2A69      	GOTO       DIV32EEE
;__Lib_MathDouble.c,964 :: 		
JPDRES032:
;__Lib_MathDouble.c,965 :: 		
0x0261	0x3002      	MOVLW      2
;__Lib_MathDouble.c,968 :: 		
0x0262	0x2003      	CALL       _RES032
;__Lib_MathDouble.c,970 :: 		
0x0263	0x2A69      	GOTO       DIV32EEE
;__Lib_MathDouble.c,971 :: 		
JPDSETFOV32:
;__Lib_MathDouble.c,972 :: 		
0x0264	0x3004      	MOVLW      4
;__Lib_MathDouble.c,975 :: 		
0x0265	0x2056      	CALL       _SETFOV32
;__Lib_MathDouble.c,977 :: 		
0x0266	0x2A69      	GOTO       DIV32EEE
;__Lib_MathDouble.c,978 :: 		
JPDSETFUN32:
;__Lib_MathDouble.c,979 :: 		
0x0267	0x3008      	MOVLW      8
;__Lib_MathDouble.c,982 :: 		
0x0268	0x200A      	CALL       _SETFUN32
;__Lib_MathDouble.c,984 :: 		
DIV32EEE:
;__Lib_MathDouble.c,985 :: 		
0x0269	0x0000      	NOP
;__Lib_MathDouble.c,994 :: 		
L_end_Div_32x32_FP:
0x026A	0x0008      	RETURN
; end of _Div_32x32_FP
_ADC_Get_Sample:
;__Lib_ADC_A_C.c,45 :: 		
;__Lib_ADC_A_C.c,47 :: 		
0x026B	0x30C7      	MOVLW      199
0x026C	0x1283      	BCF        STATUS, 5
0x026D	0x1303      	BCF        STATUS, 6
0x026E	0x059F      	ANDWF      ADCON0, 1
;__Lib_ADC_A_C.c,48 :: 		
0x026F	0x0821      	MOVF       FARG_ADC_Get_Sample_channel, 0
0x0270	0x00F0      	MOVWF      R0
0x0271	0x0DF0      	RLF        R0, 1
0x0272	0x1070      	BCF        R0, 0
0x0273	0x0DF0      	RLF        R0, 1
0x0274	0x1070      	BCF        R0, 0
0x0275	0x0DF0      	RLF        R0, 1
0x0276	0x1070      	BCF        R0, 0
0x0277	0x0870      	MOVF       R0, 0
0x0278	0x049F      	IORWF      ADCON0, 1
;__Lib_ADC_A_C.c,51 :: 		
0x0279	0x2062      	CALL       _Delay_22us
;__Lib_ADC_A_C.c,54 :: 		
0x027A	0x151F      	BSF        ADCON0, 2
;__Lib_ADC_A_C.c,57 :: 		
L_ADC_Get_Sample0:
0x027B	0x1D1F      	BTFSS      ADCON0, 2
0x027C	0x2A7F      	GOTO       L_ADC_Get_Sample1
;__Lib_ADC_A_C.c,58 :: 		
0x027D	0x0000      	NOP
0x027E	0x2A7B      	GOTO       L_ADC_Get_Sample0
L_ADC_Get_Sample1:
;__Lib_ADC_A_C.c,64 :: 		
0x027F	0x081E      	MOVF       ADRESH, 0
0x0280	0x00F1      	MOVWF      R0+1
0x0281	0x01F0      	CLRF       R0
0x0282	0x1683      	BSF        STATUS, 5
0x0283	0x081E      	MOVF       ADRESL, 0
0x0284	0x04F0      	IORWF      R0, 1
0x0285	0x3000      	MOVLW      0
0x0286	0x04F1      	IORWF      R0+1, 1
;__Lib_ADC_A_C.c,65 :: 		
L_end_ADC_Get_Sample:
0x0287	0x0008      	RETURN
; end of _ADC_Get_Sample
_PWM1_Start:
;__Lib_PWM_c21.c,50 :: 		
;__Lib_PWM_c21.c,51 :: 		
0x0288	0x1683      	BSF        STATUS, 5
0x0289	0x1303      	BCF        STATUS, 6
0x028A	0x1107      	BCF        TRISC2_bit, BitPos(TRISC2_bit+0)
;__Lib_PWM_c21.c,52 :: 		
0x028B	0x1283      	BCF        STATUS, 5
0x028C	0x1512      	BSF        T2CON, 2
;__Lib_PWM_c21.c,53 :: 		
0x028D	0x300C      	MOVLW      12
0x028E	0x0497      	IORWF      CCP1CON, 1
;__Lib_PWM_c21.c,54 :: 		
L_end_PWM1_Start:
0x028F	0x0008      	RETURN
; end of _PWM1_Start
_PWM1_Init:
;__Lib_PWM_c21.c,32 :: 		
;__Lib_PWM_c21.c,33 :: 		
;__Lib_PWM_c21.c,34 :: 		
0x0290	0x1283      	BCF        STATUS, 5
0x0291	0x1303      	BCF        STATUS, 6
0x0292	0x0195      	CLRF       CCPR1L
;__Lib_PWM_c21.c,35 :: 		
0x0293	0x1217      	BCF        CCP1CON, 4
;__Lib_PWM_c21.c,36 :: 		
0x0294	0x1297      	BCF        CCP1CON, 5
;__Lib_PWM_c21.c,37 :: 		
L_end_PWM1_Init:
0x0295	0x0008      	RETURN
; end of _PWM1_Init
_main:
0x0296	0x22DC      	CALL       732
;PWM_AV.c,5 :: 		void main(){
;PWM_AV.c,6 :: 		TRISD.f0 = 0;
0x0297	0x1683      	BSF        STATUS, 5
0x0298	0x1303      	BCF        STATUS, 6
0x0299	0x1008      	BCF        TRISD, 0
;PWM_AV.c,7 :: 		TRISD.f1 = 0;
0x029A	0x1088      	BCF        TRISD, 1
;PWM_AV.c,8 :: 		ADC_Init();
0x029B	0x219E      	CALL       _ADC_Init
;PWM_AV.c,9 :: 		PWM1_Init(5000);
0x029C	0x1012      	BCF        T2CON, 0
0x029D	0x1092      	BCF        T2CON, 1
0x029E	0x30C7      	MOVLW      199
0x029F	0x1683      	BSF        STATUS, 5
0x02A0	0x0092      	MOVWF      PR2
0x02A1	0x2290      	CALL       _PWM1_Init
;PWM_AV.c,10 :: 		PWM1_Start();
0x02A2	0x2288      	CALL       _PWM1_Start
;PWM_AV.c,11 :: 		PORTD = 0b00000010;
0x02A3	0x3002      	MOVLW      2
0x02A4	0x0088      	MOVWF      PORTD
;PWM_AV.c,13 :: 		while(1){
L_main0:
;PWM_AV.c,14 :: 		lectura_ADC = ADC_Get_Sample(6);
0x02A5	0x3006      	MOVLW      6
0x02A6	0x00A1      	MOVWF      FARG_ADC_Get_Sample_channel
0x02A7	0x226B      	CALL       _ADC_Get_Sample
0x02A8	0x0870      	MOVF       R0, 0
0x02A9	0x1283      	BCF        STATUS, 5
0x02AA	0x00A7      	MOVWF      _lectura_ADC
0x02AB	0x0871      	MOVF       R0+1, 0
0x02AC	0x00A8      	MOVWF      _lectura_ADC+1
;PWM_AV.c,15 :: 		valor_in = (lectura_ADC)/1024.0;
0x02AD	0x2188      	CALL       _word2double
0x02AE	0x3000      	MOVLW      0
0x02AF	0x00F4      	MOVWF      R4
0x02B0	0x3000      	MOVLW      0
0x02B1	0x00F5      	MOVWF      R4+1
0x02B2	0x3000      	MOVLW      0
0x02B3	0x00F6      	MOVWF      R4+2
0x02B4	0x3089      	MOVLW      137
0x02B5	0x00F7      	MOVWF      R4+3
0x02B6	0x21B4      	CALL       _Div_32x32_FP
0x02B7	0x0870      	MOVF       R0, 0
0x02B8	0x00A9      	MOVWF      _valor_in
0x02B9	0x0871      	MOVF       R0+1, 0
0x02BA	0x00AA      	MOVWF      _valor_in+1
0x02BB	0x0872      	MOVF       R0+2, 0
0x02BC	0x00AB      	MOVWF      _valor_in+2
0x02BD	0x0873      	MOVF       R0+3, 0
0x02BE	0x00AC      	MOVWF      _valor_in+3
;PWM_AV.c,16 :: 		valor_out = valor_in*255.0;
0x02BF	0x3000      	MOVLW      0
0x02C0	0x00F4      	MOVWF      R4
0x02C1	0x3000      	MOVLW      0
0x02C2	0x00F5      	MOVWF      R4+1
0x02C3	0x307F      	MOVLW      127
0x02C4	0x00F6      	MOVWF      R4+2
0x02C5	0x3086      	MOVLW      134
0x02C6	0x00F7      	MOVWF      R4+3
0x02C7	0x20E4      	CALL       _Mul_32x32_FP
0x02C8	0x0870      	MOVF       R0, 0
0x02C9	0x00A3      	MOVWF      _valor_out
0x02CA	0x0871      	MOVF       R0+1, 0
0x02CB	0x00A4      	MOVWF      _valor_out+1
0x02CC	0x0872      	MOVF       R0+2, 0
0x02CD	0x00A5      	MOVWF      _valor_out+2
0x02CE	0x0873      	MOVF       R0+3, 0
0x02CF	0x00A6      	MOVWF      _valor_out+3
;PWM_AV.c,17 :: 		PWM1_Set_Duty(valor_out);
0x02D0	0x2145      	CALL       _double2byte
0x02D1	0x0870      	MOVF       R0, 0
0x02D2	0x00B2      	MOVWF      FARG_PWM1_Set_Duty_new_duty
0x02D3	0x20AA      	CALL       _PWM1_Set_Duty
;PWM_AV.c,18 :: 		}
0x02D4	0x2AA5      	GOTO       L_main0
;PWM_AV.c,20 :: 		}
L_end_main:
0x02D5	0x2AD5      	GOTO       $+0
; end of _main
0x02DC	0x3022      	MOVLW      34
0x02DD	0x0084      	MOVWF      FSR
0x02DE	0x3001      	MOVLW      1
0x02DF	0x1283      	BCF        STATUS, 5
0x02E0	0x1303      	BCF        STATUS, 6
0x02E1	0x00F0      	MOVWF      R0
0x02E2	0x30DB      	MOVLW      219
0x02E3	0x00AD      	MOVWF      ___DoICPAddr
0x02E4	0x3002      	MOVLW      2
0x02E5	0x00AE      	MOVWF      46
0x02E6	0x209E      	CALL       158
0x02E7	0x0008      	RETURN
;__Lib_ADC_A_C.c,0 :: ?ICS_vref_mask
0x02DB	0x340F ;?ICS_vref_mask+0
; end of ?ICS_vref_mask
Symbol List:
//** Routines locations **
//ADDRESS    SIZE    PROCEDURE
//----------------------------------------------
0x0003       [7]    _RES032
0x000A      [12]    _SETFUN32
0x0016       [4]    _FIXSIGN32
0x001A      [47]    _NRM3232
0x0049      [13]    _SETIOV3224
0x0056      [12]    _SETFOV32
0x0062       [7]    _Delay_22us
0x0069      [43]    _Mul_16X16_U
0x0094       [3]    _SETFDZ32
0x0097       [7]    _____DoICP
0x009E      [12]    ___CC2DW
0x00AA      [58]    _PWM1_Set_Duty
0x00E4      [97]    _Mul_32x32_FP
0x0145      [67]    _double2byte
0x0188      [22]    _word2double
0x019E      [22]    _ADC_Init
0x01B4     [183]    _Div_32x32_FP
0x026B      [29]    _ADC_Get_Sample
0x0288       [8]    _PWM1_Start
0x0290       [6]    _PWM1_Init
0x0296      [63]    _main
//** Variables locations ** 
//ADDRESS    SIZE    VARIABLE
//----------------------------------------------
0x0000       [1]    INDF
0x0002       [1]    PCL
0x0003       [1]    STATUS
0x0004       [1]    FSR
0x0008       [1]    PORTD
0x000A       [1]    PCLATH
0x0012       [1]    T2CON
0x0015       [1]    CCPR1L
0x0017       [1]    CCP1CON
0x001E       [1]    ADRESH
0x001F       [1]    ADCON0
0x0020       [1]    __math_tempbD
0x0021       [1]    FARG_ADC_Get_Sample_channel
0x0022       [1]    _vref_mask
0x0023       [4]    _valor_out
0x0027       [2]    _lectura_ADC
0x0029       [4]    _valor_in
0x002D       [2]    ___DoICPAddr
0x002F       [3]    _ADC_Get_Sample_Ptr
0x0032       [1]    FARG_PWM1_Set_Duty_new_duty
0x0032       [4]    FARG_PWM1_Init_PWM_Freq
0x0070       [1]    R0
0x0071       [1]    R1
0x0072       [1]    R2
0x0073       [1]    R3
0x0074       [1]    R4
0x0075       [1]    R5
0x0076       [1]    R6
0x0077       [1]    R7
0x0078       [1]    R8
0x0079       [1]    R9
0x007A       [1]    R10
0x007B       [1]    R11
0x007C       [1]    R12
0x007D       [1]    R13
0x007E       [1]    R14
0x007F       [1]    R15
0x0087       [0]    TRISC2_bit
0x0088       [1]    TRISD
0x0092       [1]    PR2
0x009E       [1]    ADRESL
0x009F       [1]    ADCON1
//** Constants locations ** 
//ADDRESS    SIZE    CONSTANT
//----------------------------------------------
0x02DB       [1]    ?ICS_vref_mask
