;  LST file generated by mikroListExporter - v.2.0 
; Date/Time: 8/11/2023 21:27:01
;----------------------------------------------

;Address Opcode 	ASM
0x0000	0x2803      	GOTO       3
_main:
;Comunicacion01.c,1 :: 		void main() {
;Comunicacion01.c,2 :: 		TXSTA = 0b00100100;
0x0003	0x3024      	MOVLW      36
0x0004	0x1683      	BSF        STATUS, 5
0x0005	0x1303      	BCF        STATUS, 6
0x0006	0x0098      	MOVWF      TXSTA
;Comunicacion01.c,3 :: 		RCSTA = 0b10010000;
0x0007	0x3090      	MOVLW      144
0x0008	0x1283      	BCF        STATUS, 5
0x0009	0x0098      	MOVWF      RCSTA
;Comunicacion01.c,4 :: 		SPBRG = 25;
0x000A	0x3019      	MOVLW      25
0x000B	0x1683      	BSF        STATUS, 5
0x000C	0x0099      	MOVWF      SPBRG
;Comunicacion01.c,5 :: 		TXREG = 'A';
0x000D	0x3041      	MOVLW      65
0x000E	0x1283      	BCF        STATUS, 5
0x000F	0x0099      	MOVWF      TXREG
;Comunicacion01.c,6 :: 		while(TXSTA.f1==0);
L_main0:
0x0010	0x1683      	BSF        STATUS, 5
0x0011	0x1898      	BTFSC      TXSTA, 1
0x0012	0x2814      	GOTO       L_main1
0x0013	0x2810      	GOTO       L_main0
L_main1:
;Comunicacion01.c,7 :: 		TXREG = 'L';
0x0014	0x304C      	MOVLW      76
0x0015	0x1283      	BCF        STATUS, 5
0x0016	0x0099      	MOVWF      TXREG
;Comunicacion01.c,8 :: 		while(TXSTA.f1==0);
L_main2:
0x0017	0x1683      	BSF        STATUS, 5
0x0018	0x1898      	BTFSC      TXSTA, 1
0x0019	0x281B      	GOTO       L_main3
0x001A	0x2817      	GOTO       L_main2
L_main3:
;Comunicacion01.c,9 :: 		TXREG = 'D';
0x001B	0x3044      	MOVLW      68
0x001C	0x1283      	BCF        STATUS, 5
0x001D	0x0099      	MOVWF      TXREG
;Comunicacion01.c,10 :: 		while(TXSTA.f1==0);
L_main4:
0x001E	0x1683      	BSF        STATUS, 5
0x001F	0x1898      	BTFSC      TXSTA, 1
0x0020	0x2822      	GOTO       L_main5
0x0021	0x281E      	GOTO       L_main4
L_main5:
;Comunicacion01.c,11 :: 		TXREG = 'O';
0x0022	0x304F      	MOVLW      79
0x0023	0x1283      	BCF        STATUS, 5
0x0024	0x0099      	MOVWF      TXREG
;Comunicacion01.c,12 :: 		while(TXSTA.f1==0);
L_main6:
0x0025	0x1683      	BSF        STATUS, 5
0x0026	0x1898      	BTFSC      TXSTA, 1
0x0027	0x2829      	GOTO       L_main7
0x0028	0x2825      	GOTO       L_main6
L_main7:
;Comunicacion01.c,13 :: 		TXREG = ' ';
0x0029	0x3020      	MOVLW      32
0x002A	0x1283      	BCF        STATUS, 5
0x002B	0x0099      	MOVWF      TXREG
;Comunicacion01.c,14 :: 		while(TXSTA.f1==0);
L_main8:
0x002C	0x1683      	BSF        STATUS, 5
0x002D	0x1898      	BTFSC      TXSTA, 1
0x002E	0x2830      	GOTO       L_main9
0x002F	0x282C      	GOTO       L_main8
L_main9:
;Comunicacion01.c,15 :: 		TXREG = 'P';
0x0030	0x3050      	MOVLW      80
0x0031	0x1283      	BCF        STATUS, 5
0x0032	0x0099      	MOVWF      TXREG
;Comunicacion01.c,16 :: 		while(TXSTA.f1==0);
L_main10:
0x0033	0x1683      	BSF        STATUS, 5
0x0034	0x1898      	BTFSC      TXSTA, 1
0x0035	0x2837      	GOTO       L_main11
0x0036	0x2833      	GOTO       L_main10
L_main11:
;Comunicacion01.c,17 :: 		TXREG = 'I';
0x0037	0x3049      	MOVLW      73
0x0038	0x1283      	BCF        STATUS, 5
0x0039	0x0099      	MOVWF      TXREG
;Comunicacion01.c,18 :: 		while(TXSTA.f1==0);
L_main12:
0x003A	0x1683      	BSF        STATUS, 5
0x003B	0x1898      	BTFSC      TXSTA, 1
0x003C	0x283E      	GOTO       L_main13
0x003D	0x283A      	GOTO       L_main12
L_main13:
;Comunicacion01.c,19 :: 		TXREG = 'Z';
0x003E	0x305A      	MOVLW      90
0x003F	0x1283      	BCF        STATUS, 5
0x0040	0x0099      	MOVWF      TXREG
;Comunicacion01.c,20 :: 		while(TXSTA.f1==0);
L_main14:
0x0041	0x1683      	BSF        STATUS, 5
0x0042	0x1898      	BTFSC      TXSTA, 1
0x0043	0x2845      	GOTO       L_main15
0x0044	0x2841      	GOTO       L_main14
L_main15:
;Comunicacion01.c,21 :: 		TXREG = 'A';
0x0045	0x3041      	MOVLW      65
0x0046	0x1283      	BCF        STATUS, 5
0x0047	0x0099      	MOVWF      TXREG
;Comunicacion01.c,22 :: 		while(TXSTA.f1==0);
L_main16:
0x0048	0x1683      	BSF        STATUS, 5
0x0049	0x1898      	BTFSC      TXSTA, 1
0x004A	0x284C      	GOTO       L_main17
0x004B	0x2848      	GOTO       L_main16
L_main17:
;Comunicacion01.c,23 :: 		TXREG = 'R';
0x004C	0x3052      	MOVLW      82
0x004D	0x1283      	BCF        STATUS, 5
0x004E	0x0099      	MOVWF      TXREG
;Comunicacion01.c,24 :: 		while(TXSTA.f1==0);
L_main18:
0x004F	0x1683      	BSF        STATUS, 5
0x0050	0x1898      	BTFSC      TXSTA, 1
0x0051	0x2853      	GOTO       L_main19
0x0052	0x284F      	GOTO       L_main18
L_main19:
;Comunicacion01.c,25 :: 		TXREG = 'R';
0x0053	0x3052      	MOVLW      82
0x0054	0x1283      	BCF        STATUS, 5
0x0055	0x0099      	MOVWF      TXREG
;Comunicacion01.c,26 :: 		while(TXSTA.f1==0);
L_main20:
0x0056	0x1683      	BSF        STATUS, 5
0x0057	0x1898      	BTFSC      TXSTA, 1
0x0058	0x285A      	GOTO       L_main21
0x0059	0x2856      	GOTO       L_main20
L_main21:
;Comunicacion01.c,27 :: 		TXREG = 'O';
0x005A	0x304F      	MOVLW      79
0x005B	0x1283      	BCF        STATUS, 5
0x005C	0x0099      	MOVWF      TXREG
;Comunicacion01.c,28 :: 		while(1){
L_main22:
;Comunicacion01.c,29 :: 		}
0x005D	0x285D      	GOTO       L_main22
;Comunicacion01.c,30 :: 		}
L_end_main:
0x005E	0x285E      	GOTO       $+0
; end of _main
Symbol List:
//** Routines locations **
//ADDRESS    SIZE    PROCEDURE
//----------------------------------------------
0x0003      [92]    _main
//** Variables locations ** 
//ADDRESS    SIZE    VARIABLE
//----------------------------------------------
0x0000       [1]    INDF
0x0003       [1]    STATUS
0x0004       [1]    FSR
0x000A       [1]    PCLATH
0x0018       [1]    RCSTA
0x0019       [1]    TXREG
0x0020       [2]    ___DoICPAddr
0x0070       [1]    R0
0x0071       [1]    R1
0x0072       [1]    R2
0x0073       [1]    R3
0x0074       [1]    R4
0x0075       [1]    R5
0x0076       [1]    R6
0x0077       [1]    R7
0x0078       [1]    R8
0x0079       [1]    R9
0x007A       [1]    R10
0x007B       [1]    R11
0x007C       [1]    R12
0x007D       [1]    R13
0x007E       [1]    R14
0x007F       [1]    R15
0x0098       [1]    TXSTA
0x0099       [1]    SPBRG
