;  LST file generated by mikroListExporter - v.2.0 
; Date/Time: 26/11/2023 15:06:51
;----------------------------------------------

;Address Opcode 	ASM
0x0000	0x286D      	GOTO       109
_Delay_22us:
;__Lib_Delays.c,15 :: 		void Delay_22us() {
;__Lib_Delays.c,16 :: 		Delay_us(22);
0x0003	0x3007      	MOVLW      7
0x0004	0x1283      	BCF        STATUS, 5
0x0005	0x1303      	BCF        STATUS, 6
0x0006	0x00FD      	MOVWF      R13
L_Delay_22us1:
0x0007	0x0BFD      	DECFSZ     R13, 1
0x0008	0x2807      	GOTO       L_Delay_22us1
;__Lib_Delays.c,17 :: 		}
L_end_Delay_22us:
0x0009	0x0008      	RETURN
; end of _Delay_22us
_____DoICP:
;__Lib_System.c,6 :: 		
;__Lib_System.c,9 :: 		
0x000A	0x1283      	BCF        STATUS, 5
0x000B	0x1303      	BCF        STATUS, 6
0x000C	0x083A      	MOVF       ___DoICPAddr+1, 0
0x000D	0x008A      	MOVWF      PCLATH
;__Lib_System.c,10 :: 		
0x000E	0x0839      	MOVF       ___DoICPAddr, 0
0x000F	0x0082      	MOVWF      PCL
;__Lib_System.c,12 :: 		
L_end_____DoICP:
0x0010	0x0008      	RETURN
; end of _____DoICP
_ADC_Init:
;__Lib_ADC_A_C.c,19 :: 		
;__Lib_ADC_A_C.c,20 :: 		
0x0011	0x3050      	MOVLW      _ADC_Get_Sample
0x0012	0x1283      	BCF        STATUS, 5
0x0013	0x1303      	BCF        STATUS, 6
0x0014	0x00BB      	MOVWF      _ADC_Get_Sample_Ptr
0x0015	0x3000      	MOVLW      hi_addr(_ADC_Get_Sample)
0x0016	0x00BC      	MOVWF      _ADC_Get_Sample_Ptr+1
0x0017	0x3020      	MOVLW      FARG_ADC_Get_Sample_channel
0x0018	0x00BD      	MOVWF      _ADC_Get_Sample_Ptr+2
0x0019	0x3000      	MOVLW      hi_addr(FARG_ADC_Get_Sample_channel)
;__Lib_ADC_A_C.c,22 :: 		
0x001A	0x019F      	CLRF       ADCON0
;__Lib_ADC_A_C.c,23 :: 		
0x001B	0x30C0      	MOVLW      192
0x001C	0x049F      	IORWF      ADCON0, 1
;__Lib_ADC_A_C.c,24 :: 		
0x001D	0x0921      	COMF       _vref_mask, 0
0x001E	0x00F0      	MOVWF      R0
0x001F	0x0870      	MOVF       R0, 0
0x0020	0x1683      	BSF        STATUS, 5
0x0021	0x059F      	ANDWF      ADCON1, 1
;__Lib_ADC_A_C.c,25 :: 		
0x0022	0x171F      	BSF        ADCON1, 6
;__Lib_ADC_A_C.c,26 :: 		
0x0023	0x179F      	BSF        ADCON1, 7
;__Lib_ADC_A_C.c,29 :: 		
0x0024	0x1283      	BCF        STATUS, 5
0x0025	0x141F      	BSF        ADCON0, 0
;__Lib_ADC_A_C.c,30 :: 		
L_end_ADC_Init:
0x0026	0x0008      	RETURN
; end of _ADC_Init
___CC2DW:
;__Lib_System.c,134 :: 		
;__Lib_System.c,137 :: 		
_CC2D_Loop1:
;__Lib_System.c,139 :: 		
0x0027	0x200A      	CALL       _____DoICP
0x0028	0x118A      	BCF        PCLATH, 3
0x0029	0x120A      	BCF        PCLATH, 4
;__Lib_System.c,141 :: 		
0x002A	0x0080      	MOVWF      INDF
;__Lib_System.c,142 :: 		
0x002B	0x0A84      	INCF       FSR, 1
;__Lib_System.c,143 :: 		
0x002C	0x0AB9      	INCF       ___DoICPAddr, 1
;__Lib_System.c,145 :: 		
0x002D	0x1903      	BTFSC      STATUS, 2
;__Lib_System.c,146 :: 		
0x002E	0x0ABA      	INCF       ___DoICPAddr+1, 1
;__Lib_System.c,147 :: 		
0x002F	0x03F0      	DECF       R0, 1
;__Lib_System.c,149 :: 		
0x0030	0x1D03      	BTFSS      STATUS, 2
;__Lib_System.c,150 :: 		
0x0031	0x2827      	GOTO       _CC2D_Loop1
;__Lib_System.c,152 :: 		
L_end___CC2DW:
0x0032	0x0008      	RETURN
; end of ___CC2DW
_Div_16X16_U:
;__Lib_Math.c,215 :: 		
;__Lib_Math.c,222 :: 		
0x0033	0x1283      	BCF        STATUS, 5
;__Lib_Math.c,223 :: 		
0x0034	0x1303      	BCF        STATUS, 6
;__Lib_Math.c,224 :: 		
0x0035	0x01F8      	CLRF       R8
;__Lib_Math.c,225 :: 		
0x0036	0x01F9      	CLRF       R9
;__Lib_Math.c,226 :: 		
0x0037	0x3010      	MOVLW      16
;__Lib_Math.c,227 :: 		
0x0038	0x00FC      	MOVWF      R12
;__Lib_Math.c,228 :: 		
0x0039	0x0D71      	RLF        R1, 0
;__Lib_Math.c,229 :: 		
0x003A	0x0DF8      	RLF        R8, 1
;__Lib_Math.c,230 :: 		
0x003B	0x0DF9      	RLF        R9, 1
;__Lib_Math.c,231 :: 		
0x003C	0x0874      	MOVF       R4, 0
;__Lib_Math.c,232 :: 		
0x003D	0x02F8      	SUBWF      R8, 1
;__Lib_Math.c,233 :: 		
0x003E	0x0875      	MOVF       R5, 0
;__Lib_Math.c,234 :: 		
0x003F	0x1C03      	BTFSS      STATUS, 0
;__Lib_Math.c,235 :: 		
0x0040	0x0F75      	INCFSZ     R5, 0
;__Lib_Math.c,236 :: 		
0x0041	0x02F9      	SUBWF      R9, 1
;__Lib_Math.c,237 :: 		
0x0042	0x1803      	BTFSC      STATUS, 0
;__Lib_Math.c,238 :: 		
0x0043	0x284B      	GOTO       $+8
;__Lib_Math.c,239 :: 		
0x0044	0x0874      	MOVF       R4, 0
;__Lib_Math.c,240 :: 		
0x0045	0x07F8      	ADDWF      R8, 1
;__Lib_Math.c,241 :: 		
0x0046	0x0875      	MOVF       R5, 0
;__Lib_Math.c,242 :: 		
0x0047	0x1803      	BTFSC      STATUS, 0
;__Lib_Math.c,243 :: 		
0x0048	0x0F75      	INCFSZ     R5, 0
;__Lib_Math.c,244 :: 		
0x0049	0x07F9      	ADDWF      R9, 1
;__Lib_Math.c,245 :: 		
0x004A	0x1003      	BCF        STATUS, 0
;__Lib_Math.c,246 :: 		
0x004B	0x0DF0      	RLF        R0, 1
;__Lib_Math.c,247 :: 		
0x004C	0x0DF1      	RLF        R1, 1
;__Lib_Math.c,248 :: 		
0x004D	0x0BFC      	DECFSZ     R12, 1
;__Lib_Math.c,249 :: 		
0x004E	0x2839      	GOTO       $-21
;__Lib_Math.c,251 :: 		
L_end_Div_16X16_U:
0x004F	0x0008      	RETURN
; end of _Div_16X16_U
_ADC_Get_Sample:
;__Lib_ADC_A_C.c,45 :: 		
;__Lib_ADC_A_C.c,47 :: 		
0x0050	0x30C7      	MOVLW      199
0x0051	0x1283      	BCF        STATUS, 5
0x0052	0x1303      	BCF        STATUS, 6
0x0053	0x059F      	ANDWF      ADCON0, 1
;__Lib_ADC_A_C.c,48 :: 		
0x0054	0x0820      	MOVF       FARG_ADC_Get_Sample_channel, 0
0x0055	0x00F0      	MOVWF      R0
0x0056	0x0DF0      	RLF        R0, 1
0x0057	0x1070      	BCF        R0, 0
0x0058	0x0DF0      	RLF        R0, 1
0x0059	0x1070      	BCF        R0, 0
0x005A	0x0DF0      	RLF        R0, 1
0x005B	0x1070      	BCF        R0, 0
0x005C	0x0870      	MOVF       R0, 0
0x005D	0x049F      	IORWF      ADCON0, 1
;__Lib_ADC_A_C.c,51 :: 		
0x005E	0x2003      	CALL       _Delay_22us
;__Lib_ADC_A_C.c,54 :: 		
0x005F	0x151F      	BSF        ADCON0, 2
;__Lib_ADC_A_C.c,57 :: 		
L_ADC_Get_Sample0:
0x0060	0x1D1F      	BTFSS      ADCON0, 2
0x0061	0x2864      	GOTO       L_ADC_Get_Sample1
;__Lib_ADC_A_C.c,58 :: 		
0x0062	0x0000      	NOP
0x0063	0x2860      	GOTO       L_ADC_Get_Sample0
L_ADC_Get_Sample1:
;__Lib_ADC_A_C.c,64 :: 		
0x0064	0x081E      	MOVF       ADRESH, 0
0x0065	0x00F1      	MOVWF      R0+1
0x0066	0x01F0      	CLRF       R0
0x0067	0x1683      	BSF        STATUS, 5
0x0068	0x081E      	MOVF       ADRESL, 0
0x0069	0x04F0      	IORWF      R0, 1
0x006A	0x3000      	MOVLW      0
0x006B	0x04F1      	IORWF      R0+1, 1
;__Lib_ADC_A_C.c,65 :: 		
L_end_ADC_Get_Sample:
0x006C	0x0008      	RETURN
; end of _ADC_Get_Sample
_main:
0x006D	0x214E      	CALL       334
;Comunicacion_AV.c,8 :: 		void main(){
;Comunicacion_AV.c,9 :: 		TXSTA = 0b00100100;
0x006E	0x3024      	MOVLW      36
0x006F	0x1683      	BSF        STATUS, 5
0x0070	0x1303      	BCF        STATUS, 6
0x0071	0x0098      	MOVWF      TXSTA
;Comunicacion_AV.c,10 :: 		RCSTA = 0b10010000;
0x0072	0x3090      	MOVLW      144
0x0073	0x1283      	BCF        STATUS, 5
0x0074	0x0098      	MOVWF      RCSTA
;Comunicacion_AV.c,11 :: 		SPBRG = 25;
0x0075	0x3019      	MOVLW      25
0x0076	0x1683      	BSF        STATUS, 5
0x0077	0x0099      	MOVWF      SPBRG
;Comunicacion_AV.c,12 :: 		TRISB = 0;
0x0078	0x0186      	CLRF       TRISB
;Comunicacion_AV.c,13 :: 		ADC_Init();
0x0079	0x2011      	CALL       _ADC_Init
;Comunicacion_AV.c,15 :: 		while(1){
L_main0:
0x007A	0x1283      	BCF        STATUS, 5
;Comunicacion_AV.c,16 :: 		if(PIR1.f5==1){
0x007B	0x1E8C      	BTFSS      PIR1, 5
0x007C	0x28A0      	GOTO       L_main2
;Comunicacion_AV.c,17 :: 		TXREG = RCREG;
0x007D	0x081A      	MOVF       RCREG, 0
0x007E	0x0099      	MOVWF      TXREG
;Comunicacion_AV.c,18 :: 		caracter = RCREG;
0x007F	0x081A      	MOVF       RCREG, 0
0x0080	0x00B6      	MOVWF      _caracter
;Comunicacion_AV.c,19 :: 		if(caracter >=48 && caracter<=57){
0x0081	0x3030      	MOVLW      48
0x0082	0x0236      	SUBWF      _caracter, 0
0x0083	0x1C03      	BTFSS      STATUS, 0
0x0084	0x289F      	GOTO       L_main5
0x0085	0x0836      	MOVF       _caracter, 0
0x0086	0x3C39      	SUBLW      57
0x0087	0x1C03      	BTFSS      STATUS, 0
0x0088	0x289F      	GOTO       L_main5
L__main19:
;Comunicacion_AV.c,20 :: 		entero = caracter - 48;
0x0089	0x3030      	MOVLW      48
0x008A	0x0236      	SUBWF      _caracter, 0
0x008B	0x00F3      	MOVWF      R3
0x008C	0x01F4      	CLRF       R3+1
0x008D	0x1C03      	BTFSS      STATUS, 0
0x008E	0x03F4      	DECF       R3+1, 1
0x008F	0x0873      	MOVF       R3, 0
0x0090	0x00B7      	MOVWF      _entero
0x0091	0x0874      	MOVF       R3+1, 0
0x0092	0x00B8      	MOVWF      _entero+1
;Comunicacion_AV.c,21 :: 		PORTB = D7SEG[entero];
0x0093	0x0873      	MOVF       R3, 0
0x0094	0x00F0      	MOVWF      R0
0x0095	0x0874      	MOVF       R3+1, 0
0x0096	0x00F1      	MOVWF      R0+1
0x0097	0x0DF0      	RLF        R0, 1
0x0098	0x0DF1      	RLF        R0+1, 1
0x0099	0x1070      	BCF        R0, 0
0x009A	0x0870      	MOVF       R0, 0
0x009B	0x3E22      	ADDLW      _D7SEG
0x009C	0x0084      	MOVWF      FSR
0x009D	0x0800      	MOVF       INDF, 0
0x009E	0x0086      	MOVWF      PORTB
;Comunicacion_AV.c,22 :: 		}
L_main5:
;Comunicacion_AV.c,23 :: 		PIR1.f5 = 0;
0x009F	0x128C      	BCF        PIR1, 5
;Comunicacion_AV.c,24 :: 		}
L_main2:
;Comunicacion_AV.c,26 :: 		lectura_ADC = ADC_Get_Sample(0);
0x00A0	0x01A0      	CLRF       FARG_ADC_Get_Sample_channel
0x00A1	0x2050      	CALL       _ADC_Get_Sample
0x00A2	0x0870      	MOVF       R0, 0
0x00A3	0x1283      	BCF        STATUS, 5
0x00A4	0x00C4      	MOVWF      FLOC__main
0x00A5	0x0871      	MOVF       R0+1, 0
0x00A6	0x00C5      	MOVWF      FLOC__main+1
0x00A7	0x0844      	MOVF       FLOC__main, 0
0x00A8	0x00BE      	MOVWF      _lectura_ADC
0x00A9	0x0845      	MOVF       FLOC__main+1, 0
0x00AA	0x00BF      	MOVWF      _lectura_ADC+1
;Comunicacion_AV.c,27 :: 		txt[0] = ((lectura_ADC/1000)%10) + 48;
0x00AB	0x30E8      	MOVLW      232
0x00AC	0x00F4      	MOVWF      R4
0x00AD	0x3003      	MOVLW      3
0x00AE	0x00F5      	MOVWF      R4+1
0x00AF	0x0844      	MOVF       FLOC__main, 0
0x00B0	0x00F0      	MOVWF      R0
0x00B1	0x0845      	MOVF       FLOC__main+1, 0
0x00B2	0x00F1      	MOVWF      R0+1
0x00B3	0x2033      	CALL       _Div_16X16_U
0x00B4	0x300A      	MOVLW      10
0x00B5	0x00F4      	MOVWF      R4
0x00B6	0x3000      	MOVLW      0
0x00B7	0x00F5      	MOVWF      R4+1
0x00B8	0x2033      	CALL       _Div_16X16_U
0x00B9	0x0878      	MOVF       R8, 0
0x00BA	0x00F0      	MOVWF      R0
0x00BB	0x0879      	MOVF       R8+1, 0
0x00BC	0x00F1      	MOVWF      R0+1
0x00BD	0x3030      	MOVLW      48
0x00BE	0x0770      	ADDWF      R0, 0
0x00BF	0x00C0      	MOVWF      _txt
;Comunicacion_AV.c,28 :: 		txt[1] = ((lectura_ADC/100)%10) + 48;
0x00C0	0x3064      	MOVLW      100
0x00C1	0x00F4      	MOVWF      R4
0x00C2	0x3000      	MOVLW      0
0x00C3	0x00F5      	MOVWF      R4+1
0x00C4	0x0844      	MOVF       FLOC__main, 0
0x00C5	0x00F0      	MOVWF      R0
0x00C6	0x0845      	MOVF       FLOC__main+1, 0
0x00C7	0x00F1      	MOVWF      R0+1
0x00C8	0x2033      	CALL       _Div_16X16_U
0x00C9	0x300A      	MOVLW      10
0x00CA	0x00F4      	MOVWF      R4
0x00CB	0x3000      	MOVLW      0
0x00CC	0x00F5      	MOVWF      R4+1
0x00CD	0x2033      	CALL       _Div_16X16_U
0x00CE	0x0878      	MOVF       R8, 0
0x00CF	0x00F0      	MOVWF      R0
0x00D0	0x0879      	MOVF       R8+1, 0
0x00D1	0x00F1      	MOVWF      R0+1
0x00D2	0x3030      	MOVLW      48
0x00D3	0x0770      	ADDWF      R0, 0
0x00D4	0x00C1      	MOVWF      _txt+1
;Comunicacion_AV.c,29 :: 		txt[2] = ((lectura_ADC/10)%10) + 48;
0x00D5	0x300A      	MOVLW      10
0x00D6	0x00F4      	MOVWF      R4
0x00D7	0x3000      	MOVLW      0
0x00D8	0x00F5      	MOVWF      R4+1
0x00D9	0x0844      	MOVF       FLOC__main, 0
0x00DA	0x00F0      	MOVWF      R0
0x00DB	0x0845      	MOVF       FLOC__main+1, 0
0x00DC	0x00F1      	MOVWF      R0+1
0x00DD	0x2033      	CALL       _Div_16X16_U
0x00DE	0x300A      	MOVLW      10
0x00DF	0x00F4      	MOVWF      R4
0x00E0	0x3000      	MOVLW      0
0x00E1	0x00F5      	MOVWF      R4+1
0x00E2	0x2033      	CALL       _Div_16X16_U
0x00E3	0x0878      	MOVF       R8, 0
0x00E4	0x00F0      	MOVWF      R0
0x00E5	0x0879      	MOVF       R8+1, 0
0x00E6	0x00F1      	MOVWF      R0+1
0x00E7	0x3030      	MOVLW      48
0x00E8	0x0770      	ADDWF      R0, 0
0x00E9	0x00C2      	MOVWF      _txt+2
;Comunicacion_AV.c,30 :: 		txt[3] = (lectura_ADC%10) + 48;
0x00EA	0x300A      	MOVLW      10
0x00EB	0x00F4      	MOVWF      R4
0x00EC	0x3000      	MOVLW      0
0x00ED	0x00F5      	MOVWF      R4+1
0x00EE	0x0844      	MOVF       FLOC__main, 0
0x00EF	0x00F0      	MOVWF      R0
0x00F0	0x0845      	MOVF       FLOC__main+1, 0
0x00F1	0x00F1      	MOVWF      R0+1
0x00F2	0x2033      	CALL       _Div_16X16_U
0x00F3	0x0878      	MOVF       R8, 0
0x00F4	0x00F0      	MOVWF      R0
0x00F5	0x0879      	MOVF       R8+1, 0
0x00F6	0x00F1      	MOVWF      R0+1
0x00F7	0x3030      	MOVLW      48
0x00F8	0x0770      	ADDWF      R0, 0
0x00F9	0x00C3      	MOVWF      _txt+3
;Comunicacion_AV.c,32 :: 		TXREG = txt[0];
0x00FA	0x0840      	MOVF       _txt, 0
0x00FB	0x0099      	MOVWF      TXREG
;Comunicacion_AV.c,33 :: 		while(TXSTA.f1 == 0);
L_main6:
0x00FC	0x1683      	BSF        STATUS, 5
0x00FD	0x1898      	BTFSC      TXSTA, 1
0x00FE	0x2900      	GOTO       L_main7
0x00FF	0x28FC      	GOTO       L_main6
L_main7:
;Comunicacion_AV.c,34 :: 		TXREG = txt[1];
0x0100	0x1283      	BCF        STATUS, 5
0x0101	0x0841      	MOVF       _txt+1, 0
0x0102	0x0099      	MOVWF      TXREG
;Comunicacion_AV.c,35 :: 		while(TXSTA.f1 == 0);
L_main8:
0x0103	0x1683      	BSF        STATUS, 5
0x0104	0x1898      	BTFSC      TXSTA, 1
0x0105	0x2907      	GOTO       L_main9
0x0106	0x2903      	GOTO       L_main8
L_main9:
;Comunicacion_AV.c,36 :: 		TXREG = txt[2];
0x0107	0x1283      	BCF        STATUS, 5
0x0108	0x0842      	MOVF       _txt+2, 0
0x0109	0x0099      	MOVWF      TXREG
;Comunicacion_AV.c,37 :: 		while(TXSTA.f1 == 0);
L_main10:
0x010A	0x1683      	BSF        STATUS, 5
0x010B	0x1898      	BTFSC      TXSTA, 1
0x010C	0x290E      	GOTO       L_main11
0x010D	0x290A      	GOTO       L_main10
L_main11:
;Comunicacion_AV.c,38 :: 		TXREG = txt[3];
0x010E	0x1283      	BCF        STATUS, 5
0x010F	0x0843      	MOVF       _txt+3, 0
0x0110	0x0099      	MOVWF      TXREG
;Comunicacion_AV.c,39 :: 		while(TXSTA.f1 == 0);
L_main12:
0x0111	0x1683      	BSF        STATUS, 5
0x0112	0x1898      	BTFSC      TXSTA, 1
0x0113	0x2915      	GOTO       L_main13
0x0114	0x2911      	GOTO       L_main12
L_main13:
;Comunicacion_AV.c,40 :: 		TXREG = 10;
0x0115	0x300A      	MOVLW      10
0x0116	0x1283      	BCF        STATUS, 5
0x0117	0x0099      	MOVWF      TXREG
;Comunicacion_AV.c,41 :: 		while(TXSTA.f1 == 0);
L_main14:
0x0118	0x1683      	BSF        STATUS, 5
0x0119	0x1898      	BTFSC      TXSTA, 1
0x011A	0x291C      	GOTO       L_main15
0x011B	0x2918      	GOTO       L_main14
L_main15:
;Comunicacion_AV.c,42 :: 		TXREG = 13;
0x011C	0x300D      	MOVLW      13
0x011D	0x1283      	BCF        STATUS, 5
0x011E	0x0099      	MOVWF      TXREG
;Comunicacion_AV.c,43 :: 		while(TXSTA.f1 == 0);
L_main16:
0x011F	0x1683      	BSF        STATUS, 5
0x0120	0x1898      	BTFSC      TXSTA, 1
0x0121	0x2923      	GOTO       L_main17
0x0122	0x291F      	GOTO       L_main16
L_main17:
;Comunicacion_AV.c,45 :: 		delay_ms(500);
0x0123	0x3003      	MOVLW      3
0x0124	0x00FB      	MOVWF      R11
0x0125	0x308A      	MOVLW      138
0x0126	0x00FC      	MOVWF      R12
0x0127	0x3055      	MOVLW      85
0x0128	0x00FD      	MOVWF      R13
L_main18:
0x0129	0x0BFD      	DECFSZ     R13, 1
0x012A	0x2929      	GOTO       L_main18
0x012B	0x0BFC      	DECFSZ     R12, 1
0x012C	0x2929      	GOTO       L_main18
0x012D	0x0BFB      	DECFSZ     R11, 1
0x012E	0x2929      	GOTO       L_main18
0x012F	0x0000      	NOP
0x0130	0x0000      	NOP
;Comunicacion_AV.c,46 :: 		}
0x0131	0x287A      	GOTO       L_main0
;Comunicacion_AV.c,47 :: 		}
L_end_main:
0x0132	0x2932      	GOTO       $+0
; end of _main
0x014E	0x3021      	MOVLW      33
0x014F	0x0084      	MOVWF      FSR
0x0150	0x3015      	MOVLW      21
0x0151	0x1283      	BCF        STATUS, 5
0x0152	0x1303      	BCF        STATUS, 6
0x0153	0x00F0      	MOVWF      R0
0x0154	0x3038      	MOVLW      56
0x0155	0x00B9      	MOVWF      ___DoICPAddr
0x0156	0x3001      	MOVLW      1
0x0157	0x00BA      	MOVWF      58
0x0158	0x2027      	CALL       39
0x0159	0x0008      	RETURN
;__Lib_ADC_A_C.c,0 :: ?ICS_vref_mask
0x0138	0x340F ;?ICS_vref_mask+0
; end of ?ICS_vref_mask
;Comunicacion_AV.c,0 :: ?ICS_D7SEG
0x0139	0x343F ;?ICS_D7SEG+0
0x013A	0x3400 ;?ICS_D7SEG+1
0x013B	0x3406 ;?ICS_D7SEG+2
0x013C	0x3400 ;?ICS_D7SEG+3
0x013D	0x345B ;?ICS_D7SEG+4
0x013E	0x3400 ;?ICS_D7SEG+5
0x013F	0x344F ;?ICS_D7SEG+6
0x0140	0x3400 ;?ICS_D7SEG+7
0x0141	0x3466 ;?ICS_D7SEG+8
0x0142	0x3400 ;?ICS_D7SEG+9
0x0143	0x346D ;?ICS_D7SEG+10
0x0144	0x3400 ;?ICS_D7SEG+11
0x0145	0x347D ;?ICS_D7SEG+12
0x0146	0x3400 ;?ICS_D7SEG+13
0x0147	0x3407 ;?ICS_D7SEG+14
0x0148	0x3400 ;?ICS_D7SEG+15
0x0149	0x347F ;?ICS_D7SEG+16
0x014A	0x3400 ;?ICS_D7SEG+17
0x014B	0x3467 ;?ICS_D7SEG+18
0x014C	0x3400 ;?ICS_D7SEG+19
; end of ?ICS_D7SEG
Symbol List:
//** Routines locations **
//ADDRESS    SIZE    PROCEDURE
//----------------------------------------------
0x0003       [7]    _Delay_22us
0x000A       [7]    _____DoICP
0x0011      [22]    _ADC_Init
0x0027      [12]    ___CC2DW
0x0033      [29]    _Div_16X16_U
0x0050      [29]    _ADC_Get_Sample
0x006D     [197]    _main
//** Variables locations ** 
//ADDRESS    SIZE    VARIABLE
//----------------------------------------------
0x0000       [1]    INDF
0x0002       [1]    PCL
0x0003       [1]    STATUS
0x0004       [1]    FSR
0x0006       [1]    PORTB
0x000A       [1]    PCLATH
0x000C       [1]    PIR1
0x0018       [1]    RCSTA
0x0019       [1]    TXREG
0x001A       [1]    RCREG
0x001E       [1]    ADRESH
0x001F       [1]    ADCON0
0x0020       [1]    FARG_ADC_Get_Sample_channel
0x0021       [1]    _vref_mask
0x0022      [20]    _D7SEG
0x0036       [1]    _caracter
0x0037       [2]    _entero
0x0039       [2]    ___DoICPAddr
0x003B       [3]    _ADC_Get_Sample_Ptr
0x003E       [2]    _lectura_ADC
0x0040       [4]    _txt
0x0044       [2]    FLOC__main
0x0070       [1]    R0
0x0071       [1]    R1
0x0072       [1]    R2
0x0073       [1]    R3
0x0074       [1]    R4
0x0075       [1]    R5
0x0076       [1]    R6
0x0077       [1]    R7
0x0078       [1]    R8
0x0079       [1]    R9
0x007A       [1]    R10
0x007B       [1]    R11
0x007C       [1]    R12
0x007D       [1]    R13
0x007E       [1]    R14
0x007F       [1]    R15
0x0086       [1]    TRISB
0x0098       [1]    TXSTA
0x0099       [1]    SPBRG
0x009E       [1]    ADRESL
0x009F       [1]    ADCON1
//** Constants locations ** 
//ADDRESS    SIZE    CONSTANT
//----------------------------------------------
0x0138       [1]    ?ICS_vref_mask
0x0139      [20]    ?ICS_D7SEG
