;  LST file generated by mikroListExporter - v.2.0 
; Date/Time: 8/11/2023 21:41:22
;----------------------------------------------

;Address Opcode 	ASM
0x0000	0x2803      	GOTO       3
_main:
;Comunicacion02.c,1 :: 		void main(){
;Comunicacion02.c,2 :: 		TXSTA = 0b00100100;
0x0003	0x3024      	MOVLW      36
0x0004	0x1683      	BSF        STATUS, 5
0x0005	0x1303      	BCF        STATUS, 6
0x0006	0x0098      	MOVWF      TXSTA
;Comunicacion02.c,3 :: 		RCSTA = 0b10010000;
0x0007	0x3090      	MOVLW      144
0x0008	0x1283      	BCF        STATUS, 5
0x0009	0x0098      	MOVWF      RCSTA
;Comunicacion02.c,4 :: 		SPBRG = 25;
0x000A	0x3019      	MOVLW      25
0x000B	0x1683      	BSF        STATUS, 5
0x000C	0x0099      	MOVWF      SPBRG
;Comunicacion02.c,5 :: 		while(1){
L_main0:
;Comunicacion02.c,6 :: 		if(PIR1.f5==1){
0x000D	0x1283      	BCF        STATUS, 5
0x000E	0x1E8C      	BTFSS      PIR1, 5
0x000F	0x2813      	GOTO       L_main2
;Comunicacion02.c,7 :: 		TXREG = RCREG;
0x0010	0x081A      	MOVF       RCREG, 0
0x0011	0x0099      	MOVWF      TXREG
;Comunicacion02.c,8 :: 		PIR1.f5 = 0;
0x0012	0x128C      	BCF        PIR1, 5
;Comunicacion02.c,9 :: 		}
L_main2:
;Comunicacion02.c,10 :: 		}
0x0013	0x280D      	GOTO       L_main0
;Comunicacion02.c,11 :: 		}
L_end_main:
0x0014	0x2814      	GOTO       $+0
; end of _main
Symbol List:
//** Routines locations **
//ADDRESS    SIZE    PROCEDURE
//----------------------------------------------
0x0003      [18]    _main
//** Variables locations ** 
//ADDRESS    SIZE    VARIABLE
//----------------------------------------------
0x0000       [1]    INDF
0x0003       [1]    STATUS
0x0004       [1]    FSR
0x000A       [1]    PCLATH
0x000C       [1]    PIR1
0x0018       [1]    RCSTA
0x0019       [1]    TXREG
0x001A       [1]    RCREG
0x0020       [2]    ___DoICPAddr
0x0070       [1]    R0
0x0071       [1]    R1
0x0072       [1]    R2
0x0073       [1]    R3
0x0074       [1]    R4
0x0075       [1]    R5
0x0076       [1]    R6
0x0077       [1]    R7
0x0078       [1]    R8
0x0079       [1]    R9
0x007A       [1]    R10
0x007B       [1]    R11
0x007C       [1]    R12
0x007D       [1]    R13
0x007E       [1]    R14
0x007F       [1]    R15
0x0098       [1]    TXSTA
0x0099       [1]    SPBRG
